<?xml version="1.0" encoding="UTF-8"?>
<!-- Generated by org.testng.reporters.JUnitXMLReporter -->
<testsuite hostname="BORSE-PC" ignored="66" name="Default test" tests="195" failures="34" timestamp="2020-02-05T03:13:01 IST" time="28046.659" errors="0">
  <testcase name="AddAlreadyUsedNVRManuallyTest" time="15.482" classname="testcases.NVRsTest"/>
  <testcase name="AddGroupAndCheckInMonitoringTest" time="64.683" classname="testcases.GroupsHierarchyTest"/>
  <testcase name="AddNVRAndCheckStatusVTest" time="76.083" classname="testcases.NVRsTest">
    <failure type="java.lang.AssertionError" message="expected [V] but found [NVR cannot be synced. Its system unique id belongs to another NVR.]">
      <![CDATA[java.lang.AssertionError: expected [V] but found [NVR cannot be synced. Its system unique id belongs to another NVR.]
at org.testng.Assert.fail(Assert.java:97)
at org.testng.Assert.assertEqualsImpl(Assert.java:136)
at org.testng.Assert.assertEquals(Assert.java:118)
at org.testng.Assert.assertEquals(Assert.java:575)
at org.testng.Assert.assertEquals(Assert.java:585)
at testcases.NVRsTest.AddNVRAndCheckStatusVTest(NVRsTest.java:122)
at sun.reflect.NativeMethodAccessorImpl.invoke0(Native Method)
at sun.reflect.NativeMethodAccessorImpl.invoke(NativeMethodAccessorImpl.java:62)
at sun.reflect.DelegatingMethodAccessorImpl.invoke(DelegatingMethodAccessorImpl.java:43)
at java.lang.reflect.Method.invoke(Method.java:498)
at org.testng.internal.MethodInvocationHelper.invokeMethod(MethodInvocationHelper.java:133)
at org.testng.internal.TestInvoker.invokeMethod(TestInvoker.java:584)
at org.testng.internal.TestInvoker.invokeTestMethod(TestInvoker.java:172)
at org.testng.internal.MethodRunner.runInSequence(MethodRunner.java:46)
at org.testng.internal.TestInvoker$MethodInvocationAgent.invoke(TestInvoker.java:804)
at org.testng.internal.TestInvoker.invokeTestMethods(TestInvoker.java:145)
at org.testng.internal.TestMethodWorker.invokeTestMethods(TestMethodWorker.java:146)
at org.testng.internal.TestMethodWorker.run(TestMethodWorker.java:128)
at java.util.ArrayList.forEach(ArrayList.java:1257)
at org.testng.TestRunner.privateRun(TestRunner.java:770)
at org.testng.TestRunner.run(TestRunner.java:591)
at org.testng.SuiteRunner.runTest(SuiteRunner.java:402)
at org.testng.SuiteRunner.runSequentially(SuiteRunner.java:396)
at org.testng.SuiteRunner.privateRun(SuiteRunner.java:355)
at org.testng.SuiteRunner.run(SuiteRunner.java:304)
at org.testng.SuiteRunnerWorker.runSuite(SuiteRunnerWorker.java:53)
at org.testng.SuiteRunnerWorker.run(SuiteRunnerWorker.java:96)
at org.testng.TestNG.runSuitesSequentially(TestNG.java:1180)
at org.testng.TestNG.runSuitesLocally(TestNG.java:1102)
at org.testng.TestNG.runSuites(TestNG.java:1032)
at org.testng.TestNG.run(TestNG.java:1000)
at org.testng.remote.AbstractRemoteTestNG.run(AbstractRemoteTestNG.java:115)
at org.testng.remote.RemoteTestNG.initAndRun(RemoteTestNG.java:251)
at org.testng.remote.RemoteTestNG.main(RemoteTestNG.java:77)
]]>
    </failure>
  </testcase> <!-- AddNVRAndCheckStatusVTest -->
  <testcase name="AddNVRAndPressApplyTest" time="36.985" classname="testcases.NVRsTest"/>
  <testcase name="AddNVRManuallyAndPressApplyTest" time="33.297" classname="testcases.NVRsTest"/>
  <testcase name="AddNVRManuallyAndPressCloseTest" time="16.412" classname="testcases.NVRsTest"/>
  <testcase name="AddNVRManuallyAndSwitchONSecuredTest" time="47.707" classname="testcases.NVRsTest"/>
  <testcase name="AddNVRManuallyCheckStatusTest" time="70.403" classname="testcases.NVRsTest">
    <failure type="java.lang.AssertionError" message="expected [V] but found [NVR cannot be synced. Its system unique id belongs to another NVR.]">
      <![CDATA[java.lang.AssertionError: expected [V] but found [NVR cannot be synced. Its system unique id belongs to another NVR.]
at org.testng.Assert.fail(Assert.java:97)
at org.testng.Assert.assertEqualsImpl(Assert.java:136)
at org.testng.Assert.assertEquals(Assert.java:118)
at org.testng.Assert.assertEquals(Assert.java:575)
at org.testng.Assert.assertEquals(Assert.java:585)
at testcases.NVRsTest.AddNVRManuallyCheckStatusTest(NVRsTest.java:507)
at sun.reflect.NativeMethodAccessorImpl.invoke0(Native Method)
at sun.reflect.NativeMethodAccessorImpl.invoke(NativeMethodAccessorImpl.java:62)
at sun.reflect.DelegatingMethodAccessorImpl.invoke(DelegatingMethodAccessorImpl.java:43)
at java.lang.reflect.Method.invoke(Method.java:498)
at org.testng.internal.MethodInvocationHelper.invokeMethod(MethodInvocationHelper.java:133)
at org.testng.internal.TestInvoker.invokeMethod(TestInvoker.java:584)
at org.testng.internal.TestInvoker.invokeTestMethod(TestInvoker.java:172)
at org.testng.internal.MethodRunner.runInSequence(MethodRunner.java:46)
at org.testng.internal.TestInvoker$MethodInvocationAgent.invoke(TestInvoker.java:804)
at org.testng.internal.TestInvoker.invokeTestMethods(TestInvoker.java:145)
at org.testng.internal.TestMethodWorker.invokeTestMethods(TestMethodWorker.java:146)
at org.testng.internal.TestMethodWorker.run(TestMethodWorker.java:128)
at java.util.ArrayList.forEach(ArrayList.java:1257)
at org.testng.TestRunner.privateRun(TestRunner.java:770)
at org.testng.TestRunner.run(TestRunner.java:591)
at org.testng.SuiteRunner.runTest(SuiteRunner.java:402)
at org.testng.SuiteRunner.runSequentially(SuiteRunner.java:396)
at org.testng.SuiteRunner.privateRun(SuiteRunner.java:355)
at org.testng.SuiteRunner.run(SuiteRunner.java:304)
at org.testng.SuiteRunnerWorker.runSuite(SuiteRunnerWorker.java:53)
at org.testng.SuiteRunnerWorker.run(SuiteRunnerWorker.java:96)
at org.testng.TestNG.runSuitesSequentially(TestNG.java:1180)
at org.testng.TestNG.runSuitesLocally(TestNG.java:1102)
at org.testng.TestNG.runSuites(TestNG.java:1032)
at org.testng.TestNG.run(TestNG.java:1000)
at org.testng.remote.AbstractRemoteTestNG.run(AbstractRemoteTestNG.java:115)
at org.testng.remote.RemoteTestNG.initAndRun(RemoteTestNG.java:251)
at org.testng.remote.RemoteTestNG.main(RemoteTestNG.java:77)
]]>
    </failure>
  </testcase> <!-- AddNVRManuallyCheckStatusTest -->
  <testcase name="AddNVRManuallyWithSecuredPortAndSwitchONSecuredTest" time="71.395" classname="testcases.NVRsTest">
    <failure type="java.lang.AssertionError" message="expected [V] but found [NVR cannot be synced. Its system unique id belongs to another NVR.]">
      <![CDATA[java.lang.AssertionError: expected [V] but found [NVR cannot be synced. Its system unique id belongs to another NVR.]
at org.testng.Assert.fail(Assert.java:97)
at org.testng.Assert.assertEqualsImpl(Assert.java:136)
at org.testng.Assert.assertEquals(Assert.java:118)
at org.testng.Assert.assertEquals(Assert.java:575)
at org.testng.Assert.assertEquals(Assert.java:585)
at testcases.NVRsTest.AddNVRManuallyWithSecuredPortAndSwitchONSecuredTest(NVRsTest.java:884)
at sun.reflect.NativeMethodAccessorImpl.invoke0(Native Method)
at sun.reflect.NativeMethodAccessorImpl.invoke(NativeMethodAccessorImpl.java:62)
at sun.reflect.DelegatingMethodAccessorImpl.invoke(DelegatingMethodAccessorImpl.java:43)
at java.lang.reflect.Method.invoke(Method.java:498)
at org.testng.internal.MethodInvocationHelper.invokeMethod(MethodInvocationHelper.java:133)
at org.testng.internal.TestInvoker.invokeMethod(TestInvoker.java:584)
at org.testng.internal.TestInvoker.invokeTestMethod(TestInvoker.java:172)
at org.testng.internal.MethodRunner.runInSequence(MethodRunner.java:46)
at org.testng.internal.TestInvoker$MethodInvocationAgent.invoke(TestInvoker.java:804)
at org.testng.internal.TestInvoker.invokeTestMethods(TestInvoker.java:145)
at org.testng.internal.TestMethodWorker.invokeTestMethods(TestMethodWorker.java:146)
at org.testng.internal.TestMethodWorker.run(TestMethodWorker.java:128)
at java.util.ArrayList.forEach(ArrayList.java:1257)
at org.testng.TestRunner.privateRun(TestRunner.java:770)
at org.testng.TestRunner.run(TestRunner.java:591)
at org.testng.SuiteRunner.runTest(SuiteRunner.java:402)
at org.testng.SuiteRunner.runSequentially(SuiteRunner.java:396)
at org.testng.SuiteRunner.privateRun(SuiteRunner.java:355)
at org.testng.SuiteRunner.run(SuiteRunner.java:304)
at org.testng.SuiteRunnerWorker.runSuite(SuiteRunnerWorker.java:53)
at org.testng.SuiteRunnerWorker.run(SuiteRunnerWorker.java:96)
at org.testng.TestNG.runSuitesSequentially(TestNG.java:1180)
at org.testng.TestNG.runSuitesLocally(TestNG.java:1102)
at org.testng.TestNG.runSuites(TestNG.java:1032)
at org.testng.TestNG.run(TestNG.java:1000)
at org.testng.remote.AbstractRemoteTestNG.run(AbstractRemoteTestNG.java:115)
at org.testng.remote.RemoteTestNG.initAndRun(RemoteTestNG.java:251)
at org.testng.remote.RemoteTestNG.main(RemoteTestNG.java:77)
]]>
    </failure>
  </testcase> <!-- AddNVRManuallyWithSecuredPortAndSwitchONSecuredTest -->
  <testcase name="AddNVRManuallyWithSecuredPortTest" time="208.498" classname="testcases.NVRsTest">
    <failure type="java.lang.AssertionError" message="expected [Communication Failure] but found [Connecting...]">
      <![CDATA[java.lang.AssertionError: expected [Communication Failure] but found [Connecting...]
at org.testng.Assert.fail(Assert.java:97)
at org.testng.Assert.assertEqualsImpl(Assert.java:136)
at org.testng.Assert.assertEquals(Assert.java:118)
at org.testng.Assert.assertEquals(Assert.java:575)
at org.testng.Assert.assertEquals(Assert.java:585)
at testcases.NVRsTest.AddNVRManuallyWithSecuredPortTest(NVRsTest.java:812)
at sun.reflect.NativeMethodAccessorImpl.invoke0(Native Method)
at sun.reflect.NativeMethodAccessorImpl.invoke(NativeMethodAccessorImpl.java:62)
at sun.reflect.DelegatingMethodAccessorImpl.invoke(DelegatingMethodAccessorImpl.java:43)
at java.lang.reflect.Method.invoke(Method.java:498)
at org.testng.internal.MethodInvocationHelper.invokeMethod(MethodInvocationHelper.java:133)
at org.testng.internal.TestInvoker.invokeMethod(TestInvoker.java:584)
at org.testng.internal.TestInvoker.invokeTestMethod(TestInvoker.java:172)
at org.testng.internal.MethodRunner.runInSequence(MethodRunner.java:46)
at org.testng.internal.TestInvoker$MethodInvocationAgent.invoke(TestInvoker.java:804)
at org.testng.internal.TestInvoker.invokeTestMethods(TestInvoker.java:145)
at org.testng.internal.TestMethodWorker.invokeTestMethods(TestMethodWorker.java:146)
at org.testng.internal.TestMethodWorker.run(TestMethodWorker.java:128)
at java.util.ArrayList.forEach(ArrayList.java:1257)
at org.testng.TestRunner.privateRun(TestRunner.java:770)
at org.testng.TestRunner.run(TestRunner.java:591)
at org.testng.SuiteRunner.runTest(SuiteRunner.java:402)
at org.testng.SuiteRunner.runSequentially(SuiteRunner.java:396)
at org.testng.SuiteRunner.privateRun(SuiteRunner.java:355)
at org.testng.SuiteRunner.run(SuiteRunner.java:304)
at org.testng.SuiteRunnerWorker.runSuite(SuiteRunnerWorker.java:53)
at org.testng.SuiteRunnerWorker.run(SuiteRunnerWorker.java:96)
at org.testng.TestNG.runSuitesSequentially(TestNG.java:1180)
at org.testng.TestNG.runSuitesLocally(TestNG.java:1102)
at org.testng.TestNG.runSuites(TestNG.java:1032)
at org.testng.TestNG.run(TestNG.java:1000)
at org.testng.remote.AbstractRemoteTestNG.run(AbstractRemoteTestNG.java:115)
at org.testng.remote.RemoteTestNG.initAndRun(RemoteTestNG.java:251)
at org.testng.remote.RemoteTestNG.main(RemoteTestNG.java:77)
]]>
    </failure>
  </testcase> <!-- AddNVRManuallyWithSecuredPortTest -->
  <testcase name="AddNVRWithSecuredPortTest" time="129.112" classname="testcases.NVRsTest">
    <failure type="java.lang.AssertionError" message="expected [V] but found [NVR cannot be synced. Its system unique id belongs to another NVR.]">
      <![CDATA[java.lang.AssertionError: expected [V] but found [NVR cannot be synced. Its system unique id belongs to another NVR.]
at org.testng.Assert.fail(Assert.java:97)
at org.testng.Assert.assertEqualsImpl(Assert.java:136)
at org.testng.Assert.assertEquals(Assert.java:118)
at org.testng.Assert.assertEquals(Assert.java:575)
at org.testng.Assert.assertEquals(Assert.java:585)
at testcases.NVRsTest.AddNVRWithSecuredPortTest(NVRsTest.java:163)
at sun.reflect.NativeMethodAccessorImpl.invoke0(Native Method)
at sun.reflect.NativeMethodAccessorImpl.invoke(NativeMethodAccessorImpl.java:62)
at sun.reflect.DelegatingMethodAccessorImpl.invoke(DelegatingMethodAccessorImpl.java:43)
at java.lang.reflect.Method.invoke(Method.java:498)
at org.testng.internal.MethodInvocationHelper.invokeMethod(MethodInvocationHelper.java:133)
at org.testng.internal.TestInvoker.invokeMethod(TestInvoker.java:584)
at org.testng.internal.TestInvoker.invokeTestMethod(TestInvoker.java:172)
at org.testng.internal.MethodRunner.runInSequence(MethodRunner.java:46)
at org.testng.internal.TestInvoker$MethodInvocationAgent.invoke(TestInvoker.java:804)
at org.testng.internal.TestInvoker.invokeTestMethods(TestInvoker.java:145)
at org.testng.internal.TestMethodWorker.invokeTestMethods(TestMethodWorker.java:146)
at org.testng.internal.TestMethodWorker.run(TestMethodWorker.java:128)
at java.util.ArrayList.forEach(ArrayList.java:1257)
at org.testng.TestRunner.privateRun(TestRunner.java:770)
at org.testng.TestRunner.run(TestRunner.java:591)
at org.testng.SuiteRunner.runTest(SuiteRunner.java:402)
at org.testng.SuiteRunner.runSequentially(SuiteRunner.java:396)
at org.testng.SuiteRunner.privateRun(SuiteRunner.java:355)
at org.testng.SuiteRunner.run(SuiteRunner.java:304)
at org.testng.SuiteRunnerWorker.runSuite(SuiteRunnerWorker.java:53)
at org.testng.SuiteRunnerWorker.run(SuiteRunnerWorker.java:96)
at org.testng.TestNG.runSuitesSequentially(TestNG.java:1180)
at org.testng.TestNG.runSuitesLocally(TestNG.java:1102)
at org.testng.TestNG.runSuites(TestNG.java:1032)
at org.testng.TestNG.run(TestNG.java:1000)
at org.testng.remote.AbstractRemoteTestNG.run(AbstractRemoteTestNG.java:115)
at org.testng.remote.RemoteTestNG.initAndRun(RemoteTestNG.java:251)
at org.testng.remote.RemoteTestNG.main(RemoteTestNG.java:77)
]]>
    </failure>
  </testcase> <!-- AddNVRWithSecuredPortTest -->
  <testcase name="AddNewTourAndCancelTest" time="11.695" classname="testcases.ToursElementsTest">
    <failure type="org.openqa.selenium.ElementNotVisibleException" message="Cannot click on element (WARNING: The server did not provide any stacktrace information)
Command duration or timeout: 0 milliseconds
Build info: version: &amp;apos;3.9.1&amp;apos;, revision: &amp;apos;63f7b50&amp;apos;, time: &amp;apos;2018-02-07T22:25:02.294Z&amp;apos;
System info: host: &amp;apos;BORSE-PC&amp;apos;, ip: &amp;apos;172.20.1.42&amp;apos;, os.name: &amp;apos;Windows 10&amp;apos;, os.arch: &amp;apos;amd64&amp;apos;, os.version: &amp;apos;10.0&amp;apos;, java.version: &amp;apos;1.8.0_202&amp;apos;
Driver info: org.openqa.selenium.ie.InternetExplorerDriver
Capabilities {browserName: internet explorer, javascriptEnabled: true, pageLoadStrategy: normal, platform: WINDOWS, platformName: WINDOWS, se:ieOptions: {browserAttachTimeout: 0, elementScrollBehavior: 0, enableElementCacheCleanup: true, enablePersistentHover: true, ie.browserCommandLineSwitches: , ie.enableFullPageScreenshot: true, ie.ensureCleanSession: true, ie.fileUploadDialogTimeout: 3000, ie.forceCreateProcessApi: false, ie.forceShellWindowsApi: false, ie.useLegacyFileUploadDialogHandling: false, ignoreProtectedModeSettings: true, ignoreZoomSetting: false, initialBrowserUrl: http://localhost:46803/, nativeEvents: true, requireWindowFocus: false}, unexpectedAlertBehaviour: dismiss, unhandledPromptBehavior: dismiss, version: 11}
Session ID: d6350fda-3250-4cd6-8831-478583fe6d06">
      <![CDATA[org.openqa.selenium.ElementNotVisibleException: Cannot click on element (WARNING: The server did not provide any stacktrace information)
Command duration or timeout: 0 milliseconds
Build info: version: '3.9.1', revision: '63f7b50', time: '2018-02-07T22:25:02.294Z'
System info: host: 'BORSE-PC', ip: '172.20.1.42', os.name: 'Windows 10', os.arch: 'amd64', os.version: '10.0', java.version: '1.8.0_202'
Driver info: org.openqa.selenium.ie.InternetExplorerDriver
Capabilities {browserName: internet explorer, javascriptEnabled: true, pageLoadStrategy: normal, platform: WINDOWS, platformName: WINDOWS, se:ieOptions: {browserAttachTimeout: 0, elementScrollBehavior: 0, enableElementCacheCleanup: true, enablePersistentHover: true, ie.browserCommandLineSwitches: , ie.enableFullPageScreenshot: true, ie.ensureCleanSession: true, ie.fileUploadDialogTimeout: 3000, ie.forceCreateProcessApi: false, ie.forceShellWindowsApi: false, ie.useLegacyFileUploadDialogHandling: false, ignoreProtectedModeSettings: true, ignoreZoomSetting: false, initialBrowserUrl: http://localhost:46803/, nativeEvents: true, requireWindowFocus: false}, unexpectedAlertBehaviour: dismiss, unhandledPromptBehavior: dismiss, version: 11}
Session ID: d6350fda-3250-4cd6-8831-478583fe6d06
at sun.reflect.NativeConstructorAccessorImpl.newInstance0(Native Method)
at sun.reflect.NativeConstructorAccessorImpl.newInstance(NativeConstructorAccessorImpl.java:62)
at sun.reflect.DelegatingConstructorAccessorImpl.newInstance(DelegatingConstructorAccessorImpl.java:45)
at java.lang.reflect.Constructor.newInstance(Constructor.java:423)
at org.openqa.selenium.remote.ErrorHandler.createThrowable(ErrorHandler.java:214)
at org.openqa.selenium.remote.ErrorHandler.throwIfResponseFailed(ErrorHandler.java:166)
at org.openqa.selenium.remote.http.JsonHttpResponseCodec.reconstructValue(JsonHttpResponseCodec.java:40)
at org.openqa.selenium.remote.http.AbstractHttpResponseCodec.decode(AbstractHttpResponseCodec.java:80)
at org.openqa.selenium.remote.http.AbstractHttpResponseCodec.decode(AbstractHttpResponseCodec.java:44)
at org.openqa.selenium.remote.HttpCommandExecutor.execute(HttpCommandExecutor.java:160)
at org.openqa.selenium.remote.service.DriverCommandExecutor.execute(DriverCommandExecutor.java:83)
at org.openqa.selenium.remote.RemoteWebDriver.execute(RemoteWebDriver.java:601)
at org.openqa.selenium.remote.RemoteWebElement.execute(RemoteWebElement.java:279)
at org.openqa.selenium.remote.RemoteWebElement.click(RemoteWebElement.java:83)
at sun.reflect.GeneratedMethodAccessor4.invoke(Unknown Source)
at sun.reflect.DelegatingMethodAccessorImpl.invoke(DelegatingMethodAccessorImpl.java:43)
at java.lang.reflect.Method.invoke(Method.java:498)
at org.openqa.selenium.support.pagefactory.internal.LocatingElementHandler.invoke(LocatingElementHandler.java:51)
at com.sun.proxy.$Proxy14.click(Unknown Source)
at Utilities.Page.ClickOnElement(Page.java:752)
at pageObjects.ToursPage.PressCancelButton(ToursPage.java:204)
at testcases.ToursElementsTest.AddNewTourAndCancelTest(ToursElementsTest.java:253)
at sun.reflect.NativeMethodAccessorImpl.invoke0(Native Method)
at sun.reflect.NativeMethodAccessorImpl.invoke(NativeMethodAccessorImpl.java:62)
at sun.reflect.DelegatingMethodAccessorImpl.invoke(DelegatingMethodAccessorImpl.java:43)
at java.lang.reflect.Method.invoke(Method.java:498)
at org.testng.internal.MethodInvocationHelper.invokeMethod(MethodInvocationHelper.java:133)
at org.testng.internal.TestInvoker.invokeMethod(TestInvoker.java:584)
at org.testng.internal.TestInvoker.invokeTestMethod(TestInvoker.java:172)
at org.testng.internal.MethodRunner.runInSequence(MethodRunner.java:46)
at org.testng.internal.TestInvoker$MethodInvocationAgent.invoke(TestInvoker.java:804)
at org.testng.internal.TestInvoker.invokeTestMethods(TestInvoker.java:145)
at org.testng.internal.TestMethodWorker.invokeTestMethods(TestMethodWorker.java:146)
at org.testng.internal.TestMethodWorker.run(TestMethodWorker.java:128)
at java.util.ArrayList.forEach(ArrayList.java:1257)
at org.testng.TestRunner.privateRun(TestRunner.java:770)
at org.testng.TestRunner.run(TestRunner.java:591)
at org.testng.SuiteRunner.runTest(SuiteRunner.java:402)
at org.testng.SuiteRunner.runSequentially(SuiteRunner.java:396)
at org.testng.SuiteRunner.privateRun(SuiteRunner.java:355)
at org.testng.SuiteRunner.run(SuiteRunner.java:304)
at org.testng.SuiteRunnerWorker.runSuite(SuiteRunnerWorker.java:53)
at org.testng.SuiteRunnerWorker.run(SuiteRunnerWorker.java:96)
at org.testng.TestNG.runSuitesSequentially(TestNG.java:1180)
at org.testng.TestNG.runSuitesLocally(TestNG.java:1102)
at org.testng.TestNG.runSuites(TestNG.java:1032)
at org.testng.TestNG.run(TestNG.java:1000)
at org.testng.remote.AbstractRemoteTestNG.run(AbstractRemoteTestNG.java:115)
at org.testng.remote.RemoteTestNG.initAndRun(RemoteTestNG.java:251)
at org.testng.remote.RemoteTestNG.main(RemoteTestNG.java:77)
]]>
    </failure>
  </testcase> <!-- AddNewTourAndCancelTest -->
  <testcase name="AddNewTourExitAndCancelTest" time="28.368" classname="testcases.ToursElementsTest"/>
  <testcase name="AddNewTourExitAndDoNotSaveTest" time="39.931" classname="testcases.ToursElementsTest"/>
  <testcase name="AddNewTourExitAndSaveTest" time="35.032" classname="testcases.ToursElementsTest"/>
  <testcase name="AddNewTourTest" time="12.495" classname="testcases.ToursTest"/>
  <testcase name="AddNewTourWithAllParametersTest" time="55.625" classname="testcases.ToursTest"/>
  <testcase name="AddNewTourWithoutViewAndCancelTest" time="3.309" classname="testcases.ToursElementsTest"/>
  <testcase name="AddNewTourWithoutViewExitAndCancelTest" time="17.799" classname="testcases.ToursElementsTest"/>
  <testcase name="AddNewTourWithoutViewExitAndDoNotSaveTest" time="24.547" classname="testcases.ToursElementsTest"/>
  <testcase name="AddNewTourWithoutViewExitAndSaveTest" time="4.977" classname="testcases.ToursElementsTest"/>
  <testcase name="AddNewViewAndPressCancelTest" time="11.379" classname="testcases.ViewsElementsTest"/>
  <testcase name="AddNewViewExitAndPressCancelTest" time="21.224" classname="testcases.ViewsElementsTest"/>
  <testcase name="AddNewViewExitAndPressDoNotSaveTest" time="29.557" classname="testcases.ViewsElementsTest"/>
  <testcase name="AddNewViewExitAndPressSaveTest" time="29.595" classname="testcases.ViewsElementsTest"/>
  <testcase name="AddNewViewWithLayoutExitAndCancelTest" time="19.826" classname="testcases.ViewsElementsTest"/>
  <testcase name="AddNewViewWithLayoutExitAndDoNotSaveTest" time="25.588" classname="testcases.ViewsElementsTest"/>
  <testcase name="AddNewViewWithLayoutExitAndSaveTest" time="5.101" classname="testcases.ViewsElementsTest"/>
  <testcase name="AddNewViewWithoutLayoutAndExitAndCancelTest" time="17.215" classname="testcases.ViewsElementsTest"/>
  <testcase name="AddNewViewWithoutLayoutAndExitAndDoNotSaveTest" time="24.344" classname="testcases.ViewsElementsTest"/>
  <testcase name="AddNewViewWithoutLayoutAndExitAndSaveTest" time="17.712" classname="testcases.ViewsElementsTest"/>
  <testcase name="AddNewWebPageExitAndSaveTest" time="1.023" classname="testcases.WebPagesElementsTest">
    <failure type="java.lang.NullPointerException">
      <![CDATA[java.lang.NullPointerException
at testcases.WebPagesElementsTest.AddNewWebPageExitAndSaveTest(WebPagesElementsTest.java:171)
at sun.reflect.NativeMethodAccessorImpl.invoke0(Native Method)
at sun.reflect.NativeMethodAccessorImpl.invoke(NativeMethodAccessorImpl.java:62)
at sun.reflect.DelegatingMethodAccessorImpl.invoke(DelegatingMethodAccessorImpl.java:43)
at java.lang.reflect.Method.invoke(Method.java:498)
at org.testng.internal.MethodInvocationHelper.invokeMethod(MethodInvocationHelper.java:133)
at org.testng.internal.TestInvoker.invokeMethod(TestInvoker.java:584)
at org.testng.internal.TestInvoker.invokeTestMethod(TestInvoker.java:172)
at org.testng.internal.MethodRunner.runInSequence(MethodRunner.java:46)
at org.testng.internal.TestInvoker$MethodInvocationAgent.invoke(TestInvoker.java:804)
at org.testng.internal.TestInvoker.invokeTestMethods(TestInvoker.java:145)
at org.testng.internal.TestMethodWorker.invokeTestMethods(TestMethodWorker.java:146)
at org.testng.internal.TestMethodWorker.run(TestMethodWorker.java:128)
at java.util.ArrayList.forEach(ArrayList.java:1257)
at org.testng.TestRunner.privateRun(TestRunner.java:770)
at org.testng.TestRunner.run(TestRunner.java:591)
at org.testng.SuiteRunner.runTest(SuiteRunner.java:402)
at org.testng.SuiteRunner.runSequentially(SuiteRunner.java:396)
at org.testng.SuiteRunner.privateRun(SuiteRunner.java:355)
at org.testng.SuiteRunner.run(SuiteRunner.java:304)
at org.testng.SuiteRunnerWorker.runSuite(SuiteRunnerWorker.java:53)
at org.testng.SuiteRunnerWorker.run(SuiteRunnerWorker.java:96)
at org.testng.TestNG.runSuitesSequentially(TestNG.java:1180)
at org.testng.TestNG.runSuitesLocally(TestNG.java:1102)
at org.testng.TestNG.runSuites(TestNG.java:1032)
at org.testng.TestNG.run(TestNG.java:1000)
at org.testng.remote.AbstractRemoteTestNG.run(AbstractRemoteTestNG.java:115)
at org.testng.remote.RemoteTestNG.initAndRun(RemoteTestNG.java:251)
at org.testng.remote.RemoteTestNG.main(RemoteTestNG.java:77)
]]>
    </failure>
  </testcase> <!-- AddNewWebPageExitAndSaveTest -->
  <testcase name="AddNewWebPageTest" time="0.904" classname="testcases.WebPagesTest"/>
  <testcase name="AddSubGroupTest" time="22.186" classname="testcases.GroupsHierarchyTest">
    <failure type="java.lang.AssertionError" message="expected [3] but found [0]">
      <![CDATA[java.lang.AssertionError: expected [3] but found [0]
at org.testng.Assert.fail(Assert.java:97)
at org.testng.Assert.assertEqualsImpl(Assert.java:136)
at org.testng.Assert.assertEquals(Assert.java:118)
at org.testng.Assert.assertEquals(Assert.java:839)
at org.testng.Assert.assertEquals(Assert.java:849)
at testcases.GroupsHierarchyTest.AddSubGroupTest(GroupsHierarchyTest.java:828)
at sun.reflect.NativeMethodAccessorImpl.invoke0(Native Method)
at sun.reflect.NativeMethodAccessorImpl.invoke(NativeMethodAccessorImpl.java:62)
at sun.reflect.DelegatingMethodAccessorImpl.invoke(DelegatingMethodAccessorImpl.java:43)
at java.lang.reflect.Method.invoke(Method.java:498)
at org.testng.internal.MethodInvocationHelper.invokeMethod(MethodInvocationHelper.java:133)
at org.testng.internal.TestInvoker.invokeMethod(TestInvoker.java:584)
at org.testng.internal.TestInvoker.invokeTestMethod(TestInvoker.java:172)
at org.testng.internal.MethodRunner.runInSequence(MethodRunner.java:46)
at org.testng.internal.TestInvoker$MethodInvocationAgent.invoke(TestInvoker.java:804)
at org.testng.internal.TestInvoker.invokeTestMethods(TestInvoker.java:145)
at org.testng.internal.TestMethodWorker.invokeTestMethods(TestMethodWorker.java:146)
at org.testng.internal.TestMethodWorker.run(TestMethodWorker.java:128)
at java.util.ArrayList.forEach(ArrayList.java:1257)
at org.testng.TestRunner.privateRun(TestRunner.java:770)
at org.testng.TestRunner.run(TestRunner.java:591)
at org.testng.SuiteRunner.runTest(SuiteRunner.java:402)
at org.testng.SuiteRunner.runSequentially(SuiteRunner.java:396)
at org.testng.SuiteRunner.privateRun(SuiteRunner.java:355)
at org.testng.SuiteRunner.run(SuiteRunner.java:304)
at org.testng.SuiteRunnerWorker.runSuite(SuiteRunnerWorker.java:53)
at org.testng.SuiteRunnerWorker.run(SuiteRunnerWorker.java:96)
at org.testng.TestNG.runSuitesSequentially(TestNG.java:1180)
at org.testng.TestNG.runSuitesLocally(TestNG.java:1102)
at org.testng.TestNG.runSuites(TestNG.java:1032)
at org.testng.TestNG.run(TestNG.java:1000)
at org.testng.remote.AbstractRemoteTestNG.run(AbstractRemoteTestNG.java:115)
at org.testng.remote.RemoteTestNG.initAndRun(RemoteTestNG.java:251)
at org.testng.remote.RemoteTestNG.main(RemoteTestNG.java:77)
]]>
    </failure>
  </testcase> <!-- AddSubGroupTest -->
  <testcase name="AddViewAndCancelTest" time="7.774" classname="testcases.ToursElementsTest"/>
  <testcase name="AddViewExitAndCancelTest" time="23.135" classname="testcases.ToursElementsTest"/>
  <testcase name="AddViewExitAndDoNotSaveTest" time="32.337" classname="testcases.ToursElementsTest"/>
  <testcase name="AddViewExitAndSaveTest" time="37.553" classname="testcases.ToursElementsTest"/>
  <testcase name="AddViewTest" time="31.119" classname="testcases.ToursTest"/>
  <testcase name="CancelRemovalNVRsByButtonTest" time="14.46" classname="testcases.NVRsTest"/>
  <testcase name="CancelRemovalNVRsByIconTest" time="10.112" classname="testcases.NVRsTest"/>
  <testcase name="CancelWebPageRemovingByButtonTest" time="30.725" classname="testcases.WebPagesTest"/>
  <testcase name="CancelWebPageRemovingByIconTest" time="32.222" classname="testcases.WebPagesTest"/>
  <testcase name="ChangeIPAdressAndCheckStatusTest" time="186.009" classname="testcases.NVRsTest">
    <failure type="java.lang.AssertionError" message="expected [172.20.1.46IP] but found [IP]">
      <![CDATA[java.lang.AssertionError: expected [172.20.1.46IP] but found [IP]
at org.testng.Assert.fail(Assert.java:97)
at org.testng.Assert.assertEqualsImpl(Assert.java:136)
at org.testng.Assert.assertEquals(Assert.java:118)
at org.testng.Assert.assertEquals(Assert.java:575)
at org.testng.Assert.assertEquals(Assert.java:585)
at testcases.NVRsTest.ChangeIPAdressAndCheckStatusTest(NVRsTest.java:1356)
at sun.reflect.NativeMethodAccessorImpl.invoke0(Native Method)
at sun.reflect.NativeMethodAccessorImpl.invoke(NativeMethodAccessorImpl.java:62)
at sun.reflect.DelegatingMethodAccessorImpl.invoke(DelegatingMethodAccessorImpl.java:43)
at java.lang.reflect.Method.invoke(Method.java:498)
at org.testng.internal.MethodInvocationHelper.invokeMethod(MethodInvocationHelper.java:133)
at org.testng.internal.TestInvoker.invokeMethod(TestInvoker.java:584)
at org.testng.internal.TestInvoker.invokeTestMethod(TestInvoker.java:172)
at org.testng.internal.MethodRunner.runInSequence(MethodRunner.java:46)
at org.testng.internal.TestInvoker$MethodInvocationAgent.invoke(TestInvoker.java:804)
at org.testng.internal.TestInvoker.invokeTestMethods(TestInvoker.java:145)
at org.testng.internal.TestMethodWorker.invokeTestMethods(TestMethodWorker.java:146)
at org.testng.internal.TestMethodWorker.run(TestMethodWorker.java:128)
at java.util.ArrayList.forEach(ArrayList.java:1257)
at org.testng.TestRunner.privateRun(TestRunner.java:770)
at org.testng.TestRunner.run(TestRunner.java:591)
at org.testng.SuiteRunner.runTest(SuiteRunner.java:402)
at org.testng.SuiteRunner.runSequentially(SuiteRunner.java:396)
at org.testng.SuiteRunner.privateRun(SuiteRunner.java:355)
at org.testng.SuiteRunner.run(SuiteRunner.java:304)
at org.testng.SuiteRunnerWorker.runSuite(SuiteRunnerWorker.java:53)
at org.testng.SuiteRunnerWorker.run(SuiteRunnerWorker.java:96)
at org.testng.TestNG.runSuitesSequentially(TestNG.java:1180)
at org.testng.TestNG.runSuitesLocally(TestNG.java:1102)
at org.testng.TestNG.runSuites(TestNG.java:1032)
at org.testng.TestNG.run(TestNG.java:1000)
at org.testng.remote.AbstractRemoteTestNG.run(AbstractRemoteTestNG.java:115)
at org.testng.remote.RemoteTestNG.initAndRun(RemoteTestNG.java:251)
at org.testng.remote.RemoteTestNG.main(RemoteTestNG.java:77)
]]>
    </failure>
  </testcase> <!-- ChangeIPAdressAndCheckStatusTest -->
  <testcase name="ChangeIPAdressExitCancelUnsavedChangesTest" time="180.979" classname="testcases.NVRsElementsTest">
    <failure type="java.lang.AssertionError" message="expected [172.20.1.46IP23] but found [IP23]">
      <![CDATA[java.lang.AssertionError: expected [172.20.1.46IP23] but found [IP23]
at org.testng.Assert.fail(Assert.java:97)
at org.testng.Assert.assertEqualsImpl(Assert.java:136)
at org.testng.Assert.assertEquals(Assert.java:118)
at org.testng.Assert.assertEquals(Assert.java:575)
at org.testng.Assert.assertEquals(Assert.java:585)
at testcases.NVRsElementsTest.ChangeIPAdressExitCancelUnsavedChangesTest(NVRsElementsTest.java:377)
at sun.reflect.NativeMethodAccessorImpl.invoke0(Native Method)
at sun.reflect.NativeMethodAccessorImpl.invoke(NativeMethodAccessorImpl.java:62)
at sun.reflect.DelegatingMethodAccessorImpl.invoke(DelegatingMethodAccessorImpl.java:43)
at java.lang.reflect.Method.invoke(Method.java:498)
at org.testng.internal.MethodInvocationHelper.invokeMethod(MethodInvocationHelper.java:133)
at org.testng.internal.TestInvoker.invokeMethod(TestInvoker.java:584)
at org.testng.internal.TestInvoker.invokeTestMethod(TestInvoker.java:172)
at org.testng.internal.MethodRunner.runInSequence(MethodRunner.java:46)
at org.testng.internal.TestInvoker$MethodInvocationAgent.invoke(TestInvoker.java:804)
at org.testng.internal.TestInvoker.invokeTestMethods(TestInvoker.java:145)
at org.testng.internal.TestMethodWorker.invokeTestMethods(TestMethodWorker.java:146)
at org.testng.internal.TestMethodWorker.run(TestMethodWorker.java:128)
at java.util.ArrayList.forEach(ArrayList.java:1257)
at org.testng.TestRunner.privateRun(TestRunner.java:770)
at org.testng.TestRunner.run(TestRunner.java:591)
at org.testng.SuiteRunner.runTest(SuiteRunner.java:402)
at org.testng.SuiteRunner.runSequentially(SuiteRunner.java:396)
at org.testng.SuiteRunner.privateRun(SuiteRunner.java:355)
at org.testng.SuiteRunner.run(SuiteRunner.java:304)
at org.testng.SuiteRunnerWorker.runSuite(SuiteRunnerWorker.java:53)
at org.testng.SuiteRunnerWorker.run(SuiteRunnerWorker.java:96)
at org.testng.TestNG.runSuitesSequentially(TestNG.java:1180)
at org.testng.TestNG.runSuitesLocally(TestNG.java:1102)
at org.testng.TestNG.runSuites(TestNG.java:1032)
at org.testng.TestNG.run(TestNG.java:1000)
at org.testng.remote.AbstractRemoteTestNG.run(AbstractRemoteTestNG.java:115)
at org.testng.remote.RemoteTestNG.initAndRun(RemoteTestNG.java:251)
at org.testng.remote.RemoteTestNG.main(RemoteTestNG.java:77)
]]>
    </failure>
  </testcase> <!-- ChangeIPAdressExitCancelUnsavedChangesTest -->
  <testcase name="ChangeIPAdressExitPressDontSaveUnsavedChangesTest" time="69.905" classname="testcases.NVRsElementsTest"/>
  <testcase name="ChangeIPAdressExitPressSaveUnsavedChangesTest" time="232.393" classname="testcases.NVRsElementsTest">
    <failure type="java.lang.NullPointerException">
      <![CDATA[java.lang.NullPointerException
at testcases.NVRsElementsTest.ChangeIPAdressExitPressSaveUnsavedChangesTest(NVRsElementsTest.java:472)
at sun.reflect.NativeMethodAccessorImpl.invoke0(Native Method)
at sun.reflect.NativeMethodAccessorImpl.invoke(NativeMethodAccessorImpl.java:62)
at sun.reflect.DelegatingMethodAccessorImpl.invoke(DelegatingMethodAccessorImpl.java:43)
at java.lang.reflect.Method.invoke(Method.java:498)
at org.testng.internal.MethodInvocationHelper.invokeMethod(MethodInvocationHelper.java:133)
at org.testng.internal.TestInvoker.invokeMethod(TestInvoker.java:584)
at org.testng.internal.TestInvoker.invokeTestMethod(TestInvoker.java:172)
at org.testng.internal.MethodRunner.runInSequence(MethodRunner.java:46)
at org.testng.internal.TestInvoker$MethodInvocationAgent.invoke(TestInvoker.java:804)
at org.testng.internal.TestInvoker.invokeTestMethods(TestInvoker.java:145)
at org.testng.internal.TestMethodWorker.invokeTestMethods(TestMethodWorker.java:146)
at org.testng.internal.TestMethodWorker.run(TestMethodWorker.java:128)
at java.util.ArrayList.forEach(ArrayList.java:1257)
at org.testng.TestRunner.privateRun(TestRunner.java:770)
at org.testng.TestRunner.run(TestRunner.java:591)
at org.testng.SuiteRunner.runTest(SuiteRunner.java:402)
at org.testng.SuiteRunner.runSequentially(SuiteRunner.java:396)
at org.testng.SuiteRunner.privateRun(SuiteRunner.java:355)
at org.testng.SuiteRunner.run(SuiteRunner.java:304)
at org.testng.SuiteRunnerWorker.runSuite(SuiteRunnerWorker.java:53)
at org.testng.SuiteRunnerWorker.run(SuiteRunnerWorker.java:96)
at org.testng.TestNG.runSuitesSequentially(TestNG.java:1180)
at org.testng.TestNG.runSuitesLocally(TestNG.java:1102)
at org.testng.TestNG.runSuites(TestNG.java:1032)
at org.testng.TestNG.run(TestNG.java:1000)
at org.testng.remote.AbstractRemoteTestNG.run(AbstractRemoteTestNG.java:115)
at org.testng.remote.RemoteTestNG.initAndRun(RemoteTestNG.java:251)
at org.testng.remote.RemoteTestNG.main(RemoteTestNG.java:77)
]]>
    </failure>
  </testcase> <!-- ChangeIPAdressExitPressSaveUnsavedChangesTest -->
  <testcase name="ChangeIPAdressPressCancelExitTest" time="183.722" classname="testcases.NVRsElementsTest"/>
  <testcase name="ChangeLayoutAndPressCancelTest" time="15.133" classname="testcases.ViewsElementsTest">
    <failure type="java.lang.AssertionError" message="did not expect to find [false] but found [true]">
      <![CDATA[java.lang.AssertionError: did not expect to find [false] but found [true]
at org.testng.Assert.fail(Assert.java:97)
at org.testng.Assert.failNotEquals(Assert.java:969)
at org.testng.Assert.assertFalse(Assert.java:65)
at org.testng.Assert.assertFalse(Assert.java:75)
at testcases.ViewsElementsTest.ChangeLayoutAndPressCancelTest(ViewsElementsTest.java:1320)
at sun.reflect.NativeMethodAccessorImpl.invoke0(Native Method)
at sun.reflect.NativeMethodAccessorImpl.invoke(NativeMethodAccessorImpl.java:62)
at sun.reflect.DelegatingMethodAccessorImpl.invoke(DelegatingMethodAccessorImpl.java:43)
at java.lang.reflect.Method.invoke(Method.java:498)
at org.testng.internal.MethodInvocationHelper.invokeMethod(MethodInvocationHelper.java:133)
at org.testng.internal.TestInvoker.invokeMethod(TestInvoker.java:584)
at org.testng.internal.TestInvoker.invokeTestMethod(TestInvoker.java:172)
at org.testng.internal.MethodRunner.runInSequence(MethodRunner.java:46)
at org.testng.internal.TestInvoker$MethodInvocationAgent.invoke(TestInvoker.java:804)
at org.testng.internal.TestInvoker.invokeTestMethods(TestInvoker.java:145)
at org.testng.internal.TestMethodWorker.invokeTestMethods(TestMethodWorker.java:146)
at org.testng.internal.TestMethodWorker.run(TestMethodWorker.java:128)
at java.util.ArrayList.forEach(ArrayList.java:1257)
at org.testng.TestRunner.privateRun(TestRunner.java:770)
at org.testng.TestRunner.run(TestRunner.java:591)
at org.testng.SuiteRunner.runTest(SuiteRunner.java:402)
at org.testng.SuiteRunner.runSequentially(SuiteRunner.java:396)
at org.testng.SuiteRunner.privateRun(SuiteRunner.java:355)
at org.testng.SuiteRunner.run(SuiteRunner.java:304)
at org.testng.SuiteRunnerWorker.runSuite(SuiteRunnerWorker.java:53)
at org.testng.SuiteRunnerWorker.run(SuiteRunnerWorker.java:96)
at org.testng.TestNG.runSuitesSequentially(TestNG.java:1180)
at org.testng.TestNG.runSuitesLocally(TestNG.java:1102)
at org.testng.TestNG.runSuites(TestNG.java:1032)
at org.testng.TestNG.run(TestNG.java:1000)
at org.testng.remote.AbstractRemoteTestNG.run(AbstractRemoteTestNG.java:115)
at org.testng.remote.RemoteTestNG.initAndRun(RemoteTestNG.java:251)
at org.testng.remote.RemoteTestNG.main(RemoteTestNG.java:77)
]]>
    </failure>
  </testcase> <!-- ChangeLayoutAndPressCancelTest -->
  <testcase name="ChangeLayoutExitAndPressCancelTest" time="31.996" classname="testcases.ViewsElementsTest">
    <failure type="java.lang.AssertionError" message="expected [36] but found [6]">
      <![CDATA[java.lang.AssertionError: expected [36] but found [6]
at org.testng.Assert.fail(Assert.java:97)
at org.testng.Assert.assertEqualsImpl(Assert.java:136)
at org.testng.Assert.assertEquals(Assert.java:118)
at org.testng.Assert.assertEquals(Assert.java:839)
at org.testng.Assert.assertEquals(Assert.java:849)
at testcases.ViewsElementsTest.ChangeLayoutExitAndPressCancelTest(ViewsElementsTest.java:1403)
at sun.reflect.NativeMethodAccessorImpl.invoke0(Native Method)
at sun.reflect.NativeMethodAccessorImpl.invoke(NativeMethodAccessorImpl.java:62)
at sun.reflect.DelegatingMethodAccessorImpl.invoke(DelegatingMethodAccessorImpl.java:43)
at java.lang.reflect.Method.invoke(Method.java:498)
at org.testng.internal.MethodInvocationHelper.invokeMethod(MethodInvocationHelper.java:133)
at org.testng.internal.TestInvoker.invokeMethod(TestInvoker.java:584)
at org.testng.internal.TestInvoker.invokeTestMethod(TestInvoker.java:172)
at org.testng.internal.MethodRunner.runInSequence(MethodRunner.java:46)
at org.testng.internal.TestInvoker$MethodInvocationAgent.invoke(TestInvoker.java:804)
at org.testng.internal.TestInvoker.invokeTestMethods(TestInvoker.java:145)
at org.testng.internal.TestMethodWorker.invokeTestMethods(TestMethodWorker.java:146)
at org.testng.internal.TestMethodWorker.run(TestMethodWorker.java:128)
at java.util.ArrayList.forEach(ArrayList.java:1257)
at org.testng.TestRunner.privateRun(TestRunner.java:770)
at org.testng.TestRunner.run(TestRunner.java:591)
at org.testng.SuiteRunner.runTest(SuiteRunner.java:402)
at org.testng.SuiteRunner.runSequentially(SuiteRunner.java:396)
at org.testng.SuiteRunner.privateRun(SuiteRunner.java:355)
at org.testng.SuiteRunner.run(SuiteRunner.java:304)
at org.testng.SuiteRunnerWorker.runSuite(SuiteRunnerWorker.java:53)
at org.testng.SuiteRunnerWorker.run(SuiteRunnerWorker.java:96)
at org.testng.TestNG.runSuitesSequentially(TestNG.java:1180)
at org.testng.TestNG.runSuitesLocally(TestNG.java:1102)
at org.testng.TestNG.runSuites(TestNG.java:1032)
at org.testng.TestNG.run(TestNG.java:1000)
at org.testng.remote.AbstractRemoteTestNG.run(AbstractRemoteTestNG.java:115)
at org.testng.remote.RemoteTestNG.initAndRun(RemoteTestNG.java:251)
at org.testng.remote.RemoteTestNG.main(RemoteTestNG.java:77)
]]>
    </failure>
  </testcase> <!-- ChangeLayoutExitAndPressCancelTest -->
  <testcase name="ChangeLayoutExitAndPressDontSaveTest" time="39.211" classname="testcases.ViewsElementsTest"/>
  <testcase name="ChangeLayoutExitAndPressSaveTest" time="39.051" classname="testcases.ViewsElementsTest">
    <failure type="java.lang.AssertionError" message="expected [1] but found [4]">
      <![CDATA[java.lang.AssertionError: expected [1] but found [4]
at org.testng.Assert.fail(Assert.java:97)
at org.testng.Assert.assertEqualsImpl(Assert.java:136)
at org.testng.Assert.assertEquals(Assert.java:118)
at org.testng.Assert.assertEquals(Assert.java:839)
at org.testng.Assert.assertEquals(Assert.java:849)
at testcases.ViewsElementsTest.ChangeLayoutExitAndPressSaveTest(ViewsElementsTest.java:1560)
at sun.reflect.NativeMethodAccessorImpl.invoke0(Native Method)
at sun.reflect.NativeMethodAccessorImpl.invoke(NativeMethodAccessorImpl.java:62)
at sun.reflect.DelegatingMethodAccessorImpl.invoke(DelegatingMethodAccessorImpl.java:43)
at java.lang.reflect.Method.invoke(Method.java:498)
at org.testng.internal.MethodInvocationHelper.invokeMethod(MethodInvocationHelper.java:133)
at org.testng.internal.TestInvoker.invokeMethod(TestInvoker.java:584)
at org.testng.internal.TestInvoker.invokeTestMethod(TestInvoker.java:172)
at org.testng.internal.MethodRunner.runInSequence(MethodRunner.java:46)
at org.testng.internal.TestInvoker$MethodInvocationAgent.invoke(TestInvoker.java:804)
at org.testng.internal.TestInvoker.invokeTestMethods(TestInvoker.java:145)
at org.testng.internal.TestMethodWorker.invokeTestMethods(TestMethodWorker.java:146)
at org.testng.internal.TestMethodWorker.run(TestMethodWorker.java:128)
at java.util.ArrayList.forEach(ArrayList.java:1257)
at org.testng.TestRunner.privateRun(TestRunner.java:770)
at org.testng.TestRunner.run(TestRunner.java:591)
at org.testng.SuiteRunner.runTest(SuiteRunner.java:402)
at org.testng.SuiteRunner.runSequentially(SuiteRunner.java:396)
at org.testng.SuiteRunner.privateRun(SuiteRunner.java:355)
at org.testng.SuiteRunner.run(SuiteRunner.java:304)
at org.testng.SuiteRunnerWorker.runSuite(SuiteRunnerWorker.java:53)
at org.testng.SuiteRunnerWorker.run(SuiteRunnerWorker.java:96)
at org.testng.TestNG.runSuitesSequentially(TestNG.java:1180)
at org.testng.TestNG.runSuitesLocally(TestNG.java:1102)
at org.testng.TestNG.runSuites(TestNG.java:1032)
at org.testng.TestNG.run(TestNG.java:1000)
at org.testng.remote.AbstractRemoteTestNG.run(AbstractRemoteTestNG.java:115)
at org.testng.remote.RemoteTestNG.initAndRun(RemoteTestNG.java:251)
at org.testng.remote.RemoteTestNG.main(RemoteTestNG.java:77)
]]>
    </failure>
  </testcase> <!-- ChangeLayoutExitAndPressSaveTest -->
  <testcase name="ChangeNameAndCancelTest" time="5.517" classname="testcases.ToursElementsTest"/>
  <testcase name="ChangeNameAndPressCancelTest" time="8.539" classname="testcases.ViewsElementsTest"/>
  <testcase name="ChangeNameExitAndCancelTest" time="19.895" classname="testcases.ToursElementsTest"/>
  <testcase name="ChangeNameExitAndDoNotSaveTest" time="31.215" classname="testcases.ToursElementsTest"/>
  <testcase name="ChangeNameExitAndPressCancelTest" time="21.508" classname="testcases.ViewsElementsTest"/>
  <testcase name="ChangeNameExitAndPressDoNotSaveTest" time="26.208" classname="testcases.ViewsElementsTest"/>
  <testcase name="ChangeNameExitAndPressSaveTest" time="24.109" classname="testcases.ViewsElementsTest"/>
  <testcase name="ChangeNameExitAndSaveTest" time="27.625" classname="testcases.ToursElementsTest"/>
  <testcase name="ChangeNameExitPressDontSaveUnsavedChangesTest" time="67.624" classname="testcases.NVRsElementsTest"/>
  <testcase name="ChangeNameExitPressSaveUnsavedChangesTest" time="251.613" classname="testcases.NVRsElementsTest"/>
  <testcase name="ChangeNamePressCancelTest" time="10.998" classname="testcases.NVRsElementsTest"/>
  <testcase name="ChangeNameTest" time="23.625" classname="testcases.NVRsTest"/>
  <testcase name="ChangeNameTest" time="29.335" classname="testcases.ToursTest"/>
  <testcase name="ChangeNameTest" time="33.956" classname="testcases.WebPagesTest">
    <failure type="org.openqa.selenium.NoSuchElementException" message="Unable to find element with xpath == //div[@class=&amp;apos;ui-grid-cell-contents ng-binding ng-scope&amp;apos;][contains(text(), &amp;apos;NewName8974&amp;apos;)] (WARNING: The server did not provide any stacktrace information)
Command duration or timeout: 0 milliseconds
For documentation on this error, please visit: http://seleniumhq.org/exceptions/no_such_element.html
Build info: version: &amp;apos;3.9.1&amp;apos;, revision: &amp;apos;63f7b50&amp;apos;, time: &amp;apos;2018-02-07T22:25:02.294Z&amp;apos;
System info: host: &amp;apos;BORSE-PC&amp;apos;, ip: &amp;apos;172.20.1.42&amp;apos;, os.name: &amp;apos;Windows 10&amp;apos;, os.arch: &amp;apos;amd64&amp;apos;, os.version: &amp;apos;10.0&amp;apos;, java.version: &amp;apos;1.8.0_202&amp;apos;
Driver info: org.openqa.selenium.ie.InternetExplorerDriver
Capabilities {browserName: internet explorer, javascriptEnabled: true, pageLoadStrategy: normal, platform: WINDOWS, platformName: WINDOWS, se:ieOptions: {browserAttachTimeout: 0, elementScrollBehavior: 0, enableElementCacheCleanup: true, enablePersistentHover: true, ie.browserCommandLineSwitches: , ie.enableFullPageScreenshot: true, ie.ensureCleanSession: true, ie.fileUploadDialogTimeout: 3000, ie.forceCreateProcessApi: false, ie.forceShellWindowsApi: false, ie.useLegacyFileUploadDialogHandling: false, ignoreProtectedModeSettings: true, ignoreZoomSetting: false, initialBrowserUrl: http://localhost:40308/, nativeEvents: true, requireWindowFocus: false}, unexpectedAlertBehaviour: dismiss, unhandledPromptBehavior: dismiss, version: 11}
Session ID: 4063e7e4-e024-4be4-a97e-f087a8d7dbd8
*** Element info: {Using=xpath, value=//div[@class=&amp;apos;ui-grid-cell-contents ng-binding ng-scope&amp;apos;][contains(text(), &amp;apos;NewName8974&amp;apos;)]}">
      <![CDATA[org.openqa.selenium.NoSuchElementException: Unable to find element with xpath == //div[@class='ui-grid-cell-contents ng-binding ng-scope'][contains(text(), 'NewName8974')] (WARNING: The server did not provide any stacktrace information)
Command duration or timeout: 0 milliseconds
For documentation on this error, please visit: http://seleniumhq.org/exceptions/no_such_element.html
Build info: version: '3.9.1', revision: '63f7b50', time: '2018-02-07T22:25:02.294Z'
System info: host: 'BORSE-PC', ip: '172.20.1.42', os.name: 'Windows 10', os.arch: 'amd64', os.version: '10.0', java.version: '1.8.0_202'
Driver info: org.openqa.selenium.ie.InternetExplorerDriver
Capabilities {browserName: internet explorer, javascriptEnabled: true, pageLoadStrategy: normal, platform: WINDOWS, platformName: WINDOWS, se:ieOptions: {browserAttachTimeout: 0, elementScrollBehavior: 0, enableElementCacheCleanup: true, enablePersistentHover: true, ie.browserCommandLineSwitches: , ie.enableFullPageScreenshot: true, ie.ensureCleanSession: true, ie.fileUploadDialogTimeout: 3000, ie.forceCreateProcessApi: false, ie.forceShellWindowsApi: false, ie.useLegacyFileUploadDialogHandling: false, ignoreProtectedModeSettings: true, ignoreZoomSetting: false, initialBrowserUrl: http://localhost:40308/, nativeEvents: true, requireWindowFocus: false}, unexpectedAlertBehaviour: dismiss, unhandledPromptBehavior: dismiss, version: 11}
Session ID: 4063e7e4-e024-4be4-a97e-f087a8d7dbd8
*** Element info: {Using=xpath, value=//div[@class='ui-grid-cell-contents ng-binding ng-scope'][contains(text(), 'NewName8974')]}
at sun.reflect.GeneratedConstructorAccessor35.newInstance(Unknown Source)
at sun.reflect.DelegatingConstructorAccessorImpl.newInstance(DelegatingConstructorAccessorImpl.java:45)
at java.lang.reflect.Constructor.newInstance(Constructor.java:423)
at org.openqa.selenium.remote.ErrorHandler.createThrowable(ErrorHandler.java:214)
at org.openqa.selenium.remote.ErrorHandler.throwIfResponseFailed(ErrorHandler.java:166)
at org.openqa.selenium.remote.http.JsonHttpResponseCodec.reconstructValue(JsonHttpResponseCodec.java:40)
at org.openqa.selenium.remote.http.AbstractHttpResponseCodec.decode(AbstractHttpResponseCodec.java:80)
at org.openqa.selenium.remote.http.AbstractHttpResponseCodec.decode(AbstractHttpResponseCodec.java:44)
at org.openqa.selenium.remote.HttpCommandExecutor.execute(HttpCommandExecutor.java:160)
at org.openqa.selenium.remote.service.DriverCommandExecutor.execute(DriverCommandExecutor.java:83)
at org.openqa.selenium.remote.RemoteWebDriver.execute(RemoteWebDriver.java:601)
at org.openqa.selenium.remote.RemoteWebDriver.findElement(RemoteWebDriver.java:371)
at org.openqa.selenium.remote.RemoteWebDriver.findElementByXPath(RemoteWebDriver.java:473)
at org.openqa.selenium.By$ByXPath.findElement(By.java:361)
at org.openqa.selenium.remote.RemoteWebDriver.findElement(RemoteWebDriver.java:363)
at pageObjects.WebPagesPage.ClickOnWebPageByName(WebPagesPage.java:180)
at testcases.WebPagesTest.ChangeNameTest(WebPagesTest.java:262)
at sun.reflect.NativeMethodAccessorImpl.invoke0(Native Method)
at sun.reflect.NativeMethodAccessorImpl.invoke(NativeMethodAccessorImpl.java:62)
at sun.reflect.DelegatingMethodAccessorImpl.invoke(DelegatingMethodAccessorImpl.java:43)
at java.lang.reflect.Method.invoke(Method.java:498)
at org.testng.internal.MethodInvocationHelper.invokeMethod(MethodInvocationHelper.java:133)
at org.testng.internal.TestInvoker.invokeMethod(TestInvoker.java:584)
at org.testng.internal.TestInvoker.invokeTestMethod(TestInvoker.java:172)
at org.testng.internal.MethodRunner.runInSequence(MethodRunner.java:46)
at org.testng.internal.TestInvoker$MethodInvocationAgent.invoke(TestInvoker.java:804)
at org.testng.internal.TestInvoker.invokeTestMethods(TestInvoker.java:145)
at org.testng.internal.TestMethodWorker.invokeTestMethods(TestMethodWorker.java:146)
at org.testng.internal.TestMethodWorker.run(TestMethodWorker.java:128)
at java.util.ArrayList.forEach(ArrayList.java:1257)
at org.testng.TestRunner.privateRun(TestRunner.java:770)
at org.testng.TestRunner.run(TestRunner.java:591)
at org.testng.SuiteRunner.runTest(SuiteRunner.java:402)
at org.testng.SuiteRunner.runSequentially(SuiteRunner.java:396)
at org.testng.SuiteRunner.privateRun(SuiteRunner.java:355)
at org.testng.SuiteRunner.run(SuiteRunner.java:304)
at org.testng.SuiteRunnerWorker.runSuite(SuiteRunnerWorker.java:53)
at org.testng.SuiteRunnerWorker.run(SuiteRunnerWorker.java:96)
at org.testng.TestNG.runSuitesSequentially(TestNG.java:1180)
at org.testng.TestNG.runSuitesLocally(TestNG.java:1102)
at org.testng.TestNG.runSuites(TestNG.java:1032)
at org.testng.TestNG.run(TestNG.java:1000)
at org.testng.remote.AbstractRemoteTestNG.run(AbstractRemoteTestNG.java:115)
at org.testng.remote.RemoteTestNG.initAndRun(RemoteTestNG.java:251)
at org.testng.remote.RemoteTestNG.main(RemoteTestNG.java:77)
]]>
    </failure>
  </testcase> <!-- ChangeNameTest -->
  <testcase name="ChangeOrderForViewTest" time="5.805" classname="testcases.ToursTest"/>
  <testcase name="ChangePasswordToInvalidAndCheckStatusTest" time="196.926" classname="testcases.NVRsTest"/>
  <testcase name="ChangePortAndCheckStatusTest" time="158.516" classname="testcases.NVRsTest"/>
  <testcase name="ChangePortExitCancelUnsavedChangesTest" time="28.166" classname="testcases.NVRsElementsTest"/>
  <testcase name="ChangePortExitPressDontSaveUnsavedChangesTest" time="237.485" classname="testcases.NVRsElementsTest"/>
  <testcase name="ChangePortExitPressSaveUnsavedChangesTest" time="235.996" classname="testcases.NVRsElementsTest"/>
  <testcase name="ChangePortPressCancelTest" time="21.628" classname="testcases.NVRsElementsTest">
    <failure type="java.lang.AssertionError" message="expected [80] but found [288]">
      <![CDATA[java.lang.AssertionError: expected [80] but found [288]
at org.testng.Assert.fail(Assert.java:97)
at org.testng.Assert.assertEqualsImpl(Assert.java:136)
at org.testng.Assert.assertEquals(Assert.java:118)
at org.testng.Assert.assertEquals(Assert.java:575)
at org.testng.Assert.assertEquals(Assert.java:585)
at testcases.NVRsElementsTest.ChangePortPressCancelTest(NVRsElementsTest.java:557)
at sun.reflect.NativeMethodAccessorImpl.invoke0(Native Method)
at sun.reflect.NativeMethodAccessorImpl.invoke(NativeMethodAccessorImpl.java:62)
at sun.reflect.DelegatingMethodAccessorImpl.invoke(DelegatingMethodAccessorImpl.java:43)
at java.lang.reflect.Method.invoke(Method.java:498)
at org.testng.internal.MethodInvocationHelper.invokeMethod(MethodInvocationHelper.java:133)
at org.testng.internal.TestInvoker.invokeMethod(TestInvoker.java:584)
at org.testng.internal.TestInvoker.invokeTestMethod(TestInvoker.java:172)
at org.testng.internal.MethodRunner.runInSequence(MethodRunner.java:46)
at org.testng.internal.TestInvoker$MethodInvocationAgent.invoke(TestInvoker.java:804)
at org.testng.internal.TestInvoker.invokeTestMethods(TestInvoker.java:145)
at org.testng.internal.TestMethodWorker.invokeTestMethods(TestMethodWorker.java:146)
at org.testng.internal.TestMethodWorker.run(TestMethodWorker.java:128)
at java.util.ArrayList.forEach(ArrayList.java:1257)
at org.testng.TestRunner.privateRun(TestRunner.java:770)
at org.testng.TestRunner.run(TestRunner.java:591)
at org.testng.SuiteRunner.runTest(SuiteRunner.java:402)
at org.testng.SuiteRunner.runSequentially(SuiteRunner.java:396)
at org.testng.SuiteRunner.privateRun(SuiteRunner.java:355)
at org.testng.SuiteRunner.run(SuiteRunner.java:304)
at org.testng.SuiteRunnerWorker.runSuite(SuiteRunnerWorker.java:53)
at org.testng.SuiteRunnerWorker.run(SuiteRunnerWorker.java:96)
at org.testng.TestNG.runSuitesSequentially(TestNG.java:1180)
at org.testng.TestNG.runSuitesLocally(TestNG.java:1102)
at org.testng.TestNG.runSuites(TestNG.java:1032)
at org.testng.TestNG.run(TestNG.java:1000)
at org.testng.remote.AbstractRemoteTestNG.run(AbstractRemoteTestNG.java:115)
at org.testng.remote.RemoteTestNG.initAndRun(RemoteTestNG.java:251)
at org.testng.remote.RemoteTestNG.main(RemoteTestNG.java:77)
]]>
    </failure>
  </testcase> <!-- ChangePortPressCancelTest -->
  <testcase name="ChangeRefreshTimeStatusTest" time="23.038" classname="testcases.WebPagesTest"/>
  <testcase name="ChangeRefreshTimeValueBySpinnerTest" time="79.679" classname="testcases.WebPagesTest"/>
  <testcase name="ChangeRefreshTimeValueTest" time="31.384" classname="testcases.WebPagesTest"/>
  <testcase name="ChangeRemarksAndCancelTest" time="6.156" classname="testcases.ToursElementsTest"/>
  <testcase name="ChangeRemarksAndPressCancelTest" time="7.327" classname="testcases.ViewsElementsTest"/>
  <testcase name="ChangeRemarksExitAndCancelTest" time="20.523" classname="testcases.ToursElementsTest"/>
  <testcase name="ChangeRemarksExitAndDoNotSaveTest" time="27.952" classname="testcases.ToursElementsTest"/>
  <testcase name="ChangeRemarksExitAndPressCancelTest" time="19.841" classname="testcases.ViewsElementsTest"/>
  <testcase name="ChangeRemarksExitAndPressDoNotSaveTest" time="27.788" classname="testcases.ViewsElementsTest"/>
  <testcase name="ChangeRemarksExitAndPressSaveTest" time="27.736" classname="testcases.ViewsElementsTest"/>
  <testcase name="ChangeRemarksExitAndSaveTest" time="31.132" classname="testcases.ToursElementsTest"/>
  <testcase name="ChangeRemarksTest" time="24.283" classname="testcases.ToursTest"/>
  <testcase name="ChangeRemarksTest" time="31.079" classname="testcases.WebPagesTest"/>
  <testcase name="ChangeSecuredAndCheckStatusTest" time="256.764" classname="testcases.NVRsTest">
    <failure type="java.lang.AssertionError" message="expected [V] but found [NVR cannot be synced. Its system unique id belongs to another NVR.]">
      <![CDATA[java.lang.AssertionError: expected [V] but found [NVR cannot be synced. Its system unique id belongs to another NVR.]
at org.testng.Assert.fail(Assert.java:97)
at org.testng.Assert.assertEqualsImpl(Assert.java:136)
at org.testng.Assert.assertEquals(Assert.java:118)
at org.testng.Assert.assertEquals(Assert.java:575)
at org.testng.Assert.assertEquals(Assert.java:585)
at testcases.NVRsTest.ChangeSecuredAndCheckStatusTest(NVRsTest.java:1533)
at sun.reflect.NativeMethodAccessorImpl.invoke0(Native Method)
at sun.reflect.NativeMethodAccessorImpl.invoke(NativeMethodAccessorImpl.java:62)
at sun.reflect.DelegatingMethodAccessorImpl.invoke(DelegatingMethodAccessorImpl.java:43)
at java.lang.reflect.Method.invoke(Method.java:498)
at org.testng.internal.MethodInvocationHelper.invokeMethod(MethodInvocationHelper.java:133)
at org.testng.internal.TestInvoker.invokeMethod(TestInvoker.java:584)
at org.testng.internal.TestInvoker.invokeTestMethod(TestInvoker.java:172)
at org.testng.internal.MethodRunner.runInSequence(MethodRunner.java:46)
at org.testng.internal.TestInvoker$MethodInvocationAgent.invoke(TestInvoker.java:804)
at org.testng.internal.TestInvoker.invokeTestMethods(TestInvoker.java:145)
at org.testng.internal.TestMethodWorker.invokeTestMethods(TestMethodWorker.java:146)
at org.testng.internal.TestMethodWorker.run(TestMethodWorker.java:128)
at java.util.ArrayList.forEach(ArrayList.java:1257)
at org.testng.TestRunner.privateRun(TestRunner.java:770)
at org.testng.TestRunner.run(TestRunner.java:591)
at org.testng.SuiteRunner.runTest(SuiteRunner.java:402)
at org.testng.SuiteRunner.runSequentially(SuiteRunner.java:396)
at org.testng.SuiteRunner.privateRun(SuiteRunner.java:355)
at org.testng.SuiteRunner.run(SuiteRunner.java:304)
at org.testng.SuiteRunnerWorker.runSuite(SuiteRunnerWorker.java:53)
at org.testng.SuiteRunnerWorker.run(SuiteRunnerWorker.java:96)
at org.testng.TestNG.runSuitesSequentially(TestNG.java:1180)
at org.testng.TestNG.runSuitesLocally(TestNG.java:1102)
at org.testng.TestNG.runSuites(TestNG.java:1032)
at org.testng.TestNG.run(TestNG.java:1000)
at org.testng.remote.AbstractRemoteTestNG.run(AbstractRemoteTestNG.java:115)
at org.testng.remote.RemoteTestNG.initAndRun(RemoteTestNG.java:251)
at org.testng.remote.RemoteTestNG.main(RemoteTestNG.java:77)
]]>
    </failure>
  </testcase> <!-- ChangeSecuredAndCheckStatusTest -->
  <testcase name="ChangeURLTest" time="28.955" classname="testcases.WebPagesTest"/>
  <testcase name="ChangeUserNameAndPressCancel" time="184.987" classname="testcases.NVRsElementsTest"/>
  <testcase name="ChangeUserNameExitCancelUnsavedChangesTest" time="224.356" classname="testcases.NVRsElementsTest"/>
  <testcase name="ChangeUserNameExitPressDontSaveUnsavedChangesTest" time="236.168" classname="testcases.NVRsElementsTest"/>
  <testcase name="ChangeUserNameExitPressSaveUnsavedChangesTest" time="231.255" classname="testcases.NVRsElementsTest">
    <failure type="java.lang.AssertionError" message="expected [UserName] but found [ADMIN]">
      <![CDATA[java.lang.AssertionError: expected [UserName] but found [ADMIN]
at org.testng.Assert.fail(Assert.java:97)
at org.testng.Assert.assertEqualsImpl(Assert.java:136)
at org.testng.Assert.assertEquals(Assert.java:118)
at org.testng.Assert.assertEquals(Assert.java:575)
at org.testng.Assert.assertEquals(Assert.java:585)
at testcases.NVRsElementsTest.ChangeUserNameExitPressSaveUnsavedChangesTest(NVRsElementsTest.java:1083)
at sun.reflect.NativeMethodAccessorImpl.invoke0(Native Method)
at sun.reflect.NativeMethodAccessorImpl.invoke(NativeMethodAccessorImpl.java:62)
at sun.reflect.DelegatingMethodAccessorImpl.invoke(DelegatingMethodAccessorImpl.java:43)
at java.lang.reflect.Method.invoke(Method.java:498)
at org.testng.internal.MethodInvocationHelper.invokeMethod(MethodInvocationHelper.java:133)
at org.testng.internal.TestInvoker.invokeMethod(TestInvoker.java:584)
at org.testng.internal.TestInvoker.invokeTestMethod(TestInvoker.java:172)
at org.testng.internal.MethodRunner.runInSequence(MethodRunner.java:46)
at org.testng.internal.TestInvoker$MethodInvocationAgent.invoke(TestInvoker.java:804)
at org.testng.internal.TestInvoker.invokeTestMethods(TestInvoker.java:145)
at org.testng.internal.TestMethodWorker.invokeTestMethods(TestMethodWorker.java:146)
at org.testng.internal.TestMethodWorker.run(TestMethodWorker.java:128)
at java.util.ArrayList.forEach(ArrayList.java:1257)
at org.testng.TestRunner.privateRun(TestRunner.java:770)
at org.testng.TestRunner.run(TestRunner.java:591)
at org.testng.SuiteRunner.runTest(SuiteRunner.java:402)
at org.testng.SuiteRunner.runSequentially(SuiteRunner.java:396)
at org.testng.SuiteRunner.privateRun(SuiteRunner.java:355)
at org.testng.SuiteRunner.run(SuiteRunner.java:304)
at org.testng.SuiteRunnerWorker.runSuite(SuiteRunnerWorker.java:53)
at org.testng.SuiteRunnerWorker.run(SuiteRunnerWorker.java:96)
at org.testng.TestNG.runSuitesSequentially(TestNG.java:1180)
at org.testng.TestNG.runSuitesLocally(TestNG.java:1102)
at org.testng.TestNG.runSuites(TestNG.java:1032)
at org.testng.TestNG.run(TestNG.java:1000)
at org.testng.remote.AbstractRemoteTestNG.run(AbstractRemoteTestNG.java:115)
at org.testng.remote.RemoteTestNG.initAndRun(RemoteTestNG.java:251)
at org.testng.remote.RemoteTestNG.main(RemoteTestNG.java:77)
]]>
    </failure>
  </testcase> <!-- ChangeUserNameExitPressSaveUnsavedChangesTest -->
  <testcase name="ChangeUserNameToInvalidAndCheckStatusTest" time="202.475" classname="testcases.NVRsTest"/>
  <testcase name="ChangeViewTimeAndCancelTest" time="5.252" classname="testcases.ToursElementsTest"/>
  <testcase name="ChangeViewTimeBySpinnersAndCancelTest" time="10.818" classname="testcases.ToursElementsTest"/>
  <testcase name="ChangeViewTimeBySpinnersExitAndCancelTest" time="40.133" classname="testcases.ToursElementsTest"/>
  <testcase name="ChangeViewTimeBySpinnersExitAndDoNotSaveTest" time="48.188" classname="testcases.ToursElementsTest"/>
  <testcase name="ChangeViewTimeBySpinnersExitAndSaveTest" time="45.888" classname="testcases.ToursElementsTest"/>
  <testcase name="ChangeViewTimeBySpinnersTest" time="55.827" classname="testcases.ToursTest"/>
  <testcase name="ChangeViewTimeExitAndCancelTest" time="21.701" classname="testcases.ToursElementsTest"/>
  <testcase name="ChangeViewTimeExitAndDoNotSaveTest" time="29.127" classname="testcases.ToursElementsTest"/>
  <testcase name="ChangeViewTimeExitAndSaveTest" time="29.648" classname="testcases.ToursElementsTest">
    <failure type="java.lang.AssertionError" message="expected [81917] but found [8191]">
      <![CDATA[java.lang.AssertionError: expected [81917] but found [8191]
at org.testng.Assert.fail(Assert.java:97)
at org.testng.Assert.assertEqualsImpl(Assert.java:136)
at org.testng.Assert.assertEquals(Assert.java:118)
at org.testng.Assert.assertEquals(Assert.java:575)
at org.testng.Assert.assertEquals(Assert.java:585)
at testcases.ToursElementsTest.ChangeViewTimeExitAndSaveTest(ToursElementsTest.java:1549)
at sun.reflect.NativeMethodAccessorImpl.invoke0(Native Method)
at sun.reflect.NativeMethodAccessorImpl.invoke(NativeMethodAccessorImpl.java:62)
at sun.reflect.DelegatingMethodAccessorImpl.invoke(DelegatingMethodAccessorImpl.java:43)
at java.lang.reflect.Method.invoke(Method.java:498)
at org.testng.internal.MethodInvocationHelper.invokeMethod(MethodInvocationHelper.java:133)
at org.testng.internal.TestInvoker.invokeMethod(TestInvoker.java:584)
at org.testng.internal.TestInvoker.invokeTestMethod(TestInvoker.java:172)
at org.testng.internal.MethodRunner.runInSequence(MethodRunner.java:46)
at org.testng.internal.TestInvoker$MethodInvocationAgent.invoke(TestInvoker.java:804)
at org.testng.internal.TestInvoker.invokeTestMethods(TestInvoker.java:145)
at org.testng.internal.TestMethodWorker.invokeTestMethods(TestMethodWorker.java:146)
at org.testng.internal.TestMethodWorker.run(TestMethodWorker.java:128)
at java.util.ArrayList.forEach(ArrayList.java:1257)
at org.testng.TestRunner.privateRun(TestRunner.java:770)
at org.testng.TestRunner.run(TestRunner.java:591)
at org.testng.SuiteRunner.runTest(SuiteRunner.java:402)
at org.testng.SuiteRunner.runSequentially(SuiteRunner.java:396)
at org.testng.SuiteRunner.privateRun(SuiteRunner.java:355)
at org.testng.SuiteRunner.run(SuiteRunner.java:304)
at org.testng.SuiteRunnerWorker.runSuite(SuiteRunnerWorker.java:53)
at org.testng.SuiteRunnerWorker.run(SuiteRunnerWorker.java:96)
at org.testng.TestNG.runSuitesSequentially(TestNG.java:1180)
at org.testng.TestNG.runSuitesLocally(TestNG.java:1102)
at org.testng.TestNG.runSuites(TestNG.java:1032)
at org.testng.TestNG.run(TestNG.java:1000)
at org.testng.remote.AbstractRemoteTestNG.run(AbstractRemoteTestNG.java:115)
at org.testng.remote.RemoteTestNG.initAndRun(RemoteTestNG.java:251)
at org.testng.remote.RemoteTestNG.main(RemoteTestNG.java:77)
]]>
    </failure>
  </testcase> <!-- ChangeViewTimeExitAndSaveTest -->
  <testcase name="ChangeViewTimeTest" time="12.727" classname="testcases.ToursTest">
    <failure type="java.lang.AssertionError" message="expected [68109] but found [6810]">
      <![CDATA[java.lang.AssertionError: expected [68109] but found [6810]
at org.testng.Assert.fail(Assert.java:97)
at org.testng.Assert.assertEqualsImpl(Assert.java:136)
at org.testng.Assert.assertEquals(Assert.java:118)
at org.testng.Assert.assertEquals(Assert.java:575)
at org.testng.Assert.assertEquals(Assert.java:585)
at testcases.ToursTest.ChangeViewTimeTest(ToursTest.java:750)
at sun.reflect.NativeMethodAccessorImpl.invoke0(Native Method)
at sun.reflect.NativeMethodAccessorImpl.invoke(NativeMethodAccessorImpl.java:62)
at sun.reflect.DelegatingMethodAccessorImpl.invoke(DelegatingMethodAccessorImpl.java:43)
at java.lang.reflect.Method.invoke(Method.java:498)
at org.testng.internal.MethodInvocationHelper.invokeMethod(MethodInvocationHelper.java:133)
at org.testng.internal.TestInvoker.invokeMethod(TestInvoker.java:584)
at org.testng.internal.TestInvoker.invokeTestMethod(TestInvoker.java:172)
at org.testng.internal.MethodRunner.runInSequence(MethodRunner.java:46)
at org.testng.internal.TestInvoker$MethodInvocationAgent.invoke(TestInvoker.java:804)
at org.testng.internal.TestInvoker.invokeTestMethods(TestInvoker.java:145)
at org.testng.internal.TestMethodWorker.invokeTestMethods(TestMethodWorker.java:146)
at org.testng.internal.TestMethodWorker.run(TestMethodWorker.java:128)
at java.util.ArrayList.forEach(ArrayList.java:1257)
at org.testng.TestRunner.privateRun(TestRunner.java:770)
at org.testng.TestRunner.run(TestRunner.java:591)
at org.testng.SuiteRunner.runTest(SuiteRunner.java:402)
at org.testng.SuiteRunner.runSequentially(SuiteRunner.java:396)
at org.testng.SuiteRunner.privateRun(SuiteRunner.java:355)
at org.testng.SuiteRunner.run(SuiteRunner.java:304)
at org.testng.SuiteRunnerWorker.runSuite(SuiteRunnerWorker.java:53)
at org.testng.SuiteRunnerWorker.run(SuiteRunnerWorker.java:96)
at org.testng.TestNG.runSuitesSequentially(TestNG.java:1180)
at org.testng.TestNG.runSuitesLocally(TestNG.java:1102)
at org.testng.TestNG.runSuites(TestNG.java:1032)
at org.testng.TestNG.run(TestNG.java:1000)
at org.testng.remote.AbstractRemoteTestNG.run(AbstractRemoteTestNG.java:115)
at org.testng.remote.RemoteTestNG.initAndRun(RemoteTestNG.java:251)
at org.testng.remote.RemoteTestNG.main(RemoteTestNG.java:77)
]]>
    </failure>
  </testcase> <!-- ChangeViewTimeTest -->
  <testcase name="ChangeViewTimeToLessThanMinValueTest" time="5.996" classname="testcases.ToursTest"/>
  <testcase name="ChangeViewTimeToMoreThanMaxValueTest" time="6.533" classname="testcases.ToursTest"/>
  <testcase name="ChangeVisibilityStatusAndCancelTest" time="4.458" classname="testcases.ToursElementsTest"/>
  <testcase name="ChangeVisibilityStatusAndPressCancelTest" time="7.385" classname="testcases.ViewsElementsTest"/>
  <testcase name="ChangeVisibilityStatusExitAndCancelTest" time="20.548" classname="testcases.ToursElementsTest"/>
  <testcase name="ChangeVisibilityStatusExitAndDoNotSaveTest" time="25.435" classname="testcases.ToursElementsTest"/>
  <testcase name="ChangeVisibilityStatusExitAndPressCancelTest" time="19.344" classname="testcases.ViewsElementsTest"/>
  <testcase name="ChangeVisibilityStatusExitAndPressDoNotSaveTest" time="25.972" classname="testcases.ViewsElementsTest"/>
  <testcase name="ChangeVisibilityStatusExitAndPressSaveTest" time="24.818" classname="testcases.ViewsElementsTest"/>
  <testcase name="ChangeVisibilityStatusExitAndSaveTest" time="28.607" classname="testcases.ToursElementsTest"/>
  <testcase name="ChangeVisibilityStatusTest" time="34.625" classname="testcases.ToursTest"/>
  <testcase name="ChangeVisibilityStatusTest" time="31.788" classname="testcases.WebPagesTest"/>
  <testcase name="CheckPropertiesAfterChangeIPAdressTest" time="54.713" classname="testcases.NVRsElementsTest">
    <failure type="java.lang.AssertionError" message="expected [] but found [172.20.1.42 Name]">
      <![CDATA[java.lang.AssertionError: expected [] but found [172.20.1.42 Name]
at org.testng.Assert.fail(Assert.java:97)
at org.testng.Assert.assertEqualsImpl(Assert.java:136)
at org.testng.Assert.assertEquals(Assert.java:118)
at org.testng.Assert.assertEquals(Assert.java:575)
at org.testng.Assert.assertEquals(Assert.java:585)
at testcases.NVRsElementsTest.CheckPropertiesAfterChangeIPAdressTest(NVRsElementsTest.java:522)
at sun.reflect.NativeMethodAccessorImpl.invoke0(Native Method)
at sun.reflect.NativeMethodAccessorImpl.invoke(NativeMethodAccessorImpl.java:62)
at sun.reflect.DelegatingMethodAccessorImpl.invoke(DelegatingMethodAccessorImpl.java:43)
at java.lang.reflect.Method.invoke(Method.java:498)
at org.testng.internal.MethodInvocationHelper.invokeMethod(MethodInvocationHelper.java:133)
at org.testng.internal.TestInvoker.invokeMethod(TestInvoker.java:584)
at org.testng.internal.TestInvoker.invokeTestMethod(TestInvoker.java:172)
at org.testng.internal.MethodRunner.runInSequence(MethodRunner.java:46)
at org.testng.internal.TestInvoker$MethodInvocationAgent.invoke(TestInvoker.java:804)
at org.testng.internal.TestInvoker.invokeTestMethods(TestInvoker.java:145)
at org.testng.internal.TestMethodWorker.invokeTestMethods(TestMethodWorker.java:146)
at org.testng.internal.TestMethodWorker.run(TestMethodWorker.java:128)
at java.util.ArrayList.forEach(ArrayList.java:1257)
at org.testng.TestRunner.privateRun(TestRunner.java:770)
at org.testng.TestRunner.run(TestRunner.java:591)
at org.testng.SuiteRunner.runTest(SuiteRunner.java:402)
at org.testng.SuiteRunner.runSequentially(SuiteRunner.java:396)
at org.testng.SuiteRunner.privateRun(SuiteRunner.java:355)
at org.testng.SuiteRunner.run(SuiteRunner.java:304)
at org.testng.SuiteRunnerWorker.runSuite(SuiteRunnerWorker.java:53)
at org.testng.SuiteRunnerWorker.run(SuiteRunnerWorker.java:96)
at org.testng.TestNG.runSuitesSequentially(TestNG.java:1180)
at org.testng.TestNG.runSuitesLocally(TestNG.java:1102)
at org.testng.TestNG.runSuites(TestNG.java:1032)
at org.testng.TestNG.run(TestNG.java:1000)
at org.testng.remote.AbstractRemoteTestNG.run(AbstractRemoteTestNG.java:115)
at org.testng.remote.RemoteTestNG.initAndRun(RemoteTestNG.java:251)
at org.testng.remote.RemoteTestNG.main(RemoteTestNG.java:77)
]]>
    </failure>
  </testcase> <!-- CheckPropertiesAfterChangeIPAdressTest -->
  <testcase name="CheckPropertiesAfterChangeNameTest" time="52.705" classname="testcases.NVRsElementsTest"/>
  <testcase name="CheckPropertiesAfterChangePasswordTest" time="55.777" classname="testcases.NVRsElementsTest">
    <failure type="java.lang.AssertionError" message="expected [UserName] but found [ADMIN]">
      <![CDATA[java.lang.AssertionError: expected [UserName] but found [ADMIN]
at org.testng.Assert.fail(Assert.java:97)
at org.testng.Assert.assertEqualsImpl(Assert.java:136)
at org.testng.Assert.assertEquals(Assert.java:118)
at org.testng.Assert.assertEquals(Assert.java:575)
at org.testng.Assert.assertEquals(Assert.java:585)
at testcases.NVRsElementsTest.CheckPropertiesAfterChangePasswordTest(NVRsElementsTest.java:1175)
at sun.reflect.NativeMethodAccessorImpl.invoke0(Native Method)
at sun.reflect.NativeMethodAccessorImpl.invoke(NativeMethodAccessorImpl.java:62)
at sun.reflect.DelegatingMethodAccessorImpl.invoke(DelegatingMethodAccessorImpl.java:43)
at java.lang.reflect.Method.invoke(Method.java:498)
at org.testng.internal.MethodInvocationHelper.invokeMethod(MethodInvocationHelper.java:133)
at org.testng.internal.TestInvoker.invokeMethod(TestInvoker.java:584)
at org.testng.internal.TestInvoker.invokeTestMethod(TestInvoker.java:172)
at org.testng.internal.MethodRunner.runInSequence(MethodRunner.java:46)
at org.testng.internal.TestInvoker$MethodInvocationAgent.invoke(TestInvoker.java:804)
at org.testng.internal.TestInvoker.invokeTestMethods(TestInvoker.java:145)
at org.testng.internal.TestMethodWorker.invokeTestMethods(TestMethodWorker.java:146)
at org.testng.internal.TestMethodWorker.run(TestMethodWorker.java:128)
at java.util.ArrayList.forEach(ArrayList.java:1257)
at org.testng.TestRunner.privateRun(TestRunner.java:770)
at org.testng.TestRunner.run(TestRunner.java:591)
at org.testng.SuiteRunner.runTest(SuiteRunner.java:402)
at org.testng.SuiteRunner.runSequentially(SuiteRunner.java:396)
at org.testng.SuiteRunner.privateRun(SuiteRunner.java:355)
at org.testng.SuiteRunner.run(SuiteRunner.java:304)
at org.testng.SuiteRunnerWorker.runSuite(SuiteRunnerWorker.java:53)
at org.testng.SuiteRunnerWorker.run(SuiteRunnerWorker.java:96)
at org.testng.TestNG.runSuitesSequentially(TestNG.java:1180)
at org.testng.TestNG.runSuitesLocally(TestNG.java:1102)
at org.testng.TestNG.runSuites(TestNG.java:1032)
at org.testng.TestNG.run(TestNG.java:1000)
at org.testng.remote.AbstractRemoteTestNG.run(AbstractRemoteTestNG.java:115)
at org.testng.remote.RemoteTestNG.initAndRun(RemoteTestNG.java:251)
at org.testng.remote.RemoteTestNG.main(RemoteTestNG.java:77)
]]>
    </failure>
  </testcase> <!-- CheckPropertiesAfterChangePasswordTest -->
  <testcase name="CheckPropertiesAfterChangePortTest" time="69.95" classname="testcases.NVRsElementsTest"/>
  <testcase name="CheckPropertiesAfterChangeUserNameTest" time="54.808" classname="testcases.NVRsElementsTest">
    <failure type="java.lang.AssertionError" message="expected [172.20.1.46] but found [172.20.1.42 Name]">
      <![CDATA[java.lang.AssertionError: expected [172.20.1.46] but found [172.20.1.42 Name]
at org.testng.Assert.fail(Assert.java:97)
at org.testng.Assert.assertEqualsImpl(Assert.java:136)
at org.testng.Assert.assertEquals(Assert.java:118)
at org.testng.Assert.assertEquals(Assert.java:575)
at org.testng.Assert.assertEquals(Assert.java:585)
at testcases.NVRsElementsTest.CheckPropertiesAfterChangeUserNameTest(NVRsElementsTest.java:1126)
at sun.reflect.NativeMethodAccessorImpl.invoke0(Native Method)
at sun.reflect.NativeMethodAccessorImpl.invoke(NativeMethodAccessorImpl.java:62)
at sun.reflect.DelegatingMethodAccessorImpl.invoke(DelegatingMethodAccessorImpl.java:43)
at java.lang.reflect.Method.invoke(Method.java:498)
at org.testng.internal.MethodInvocationHelper.invokeMethod(MethodInvocationHelper.java:133)
at org.testng.internal.TestInvoker.invokeMethod(TestInvoker.java:584)
at org.testng.internal.TestInvoker.invokeTestMethod(TestInvoker.java:172)
at org.testng.internal.MethodRunner.runInSequence(MethodRunner.java:46)
at org.testng.internal.TestInvoker$MethodInvocationAgent.invoke(TestInvoker.java:804)
at org.testng.internal.TestInvoker.invokeTestMethods(TestInvoker.java:145)
at org.testng.internal.TestMethodWorker.invokeTestMethods(TestMethodWorker.java:146)
at org.testng.internal.TestMethodWorker.run(TestMethodWorker.java:128)
at java.util.ArrayList.forEach(ArrayList.java:1257)
at org.testng.TestRunner.privateRun(TestRunner.java:770)
at org.testng.TestRunner.run(TestRunner.java:591)
at org.testng.SuiteRunner.runTest(SuiteRunner.java:402)
at org.testng.SuiteRunner.runSequentially(SuiteRunner.java:396)
at org.testng.SuiteRunner.privateRun(SuiteRunner.java:355)
at org.testng.SuiteRunner.run(SuiteRunner.java:304)
at org.testng.SuiteRunnerWorker.runSuite(SuiteRunnerWorker.java:53)
at org.testng.SuiteRunnerWorker.run(SuiteRunnerWorker.java:96)
at org.testng.TestNG.runSuitesSequentially(TestNG.java:1180)
at org.testng.TestNG.runSuitesLocally(TestNG.java:1102)
at org.testng.TestNG.runSuites(TestNG.java:1032)
at org.testng.TestNG.run(TestNG.java:1000)
at org.testng.remote.AbstractRemoteTestNG.run(AbstractRemoteTestNG.java:115)
at org.testng.remote.RemoteTestNG.initAndRun(RemoteTestNG.java:251)
at org.testng.remote.RemoteTestNG.main(RemoteTestNG.java:77)
]]>
    </failure>
  </testcase> <!-- CheckPropertiesAfterChangeUserNameTest -->
  <testcase name="ClearViewAndPressCancelTest" time="12.645" classname="testcases.ViewsElementsTest">
    <failure type="java.lang.AssertionError" message="expected [2] but found [0]">
      <![CDATA[java.lang.AssertionError: expected [2] but found [0]
at org.testng.Assert.fail(Assert.java:97)
at org.testng.Assert.assertEqualsImpl(Assert.java:136)
at org.testng.Assert.assertEquals(Assert.java:118)
at org.testng.Assert.assertEquals(Assert.java:839)
at org.testng.Assert.assertEquals(Assert.java:849)
at testcases.ViewsElementsTest.ClearViewAndPressCancelTest(ViewsElementsTest.java:1107)
at sun.reflect.NativeMethodAccessorImpl.invoke0(Native Method)
at sun.reflect.NativeMethodAccessorImpl.invoke(NativeMethodAccessorImpl.java:62)
at sun.reflect.DelegatingMethodAccessorImpl.invoke(DelegatingMethodAccessorImpl.java:43)
at java.lang.reflect.Method.invoke(Method.java:498)
at org.testng.internal.MethodInvocationHelper.invokeMethod(MethodInvocationHelper.java:133)
at org.testng.internal.TestInvoker.invokeMethod(TestInvoker.java:584)
at org.testng.internal.TestInvoker.invokeTestMethod(TestInvoker.java:172)
at org.testng.internal.MethodRunner.runInSequence(MethodRunner.java:46)
at org.testng.internal.TestInvoker$MethodInvocationAgent.invoke(TestInvoker.java:804)
at org.testng.internal.TestInvoker.invokeTestMethods(TestInvoker.java:145)
at org.testng.internal.TestMethodWorker.invokeTestMethods(TestMethodWorker.java:146)
at org.testng.internal.TestMethodWorker.run(TestMethodWorker.java:128)
at java.util.ArrayList.forEach(ArrayList.java:1257)
at org.testng.TestRunner.privateRun(TestRunner.java:770)
at org.testng.TestRunner.run(TestRunner.java:591)
at org.testng.SuiteRunner.runTest(SuiteRunner.java:402)
at org.testng.SuiteRunner.runSequentially(SuiteRunner.java:396)
at org.testng.SuiteRunner.privateRun(SuiteRunner.java:355)
at org.testng.SuiteRunner.run(SuiteRunner.java:304)
at org.testng.SuiteRunnerWorker.runSuite(SuiteRunnerWorker.java:53)
at org.testng.SuiteRunnerWorker.run(SuiteRunnerWorker.java:96)
at org.testng.TestNG.runSuitesSequentially(TestNG.java:1180)
at org.testng.TestNG.runSuitesLocally(TestNG.java:1102)
at org.testng.TestNG.runSuites(TestNG.java:1032)
at org.testng.TestNG.run(TestNG.java:1000)
at org.testng.remote.AbstractRemoteTestNG.run(AbstractRemoteTestNG.java:115)
at org.testng.remote.RemoteTestNG.initAndRun(RemoteTestNG.java:251)
at org.testng.remote.RemoteTestNG.main(RemoteTestNG.java:77)
]]>
    </failure>
  </testcase> <!-- ClearViewAndPressCancelTest -->
  <testcase name="ClearViewExitAndPressCancelTest" time="32.95" classname="testcases.ViewsElementsTest"/>
  <testcase name="ClearViewExitAndPressDoNotSaveTest" time="32.763" classname="testcases.ViewsElementsTest"/>
  <testcase name="ClearViewExitAndPressSaveTest" time="14.295" classname="testcases.ViewsElementsTest"/>
  <testcase name="DecreasePortExitCancelUnsavedChangesTest" time="11.72" classname="testcases.NVRsElementsTest">
[...]
at sun.reflect.NativeMethodAccessorImpl.invoke0(Native Method)
at sun.reflect.NativeMethodAccessorImpl.invoke(NativeMethodAccessorImpl.java:62)
at sun.reflect.DelegatingMethodAccessorImpl.invoke(DelegatingMethodAccessorImpl.java:43)
at java.lang.reflect.Method.invoke(Method.java:498)
at org.testng.internal.MethodInvocationHelper.invokeMethod(MethodInvocationHelper.java:133)
at org.testng.internal.TestInvoker.invokeMethod(TestInvoker.java:584)
at org.testng.internal.TestInvoker.invokeTestMethod(TestInvoker.java:172)
at org.testng.internal.MethodRunner.runInSequence(MethodRunner.java:46)
at org.testng.internal.TestInvoker$MethodInvocationAgent.invoke(TestInvoker.java:804)
at org.testng.internal.TestInvoker.invokeTestMethods(TestInvoker.java:145)
at org.testng.internal.TestMethodWorker.invokeTestMethods(TestMethodWorker.java:146)
at org.testng.internal.TestMethodWorker.run(TestMethodWorker.java:128)
at java.util.ArrayList.forEach(ArrayList.java:1257)
at org.testng.TestRunner.privateRun(TestRunner.java:770)
at org.testng.TestRunner.run(TestRunner.java:591)
at org.testng.SuiteRunner.runTest(SuiteRunner.java:402)
at org.testng.SuiteRunner.runSequentially(SuiteRunner.java:396)
at org.testng.SuiteRunner.privateRun(SuiteRunner.java:355)
at org.testng.SuiteRunner.run(SuiteRunner.java:304)
at org.testng.SuiteRunnerWorker.runSuite(SuiteRunnerWorker.java:53)
at org.testng.SuiteRunnerWorker.run(SuiteRunnerWorker.java:96)
at org.testng.TestNG.runSuitesSequentially(TestNG.java:1180)
at org.testng.TestNG.runSuitesLocally(TestNG.java:1102)
at org.testng.TestNG.runSuites(TestNG.java:1032)
at org.testng.TestNG.run(TestNG.java:1000)
at org.testng.remote.AbstractRemoteTestNG.run(AbstractRemoteTestNG.java:115)
at org.testng.remote.RemoteTestNG.initAndRun(RemoteTestNG.java:251)
at org.testng.remote.RemoteTestNG.main(RemoteTestNG.java:77)
]]>
    </failure>
  </testcase> <!-- ResourceFilterTest -->
  <testcase name="SelectNVRandPressCancelTest" time="22.524" classname="testcases.NVRsTest"/>
  <testcase name="SortingDiscoveredNVRsTest" time="23.38" classname="testcases.NVRsTest"/>
  <testcase name="SortingNVRsByIPAdressTest" time="141.512" classname="testcases.NVRsTest"/>
  <testcase name="SortingNVRsByNameTest" time="10.8" classname="testcases.NVRsTest"/>
  <testcase name="SortingNVRsByVersionTest" time="9.076" classname="testcases.NVRsTest"/>
  <testcase name="SwitchOffStorageDefinitionsAndPressNoTest" time="38.296" classname="testcases.NVRsTest"/>
  <testcase name="SwitchStorageDefinitionsAndPressCancelTest" time="25.879" classname="testcases.NVRsElementsTest"/>
  <testcase name="SwitchStorageDefinitionsExitAndPressCancelTest" time="41.876" classname="testcases.NVRsElementsTest"/>
  <testcase name="SwitchStorageDefinitionsExitAndPressDontSaveButtonTest" time="63.276" classname="testcases.NVRsElementsTest"/>
  <testcase name="SwitchStorageDefinitionsExitAndPressSaveButtonTest" time="64.711" classname="testcases.NVRsElementsTest"/>
  <testcase name="SwitchStorageDefinitionsTest" time="14.482" classname="testcases.NVRsTest">
    <failure type="java.lang.AssertionError" message="did not expect to find [true] but found [false]">
      <![CDATA[java.lang.AssertionError: did not expect to find [true] but found [false]
at org.testng.Assert.fail(Assert.java:97)
at org.testng.Assert.failNotEquals(Assert.java:969)
at org.testng.Assert.assertTrue(Assert.java:43)
at org.testng.Assert.assertTrue(Assert.java:53)
at testcases.NVRsTest.SwitchStorageDefinitionsTest(NVRsTest.java:1833)
at sun.reflect.NativeMethodAccessorImpl.invoke0(Native Method)
at sun.reflect.NativeMethodAccessorImpl.invoke(NativeMethodAccessorImpl.java:62)
at sun.reflect.DelegatingMethodAccessorImpl.invoke(DelegatingMethodAccessorImpl.java:43)
at java.lang.reflect.Method.invoke(Method.java:498)
at org.testng.internal.MethodInvocationHelper.invokeMethod(MethodInvocationHelper.java:133)
at org.testng.internal.TestInvoker.invokeMethod(TestInvoker.java:584)
at org.testng.internal.TestInvoker.invokeTestMethod(TestInvoker.java:172)
at org.testng.internal.MethodRunner.runInSequence(MethodRunner.java:46)
at org.testng.internal.TestInvoker$MethodInvocationAgent.invoke(TestInvoker.java:804)
at org.testng.internal.TestInvoker.invokeTestMethods(TestInvoker.java:145)
at org.testng.internal.TestMethodWorker.invokeTestMethods(TestMethodWorker.java:146)
at org.testng.internal.TestMethodWorker.run(TestMethodWorker.java:128)
at java.util.ArrayList.forEach(ArrayList.java:1257)
at org.testng.TestRunner.privateRun(TestRunner.java:770)
at org.testng.TestRunner.run(TestRunner.java:591)
at org.testng.SuiteRunner.runTest(SuiteRunner.java:402)
at org.testng.SuiteRunner.runSequentially(SuiteRunner.java:396)
at org.testng.SuiteRunner.privateRun(SuiteRunner.java:355)
at org.testng.SuiteRunner.run(SuiteRunner.java:304)
at org.testng.SuiteRunnerWorker.runSuite(SuiteRunnerWorker.java:53)
at org.testng.SuiteRunnerWorker.run(SuiteRunnerWorker.java:96)
at org.testng.TestNG.runSuitesSequentially(TestNG.java:1180)
at org.testng.TestNG.runSuitesLocally(TestNG.java:1102)
at org.testng.TestNG.runSuites(TestNG.java:1032)
at org.testng.TestNG.run(TestNG.java:1000)
at org.testng.remote.AbstractRemoteTestNG.run(AbstractRemoteTestNG.java:115)
at org.testng.remote.RemoteTestNG.initAndRun(RemoteTestNG.java:251)
at org.testng.remote.RemoteTestNG.main(RemoteTestNG.java:77)
]]>
    </failure>
  </testcase> <!-- SwitchStorageDefinitionsTest -->
  <testcase name="ViewsFilterTest" time="2.425" classname="testcases.ViewsTest"/>
  <testcase name="WebPagesFilterTest" time="4.48" classname="testcases.WebPagesTest"/>
  <testcase name="addViewTest" time="24.901" classname="testcases.MonitoringView"/>
  <testcase name="uDecreasePortExitPressSaveUnsavedChangesTest" time="187.314" classname="testcases.NVRsElementsTest">
    <failure type="java.lang.AssertionError" message="did not expect to find [true] but found [false]">
      <![CDATA[java.lang.AssertionError: did not expect to find [true] but found [false]
at org.testng.Assert.fail(Assert.java:97)
at org.testng.Assert.failNotEquals(Assert.java:969)
at org.testng.Assert.assertTrue(Assert.java:43)
at org.testng.Assert.assertTrue(Assert.java:53)
at testcases.NVRsElementsTest.uDecreasePortExitPressSaveUnsavedChangesTest(NVRsElementsTest.java:901)
at sun.reflect.NativeMethodAccessorImpl.invoke0(Native Method)
at sun.reflect.NativeMethodAccessorImpl.invoke(NativeMethodAccessorImpl.java:62)
at sun.reflect.DelegatingMethodAccessorImpl.invoke(DelegatingMethodAccessorImpl.java:43)
at java.lang.reflect.Method.invoke(Method.java:498)
at org.testng.internal.MethodInvocationHelper.invokeMethod(MethodInvocationHelper.java:133)
at org.testng.internal.TestInvoker.invokeMethod(TestInvoker.java:584)
at org.testng.internal.TestInvoker.invokeTestMethod(TestInvoker.java:172)
at org.testng.internal.MethodRunner.runInSequence(MethodRunner.java:46)
at org.testng.internal.TestInvoker$MethodInvocationAgent.invoke(TestInvoker.java:804)
at org.testng.internal.TestInvoker.invokeTestMethods(TestInvoker.java:145)
at org.testng.internal.TestMethodWorker.invokeTestMethods(TestMethodWorker.java:146)
at org.testng.internal.TestMethodWorker.run(TestMethodWorker.java:128)
at java.util.ArrayList.forEach(ArrayList.java:1257)
at org.testng.TestRunner.privateRun(TestRunner.java:770)
at org.testng.TestRunner.run(TestRunner.java:591)
at org.testng.SuiteRunner.runTest(SuiteRunner.java:402)
at org.testng.SuiteRunner.runSequentially(SuiteRunner.java:396)
at org.testng.SuiteRunner.privateRun(SuiteRunner.java:355)
at org.testng.SuiteRunner.run(SuiteRunner.java:304)
at org.testng.SuiteRunnerWorker.runSuite(SuiteRunnerWorker.java:53)
at org.testng.SuiteRunnerWorker.run(SuiteRunnerWorker.java:96)
at org.testng.TestNG.runSuitesSequentially(TestNG.java:1180)
at org.testng.TestNG.runSuitesLocally(TestNG.java:1102)
at org.testng.TestNG.runSuites(TestNG.java:1032)
at org.testng.TestNG.run(TestNG.java:1000)
at org.testng.remote.AbstractRemoteTestNG.run(AbstractRemoteTestNG.java:115)
at org.testng.remote.RemoteTestNG.initAndRun(RemoteTestNG.java:251)
at org.testng.remote.RemoteTestNG.main(RemoteTestNG.java:77)
]]>
    </failure>
  </testcase> <!-- uDecreasePortExitPressSaveUnsavedChangesTest -->
  <testcase name="ChangeNameExitCancelUnsavedChangesExitCancelTest" time="24.184" classname="testcases.NVRsElementsTest"/>
  <testcase name="RemoveNVRsByButtonTest" time="30.063" classname="testcases.NVRsTest"/>
  <testcase name="CancelDeletingViewByButton" time="0.0" classname="testcases.MonitoringView">
    <ignored/>
  </testcase> <!-- CancelDeletingViewByButton -->
  <testcase name="ChangeNameExitAndCancelTest" time="0.0" classname="testcases.WebPagesElementsTest">
    <ignored/>
  </testcase> <!-- ChangeNameExitAndCancelTest -->
  <testcase name="ChangeVisibilityStatusExitAndDoNotSaveTest" time="0.0" classname="testcases.WebPagesElementsTest">
    <ignored/>
  </testcase> <!-- ChangeVisibilityStatusExitAndDoNotSaveTest -->
  <testcase name="ChangeNameAndCancelTest" time="0.0" classname="testcases.WebPagesElementsTest">
    <ignored/>
  </testcase> <!-- ChangeNameAndCancelTest -->
  <testcase name="ChangeRefreshTimeStatusExitAndSaveTest" time="0.0" classname="testcases.WebPagesElementsTest">
    <ignored/>
  </testcase> <!-- ChangeRefreshTimeStatusExitAndSaveTest -->
  <testcase name="CancelRemovingViewByIconTest" time="0.0" classname="testcases.MonitoringView">
    <ignored/>
  </testcase> <!-- CancelRemovingViewByIconTest -->
  <testcase name="AddNewWebPageInputParametersTest" time="0.0" classname="testcases.WebPagesTest">
    <ignored/>
  </testcase> <!-- AddNewWebPageInputParametersTest -->
  <testcase name="DeleteURLExitAndSaveTest" time="0.0" classname="testcases.WebPagesElementsTest">
    <ignored/>
  </testcase> <!-- DeleteURLExitAndSaveTest -->
  <testcase name="ChangeRemarksAndCancelTest" time="0.0" classname="testcases.WebPagesElementsTest">
    <ignored/>
  </testcase> <!-- ChangeRemarksAndCancelTest -->
  <testcase name="ClearViewAndDragResourceTest" time="0.0" classname="testcases.MonitoringView">
    <ignored/>
  </testcase> <!-- ClearViewAndDragResourceTest -->
  <testcase name="DragResourceTest" time="0.0" classname="testcases.MonitoringView">
    <ignored/>
  </testcase> <!-- DragResourceTest -->
  <testcase name="AddNewViewWithoutLayoutTest" time="0.0" classname="testcases.MonitoringView">
    <ignored/>
  </testcase> <!-- AddNewViewWithoutLayoutTest -->
  <testcase name="ChangeVisibilityStatusExitAndSaveTest" time="0.0" classname="testcases.WebPagesElementsTest">
    <ignored/>
  </testcase> <!-- ChangeVisibilityStatusExitAndSaveTest -->
  <testcase name="ChangeUserNameToValidAndCheckStatusTest" time="0.0" classname="testcases.NVRsTest">
    <ignored/>
  </testcase> <!-- ChangeUserNameToValidAndCheckStatusTest -->
  <testcase name="ChangeRefreshTimeValueExitAndDoNotSaveTest" time="0.0" classname="testcases.WebPagesElementsTest">
    <ignored/>
  </testcase> <!-- ChangeRefreshTimeValueExitAndDoNotSaveTest -->
  <testcase name="ResourceFilterTest" time="0.0" classname="testcases.MonitoringView">
    <ignored/>
  </testcase> <!-- ResourceFilterTest -->
  <testcase name="ChangeURLExitAndCancelTest" time="0.0" classname="testcases.WebPagesElementsTest">
    <ignored/>
  </testcase> <!-- ChangeURLExitAndCancelTest -->
  <testcase name="ChangeRefreshTimeStatusAndCancelTest" time="0.0" classname="testcases.WebPagesElementsTest">
    <ignored/>
  </testcase> <!-- ChangeRefreshTimeStatusAndCancelTest -->
  <testcase name="DeleteViewByButtonTest" time="0.0" classname="testcases.MonitoringView">
    <ignored/>
  </testcase> <!-- DeleteViewByButtonTest -->
  <testcase name="AddNewWebPageExitAndCancelTest" time="0.0" classname="testcases.WebPagesElementsTest">
    <ignored/>
  </testcase> <!-- AddNewWebPageExitAndCancelTest -->
  <testcase name="ChangeRemarksExitAndSaveTest" time="0.0" classname="testcases.WebPagesElementsTest">
    <ignored/>
  </testcase> <!-- ChangeRemarksExitAndSaveTest -->
  <testcase name="ChangeRefreshTimeValueBySpinnerAndSaveTest" time="0.0" classname="testcases.WebPagesElementsTest">
    <ignored/>
  </testcase> <!-- ChangeRefreshTimeValueBySpinnerAndSaveTest -->
  <testcase name="ChangeRefreshTimeValueExitAndSaveTest" time="0.0" classname="testcases.WebPagesElementsTest">
    <ignored/>
  </testcase> <!-- ChangeRefreshTimeValueExitAndSaveTest -->
  <testcase name="ChangeRefreshTimeValueExitAndCancelTest" time="0.0" classname="testcases.WebPagesElementsTest">
    <ignored/>
  </testcase> <!-- ChangeRefreshTimeValueExitAndCancelTest -->
  <testcase name="AddNewWebPageAndCancelTest" time="0.0" classname="testcases.WebPagesElementsTest">
    <ignored/>
  </testcase> <!-- AddNewWebPageAndCancelTest -->
  <testcase name="AddNewWebPageInputURLExitAndSaveTest" time="0.0" classname="testcases.WebPagesElementsTest">
    <ignored/>
  </testcase> <!-- AddNewWebPageInputURLExitAndSaveTest -->
  <testcase name="ChangeVisibilityStatusExitAndCancelTest" time="0.0" classname="testcases.WebPagesElementsTest">
    <ignored/>
  </testcase> <!-- ChangeVisibilityStatusExitAndCancelTest -->
  <testcase name="DeleteOneNVRAndCheckPropertiesPanelTest" time="0.0" classname="testcases.NVRsTest">
    <ignored/>
  </testcase> <!-- DeleteOneNVRAndCheckPropertiesPanelTest -->
  <testcase name="DeleteURLExitAndCancelTest" time="0.0" classname="testcases.WebPagesElementsTest">
    <ignored/>
  </testcase> <!-- DeleteURLExitAndCancelTest -->
  <testcase name="ChangeStorageDefinitionsTest" time="0.0" classname="testcases.NVRsTest">
    <ignored/>
  </testcase> <!-- ChangeStorageDefinitionsTest -->
  <testcase name="ChangeURLExitAndSaveTest" time="0.0" classname="testcases.WebPagesElementsTest">
    <ignored/>
  </testcase> <!-- ChangeURLExitAndSaveTest -->
  <testcase name="ChangeRefreshTimeValueAndCancelTest" time="0.0" classname="testcases.WebPagesElementsTest">
    <ignored/>
  </testcase> <!-- ChangeRefreshTimeValueAndCancelTest -->
  <testcase name="ChangeStorageDefinitionsAndPressCancelTest" time="0.0" classname="testcases.NVRsElementsTest">
    <ignored/>
  </testcase> <!-- ChangeStorageDefinitionsAndPressCancelTest -->
  <testcase name="IncreasePortInAddNVRManualyWindowTest" time="0.0" classname="testcases.NVRsTest">
    <ignored/>
  </testcase> <!-- IncreasePortInAddNVRManualyWindowTest -->
  <testcase name="DeleteViewByIconTest" time="0.0" classname="testcases.MonitoringView">
    <ignored/>
  </testcase> <!-- DeleteViewByIconTest -->
  <testcase name="DeleteCameraAndCheckInViewTest" time="0.0" classname="testcases.ViewsTest">
    <ignored/>
  </testcase> <!-- DeleteCameraAndCheckInViewTest -->
  <testcase name="ChangePortToSecuredAndCheckStatusTest" time="0.0" classname="testcases.NVRsTest">
    <ignored/>
  </testcase> <!-- ChangePortToSecuredAndCheckStatusTest -->
  <testcase name="AddNVRWithSecuredPortAndSwitchOffSecuredStatusTest" time="0.0" classname="testcases.NVRsTest">
    <ignored/>
  </testcase> <!-- AddNVRWithSecuredPortAndSwitchOffSecuredStatusTest -->
  <testcase name="ChangeNameExitAndSaveTest" time="0.0" classname="testcases.WebPagesElementsTest">
    <ignored/>
  </testcase> <!-- ChangeNameExitAndSaveTest -->
  <testcase name="DeleteCameraAndCheckInViewTest" time="0.0" classname="testcases.MonitoringView">
    <ignored/>
  </testcase> <!-- DeleteCameraAndCheckInViewTest -->
  <testcase name="changelayoutTest" time="0.0" classname="testcases.MonitoringView">
    <ignored/>
  </testcase> <!-- changelayoutTest -->
  <testcase name="ChangeRefreshTimeValueBySpinnerExitAndCancelTest" time="0.0" classname="testcases.WebPagesElementsTest">
    <ignored/>
  </testcase> <!-- ChangeRefreshTimeValueBySpinnerExitAndCancelTest -->
  <testcase name="ChangeRemarksExitAndCancelTest" time="0.0" classname="testcases.WebPagesElementsTest">
    <ignored/>
  </testcase> <!-- ChangeRemarksExitAndCancelTest -->
  <testcase name="DeleteURLAndCancelTest" time="0.0" classname="testcases.WebPagesElementsTest">
    <ignored/>
  </testcase> <!-- DeleteURLAndCancelTest -->
  <testcase name="AddNewWebPageInputURLExitAndCancelTest" time="0.0" classname="testcases.WebPagesElementsTest">
    <ignored/>
  </testcase> <!-- AddNewWebPageInputURLExitAndCancelTest -->
  <testcase name="DragGroupToGroupTest" time="0.0" classname="testcases.GroupsHierarchyTest">
    <ignored/>
  </testcase> <!-- DragGroupToGroupTest -->
  <testcase name="ViewsFilterTest" time="0.0" classname="testcases.MonitoringView">
    <ignored/>
  </testcase> <!-- ViewsFilterTest -->
  <testcase name="ChangeRefreshTimeValueBySpinnerAndCancelTest" time="0.0" classname="testcases.WebPagesElementsTest">
    <ignored/>
  </testcase> <!-- ChangeRefreshTimeValueBySpinnerAndCancelTest -->
  <testcase name="ChangeURLExitAndDoNotSaveTest" time="0.0" classname="testcases.WebPagesElementsTest">
    <ignored/>
  </testcase> <!-- ChangeURLExitAndDoNotSaveTest -->
  <testcase name="DeleteURLExitAndDoNotSaveTest" time="0.0" classname="testcases.WebPagesElementsTest">
    <ignored/>
  </testcase> <!-- DeleteURLExitAndDoNotSaveTest -->
  <testcase name="ChangeStorageDefinitionsExitCancelUnsavedChangesTest" time="0.0" classname="testcases.NVRsElementsTest">
    <ignored/>
  </testcase> <!-- ChangeStorageDefinitionsExitCancelUnsavedChangesTest -->
  <testcase name="AddNewWebPageExitAndDoNotSaveTest" time="0.0" classname="testcases.WebPagesElementsTest">
    <ignored/>
  </testcase> <!-- AddNewWebPageExitAndDoNotSaveTest -->
  <testcase name="SwitchOffStorageDefinitionsTest" time="0.0" classname="testcases.NVRsTest">
    <ignored/>
  </testcase> <!-- SwitchOffStorageDefinitionsTest -->
  <testcase name="ChangeLayoutTest" time="0.0" classname="testcases.MonitoringView">
    <ignored/>
  </testcase> <!-- ChangeLayoutTest -->
  <testcase name="ChangePortBySpinnersTest" time="0.0" classname="testcases.NVRsTest">
    <ignored/>
  </testcase> <!-- ChangePortBySpinnersTest -->
  <testcase name="DecreasePortInAddNVRManualyWindowTest" time="0.0" classname="testcases.NVRsTest">
    <ignored/>
  </testcase> <!-- DecreasePortInAddNVRManualyWindowTest -->
  <testcase name="ChangeRefreshTimeStatusExitAndDoNoTSaveTest" time="0.0" classname="testcases.WebPagesElementsTest">
    <ignored/>
  </testcase> <!-- ChangeRefreshTimeStatusExitAndDoNoTSaveTest -->
  <testcase name="ChangePortToValidAndCheckStatusTest" time="0.0" classname="testcases.NVRsTest">
    <ignored/>
  </testcase> <!-- ChangePortToValidAndCheckStatusTest -->
  <testcase name="ChangeRefreshTimeStatusExitAndCancelTest" time="0.0" classname="testcases.WebPagesElementsTest">
    <ignored/>
  </testcase> <!-- ChangeRefreshTimeStatusExitAndCancelTest -->
  <testcase name="ChangeNameExitAndDoNotSaveTest" time="0.0" classname="testcases.WebPagesElementsTest">
    <ignored/>
  </testcase> <!-- ChangeNameExitAndDoNotSaveTest -->
  <testcase name="ChangeVisibilityStatusAndCancelTest" time="0.0" classname="testcases.WebPagesElementsTest">
    <ignored/>
  </testcase> <!-- ChangeVisibilityStatusAndCancelTest -->
  <testcase name="ChangeRefreshTimeValueBySpinnerExitAndDoNotSaveTest" time="0.0" classname="testcases.WebPagesElementsTest">
    <ignored/>
  </testcase> <!-- ChangeRefreshTimeValueBySpinnerExitAndDoNotSaveTest -->
  <testcase name="AddNewWebPageInputURLAndCancelTest" time="0.0" classname="testcases.WebPagesElementsTest">
    <ignored/>
  </testcase> <!-- AddNewWebPageInputURLAndCancelTest -->
  <testcase name="ChangeRemarksExitAndDoNotSaveTest" time="0.0" classname="testcases.WebPagesElementsTest">
    <ignored/>
  </testcase> <!-- ChangeRemarksExitAndDoNotSaveTest -->
  <testcase name="ChangeURLAndCancelTest" time="0.0" classname="testcases.WebPagesElementsTest">
    <ignored/>
  </testcase> <!-- ChangeURLAndCancelTest -->
  <testcase name="AddNewWebPageInputURLExitAndDoNotSaveTest" time="0.0" classname="testcases.WebPagesElementsTest">
    <ignored/>
  </testcase> <!-- AddNewWebPageInputURLExitAndDoNotSaveTest -->
</testsuite> <!-- Default test -->
