<?xml version="1.0" encoding="UTF-8"?>
<testng-results skipped="0" failed="26" ignored="66" total="261" passed="169">
  <reporter-output>
  </reporter-output>
  <suite name="Default suite" duration-ms="31136076" started-at="2020-02-05T19:27:52 IST" finished-at="2020-02-06T04:06:48 IST">
    <groups>
    </groups>
    <test name="Default test" duration-ms="31136076" started-at="2020-02-05T19:27:52 IST" finished-at="2020-02-06T04:06:48 IST">
      <class name="testcases.ToursTest">
        <test-method status="PASS" signature="startReport()[pri:0, instance:testcases.ToursTest@12405818]" name="startReport" is-config="true" duration-ms="1" started-at="2020-02-05T19:27:52 IST" finished-at="2020-02-05T19:27:52 IST">
          <reporter-output>
          </reporter-output>
        </test-method> <!-- startReport -->
        <test-method status="PASS" signature="setup(java.lang.String)[pri:0, instance:testcases.ToursTest@12405818]" name="setup" is-config="true" duration-ms="1" started-at="2020-02-05T20:04:12 IST" finished-at="2020-02-05T20:04:12 IST">
          <params>
            <param index="0">
              <value>
                <![CDATA[ie]]>
              </value>
            </param>
          </params>
          <reporter-output>
          </reporter-output>
        </test-method> <!-- setup -->
        <test-method status="PASS" signature="GoToToursPage()[pri:0, instance:testcases.ToursTest@12405818]" name="GoToToursPage" is-config="true" duration-ms="110789" started-at="2020-02-05T20:04:12 IST" finished-at="2020-02-05T20:06:03 IST">
          <reporter-output>
          </reporter-output>
        </test-method> <!-- GoToToursPage -->
        <test-method status="PASS" signature="AddNewTourTest()[pri:0, instance:testcases.ToursTest@12405818]" name="AddNewTourTest" duration-ms="12069" started-at="2020-02-05T20:06:03 IST" finished-at="2020-02-05T20:06:15 IST">
          <reporter-output>
          </reporter-output>
        </test-method> <!-- AddNewTourTest -->
        <test-method status="PASS" signature="afterMethod(org.testng.ITestResult)[pri:0, instance:testcases.ToursTest@12405818]" name="afterMethod" is-config="true" duration-ms="682" started-at="2020-02-05T20:06:15 IST" finished-at="2020-02-05T20:06:16 IST">
          <params>
            <param index="0">
              <value>
                <![CDATA[[TestResult name=AddNewTourTest status=SUCCESS method=ToursTest.AddNewTourTest()[pri:0, instance:testcases.ToursTest@12405818] output={null}]]]>
              </value>
            </param>
          </params>
          <reporter-output>
          </reporter-output>
        </test-method> <!-- afterMethod -->
        <test-method status="PASS" signature="GoToToursPage()[pri:0, instance:testcases.ToursTest@12405818]" name="GoToToursPage" is-config="true" duration-ms="113283" started-at="2020-02-05T20:06:16 IST" finished-at="2020-02-05T20:08:09 IST">
          <reporter-output>
          </reporter-output>
        </test-method> <!-- GoToToursPage -->
        <test-method status="PASS" signature="AddNewTourWithAllParametersTest()[pri:0, instance:testcases.ToursTest@12405818]" name="AddNewTourWithAllParametersTest" duration-ms="75212" started-at="2020-02-05T20:08:09 IST" finished-at="2020-02-05T20:09:24 IST">
          <reporter-output>
          </reporter-output>
        </test-method> <!-- AddNewTourWithAllParametersTest -->
        <test-method status="PASS" signature="afterMethod(org.testng.ITestResult)[pri:0, instance:testcases.ToursTest@12405818]" name="afterMethod" is-config="true" duration-ms="839" started-at="2020-02-05T20:09:24 IST" finished-at="2020-02-05T20:09:25 IST">
          <params>
            <param index="0">
              <value>
                <![CDATA[[TestResult name=AddNewTourWithAllParametersTest status=SUCCESS method=ToursTest.AddNewTourWithAllParametersTest()[pri:0, instance:testcases.ToursTest@12405818] output={null}]]]>
              </value>
            </param>
          </params>
          <reporter-output>
          </reporter-output>
        </test-method> <!-- afterMethod -->
        <test-method status="PASS" signature="GoToToursPage()[pri:0, instance:testcases.ToursTest@12405818]" name="GoToToursPage" is-config="true" duration-ms="111682" started-at="2020-02-05T20:59:24 IST" finished-at="2020-02-05T21:01:16 IST">
          <reporter-output>
          </reporter-output>
        </test-method> <!-- GoToToursPage -->
        <test-method status="PASS" signature="AddViewTest()[pri:0, instance:testcases.ToursTest@12405818]" name="AddViewTest" duration-ms="44389" started-at="2020-02-05T21:01:16 IST" finished-at="2020-02-05T21:02:00 IST">
          <reporter-output>
          </reporter-output>
        </test-method> <!-- AddViewTest -->
        <test-method status="PASS" signature="afterMethod(org.testng.ITestResult)[pri:0, instance:testcases.ToursTest@12405818]" name="afterMethod" is-config="true" duration-ms="540" started-at="2020-02-05T21:02:00 IST" finished-at="2020-02-05T21:02:01 IST">
          <params>
            <param index="0">
              <value>
                <![CDATA[[TestResult name=AddViewTest status=SUCCESS method=ToursTest.AddViewTest()[pri:0, instance:testcases.ToursTest@12405818] output={null}]]]>
              </value>
            </param>
          </params>
          <reporter-output>
          </reporter-output>
        </test-method> <!-- afterMethod -->
        <test-method status="PASS" signature="GoToToursPage()[pri:0, instance:testcases.ToursTest@12405818]" name="GoToToursPage" is-config="true" duration-ms="108679" started-at="2020-02-05T22:18:18 IST" finished-at="2020-02-05T22:20:06 IST">
          <reporter-output>
          </reporter-output>
        </test-method> <!-- GoToToursPage -->
        <test-method status="PASS" signature="ChangeNameTest()[pri:0, instance:testcases.ToursTest@12405818]" name="ChangeNameTest" duration-ms="43573" started-at="2020-02-05T22:20:06 IST" finished-at="2020-02-05T22:20:50 IST">
          <reporter-output>
          </reporter-output>
        </test-method> <!-- ChangeNameTest -->
        <test-method status="PASS" signature="afterMethod(org.testng.ITestResult)[pri:0, instance:testcases.ToursTest@12405818]" name="afterMethod" is-config="true" duration-ms="528" started-at="2020-02-05T22:20:50 IST" finished-at="2020-02-05T22:20:51 IST">
          <params>
            <param index="0">
              <value>
                <![CDATA[[TestResult name=ChangeNameTest status=SUCCESS method=ToursTest.ChangeNameTest()[pri:0, instance:testcases.ToursTest@12405818] output={null}]]]>
              </value>
            </param>
          </params>
          <reporter-output>
          </reporter-output>
        </test-method> <!-- afterMethod -->
        <test-method status="PASS" signature="GoToToursPage()[pri:0, instance:testcases.ToursTest@12405818]" name="GoToToursPage" is-config="true" duration-ms="113272" started-at="2020-02-05T22:23:06 IST" finished-at="2020-02-05T22:25:00 IST">
          <reporter-output>
          </reporter-output>
        </test-method> <!-- GoToToursPage -->
        <test-method status="PASS" signature="ChangeOrderForViewTest()[pri:0, instance:testcases.ToursTest@12405818]" name="ChangeOrderForViewTest" duration-ms="7000" started-at="2020-02-05T22:25:00 IST" finished-at="2020-02-05T22:25:07 IST">
          <reporter-output>
          </reporter-output>
        </test-method> <!-- ChangeOrderForViewTest -->
        <test-method status="PASS" signature="afterMethod(org.testng.ITestResult)[pri:0, instance:testcases.ToursTest@12405818]" name="afterMethod" is-config="true" duration-ms="981" started-at="2020-02-05T22:25:07 IST" finished-at="2020-02-05T22:25:08 IST">
          <params>
            <param index="0">
              <value>
                <![CDATA[[TestResult name=ChangeOrderForViewTest status=SUCCESS method=ToursTest.ChangeOrderForViewTest()[pri:0, instance:testcases.ToursTest@12405818] output={null}]]]>
              </value>
            </param>
          </params>
          <reporter-output>
          </reporter-output>
        </test-method> <!-- afterMethod -->
        <test-method status="PASS" signature="GoToToursPage()[pri:0, instance:testcases.ToursTest@12405818]" name="GoToToursPage" is-config="true" duration-ms="123298" started-at="2020-02-05T23:17:56 IST" finished-at="2020-02-05T23:19:59 IST">
          <reporter-output>
          </reporter-output>
        </test-method> <!-- GoToToursPage -->
        <test-method status="PASS" signature="ChangeRemarksTest()[pri:0, instance:testcases.ToursTest@12405818]" name="ChangeRemarksTest" duration-ms="36334" started-at="2020-02-05T23:19:59 IST" finished-at="2020-02-05T23:20:36 IST">
          <reporter-output>
          </reporter-output>
        </test-method> <!-- ChangeRemarksTest -->
        <test-method status="PASS" signature="afterMethod(org.testng.ITestResult)[pri:0, instance:testcases.ToursTest@12405818]" name="afterMethod" is-config="true" duration-ms="639" started-at="2020-02-05T23:20:36 IST" finished-at="2020-02-05T23:20:36 IST">
          <params>
            <param index="0">
              <value>
                <![CDATA[[TestResult name=ChangeRemarksTest status=SUCCESS method=ToursTest.ChangeRemarksTest()[pri:0, instance:testcases.ToursTest@12405818] output={null}]]]>
              </value>
            </param>
          </params>
          <reporter-output>
          </reporter-output>
        </test-method> <!-- afterMethod -->
        <test-method status="PASS" signature="GoToToursPage()[pri:0, instance:testcases.ToursTest@12405818]" name="GoToToursPage" is-config="true" duration-ms="111864" started-at="2020-02-06T00:07:40 IST" finished-at="2020-02-06T00:09:32 IST">
          <reporter-output>
          </reporter-output>
        </test-method> <!-- GoToToursPage -->
        <test-method status="PASS" signature="ChangeViewTimeBySpinnersTest()[pri:0, instance:testcases.ToursTest@12405818]" name="ChangeViewTimeBySpinnersTest" duration-ms="50916" started-at="2020-02-06T00:09:32 IST" finished-at="2020-02-06T00:10:23 IST">
          <reporter-output>
          </reporter-output>
        </test-method> <!-- ChangeViewTimeBySpinnersTest -->
        <test-method status="PASS" signature="afterMethod(org.testng.ITestResult)[pri:0, instance:testcases.ToursTest@12405818]" name="afterMethod" is-config="true" duration-ms="723" started-at="2020-02-06T00:10:23 IST" finished-at="2020-02-06T00:10:24 IST">
          <params>
            <param index="0">
              <value>
                <![CDATA[[TestResult name=ChangeViewTimeBySpinnersTest status=SUCCESS method=ToursTest.ChangeViewTimeBySpinnersTest()[pri:0, instance:testcases.ToursTest@12405818] output={null}]]]>
              </value>
            </param>
          </params>
          <reporter-output>
          </reporter-output>
        </test-method> <!-- afterMethod -->
        <test-method status="PASS" signature="GoToToursPage()[pri:0, instance:testcases.ToursTest@12405818]" name="GoToToursPage" is-config="true" duration-ms="109075" started-at="2020-02-06T00:18:53 IST" finished-at="2020-02-06T00:20:42 IST">
          <reporter-output>
          </reporter-output>
        </test-method> <!-- GoToToursPage -->
        <test-method status="FAIL" signature="ChangeViewTimeTest()[pri:0, instance:testcases.ToursTest@12405818]" name="ChangeViewTimeTest" duration-ms="10756" started-at="2020-02-06T00:20:42 IST" finished-at="2020-02-06T00:20:53 IST">
          <exception class="java.lang.AssertionError">
            <message>
              <![CDATA[expected [72728] but found [7272]]]>
            </message>
            <full-stacktrace>
              <![CDATA[java.lang.AssertionError: expected [72728] but found [7272]
at org.testng.Assert.fail(Assert.java:97)
at org.testng.Assert.assertEqualsImpl(Assert.java:136)
at org.testng.Assert.assertEquals(Assert.java:118)
at org.testng.Assert.assertEquals(Assert.java:575)
at org.testng.Assert.assertEquals(Assert.java:585)
at testcases.ToursTest.ChangeViewTimeTest(ToursTest.java:750)
at sun.reflect.NativeMethodAccessorImpl.invoke0(Native Method)
at sun.reflect.NativeMethodAccessorImpl.invoke(NativeMethodAccessorImpl.java:62)
at sun.reflect.DelegatingMethodAccessorImpl.invoke(DelegatingMethodAccessorImpl.java:43)
at java.lang.reflect.Method.invoke(Method.java:498)
at org.testng.internal.MethodInvocationHelper.invokeMethod(MethodInvocationHelper.java:133)
at org.testng.internal.TestInvoker.invokeMethod(TestInvoker.java:584)
at org.testng.internal.TestInvoker.invokeTestMethod(TestInvoker.java:172)
at org.testng.internal.MethodRunner.runInSequence(MethodRunner.java:46)
at org.testng.internal.TestInvoker$MethodInvocationAgent.invoke(TestInvoker.java:804)
at org.testng.internal.TestInvoker.invokeTestMethods(TestInvoker.java:145)
at org.testng.internal.TestMethodWorker.invokeTestMethods(TestMethodWorker.java:146)
at org.testng.internal.TestMethodWorker.run(TestMethodWorker.java:128)
at java.util.ArrayList.forEach(ArrayList.java:1257)
at org.testng.TestRunner.privateRun(TestRunner.java:770)
at org.testng.TestRunner.run(TestRunner.java:591)
at org.testng.SuiteRunner.runTest(SuiteRunner.java:402)
at org.testng.SuiteRunner.runSequentially(SuiteRunner.java:396)
at org.testng.SuiteRunner.privateRun(SuiteRunner.java:355)
at org.testng.SuiteRunner.run(SuiteRunner.java:304)
at org.testng.SuiteRunnerWorker.runSuite(SuiteRunnerWorker.java:53)
at org.testng.SuiteRunnerWorker.run(SuiteRunnerWorker.java:96)
at org.testng.TestNG.runSuitesSequentially(TestNG.java:1180)
at org.testng.TestNG.runSuitesLocally(TestNG.java:1102)
at org.testng.TestNG.runSuites(TestNG.java:1032)
at org.testng.TestNG.run(TestNG.java:1000)
at org.testng.remote.AbstractRemoteTestNG.run(AbstractRemoteTestNG.java:115)
at org.testng.remote.RemoteTestNG.initAndRun(RemoteTestNG.java:251)
at org.testng.remote.RemoteTestNG.main(RemoteTestNG.java:77)
]]>
            </full-stacktrace>
          </exception> <!-- java.lang.AssertionError -->
          <reporter-output>
          </reporter-output>
        </test-method> <!-- ChangeViewTimeTest -->
        <test-method status="PASS" signature="afterMethod(org.testng.ITestResult)[pri:0, instance:testcases.ToursTest@12405818]" name="afterMethod" is-config="true" duration-ms="714" started-at="2020-02-06T00:20:53 IST" finished-at="2020-02-06T00:20:53 IST">
          <params>
            <param index="0">
              <value>
                <![CDATA[[TestResult name=ChangeViewTimeTest status=FAILURE method=ToursTest.ChangeViewTimeTest()[pri:0, instance:testcases.ToursTest@12405818] output={null}]]]>
              </value>
            </param>
          </params>
          <reporter-output>
          </reporter-output>
        </test-method> <!-- afterMethod -->
        <test-method status="PASS" signature="GoToToursPage()[pri:0, instance:testcases.ToursTest@12405818]" name="GoToToursPage" is-config="true" duration-ms="171646" started-at="2020-02-06T00:20:53 IST" finished-at="2020-02-06T00:23:45 IST">
          <reporter-output>
          </reporter-output>
        </test-method> <!-- GoToToursPage -->
        <test-method status="PASS" signature="ChangeViewTimeToLessThanMinValueTest()[pri:0, instance:testcases.ToursTest@12405818]" name="ChangeViewTimeToLessThanMinValueTest" duration-ms="8200" started-at="2020-02-06T00:23:45 IST" finished-at="2020-02-06T00:23:53 IST">
          <reporter-output>
          </reporter-output>
        </test-method> <!-- ChangeViewTimeToLessThanMinValueTest -->
        <test-method status="PASS" signature="afterMethod(org.testng.ITestResult)[pri:0, instance:testcases.ToursTest@12405818]" name="afterMethod" is-config="true" duration-ms="641" started-at="2020-02-06T00:23:53 IST" finished-at="2020-02-06T00:23:54 IST">
          <params>
            <param index="0">
              <value>
                <![CDATA[[TestResult name=ChangeViewTimeToLessThanMinValueTest status=SUCCESS method=ToursTest.ChangeViewTimeToLessThanMinValueTest()[pri:0, instance:testcases.ToursTest@12405818] output={null}]]]>
              </value>
            </param>
          </params>
          <reporter-output>
          </reporter-output>
        </test-method> <!-- afterMethod -->
        <test-method status="PASS" signature="GoToToursPage()[pri:0, instance:testcases.ToursTest@12405818]" name="GoToToursPage" is-config="true" duration-ms="173110" started-at="2020-02-06T00:23:54 IST" finished-at="2020-02-06T00:26:47 IST">
          <reporter-output>
          </reporter-output>
        </test-method> <!-- GoToToursPage -->
        <test-method status="PASS" signature="ChangeViewTimeToMoreThanMaxValueTest()[pri:0, instance:testcases.ToursTest@12405818]" name="ChangeViewTimeToMoreThanMaxValueTest" duration-ms="7601" started-at="2020-02-06T00:26:47 IST" finished-at="2020-02-06T00:26:55 IST">
          <reporter-output>
          </reporter-output>
        </test-method> <!-- ChangeViewTimeToMoreThanMaxValueTest -->
        <test-method status="PASS" signature="afterMethod(org.testng.ITestResult)[pri:0, instance:testcases.ToursTest@12405818]" name="afterMethod" is-config="true" duration-ms="545" started-at="2020-02-06T00:26:55 IST" finished-at="2020-02-06T00:26:55 IST">
          <params>
            <param index="0">
              <value>
                <![CDATA[[TestResult name=ChangeViewTimeToMoreThanMaxValueTest status=SUCCESS method=ToursTest.ChangeViewTimeToMoreThanMaxValueTest()[pri:0, instance:testcases.ToursTest@12405818] output={null}]]]>
              </value>
            </param>
          </params>
          <reporter-output>
          </reporter-output>
        </test-method> <!-- afterMethod -->
        <test-method status="PASS" signature="GoToToursPage()[pri:0, instance:testcases.ToursTest@12405818]" name="GoToToursPage" is-config="true" duration-ms="123687" started-at="2020-02-06T00:50:45 IST" finished-at="2020-02-06T00:52:48 IST">
          <reporter-output>
          </reporter-output>
        </test-method> <!-- GoToToursPage -->
        <test-method status="PASS" signature="ChangeVisibilityStatusTest()[pri:0, instance:testcases.ToursTest@12405818]" name="ChangeVisibilityStatusTest" duration-ms="42833" started-at="2020-02-06T00:52:48 IST" finished-at="2020-02-06T00:53:31 IST">
          <reporter-output>
          </reporter-output>
        </test-method> <!-- ChangeVisibilityStatusTest -->
        <test-method status="PASS" signature="afterMethod(org.testng.ITestResult)[pri:0, instance:testcases.ToursTest@12405818]" name="afterMethod" is-config="true" duration-ms="801" started-at="2020-02-06T00:53:31 IST" finished-at="2020-02-06T00:53:32 IST">
          <params>
            <param index="0">
              <value>
                <![CDATA[[TestResult name=ChangeVisibilityStatusTest status=SUCCESS method=ToursTest.ChangeVisibilityStatusTest()[pri:0, instance:testcases.ToursTest@12405818] output={null}]]]>
              </value>
            </param>
          </params>
          <reporter-output>
          </reporter-output>
        </test-method> <!-- afterMethod -->
        <test-method status="PASS" signature="GoToToursPage()[pri:0, instance:testcases.ToursTest@12405818]" name="GoToToursPage" is-config="true" duration-ms="112817" started-at="2020-02-06T01:29:30 IST" finished-at="2020-02-06T01:31:23 IST">
          <reporter-output>
          </reporter-output>
        </test-method> <!-- GoToToursPage -->
        <test-method status="PASS" signature="DeleteAllViewsTest()[pri:0, instance:testcases.ToursTest@12405818]" name="DeleteAllViewsTest" duration-ms="5960" started-at="2020-02-06T01:31:23 IST" finished-at="2020-02-06T01:31:29 IST">
          <reporter-output>
          </reporter-output>
        </test-method> <!-- DeleteAllViewsTest -->
        <test-method status="PASS" signature="afterMethod(org.testng.ITestResult)[pri:0, instance:testcases.ToursTest@12405818]" name="afterMethod" is-config="true" duration-ms="987" started-at="2020-02-06T01:31:29 IST" finished-at="2020-02-06T01:31:30 IST">
          <params>
            <param index="0">
              <value>
                <![CDATA[[TestResult name=DeleteAllViewsTest status=SUCCESS method=ToursTest.DeleteAllViewsTest()[pri:0, instance:testcases.ToursTest@12405818] output={null}]]]>
              </value>
            </param>
          </params>
          <reporter-output>
          </reporter-output>
        </test-method> <!-- afterMethod -->
        <test-method status="PASS" signature="GoToToursPage()[pri:0, instance:testcases.ToursTest@12405818]" name="GoToToursPage" is-config="true" duration-ms="112064" started-at="2020-02-06T01:42:43 IST" finished-at="2020-02-06T01:44:35 IST">
          <reporter-output>
          </reporter-output>
        </test-method> <!-- GoToToursPage -->
        <test-method status="PASS" signature="DeleteTourByButtonAndPressNoTest()[pri:0, instance:testcases.ToursTest@12405818]" name="DeleteTourByButtonAndPressNoTest" duration-ms="33560" started-at="2020-02-06T01:44:35 IST" finished-at="2020-02-06T01:45:09 IST">
          <reporter-output>
          </reporter-output>
        </test-method> <!-- DeleteTourByButtonAndPressNoTest -->
        <test-method status="PASS" signature="afterMethod(org.testng.ITestResult)[pri:0, instance:testcases.ToursTest@12405818]" name="afterMethod" is-config="true" duration-ms="661" started-at="2020-02-06T01:45:09 IST" finished-at="2020-02-06T01:45:09 IST">
          <params>
            <param index="0">
              <value>
                <![CDATA[[TestResult name=DeleteTourByButtonAndPressNoTest status=SUCCESS method=ToursTest.DeleteTourByButtonAndPressNoTest()[pri:0, instance:testcases.ToursTest@12405818] output={null}]]]>
              </value>
            </param>
          </params>
          <reporter-output>
          </reporter-output>
        </test-method> <!-- afterMethod -->
        <test-method status="PASS" signature="GoToToursPage()[pri:0, instance:testcases.ToursTest@12405818]" name="GoToToursPage" is-config="true" duration-ms="108801" started-at="2020-02-06T01:45:09 IST" finished-at="2020-02-06T01:46:58 IST">
          <reporter-output>
          </reporter-output>
        </test-method> <!-- GoToToursPage -->
        <test-method status="PASS" signature="DeleteTourByButtonTest()[pri:0, instance:testcases.ToursTest@12405818]" name="DeleteTourByButtonTest" duration-ms="31731" started-at="2020-02-06T01:46:58 IST" finished-at="2020-02-06T01:47:30 IST">
          <reporter-output>
          </reporter-output>
        </test-method> <!-- DeleteTourByButtonTest -->
        <test-method status="PASS" signature="afterMethod(org.testng.ITestResult)[pri:0, instance:testcases.ToursTest@12405818]" name="afterMethod" is-config="true" duration-ms="852" started-at="2020-02-06T01:47:30 IST" finished-at="2020-02-06T01:47:31 IST">
          <params>
            <param index="0">
              <value>
                <![CDATA[[TestResult name=DeleteTourByButtonTest status=SUCCESS method=ToursTest.DeleteTourByButtonTest()[pri:0, instance:testcases.ToursTest@12405818] output={null}]]]>
              </value>
            </param>
          </params>
          <reporter-output>
          </reporter-output>
        </test-method> <!-- afterMethod -->
        <test-method status="PASS" signature="GoToToursPage()[pri:0, instance:testcases.ToursTest@12405818]" name="GoToToursPage" is-config="true" duration-ms="104594" started-at="2020-02-06T01:47:31 IST" finished-at="2020-02-06T01:49:15 IST">
          <reporter-output>
          </reporter-output>
        </test-method> <!-- GoToToursPage -->
        <test-method status="PASS" signature="DeleteTourByIconAndPressNoTest()[pri:0, instance:testcases.ToursTest@12405818]" name="DeleteTourByIconAndPressNoTest" duration-ms="18309" started-at="2020-02-06T01:49:15 IST" finished-at="2020-02-06T01:49:33 IST">
          <reporter-output>
          </reporter-output>
        </test-method> <!-- DeleteTourByIconAndPressNoTest -->
        <test-method status="PASS" signature="afterMethod(org.testng.ITestResult)[pri:0, instance:testcases.ToursTest@12405818]" name="afterMethod" is-config="true" duration-ms="750" started-at="2020-02-06T01:49:33 IST" finished-at="2020-02-06T01:49:34 IST">
          <params>
            <param index="0">
              <value>
                <![CDATA[[TestResult name=DeleteTourByIconAndPressNoTest status=SUCCESS method=ToursTest.DeleteTourByIconAndPressNoTest()[pri:0, instance:testcases.ToursTest@12405818] output={null}]]]>
              </value>
            </param>
          </params>
          <reporter-output>
          </reporter-output>
        </test-method> <!-- afterMethod -->
        <test-method status="PASS" signature="GoToToursPage()[pri:0, instance:testcases.ToursTest@12405818]" name="GoToToursPage" is-config="true" duration-ms="103078" started-at="2020-02-06T01:49:34 IST" finished-at="2020-02-06T01:51:17 IST">
          <reporter-output>
          </reporter-output>
        </test-method> <!-- GoToToursPage -->
        <test-method status="PASS" signature="DeleteTourByIconTest()[pri:0, instance:testcases.ToursTest@12405818]" name="DeleteTourByIconTest" duration-ms="68095" started-at="2020-02-06T01:51:17 IST" finished-at="2020-02-06T01:52:25 IST">
          <reporter-output>
          </reporter-output>
        </test-method> <!-- DeleteTourByIconTest -->
        <test-method status="PASS" signature="afterMethod(org.testng.ITestResult)[pri:0, instance:testcases.ToursTest@12405818]" name="afterMethod" is-config="true" duration-ms="536" started-at="2020-02-06T01:52:25 IST" finished-at="2020-02-06T01:52:26 IST">
          <params>
            <param index="0">
              <value>
                <![CDATA[[TestResult name=DeleteTourByIconTest status=SUCCESS method=ToursTest.DeleteTourByIconTest()[pri:0, instance:testcases.ToursTest@12405818] output={null}]]]>
              </value>
            </param>
          </params>
          <reporter-output>
          </reporter-output>
        </test-method> <!-- afterMethod -->
        <test-method status="PASS" signature="GoToToursPage()[pri:0, instance:testcases.ToursTest@12405818]" name="GoToToursPage" is-config="true" duration-ms="104475" started-at="2020-02-06T02:03:05 IST" finished-at="2020-02-06T02:04:50 IST">
          <reporter-output>
          </reporter-output>
        </test-method> <!-- GoToToursPage -->
        <test-method status="PASS" signature="DeleteViewFromViewsPageTest()[pri:0, instance:testcases.ToursTest@12405818]" name="DeleteViewFromViewsPageTest" duration-ms="59838" started-at="2020-02-06T02:04:50 IST" finished-at="2020-02-06T02:05:50 IST">
          <reporter-output>
          </reporter-output>
        </test-method> <!-- DeleteViewFromViewsPageTest -->
        <test-method status="PASS" signature="afterMethod(org.testng.ITestResult)[pri:0, instance:testcases.ToursTest@12405818]" name="afterMethod" is-config="true" duration-ms="528" started-at="2020-02-06T02:05:50 IST" finished-at="2020-02-06T02:05:50 IST">
          <params>
            <param index="0">
              <value>
                <![CDATA[[TestResult name=DeleteViewFromViewsPageTest status=SUCCESS method=ToursTest.DeleteViewFromViewsPageTest()[pri:0, instance:testcases.ToursTest@12405818] output={null}]]]>
              </value>
            </param>
          </params>
          <reporter-output>
          </reporter-output>
        </test-method> <!-- afterMethod -->
        <test-method status="PASS" signature="GoToToursPage()[pri:0, instance:testcases.ToursTest@12405818]" name="GoToToursPage" is-config="true" duration-ms="162765" started-at="2020-02-06T02:05:50 IST" finished-at="2020-02-06T02:08:33 IST">
          <reporter-output>
          </reporter-output>
        </test-method> <!-- GoToToursPage -->
        <test-method status="PASS" signature="DeleteViewTest()[pri:0, instance:testcases.ToursTest@12405818]" name="DeleteViewTest" duration-ms="5145" started-at="2020-02-06T02:08:33 IST" finished-at="2020-02-06T02:08:38 IST">
          <reporter-output>
          </reporter-output>
        </test-method> <!-- DeleteViewTest -->
        <test-method status="PASS" signature="afterMethod(org.testng.ITestResult)[pri:0, instance:testcases.ToursTest@12405818]" name="afterMethod" is-config="true" duration-ms="527" started-at="2020-02-06T02:08:38 IST" finished-at="2020-02-06T02:08:39 IST">
          <params>
            <param index="0">
              <value>
                <![CDATA[[TestResult name=DeleteViewTest status=SUCCESS method=ToursTest.DeleteViewTest()[pri:0, instance:testcases.ToursTest@12405818] output={null}]]]>
              </value>
            </param>
          </params>
          <reporter-output>
          </reporter-output>
        </test-method> <!-- afterMethod -->
        <test-method status="PASS" signature="GoToToursPage()[pri:0, instance:testcases.ToursTest@12405818]" name="GoToToursPage" is-config="true" duration-ms="158538" started-at="2020-02-06T02:21:21 IST" finished-at="2020-02-06T02:23:59 IST">
          <reporter-output>
          </reporter-output>
        </test-method> <!-- GoToToursPage -->
        <test-method status="PASS" signature="FilterToursTest()[pri:0, instance:testcases.ToursTest@12405818]" name="FilterToursTest" duration-ms="3179" started-at="2020-02-06T02:23:59 IST" finished-at="2020-02-06T02:24:02 IST">
          <reporter-output>
          </reporter-output>
        </test-method> <!-- FilterToursTest -->
        <test-method status="PASS" signature="afterMethod(org.testng.ITestResult)[pri:0, instance:testcases.ToursTest@12405818]" name="afterMethod" is-config="true" duration-ms="537" started-at="2020-02-06T02:24:02 IST" finished-at="2020-02-06T02:24:03 IST">
          <params>
            <param index="0">
              <value>
                <![CDATA[[TestResult name=FilterToursTest status=SUCCESS method=ToursTest.FilterToursTest()[pri:0, instance:testcases.ToursTest@12405818] output={null}]]]>
              </value>
            </param>
          </params>
          <reporter-output>
          </reporter-output>
        </test-method> <!-- afterMethod -->
        <test-method status="PASS" signature="GoToToursPage()[pri:0, instance:testcases.ToursTest@12405818]" name="GoToToursPage" is-config="true" duration-ms="100180" started-at="2020-02-06T02:24:03 IST" finished-at="2020-02-06T02:25:43 IST">
          <reporter-output>
          </reporter-output>
        </test-method> <!-- GoToToursPage -->
        <test-method status="PASS" signature="FilterViewsTest()[pri:0, instance:testcases.ToursTest@12405818]" name="FilterViewsTest" duration-ms="5550" started-at="2020-02-06T02:25:43 IST" finished-at="2020-02-06T02:25:49 IST">
          <reporter-output>
          </reporter-output>
        </test-method> <!-- FilterViewsTest -->
        <test-method status="PASS" signature="afterMethod(org.testng.ITestResult)[pri:0, instance:testcases.ToursTest@12405818]" name="afterMethod" is-config="true" duration-ms="579" started-at="2020-02-06T02:25:49 IST" finished-at="2020-02-06T02:25:49 IST">
          <params>
            <param index="0">
              <value>
                <![CDATA[[TestResult name=FilterViewsTest status=SUCCESS method=ToursTest.FilterViewsTest()[pri:0, instance:testcases.ToursTest@12405818] output={null}]]]>
              </value>
            </param>
          </params>
          <reporter-output>
          </reporter-output>
        </test-method> <!-- afterMethod -->
        <test-method status="PASS" signature="GoToToursPage()[pri:0, instance:testcases.ToursTest@12405818]" name="GoToToursPage" is-config="true" duration-ms="118429" started-at="2020-02-06T02:41:41 IST" finished-at="2020-02-06T02:43:40 IST">
          <reporter-output>
          </reporter-output>
        </test-method> <!-- GoToToursPage -->
        <test-method status="PASS" signature="NewTourWithEmptyViewTest()[pri:0, instance:testcases.ToursTest@12405818]" name="NewTourWithEmptyViewTest" duration-ms="18082" started-at="2020-02-06T02:43:40 IST" finished-at="2020-02-06T02:43:58 IST">
          <reporter-output>
          </reporter-output>
        </test-method> <!-- NewTourWithEmptyViewTest -->
        <test-method status="PASS" signature="afterMethod(org.testng.ITestResult)[pri:0, instance:testcases.ToursTest@12405818]" name="afterMethod" is-config="true" duration-ms="532" started-at="2020-02-06T02:43:58 IST" finished-at="2020-02-06T02:43:58 IST">
          <params>
            <param index="0">
              <value>
                <![CDATA[[TestResult name=NewTourWithEmptyViewTest status=SUCCESS method=ToursTest.NewTourWithEmptyViewTest()[pri:0, instance:testcases.ToursTest@12405818] output={null}]]]>
              </value>
            </param>
          </params>
          <reporter-output>
          </reporter-output>
        </test-method> <!-- afterMethod -->
        <test-method status="PASS" signature="endReport()[pri:0, instance:testcases.ToursTest@12405818]" name="endReport" is-config="true" duration-ms="41" started-at="2020-02-06T02:43:58 IST" finished-at="2020-02-06T02:43:58 IST">
          <reporter-output>
          </reporter-output>
        </test-method> <!-- endReport -->
      </class> <!-- testcases.ToursTest -->
      <class name="testcases.NVRsTest">
        <test-method status="PASS" signature="startReport()[pri:0, instance:testcases.NVRsTest@25359ed8]" name="startReport" is-config="true" duration-ms="1" started-at="2020-02-05T19:27:52 IST" finished-at="2020-02-05T19:27:52 IST">
          <reporter-output>
          </reporter-output>
        </test-method> <!-- startReport -->
        <test-method status="PASS" signature="setup(java.lang.String)[pri:0, instance:testcases.NVRsTest@25359ed8]" name="setup" is-config="true" duration-ms="3" started-at="2020-02-05T19:27:52 IST" finished-at="2020-02-05T19:27:52 IST">
          <params>
            <param index="0">
              <value>
                <![CDATA[ie]]>
              </value>
            </param>
          </params>
          <reporter-output>
          </reporter-output>
        </test-method> <!-- setup -->
        <test-method status="PASS" signature="gotoNVRPage()[pri:0, instance:testcases.NVRsTest@25359ed8]" name="gotoNVRPage" is-config="true" duration-ms="52419" started-at="2020-02-05T19:27:52 IST" finished-at="2020-02-05T19:28:44 IST">
          <reporter-output>
          </reporter-output>
        </test-method> <!-- gotoNVRPage -->
        <test-method status="PASS" signature="AddAlreadyUsedNVRManuallyTest()[pri:0, instance:testcases.NVRsTest@25359ed8]" name="AddAlreadyUsedNVRManuallyTest" duration-ms="16762" started-at="2020-02-05T19:28:44 IST" finished-at="2020-02-05T19:29:01 IST">
          <reporter-output>
          </reporter-output>
        </test-method> <!-- AddAlreadyUsedNVRManuallyTest -->
        <test-method status="PASS" signature="afterMethod(org.testng.ITestResult)[pri:0, instance:testcases.NVRsTest@25359ed8]" name="afterMethod" is-config="true" duration-ms="631" started-at="2020-02-05T19:29:01 IST" finished-at="2020-02-05T19:29:01 IST">
          <params>
            <param index="0">
              <value>
                <![CDATA[[TestResult name=AddAlreadyUsedNVRManuallyTest status=SUCCESS method=NVRsTest.AddAlreadyUsedNVRManuallyTest()[pri:0, instance:testcases.NVRsTest@25359ed8] output={null}]]]>
              </value>
            </param>
          </params>
          <reporter-output>
          </reporter-output>
        </test-method> <!-- afterMethod -->
        <test-method status="PASS" signature="gotoNVRPage()[pri:0, instance:testcases.NVRsTest@25359ed8]" name="gotoNVRPage" is-config="true" duration-ms="52565" started-at="2020-02-05T19:31:45 IST" finished-at="2020-02-05T19:32:37 IST">
          <reporter-output>
          </reporter-output>
        </test-method> <!-- gotoNVRPage -->
        <test-method status="FAIL" signature="AddNVRAndCheckStatusVTest()[pri:0, instance:testcases.NVRsTest@25359ed8]" name="AddNVRAndCheckStatusVTest" duration-ms="87054" started-at="2020-02-05T19:32:37 IST" finished-at="2020-02-05T19:34:04 IST">
          <exception class="java.lang.AssertionError">
            <message>
              <![CDATA[expected [V] but found [NVR cannot be synced. Its system unique id belongs to another NVR.]]]>
            </message>
            <full-stacktrace>
              <![CDATA[java.lang.AssertionError: expected [V] but found [NVR cannot be synced. Its system unique id belongs to another NVR.]
at org.testng.Assert.fail(Assert.java:97)
at org.testng.Assert.assertEqualsImpl(Assert.java:136)
at org.testng.Assert.assertEquals(Assert.java:118)
at org.testng.Assert.assertEquals(Assert.java:575)
at org.testng.Assert.assertEquals(Assert.java:585)
at testcases.NVRsTest.AddNVRAndCheckStatusVTest(NVRsTest.java:122)
at sun.reflect.NativeMethodAccessorImpl.invoke0(Native Method)
at sun.reflect.NativeMethodAccessorImpl.invoke(NativeMethodAccessorImpl.java:62)
at sun.reflect.DelegatingMethodAccessorImpl.invoke(DelegatingMethodAccessorImpl.java:43)
at java.lang.reflect.Method.invoke(Method.java:498)
at org.testng.internal.MethodInvocationHelper.invokeMethod(MethodInvocationHelper.java:133)
at org.testng.internal.TestInvoker.invokeMethod(TestInvoker.java:584)
at org.testng.internal.TestInvoker.invokeTestMethod(TestInvoker.java:172)
at org.testng.internal.MethodRunner.runInSequence(MethodRunner.java:46)
at org.testng.internal.TestInvoker$MethodInvocationAgent.invoke(TestInvoker.java:804)
at org.testng.internal.TestInvoker.invokeTestMethods(TestInvoker.java:145)
at org.testng.internal.TestMethodWorker.invokeTestMethods(TestMethodWorker.java:146)
at org.testng.internal.TestMethodWorker.run(TestMethodWorker.java:128)
at java.util.ArrayList.forEach(ArrayList.java:1257)
at org.testng.TestRunner.privateRun(TestRunner.java:770)
at org.testng.TestRunner.run(TestRunner.java:591)
at org.testng.SuiteRunner.runTest(SuiteRunner.java:402)
at org.testng.SuiteRunner.runSequentially(SuiteRunner.java:396)
at org.testng.SuiteRunner.privateRun(SuiteRunner.java:355)
at org.testng.SuiteRunner.run(SuiteRunner.java:304)
at org.testng.SuiteRunnerWorker.runSuite(SuiteRunnerWorker.java:53)
at org.testng.SuiteRunnerWorker.run(SuiteRunnerWorker.java:96)
at org.testng.TestNG.runSuitesSequentially(TestNG.java:1180)
at org.testng.TestNG.runSuitesLocally(TestNG.java:1102)
at org.testng.TestNG.runSuites(TestNG.java:1032)
at org.testng.TestNG.run(TestNG.java:1000)
at org.testng.remote.AbstractRemoteTestNG.run(AbstractRemoteTestNG.java:115)
at org.testng.remote.RemoteTestNG.initAndRun(RemoteTestNG.java:251)
at org.testng.remote.RemoteTestNG.main(RemoteTestNG.java:77)
]]>
            </full-stacktrace>
          </exception> <!-- java.lang.AssertionError -->
          <reporter-output>
          </reporter-output>
        </test-method> <!-- AddNVRAndCheckStatusVTest -->
        <test-method status="PASS" signature="afterMethod(org.testng.ITestResult)[pri:0, instance:testcases.NVRsTest@25359ed8]" name="afterMethod" is-config="true" duration-ms="1122" started-at="2020-02-05T19:34:04 IST" finished-at="2020-02-05T19:34:05 IST">
          <params>
            <param index="0">
              <value>
                <![CDATA[[TestResult name=AddNVRAndCheckStatusVTest status=FAILURE method=NVRsTest.AddNVRAndCheckStatusVTest()[pri:0, instance:testcases.NVRsTest@25359ed8] output={null}]]]>
              </value>
            </param>
          </params>
          <reporter-output>
          </reporter-output>
        </test-method> <!-- afterMethod -->
        <test-method status="PASS" signature="gotoNVRPage()[pri:0, instance:testcases.NVRsTest@25359ed8]" name="gotoNVRPage" is-config="true" duration-ms="52420" started-at="2020-02-05T19:34:05 IST" finished-at="2020-02-05T19:34:58 IST">
          <reporter-output>
          </reporter-output>
        </test-method> <!-- gotoNVRPage -->
        <test-method status="PASS" signature="AddNVRAndPressApplyTest()[pri:0, instance:testcases.NVRsTest@25359ed8]" name="AddNVRAndPressApplyTest" duration-ms="44165" started-at="2020-02-05T19:34:58 IST" finished-at="2020-02-05T19:35:42 IST">
          <reporter-output>
          </reporter-output>
        </test-method> <!-- AddNVRAndPressApplyTest -->
        <test-method status="PASS" signature="afterMethod(org.testng.ITestResult)[pri:0, instance:testcases.NVRsTest@25359ed8]" name="afterMethod" is-config="true" duration-ms="610" started-at="2020-02-05T19:35:42 IST" finished-at="2020-02-05T19:35:43 IST">
          <params>
            <param index="0">
              <value>
                <![CDATA[[TestResult name=AddNVRAndPressApplyTest status=SUCCESS method=NVRsTest.AddNVRAndPressApplyTest()[pri:0, instance:testcases.NVRsTest@25359ed8] output={null}]]]>
              </value>
            </param>
          </params>
          <reporter-output>
          </reporter-output>
        </test-method> <!-- afterMethod -->
        <test-method status="PASS" signature="gotoNVRPage()[pri:0, instance:testcases.NVRsTest@25359ed8]" name="gotoNVRPage" is-config="true" duration-ms="51258" started-at="2020-02-05T19:35:43 IST" finished-at="2020-02-05T19:36:34 IST">
          <reporter-output>
          </reporter-output>
        </test-method> <!-- gotoNVRPage -->
        <test-method status="PASS" signature="AddNVRManuallyAndPressApplyTest()[pri:0, instance:testcases.NVRsTest@25359ed8]" name="AddNVRManuallyAndPressApplyTest" duration-ms="43009" started-at="2020-02-05T19:36:34 IST" finished-at="2020-02-05T19:37:17 IST">
          <reporter-output>
          </reporter-output>
        </test-method> <!-- AddNVRManuallyAndPressApplyTest -->
        <test-method status="PASS" signature="afterMethod(org.testng.ITestResult)[pri:0, instance:testcases.NVRsTest@25359ed8]" name="afterMethod" is-config="true" duration-ms="720" started-at="2020-02-05T19:37:17 IST" finished-at="2020-02-05T19:37:18 IST">
          <params>
            <param index="0">
              <value>
                <![CDATA[[TestResult name=AddNVRManuallyAndPressApplyTest status=SUCCESS method=NVRsTest.AddNVRManuallyAndPressApplyTest()[pri:0, instance:testcases.NVRsTest@25359ed8] output={null}]]]>
              </value>
            </param>
          </params>
          <reporter-output>
          </reporter-output>
        </test-method> <!-- afterMethod -->
        <test-method status="PASS" signature="gotoNVRPage()[pri:0, instance:testcases.NVRsTest@25359ed8]" name="gotoNVRPage" is-config="true" duration-ms="50980" started-at="2020-02-05T19:37:18 IST" finished-at="2020-02-05T19:38:08 IST">
          <reporter-output>
          </reporter-output>
        </test-method> <!-- gotoNVRPage -->
        <test-method status="PASS" signature="AddNVRManuallyAndPressCloseTest()[pri:0, instance:testcases.NVRsTest@25359ed8]" name="AddNVRManuallyAndPressCloseTest" duration-ms="22672" started-at="2020-02-05T19:38:08 IST" finished-at="2020-02-05T19:38:31 IST">
          <reporter-output>
          </reporter-output>
        </test-method> <!-- AddNVRManuallyAndPressCloseTest -->
        <test-method status="PASS" signature="afterMethod(org.testng.ITestResult)[pri:0, instance:testcases.NVRsTest@25359ed8]" name="afterMethod" is-config="true" duration-ms="914" started-at="2020-02-05T19:38:31 IST" finished-at="2020-02-05T19:38:32 IST">
          <params>
            <param index="0">
              <value>
                <![CDATA[[TestResult name=AddNVRManuallyAndPressCloseTest status=SUCCESS method=NVRsTest.AddNVRManuallyAndPressCloseTest()[pri:0, instance:testcases.NVRsTest@25359ed8] output={null}]]]>
              </value>
            </param>
          </params>
          <reporter-output>
          </reporter-output>
        </test-method> <!-- afterMethod -->
        <test-method status="PASS" signature="gotoNVRPage()[pri:0, instance:testcases.NVRsTest@25359ed8]" name="gotoNVRPage" is-config="true" duration-ms="51153" started-at="2020-02-05T19:38:32 IST" finished-at="2020-02-05T19:39:23 IST">
          <reporter-output>
          </reporter-output>
        </test-method> <!-- gotoNVRPage -->
        <test-method status="PASS" signature="AddNVRManuallyAndSwitchONSecuredTest()[pri:0, instance:testcases.NVRsTest@25359ed8]" name="AddNVRManuallyAndSwitchONSecuredTest" duration-ms="56445" started-at="2020-02-05T19:39:23 IST" finished-at="2020-02-05T19:40:20 IST">
          <reporter-output>
          </reporter-output>
        </test-method> <!-- AddNVRManuallyAndSwitchONSecuredTest -->
        <test-method status="PASS" signature="afterMethod(org.testng.ITestResult)[pri:0, instance:testcases.NVRsTest@25359ed8]" name="afterMethod" is-config="true" duration-ms="678" started-at="2020-02-05T19:40:20 IST" finished-at="2020-02-05T19:40:20 IST">
          <params>
            <param index="0">
              <value>
                <![CDATA[[TestResult name=AddNVRManuallyAndSwitchONSecuredTest status=SUCCESS method=NVRsTest.AddNVRManuallyAndSwitchONSecuredTest()[pri:0, instance:testcases.NVRsTest@25359ed8] output={null}]]]>
              </value>
            </param>
          </params>
          <reporter-output>
          </reporter-output>
        </test-method> <!-- afterMethod -->
        <test-method status="PASS" signature="gotoNVRPage()[pri:0, instance:testcases.NVRsTest@25359ed8]" name="gotoNVRPage" is-config="true" duration-ms="53582" started-at="2020-02-05T19:40:20 IST" finished-at="2020-02-05T19:41:14 IST">
          <reporter-output>
          </reporter-output>
        </test-method> <!-- gotoNVRPage -->
        <test-method status="FAIL" signature="AddNVRManuallyCheckStatusTest()[pri:0, instance:testcases.NVRsTest@25359ed8]" name="AddNVRManuallyCheckStatusTest" duration-ms="78675" started-at="2020-02-05T19:41:14 IST" finished-at="2020-02-05T19:42:33 IST">
          <exception class="java.lang.AssertionError">
            <message>
              <![CDATA[expected [V] but found [NVR cannot be synced. Its system unique id belongs to another NVR.]]]>
            </message>
            <full-stacktrace>
              <![CDATA[java.lang.AssertionError: expected [V] but found [NVR cannot be synced. Its system unique id belongs to another NVR.]
at org.testng.Assert.fail(Assert.java:97)
at org.testng.Assert.assertEqualsImpl(Assert.java:136)
at org.testng.Assert.assertEquals(Assert.java:118)
at org.testng.Assert.assertEquals(Assert.java:575)
at org.testng.Assert.assertEquals(Assert.java:585)
at testcases.NVRsTest.AddNVRManuallyCheckStatusTest(NVRsTest.java:507)
at sun.reflect.NativeMethodAccessorImpl.invoke0(Native Method)
at sun.reflect.NativeMethodAccessorImpl.invoke(NativeMethodAccessorImpl.java:62)
at sun.reflect.DelegatingMethodAccessorImpl.invoke(DelegatingMethodAccessorImpl.java:43)
at java.lang.reflect.Method.invoke(Method.java:498)
at org.testng.internal.MethodInvocationHelper.invokeMethod(MethodInvocationHelper.java:133)
at org.testng.internal.TestInvoker.invokeMethod(TestInvoker.java:584)
at org.testng.internal.TestInvoker.invokeTestMethod(TestInvoker.java:172)
at org.testng.internal.MethodRunner.runInSequence(MethodRunner.java:46)
at org.testng.internal.TestInvoker$MethodInvocationAgent.invoke(TestInvoker.java:804)
at org.testng.internal.TestInvoker.invokeTestMethods(TestInvoker.java:145)
at org.testng.internal.TestMethodWorker.invokeTestMethods(TestMethodWorker.java:146)
at org.testng.internal.TestMethodWorker.run(TestMethodWorker.java:128)
at java.util.ArrayList.forEach(ArrayList.java:1257)
at org.testng.TestRunner.privateRun(TestRunner.java:770)
at org.testng.TestRunner.run(TestRunner.java:591)
at org.testng.SuiteRunner.runTest(SuiteRunner.java:402)
at org.testng.SuiteRunner.runSequentially(SuiteRunner.java:396)
at org.testng.SuiteRunner.privateRun(SuiteRunner.java:355)
at org.testng.SuiteRunner.run(SuiteRunner.java:304)
at org.testng.SuiteRunnerWorker.runSuite(SuiteRunnerWorker.java:53)
at org.testng.SuiteRunnerWorker.run(SuiteRunnerWorker.java:96)
at org.testng.TestNG.runSuitesSequentially(TestNG.java:1180)
at org.testng.TestNG.runSuitesLocally(TestNG.java:1102)
at org.testng.TestNG.runSuites(TestNG.java:1032)
at org.testng.TestNG.run(TestNG.java:1000)
at org.testng.remote.AbstractRemoteTestNG.run(AbstractRemoteTestNG.java:115)
at org.testng.remote.RemoteTestNG.initAndRun(RemoteTestNG.java:251)
at org.testng.remote.RemoteTestNG.main(RemoteTestNG.java:77)
]]>
            </full-stacktrace>
          </exception> <!-- java.lang.AssertionError -->
          <reporter-output>
          </reporter-output>
        </test-method> <!-- AddNVRManuallyCheckStatusTest -->
        <test-method status="PASS" signature="afterMethod(org.testng.ITestResult)[pri:0, instance:testcases.NVRsTest@25359ed8]" name="afterMethod" is-config="true" duration-ms="779" started-at="2020-02-05T19:42:33 IST" finished-at="2020-02-05T19:42:33 IST">
          <params>
            <param index="0">
              <value>
                <![CDATA[[TestResult name=AddNVRManuallyCheckStatusTest status=FAILURE method=NVRsTest.AddNVRManuallyCheckStatusTest()[pri:0, instance:testcases.NVRsTest@25359ed8] output={null}]]]>
              </value>
            </param>
          </params>
          <reporter-output>
          </reporter-output>
        </test-method> <!-- afterMethod -->
        <test-method status="PASS" signature="gotoNVRPage()[pri:0, instance:testcases.NVRsTest@25359ed8]" name="gotoNVRPage" is-config="true" duration-ms="69439" started-at="2020-02-05T19:42:33 IST" finished-at="2020-02-05T19:43:43 IST">
          <reporter-output>
          </reporter-output>
        </test-method> <!-- gotoNVRPage -->
        <test-method status="FAIL" signature="AddNVRManuallyWithSecuredPortAndSwitchONSecuredTest()[pri:0, instance:testcases.NVRsTest@25359ed8]" name="AddNVRManuallyWithSecuredPortAndSwitchONSecuredTest" duration-ms="78442" started-at="2020-02-05T19:43:43 IST" finished-at="2020-02-05T19:45:01 IST">
          <exception class="java.lang.AssertionError">
            <message>
              <![CDATA[expected [V] but found [NVR cannot be synced. Its system unique id belongs to another NVR.]]]>
            </message>
            <full-stacktrace>
              <![CDATA[java.lang.AssertionError: expected [V] but found [NVR cannot be synced. Its system unique id belongs to another NVR.]
at org.testng.Assert.fail(Assert.java:97)
at org.testng.Assert.assertEqualsImpl(Assert.java:136)
at org.testng.Assert.assertEquals(Assert.java:118)
at org.testng.Assert.assertEquals(Assert.java:575)
at org.testng.Assert.assertEquals(Assert.java:585)
at testcases.NVRsTest.AddNVRManuallyWithSecuredPortAndSwitchONSecuredTest(NVRsTest.java:884)
at sun.reflect.NativeMethodAccessorImpl.invoke0(Native Method)
at sun.reflect.NativeMethodAccessorImpl.invoke(NativeMethodAccessorImpl.java:62)
at sun.reflect.DelegatingMethodAccessorImpl.invoke(DelegatingMethodAccessorImpl.java:43)
at java.lang.reflect.Method.invoke(Method.java:498)
at org.testng.internal.MethodInvocationHelper.invokeMethod(MethodInvocationHelper.java:133)
at org.testng.internal.TestInvoker.invokeMethod(TestInvoker.java:584)
at org.testng.internal.TestInvoker.invokeTestMethod(TestInvoker.java:172)
at org.testng.internal.MethodRunner.runInSequence(MethodRunner.java:46)
at org.testng.internal.TestInvoker$MethodInvocationAgent.invoke(TestInvoker.java:804)
at org.testng.internal.TestInvoker.invokeTestMethods(TestInvoker.java:145)
at org.testng.internal.TestMethodWorker.invokeTestMethods(TestMethodWorker.java:146)
at org.testng.internal.TestMethodWorker.run(TestMethodWorker.java:128)
at java.util.ArrayList.forEach(ArrayList.java:1257)
at org.testng.TestRunner.privateRun(TestRunner.java:770)
at org.testng.TestRunner.run(TestRunner.java:591)
at org.testng.SuiteRunner.runTest(SuiteRunner.java:402)
at org.testng.SuiteRunner.runSequentially(SuiteRunner.java:396)
at org.testng.SuiteRunner.privateRun(SuiteRunner.java:355)
at org.testng.SuiteRunner.run(SuiteRunner.java:304)
at org.testng.SuiteRunnerWorker.runSuite(SuiteRunnerWorker.java:53)
at org.testng.SuiteRunnerWorker.run(SuiteRunnerWorker.java:96)
at org.testng.TestNG.runSuitesSequentially(TestNG.java:1180)
at org.testng.TestNG.runSuitesLocally(TestNG.java:1102)
at org.testng.TestNG.runSuites(TestNG.java:1032)
at org.testng.TestNG.run(TestNG.java:1000)
at org.testng.remote.AbstractRemoteTestNG.run(AbstractRemoteTestNG.java:115)
at org.testng.remote.RemoteTestNG.initAndRun(RemoteTestNG.java:251)
at org.testng.remote.RemoteTestNG.main(RemoteTestNG.java:77)
]]>
            </full-stacktrace>
          </exception> <!-- java.lang.AssertionError -->
          <reporter-output>
          </reporter-output>
        </test-method> <!-- AddNVRManuallyWithSecuredPortAndSwitchONSecuredTest -->
        <test-method status="PASS" signature="afterMethod(org.testng.ITestResult)[pri:0, instance:testcases.NVRsTest@25359ed8]" name="afterMethod" is-config="true" duration-ms="724" started-at="2020-02-05T19:45:01 IST" finished-at="2020-02-05T19:45:02 IST">
          <params>
            <param index="0">
              <value>
                <![CDATA[[TestResult name=AddNVRManuallyWithSecuredPortAndSwitchONSecuredTest status=FAILURE method=NVRsTest.AddNVRManuallyWithSecuredPortAndSwitchONSecuredTest()[pri:0, instance:testcases.NVRsTest@25359ed8] output={null}]]]>
              </value>
            </param>
          </params>
          <reporter-output>
          </reporter-output>
        </test-method> <!-- afterMethod -->
        <test-method status="PASS" signature="gotoNVRPage()[pri:0, instance:testcases.NVRsTest@25359ed8]" name="gotoNVRPage" is-config="true" duration-ms="68215" started-at="2020-02-05T19:45:02 IST" finished-at="2020-02-05T19:46:10 IST">
          <reporter-output>
          </reporter-output>
        </test-method> <!-- gotoNVRPage -->
        <test-method status="FAIL" signature="AddNVRManuallyWithSecuredPortTest()[pri:0, instance:testcases.NVRsTest@25359ed8]" name="AddNVRManuallyWithSecuredPortTest" duration-ms="210829" started-at="2020-02-05T19:46:10 IST" finished-at="2020-02-05T19:49:41 IST">
          <exception class="java.lang.AssertionError">
            <message>
              <![CDATA[expected [Communication Failure] but found [Connecting...]]]>
            </message>
            <full-stacktrace>
              <![CDATA[java.lang.AssertionError: expected [Communication Failure] but found [Connecting...]
at org.testng.Assert.fail(Assert.java:97)
at org.testng.Assert.assertEqualsImpl(Assert.java:136)
at org.testng.Assert.assertEquals(Assert.java:118)
at org.testng.Assert.assertEquals(Assert.java:575)
at org.testng.Assert.assertEquals(Assert.java:585)
at testcases.NVRsTest.AddNVRManuallyWithSecuredPortTest(NVRsTest.java:812)
at sun.reflect.NativeMethodAccessorImpl.invoke0(Native Method)
at sun.reflect.NativeMethodAccessorImpl.invoke(NativeMethodAccessorImpl.java:62)
at sun.reflect.DelegatingMethodAccessorImpl.invoke(DelegatingMethodAccessorImpl.java:43)
at java.lang.reflect.Method.invoke(Method.java:498)
at org.testng.internal.MethodInvocationHelper.invokeMethod(MethodInvocationHelper.java:133)
at org.testng.internal.TestInvoker.invokeMethod(TestInvoker.java:584)
at org.testng.internal.TestInvoker.invokeTestMethod(TestInvoker.java:172)
at org.testng.internal.MethodRunner.runInSequence(MethodRunner.java:46)
at org.testng.internal.TestInvoker$MethodInvocationAgent.invoke(TestInvoker.java:804)
at org.testng.internal.TestInvoker.invokeTestMethods(TestInvoker.java:145)
at org.testng.internal.TestMethodWorker.invokeTestMethods(TestMethodWorker.java:146)
at org.testng.internal.TestMethodWorker.run(TestMethodWorker.java:128)
at java.util.ArrayList.forEach(ArrayList.java:1257)
at org.testng.TestRunner.privateRun(TestRunner.java:770)
at org.testng.TestRunner.run(TestRunner.java:591)
at org.testng.SuiteRunner.runTest(SuiteRunner.java:402)
at org.testng.SuiteRunner.runSequentially(SuiteRunner.java:396)
at org.testng.SuiteRunner.privateRun(SuiteRunner.java:355)
at org.testng.SuiteRunner.run(SuiteRunner.java:304)
at org.testng.SuiteRunnerWorker.runSuite(SuiteRunnerWorker.java:53)
at org.testng.SuiteRunnerWorker.run(SuiteRunnerWorker.java:96)
at org.testng.TestNG.runSuitesSequentially(TestNG.java:1180)
at org.testng.TestNG.runSuitesLocally(TestNG.java:1102)
at org.testng.TestNG.runSuites(TestNG.java:1032)
at org.testng.TestNG.run(TestNG.java:1000)
at org.testng.remote.AbstractRemoteTestNG.run(AbstractRemoteTestNG.java:115)
at org.testng.remote.RemoteTestNG.initAndRun(RemoteTestNG.java:251)
at org.testng.remote.RemoteTestNG.main(RemoteTestNG.java:77)
]]>
            </full-stacktrace>
          </exception> <!-- java.lang.AssertionError -->
          <reporter-output>
          </reporter-output>
        </test-method> <!-- AddNVRManuallyWithSecuredPortTest -->
        <test-method status="PASS" signature="afterMethod(org.testng.ITestResult)[pri:0, instance:testcases.NVRsTest@25359ed8]" name="afterMethod" is-config="true" duration-ms="1066" started-at="2020-02-05T19:49:41 IST" finished-at="2020-02-05T19:49:42 IST">
          <params>
            <param index="0">
              <value>
                <![CDATA[[TestResult name=AddNVRManuallyWithSecuredPortTest status=FAILURE method=NVRsTest.AddNVRManuallyWithSecuredPortTest()[pri:0, instance:testcases.NVRsTest@25359ed8] output={null}]]]>
              </value>
            </param>
          </params>
          <reporter-output>
          </reporter-output>
        </test-method> <!-- afterMethod -->
        <test-method status="PASS" signature="gotoNVRPage()[pri:0, instance:testcases.NVRsTest@25359ed8]" name="gotoNVRPage" is-config="true" duration-ms="53947" started-at="2020-02-05T19:49:42 IST" finished-at="2020-02-05T19:50:36 IST">
          <reporter-output>
          </reporter-output>
        </test-method> <!-- gotoNVRPage -->
        <test-method status="FAIL" signature="AddNVRWithSecuredPortTest()[pri:0, instance:testcases.NVRsTest@25359ed8]" name="AddNVRWithSecuredPortTest" duration-ms="122984" started-at="2020-02-05T19:50:36 IST" finished-at="2020-02-05T19:52:39 IST">
          <exception class="java.lang.AssertionError">
            <message>
              <![CDATA[expected [V] but found [NVR cannot be synced. Its system unique id belongs to another NVR.]]]>
            </message>
            <full-stacktrace>
              <![CDATA[java.lang.AssertionError: expected [V] but found [NVR cannot be synced. Its system unique id belongs to another NVR.]
at org.testng.Assert.fail(Assert.java:97)
at org.testng.Assert.assertEqualsImpl(Assert.java:136)
at org.testng.Assert.assertEquals(Assert.java:118)
at org.testng.Assert.assertEquals(Assert.java:575)
at org.testng.Assert.assertEquals(Assert.java:585)
at testcases.NVRsTest.AddNVRWithSecuredPortTest(NVRsTest.java:163)
at sun.reflect.NativeMethodAccessorImpl.invoke0(Native Method)
at sun.reflect.NativeMethodAccessorImpl.invoke(NativeMethodAccessorImpl.java:62)
at sun.reflect.DelegatingMethodAccessorImpl.invoke(DelegatingMethodAccessorImpl.java:43)
at java.lang.reflect.Method.invoke(Method.java:498)
at org.testng.internal.MethodInvocationHelper.invokeMethod(MethodInvocationHelper.java:133)
at org.testng.internal.TestInvoker.invokeMethod(TestInvoker.java:584)
at org.testng.internal.TestInvoker.invokeTestMethod(TestInvoker.java:172)
at org.testng.internal.MethodRunner.runInSequence(MethodRunner.java:46)
at org.testng.internal.TestInvoker$MethodInvocationAgent.invoke(TestInvoker.java:804)
at org.testng.internal.TestInvoker.invokeTestMethods(TestInvoker.java:145)
at org.testng.internal.TestMethodWorker.invokeTestMethods(TestMethodWorker.java:146)
at org.testng.internal.TestMethodWorker.run(TestMethodWorker.java:128)
at java.util.ArrayList.forEach(ArrayList.java:1257)
at org.testng.TestRunner.privateRun(TestRunner.java:770)
at org.testng.TestRunner.run(TestRunner.java:591)
at org.testng.SuiteRunner.runTest(SuiteRunner.java:402)
at org.testng.SuiteRunner.runSequentially(SuiteRunner.java:396)
at org.testng.SuiteRunner.privateRun(SuiteRunner.java:355)
at org.testng.SuiteRunner.run(SuiteRunner.java:304)
at org.testng.SuiteRunnerWorker.runSuite(SuiteRunnerWorker.java:53)
at org.testng.SuiteRunnerWorker.run(SuiteRunnerWorker.java:96)
at org.testng.TestNG.runSuitesSequentially(TestNG.java:1180)
at org.testng.TestNG.runSuitesLocally(TestNG.java:1102)
at org.testng.TestNG.runSuites(TestNG.java:1032)
at org.testng.TestNG.run(TestNG.java:1000)
at org.testng.remote.AbstractRemoteTestNG.run(AbstractRemoteTestNG.java:115)
at org.testng.remote.RemoteTestNG.initAndRun(RemoteTestNG.java:251)
at org.testng.remote.RemoteTestNG.main(RemoteTestNG.java:77)
]]>
            </full-stacktrace>
          </exception> <!-- java.lang.AssertionError -->
          <reporter-output>
          </reporter-output>
        </test-method> <!-- AddNVRWithSecuredPortTest -->
        <test-method status="PASS" signature="afterMethod(org.testng.ITestResult)[pri:0, instance:testcases.NVRsTest@25359ed8]" name="afterMethod" is-config="true" duration-ms="679" started-at="2020-02-05T19:52:39 IST" finished-at="2020-02-05T19:52:40 IST">
          <params>
            <param index="0">
              <value>
                <![CDATA[[TestResult name=AddNVRWithSecuredPortTest status=FAILURE method=NVRsTest.AddNVRWithSecuredPortTest()[pri:0, instance:testcases.NVRsTest@25359ed8] output={null}]]]>
              </value>
            </param>
          </params>
          <reporter-output>
          </reporter-output>
        </test-method> <!-- afterMethod -->
        <test-method status="PASS" signature="gotoNVRPage()[pri:0, instance:testcases.NVRsTest@25359ed8]" name="gotoNVRPage" is-config="true" duration-ms="70538" started-at="2020-02-05T21:02:01 IST" finished-at="2020-02-05T21:03:11 IST">
          <reporter-output>
          </reporter-output>
        </test-method> <!-- gotoNVRPage -->
        <test-method status="PASS" signature="CancelRemovalNVRsByButtonTest()[pri:0, instance:testcases.NVRsTest@25359ed8]" name="CancelRemovalNVRsByButtonTest" duration-ms="16505" started-at="2020-02-05T21:03:11 IST" finished-at="2020-02-05T21:03:28 IST">
          <reporter-output>
          </reporter-output>
        </test-method> <!-- CancelRemovalNVRsByButtonTest -->
        <test-method status="PASS" signature="afterMethod(org.testng.ITestResult)[pri:0, instance:testcases.NVRsTest@25359ed8]" name="afterMethod" is-config="true" duration-ms="643" started-at="2020-02-05T21:03:28 IST" finished-at="2020-02-05T21:03:28 IST">
          <params>
            <param index="0">
              <value>
                <![CDATA[[TestResult name=CancelRemovalNVRsByButtonTest status=SUCCESS method=NVRsTest.CancelRemovalNVRsByButtonTest()[pri:0, instance:testcases.NVRsTest@25359ed8] output={null}]]]>
              </value>
            </param>
          </params>
          <reporter-output>
          </reporter-output>
        </test-method> <!-- afterMethod -->
        <test-method status="PASS" signature="gotoNVRPage()[pri:0, instance:testcases.NVRsTest@25359ed8]" name="gotoNVRPage" is-config="true" duration-ms="67722" started-at="2020-02-05T21:03:28 IST" finished-at="2020-02-05T21:04:36 IST">
          <reporter-output>
          </reporter-output>
        </test-method> <!-- gotoNVRPage -->
        <test-method status="PASS" signature="CancelRemovalNVRsByIconTest()[pri:0, instance:testcases.NVRsTest@25359ed8]" name="CancelRemovalNVRsByIconTest" duration-ms="14624" started-at="2020-02-05T21:04:36 IST" finished-at="2020-02-05T21:04:51 IST">
          <reporter-output>
          </reporter-output>
        </test-method> <!-- CancelRemovalNVRsByIconTest -->
        <test-method status="PASS" signature="afterMethod(org.testng.ITestResult)[pri:0, instance:testcases.NVRsTest@25359ed8]" name="afterMethod" is-config="true" duration-ms="843" started-at="2020-02-05T21:04:51 IST" finished-at="2020-02-05T21:04:51 IST">
          <params>
            <param index="0">
              <value>
                <![CDATA[[TestResult name=CancelRemovalNVRsByIconTest status=SUCCESS method=NVRsTest.CancelRemovalNVRsByIconTest()[pri:0, instance:testcases.NVRsTest@25359ed8] output={null}]]]>
              </value>
            </param>
          </params>
          <reporter-output>
          </reporter-output>
        </test-method> <!-- afterMethod -->
        <test-method status="PASS" signature="gotoNVRPage()[pri:0, instance:testcases.NVRsTest@25359ed8]" name="gotoNVRPage" is-config="true" duration-ms="56027" started-at="2020-02-05T21:09:25 IST" finished-at="2020-02-05T21:10:21 IST">
          <reporter-output>
          </reporter-output>
        </test-method> <!-- gotoNVRPage -->
        <test-method status="FAIL" signature="ChangeIPAdressAndCheckStatusTest()[pri:0, instance:testcases.NVRsTest@25359ed8]" name="ChangeIPAdressAndCheckStatusTest" duration-ms="191566" started-at="2020-02-05T21:10:21 IST" finished-at="2020-02-05T21:13:33 IST">
          <exception class="java.lang.AssertionError">
            <message>
              <![CDATA[expected [172.20.1.46IP] but found [IP]]]>
            </message>
            <full-stacktrace>
              <![CDATA[java.lang.AssertionError: expected [172.20.1.46IP] but found [IP]
at org.testng.Assert.fail(Assert.java:97)
at org.testng.Assert.assertEqualsImpl(Assert.java:136)
at org.testng.Assert.assertEquals(Assert.java:118)
at org.testng.Assert.assertEquals(Assert.java:575)
at org.testng.Assert.assertEquals(Assert.java:585)
at testcases.NVRsTest.ChangeIPAdressAndCheckStatusTest(NVRsTest.java:1356)
at sun.reflect.NativeMethodAccessorImpl.invoke0(Native Method)
at sun.reflect.NativeMethodAccessorImpl.invoke(NativeMethodAccessorImpl.java:62)
at sun.reflect.DelegatingMethodAccessorImpl.invoke(DelegatingMethodAccessorImpl.java:43)
at java.lang.reflect.Method.invoke(Method.java:498)
at org.testng.internal.MethodInvocationHelper.invokeMethod(MethodInvocationHelper.java:133)
at org.testng.internal.TestInvoker.invokeMethod(TestInvoker.java:584)
at org.testng.internal.TestInvoker.invokeTestMethod(TestInvoker.java:172)
at org.testng.internal.MethodRunner.runInSequence(MethodRunner.java:46)
at org.testng.internal.TestInvoker$MethodInvocationAgent.invoke(TestInvoker.java:804)
at org.testng.internal.TestInvoker.invokeTestMethods(TestInvoker.java:145)
at org.testng.internal.TestMethodWorker.invokeTestMethods(TestMethodWorker.java:146)
at org.testng.internal.TestMethodWorker.run(TestMethodWorker.java:128)
at java.util.ArrayList.forEach(ArrayList.java:1257)
at org.testng.TestRunner.privateRun(TestRunner.java:770)
at org.testng.TestRunner.run(TestRunner.java:591)
at org.testng.SuiteRunner.runTest(SuiteRunner.java:402)
at org.testng.SuiteRunner.runSequentially(SuiteRunner.java:396)
at org.testng.SuiteRunner.privateRun(SuiteRunner.java:355)
at org.testng.SuiteRunner.run(SuiteRunner.java:304)
at org.testng.SuiteRunnerWorker.runSuite(SuiteRunnerWorker.java:53)
at org.testng.SuiteRunnerWorker.run(SuiteRunnerWorker.java:96)
at org.testng.TestNG.runSuitesSequentially(TestNG.java:1180)
at org.testng.TestNG.runSuitesLocally(TestNG.java:1102)
at org.testng.TestNG.runSuites(TestNG.java:1032)
at org.testng.TestNG.run(TestNG.java:1000)
at org.testng.remote.AbstractRemoteTestNG.run(AbstractRemoteTestNG.java:115)
at org.testng.remote.RemoteTestNG.initAndRun(RemoteTestNG.java:251)
at org.testng.remote.RemoteTestNG.main(RemoteTestNG.java:77)
]]>
            </full-stacktrace>
          </exception> <!-- java.lang.AssertionError -->
          <reporter-output>
          </reporter-output>
        </test-method> <!-- ChangeIPAdressAndCheckStatusTest -->
        <test-method status="PASS" signature="afterMethod(org.testng.ITestResult)[pri:0, instance:testcases.NVRsTest@25359ed8]" name="afterMethod" is-config="true" duration-ms="679" started-at="2020-02-05T21:13:33 IST" finished-at="2020-02-05T21:13:33 IST">
          <params>
            <param index="0">
              <value>
                <![CDATA[[TestResult name=ChangeIPAdressAndCheckStatusTest status=FAILURE method=NVRsTest.ChangeIPAdressAndCheckStatusTest()[pri:0, instance:testcases.NVRsTest@25359ed8] output={null}]]]>
              </value>
            </param>
          </params>
          <reporter-output>
          </reporter-output>
        </test-method> <!-- afterMethod -->
        <test-method status="PASS" signature="gotoNVRPage()[pri:0, instance:testcases.NVRsTest@25359ed8]" name="gotoNVRPage" is-config="true" duration-ms="54351" started-at="2020-02-05T22:16:52 IST" finished-at="2020-02-05T22:17:46 IST">
          <reporter-output>
          </reporter-output>
        </test-method> <!-- gotoNVRPage -->
        <test-method status="PASS" signature="ChangeNameTest()[pri:0, instance:testcases.NVRsTest@25359ed8]" name="ChangeNameTest" duration-ms="31097" started-at="2020-02-05T22:17:46 IST" finished-at="2020-02-05T22:18:17 IST">
          <reporter-output>
          </reporter-output>
        </test-method> <!-- ChangeNameTest -->
        <test-method status="PASS" signature="afterMethod(org.testng.ITestResult)[pri:0, instance:testcases.NVRsTest@25359ed8]" name="afterMethod" is-config="true" duration-ms="803" started-at="2020-02-05T22:18:17 IST" finished-at="2020-02-05T22:18:18 IST">
          <params>
            <param index="0">
              <value>
                <![CDATA[[TestResult name=ChangeNameTest status=SUCCESS method=NVRsTest.ChangeNameTest()[pri:0, instance:testcases.NVRsTest@25359ed8] output={null}]]]>
              </value>
            </param>
          </params>
          <reporter-output>
          </reporter-output>
        </test-method> <!-- afterMethod -->
        <test-method status="PASS" signature="gotoNVRPage()[pri:0, instance:testcases.NVRsTest@25359ed8]" name="gotoNVRPage" is-config="true" duration-ms="54183" started-at="2020-02-05T22:25:08 IST" finished-at="2020-02-05T22:26:02 IST">
          <reporter-output>
          </reporter-output>
        </test-method> <!-- gotoNVRPage -->
        <test-method status="PASS" signature="ChangePasswordToInvalidAndCheckStatusTest()[pri:0, instance:testcases.NVRsTest@25359ed8]" name="ChangePasswordToInvalidAndCheckStatusTest" duration-ms="214952" started-at="2020-02-05T22:26:02 IST" finished-at="2020-02-05T22:29:37 IST">
          <reporter-output>
          </reporter-output>
        </test-method> <!-- ChangePasswordToInvalidAndCheckStatusTest -->
        <test-method status="PASS" signature="afterMethod(org.testng.ITestResult)[pri:0, instance:testcases.NVRsTest@25359ed8]" name="afterMethod" is-config="true" duration-ms="643" started-at="2020-02-05T22:29:37 IST" finished-at="2020-02-05T22:29:37 IST">
          <params>
            <param index="0">
              <value>
                <![CDATA[[TestResult name=ChangePasswordToInvalidAndCheckStatusTest status=SUCCESS method=NVRsTest.ChangePasswordToInvalidAndCheckStatusTest()[pri:0, instance:testcases.NVRsTest@25359ed8] output={null}]]]>
              </value>
            </param>
          </params>
          <reporter-output>
          </reporter-output>
        </test-method> <!-- afterMethod -->
        <test-method status="PASS" signature="gotoNVRPage()[pri:0, instance:testcases.NVRsTest@25359ed8]" name="gotoNVRPage" is-config="true" duration-ms="54784" started-at="2020-02-05T22:29:37 IST" finished-at="2020-02-05T22:30:32 IST">
          <reporter-output>
          </reporter-output>
        </test-method> <!-- gotoNVRPage -->
        <test-method status="FAIL" signature="ChangePortAndCheckStatusTest()[pri:0, instance:testcases.NVRsTest@25359ed8]" name="ChangePortAndCheckStatusTest" duration-ms="140484" started-at="2020-02-05T22:30:32 IST" finished-at="2020-02-05T22:32:53 IST">
          <exception class="java.lang.AssertionError">
            <message>
              <![CDATA[expected [85] but found [8]]]>
            </message>
            <full-stacktrace>
              <![CDATA[java.lang.AssertionError: expected [85] but found [8]
at org.testng.Assert.fail(Assert.java:97)
at org.testng.Assert.assertEqualsImpl(Assert.java:136)
at org.testng.Assert.assertEquals(Assert.java:118)
at org.testng.Assert.assertEquals(Assert.java:575)
at org.testng.Assert.assertEquals(Assert.java:585)
at testcases.NVRsTest.ChangePortAndCheckStatusTest(NVRsTest.java:1407)
at sun.reflect.NativeMethodAccessorImpl.invoke0(Native Method)
at sun.reflect.NativeMethodAccessorImpl.invoke(NativeMethodAccessorImpl.java:62)
at sun.reflect.DelegatingMethodAccessorImpl.invoke(DelegatingMethodAccessorImpl.java:43)
at java.lang.reflect.Method.invoke(Method.java:498)
at org.testng.internal.MethodInvocationHelper.invokeMethod(MethodInvocationHelper.java:133)
at org.testng.internal.TestInvoker.invokeMethod(TestInvoker.java:584)
at org.testng.internal.TestInvoker.invokeTestMethod(TestInvoker.java:172)
at org.testng.internal.MethodRunner.runInSequence(MethodRunner.java:46)
at org.testng.internal.TestInvoker$MethodInvocationAgent.invoke(TestInvoker.java:804)
at org.testng.internal.TestInvoker.invokeTestMethods(TestInvoker.java:145)
at org.testng.internal.TestMethodWorker.invokeTestMethods(TestMethodWorker.java:146)
at org.testng.internal.TestMethodWorker.run(TestMethodWorker.java:128)
at java.util.ArrayList.forEach(ArrayList.java:1257)
at org.testng.TestRunner.privateRun(TestRunner.java:770)
at org.testng.TestRunner.run(TestRunner.java:591)
at org.testng.SuiteRunner.runTest(SuiteRunner.java:402)
at org.testng.SuiteRunner.runSequentially(SuiteRunner.java:396)
at org.testng.SuiteRunner.privateRun(SuiteRunner.java:355)
at org.testng.SuiteRunner.run(SuiteRunner.java:304)
at org.testng.SuiteRunnerWorker.runSuite(SuiteRunnerWorker.java:53)
at org.testng.SuiteRunnerWorker.run(SuiteRunnerWorker.java:96)
at org.testng.TestNG.runSuitesSequentially(TestNG.java:1180)
at org.testng.TestNG.runSuitesLocally(TestNG.java:1102)
at org.testng.TestNG.runSuites(TestNG.java:1032)
at org.testng.TestNG.run(TestNG.java:1000)
at org.testng.remote.AbstractRemoteTestNG.run(AbstractRemoteTestNG.java:115)
at org.testng.remote.RemoteTestNG.initAndRun(RemoteTestNG.java:251)
at org.testng.remote.RemoteTestNG.main(RemoteTestNG.java:77)
]]>
            </full-stacktrace>
          </exception> <!-- java.lang.AssertionError -->
          <reporter-output>
          </reporter-output>
        </test-method> <!-- ChangePortAndCheckStatusTest -->
        <test-method status="PASS" signature="afterMethod(org.testng.ITestResult)[pri:0, instance:testcases.NVRsTest@25359ed8]" name="afterMethod" is-config="true" duration-ms="1127" started-at="2020-02-05T22:32:53 IST" finished-at="2020-02-05T22:32:54 IST">
          <params>
            <param index="0">
              <value>
                <![CDATA[[TestResult name=ChangePortAndCheckStatusTest status=FAILURE method=NVRsTest.ChangePortAndCheckStatusTest()[pri:0, instance:testcases.NVRsTest@25359ed8] output={null}]]]>
              </value>
            </param>
          </params>
          <reporter-output>
          </reporter-output>
        </test-method> <!-- afterMethod -->
        <test-method status="PASS" signature="gotoNVRPage()[pri:0, instance:testcases.NVRsTest@25359ed8]" name="gotoNVRPage" is-config="true" duration-ms="54830" started-at="2020-02-05T23:22:48 IST" finished-at="2020-02-05T23:23:43 IST">
          <reporter-output>
          </reporter-output>
        </test-method> <!-- gotoNVRPage -->
        <test-method status="FAIL" signature="ChangeSecuredAndCheckStatusTest()[pri:0, instance:testcases.NVRsTest@25359ed8]" name="ChangeSecuredAndCheckStatusTest" duration-ms="265152" started-at="2020-02-05T23:23:43 IST" finished-at="2020-02-05T23:28:08 IST">
          <exception class="java.lang.AssertionError">
            <message>
              <![CDATA[expected [V] but found [NVR cannot be synced. Its system unique id belongs to another NVR.]]]>
            </message>
            <full-stacktrace>
              <![CDATA[java.lang.AssertionError: expected [V] but found [NVR cannot be synced. Its system unique id belongs to another NVR.]
at org.testng.Assert.fail(Assert.java:97)
at org.testng.Assert.assertEqualsImpl(Assert.java:136)
at org.testng.Assert.assertEquals(Assert.java:118)
at org.testng.Assert.assertEquals(Assert.java:575)
at org.testng.Assert.assertEquals(Assert.java:585)
at testcases.NVRsTest.ChangeSecuredAndCheckStatusTest(NVRsTest.java:1533)
at sun.reflect.NativeMethodAccessorImpl.invoke0(Native Method)
at sun.reflect.NativeMethodAccessorImpl.invoke(NativeMethodAccessorImpl.java:62)
at sun.reflect.DelegatingMethodAccessorImpl.invoke(DelegatingMethodAccessorImpl.java:43)
at java.lang.reflect.Method.invoke(Method.java:498)
at org.testng.internal.MethodInvocationHelper.invokeMethod(MethodInvocationHelper.java:133)
at org.testng.internal.TestInvoker.invokeMethod(TestInvoker.java:584)
at org.testng.internal.TestInvoker.invokeTestMethod(TestInvoker.java:172)
at org.testng.internal.MethodRunner.runInSequence(MethodRunner.java:46)
at org.testng.internal.TestInvoker$MethodInvocationAgent.invoke(TestInvoker.java:804)
at org.testng.internal.TestInvoker.invokeTestMethods(TestInvoker.java:145)
at org.testng.internal.TestMethodWorker.invokeTestMethods(TestMethodWorker.java:146)
at org.testng.internal.TestMethodWorker.run(TestMethodWorker.java:128)
at java.util.ArrayList.forEach(ArrayList.java:1257)
at org.testng.TestRunner.privateRun(TestRunner.java:770)
at org.testng.TestRunner.run(TestRunner.java:591)
at org.testng.SuiteRunner.runTest(SuiteRunner.java:402)
at org.testng.SuiteRunner.runSequentially(SuiteRunner.java:396)
at org.testng.SuiteRunner.privateRun(SuiteRunner.java:355)
at org.testng.SuiteRunner.run(SuiteRunner.java:304)
at org.testng.SuiteRunnerWorker.runSuite(SuiteRunnerWorker.java:53)
at org.testng.SuiteRunnerWorker.run(SuiteRunnerWorker.java:96)
at org.testng.TestNG.runSuitesSequentially(TestNG.java:1180)
at org.testng.TestNG.runSuitesLocally(TestNG.java:1102)
at org.testng.TestNG.runSuites(TestNG.java:1032)
at org.testng.TestNG.run(TestNG.java:1000)
at org.testng.remote.AbstractRemoteTestNG.run(AbstractRemoteTestNG.java:115)
at org.testng.remote.RemoteTestNG.initAndRun(RemoteTestNG.java:251)
at org.testng.remote.RemoteTestNG.main(RemoteTestNG.java:77)
]]>
            </full-stacktrace>
          </exception> <!-- java.lang.AssertionError -->
          <reporter-output>
          </reporter-output>
        </test-method> <!-- ChangeSecuredAndCheckStatusTest -->
        <test-method status="PASS" signature="afterMethod(org.testng.ITestResult)[pri:0, instance:testcases.NVRsTest@25359ed8]" name="afterMethod" is-config="true" duration-ms="800" started-at="2020-02-05T23:28:08 IST" finished-at="2020-02-05T23:28:09 IST">
          <params>
            <param index="0">
              <value>
                <![CDATA[[TestResult name=ChangeSecuredAndCheckStatusTest status=FAILURE method=NVRsTest.ChangeSecuredAndCheckStatusTest()[pri:0, instance:testcases.NVRsTest@25359ed8] output={null}]]]>
              </value>
            </param>
          </params>
          <reporter-output>
          </reporter-output>
        </test-method> <!-- afterMethod -->
        <test-method status="PASS" signature="gotoNVRPage()[pri:0, instance:testcases.NVRsTest@25359ed8]" name="gotoNVRPage" is-config="true" duration-ms="54958" started-at="2020-02-05T23:49:53 IST" finished-at="2020-02-05T23:50:48 IST">
          <reporter-output>
          </reporter-output>
        </test-method> <!-- gotoNVRPage -->
        <test-method status="PASS" signature="ChangeUserNameToInvalidAndCheckStatusTest()[pri:0, instance:testcases.NVRsTest@25359ed8]" name="ChangeUserNameToInvalidAndCheckStatusTest" duration-ms="211337" started-at="2020-02-05T23:50:48 IST" finished-at="2020-02-05T23:54:19 IST">
          <reporter-output>
          </reporter-output>
        </test-method> <!-- ChangeUserNameToInvalidAndCheckStatusTest -->
[...]
            <param index="0">
              <value>
                <![CDATA[[TestResult name=ChangeViewTimeExitAndDoNotSaveTest status=SUCCESS method=ToursElementsTest.ChangeViewTimeExitAndDoNotSaveTest()[pri:0, instance:testcases.ToursElementsTest@80ec1f8] output={null}]]]>
              </value>
            </param>
          </params>
          <reporter-output>
          </reporter-output>
        </test-method> <!-- afterMethod -->
        <test-method status="PASS" signature="GoToToursPage()[pri:0, instance:testcases.ToursElementsTest@80ec1f8]" name="GoToToursPage" is-config="true" duration-ms="110545" started-at="2020-02-06T00:16:18 IST" finished-at="2020-02-06T00:18:09 IST">
          <reporter-output>
          </reporter-output>
        </test-method> <!-- GoToToursPage -->
        <test-method status="PASS" signature="ChangeViewTimeExitAndSaveTest()[pri:0, instance:testcases.ToursElementsTest@80ec1f8]" name="ChangeViewTimeExitAndSaveTest" duration-ms="43023" started-at="2020-02-06T00:18:09 IST" finished-at="2020-02-06T00:18:52 IST">
          <reporter-output>
          </reporter-output>
        </test-method> <!-- ChangeViewTimeExitAndSaveTest -->
        <test-method status="PASS" signature="afterMethod(org.testng.ITestResult)[pri:0, instance:testcases.ToursElementsTest@80ec1f8]" name="afterMethod" is-config="true" duration-ms="1013" started-at="2020-02-06T00:18:52 IST" finished-at="2020-02-06T00:18:53 IST">
          <params>
            <param index="0">
              <value>
                <![CDATA[[TestResult name=ChangeViewTimeExitAndSaveTest status=SUCCESS method=ToursElementsTest.ChangeViewTimeExitAndSaveTest()[pri:0, instance:testcases.ToursElementsTest@80ec1f8] output={null}]]]>
              </value>
            </param>
          </params>
          <reporter-output>
          </reporter-output>
        </test-method> <!-- afterMethod -->
        <test-method status="PASS" signature="GoToToursPage()[pri:0, instance:testcases.ToursElementsTest@80ec1f8]" name="GoToToursPage" is-config="true" duration-ms="110546" started-at="2020-02-06T00:26:55 IST" finished-at="2020-02-06T00:28:46 IST">
          <reporter-output>
          </reporter-output>
        </test-method> <!-- GoToToursPage -->
        <test-method status="PASS" signature="ChangeVisibilityStatusAndCancelTest()[pri:0, instance:testcases.ToursElementsTest@80ec1f8]" name="ChangeVisibilityStatusAndCancelTest" duration-ms="7383" started-at="2020-02-06T00:28:46 IST" finished-at="2020-02-06T00:28:53 IST">
          <reporter-output>
          </reporter-output>
        </test-method> <!-- ChangeVisibilityStatusAndCancelTest -->
        <test-method status="PASS" signature="afterMethod(org.testng.ITestResult)[pri:0, instance:testcases.ToursElementsTest@80ec1f8]" name="afterMethod" is-config="true" duration-ms="823" started-at="2020-02-06T00:28:53 IST" finished-at="2020-02-06T00:28:54 IST">
          <params>
            <param index="0">
              <value>
                <![CDATA[[TestResult name=ChangeVisibilityStatusAndCancelTest status=SUCCESS method=ToursElementsTest.ChangeVisibilityStatusAndCancelTest()[pri:0, instance:testcases.ToursElementsTest@80ec1f8] output={null}]]]>
              </value>
            </param>
          </params>
          <reporter-output>
          </reporter-output>
        </test-method> <!-- afterMethod -->
        <test-method status="PASS" signature="GoToToursPage()[pri:0, instance:testcases.ToursElementsTest@80ec1f8]" name="GoToToursPage" is-config="true" duration-ms="188004" started-at="2020-02-06T00:31:48 IST" finished-at="2020-02-06T00:34:56 IST">
          <reporter-output>
          </reporter-output>
        </test-method> <!-- GoToToursPage -->
        <test-method status="PASS" signature="ChangeVisibilityStatusExitAndCancelTest()[pri:0, instance:testcases.ToursElementsTest@80ec1f8]" name="ChangeVisibilityStatusExitAndCancelTest" duration-ms="19740" started-at="2020-02-06T00:34:56 IST" finished-at="2020-02-06T00:35:16 IST">
          <reporter-output>
          </reporter-output>
        </test-method> <!-- ChangeVisibilityStatusExitAndCancelTest -->
        <test-method status="PASS" signature="afterMethod(org.testng.ITestResult)[pri:0, instance:testcases.ToursElementsTest@80ec1f8]" name="afterMethod" is-config="true" duration-ms="671" started-at="2020-02-06T00:35:16 IST" finished-at="2020-02-06T00:35:17 IST">
          <params>
            <param index="0">
              <value>
                <![CDATA[[TestResult name=ChangeVisibilityStatusExitAndCancelTest status=SUCCESS method=ToursElementsTest.ChangeVisibilityStatusExitAndCancelTest()[pri:0, instance:testcases.ToursElementsTest@80ec1f8] output={null}]]]>
              </value>
            </param>
          </params>
          <reporter-output>
          </reporter-output>
        </test-method> <!-- afterMethod -->
        <test-method status="PASS" signature="GoToToursPage()[pri:0, instance:testcases.ToursElementsTest@80ec1f8]" name="GoToToursPage" is-config="true" duration-ms="109330" started-at="2020-02-06T00:35:17 IST" finished-at="2020-02-06T00:37:06 IST">
          <reporter-output>
          </reporter-output>
        </test-method> <!-- GoToToursPage -->
        <test-method status="PASS" signature="ChangeVisibilityStatusExitAndDoNotSaveTest()[pri:0, instance:testcases.ToursElementsTest@80ec1f8]" name="ChangeVisibilityStatusExitAndDoNotSaveTest" duration-ms="37735" started-at="2020-02-06T00:37:06 IST" finished-at="2020-02-06T00:37:44 IST">
          <reporter-output>
          </reporter-output>
        </test-method> <!-- ChangeVisibilityStatusExitAndDoNotSaveTest -->
        <test-method status="PASS" signature="afterMethod(org.testng.ITestResult)[pri:0, instance:testcases.ToursElementsTest@80ec1f8]" name="afterMethod" is-config="true" duration-ms="868" started-at="2020-02-06T00:37:44 IST" finished-at="2020-02-06T00:37:45 IST">
          <params>
            <param index="0">
              <value>
                <![CDATA[[TestResult name=ChangeVisibilityStatusExitAndDoNotSaveTest status=SUCCESS method=ToursElementsTest.ChangeVisibilityStatusExitAndDoNotSaveTest()[pri:0, instance:testcases.ToursElementsTest@80ec1f8] output={null}]]]>
              </value>
            </param>
          </params>
          <reporter-output>
          </reporter-output>
        </test-method> <!-- afterMethod -->
        <test-method status="PASS" signature="GoToToursPage()[pri:0, instance:testcases.ToursElementsTest@80ec1f8]" name="GoToToursPage" is-config="true" duration-ms="172307" started-at="2020-02-06T00:47:10 IST" finished-at="2020-02-06T00:50:02 IST">
          <reporter-output>
          </reporter-output>
        </test-method> <!-- GoToToursPage -->
        <test-method status="PASS" signature="ChangeVisibilityStatusExitAndSaveTest()[pri:0, instance:testcases.ToursElementsTest@80ec1f8]" name="ChangeVisibilityStatusExitAndSaveTest" duration-ms="42020" started-at="2020-02-06T00:50:02 IST" finished-at="2020-02-06T00:50:44 IST">
          <reporter-output>
          </reporter-output>
        </test-method> <!-- ChangeVisibilityStatusExitAndSaveTest -->
        <test-method status="PASS" signature="afterMethod(org.testng.ITestResult)[pri:0, instance:testcases.ToursElementsTest@80ec1f8]" name="afterMethod" is-config="true" duration-ms="668" started-at="2020-02-06T00:50:44 IST" finished-at="2020-02-06T00:50:45 IST">
          <params>
            <param index="0">
              <value>
                <![CDATA[[TestResult name=ChangeVisibilityStatusExitAndSaveTest status=SUCCESS method=ToursElementsTest.ChangeVisibilityStatusExitAndSaveTest()[pri:0, instance:testcases.ToursElementsTest@80ec1f8] output={null}]]]>
              </value>
            </param>
          </params>
          <reporter-output>
          </reporter-output>
        </test-method> <!-- afterMethod -->
        <test-method status="PASS" signature="GoToToursPage()[pri:0, instance:testcases.ToursElementsTest@80ec1f8]" name="GoToToursPage" is-config="true" duration-ms="126667" started-at="2020-02-06T01:18:20 IST" finished-at="2020-02-06T01:20:27 IST">
          <reporter-output>
          </reporter-output>
        </test-method> <!-- GoToToursPage -->
        <test-method status="PASS" signature="DeleteAllViewsAndCancelTest()[pri:0, instance:testcases.ToursElementsTest@80ec1f8]" name="DeleteAllViewsAndCancelTest" duration-ms="6205" started-at="2020-02-06T01:20:27 IST" finished-at="2020-02-06T01:20:33 IST">
          <reporter-output>
          </reporter-output>
        </test-method> <!-- DeleteAllViewsAndCancelTest -->
        <test-method status="PASS" signature="afterMethod(org.testng.ITestResult)[pri:0, instance:testcases.ToursElementsTest@80ec1f8]" name="afterMethod" is-config="true" duration-ms="742" started-at="2020-02-06T01:20:33 IST" finished-at="2020-02-06T01:20:34 IST">
          <params>
            <param index="0">
              <value>
                <![CDATA[[TestResult name=DeleteAllViewsAndCancelTest status=SUCCESS method=ToursElementsTest.DeleteAllViewsAndCancelTest()[pri:0, instance:testcases.ToursElementsTest@80ec1f8] output={null}]]]>
              </value>
            </param>
          </params>
          <reporter-output>
          </reporter-output>
        </test-method> <!-- afterMethod -->
        <test-method status="PASS" signature="GoToToursPage()[pri:0, instance:testcases.ToursElementsTest@80ec1f8]" name="GoToToursPage" is-config="true" duration-ms="115491" started-at="2020-02-06T01:20:34 IST" finished-at="2020-02-06T01:22:30 IST">
          <reporter-output>
          </reporter-output>
        </test-method> <!-- GoToToursPage -->
        <test-method status="PASS" signature="DeleteAllViewsExitAndCancelTest()[pri:0, instance:testcases.ToursElementsTest@80ec1f8]" name="DeleteAllViewsExitAndCancelTest" duration-ms="25024" started-at="2020-02-06T01:22:30 IST" finished-at="2020-02-06T01:22:55 IST">
          <reporter-output>
          </reporter-output>
        </test-method> <!-- DeleteAllViewsExitAndCancelTest -->
        <test-method status="PASS" signature="afterMethod(org.testng.ITestResult)[pri:0, instance:testcases.ToursElementsTest@80ec1f8]" name="afterMethod" is-config="true" duration-ms="579" started-at="2020-02-06T01:22:55 IST" finished-at="2020-02-06T01:22:55 IST">
          <params>
            <param index="0">
              <value>
                <![CDATA[[TestResult name=DeleteAllViewsExitAndCancelTest status=SUCCESS method=ToursElementsTest.DeleteAllViewsExitAndCancelTest()[pri:0, instance:testcases.ToursElementsTest@80ec1f8] output={null}]]]>
              </value>
            </param>
          </params>
          <reporter-output>
          </reporter-output>
        </test-method> <!-- afterMethod -->
        <test-method status="PASS" signature="GoToToursPage()[pri:0, instance:testcases.ToursElementsTest@80ec1f8]" name="GoToToursPage" is-config="true" duration-ms="170330" started-at="2020-02-06T01:22:55 IST" finished-at="2020-02-06T01:25:46 IST">
          <reporter-output>
          </reporter-output>
        </test-method> <!-- GoToToursPage -->
        <test-method status="PASS" signature="DeleteAllViewsExitAndDoNotSaveTest()[pri:0, instance:testcases.ToursElementsTest@80ec1f8]" name="DeleteAllViewsExitAndDoNotSaveTest" duration-ms="31253" started-at="2020-02-06T01:25:46 IST" finished-at="2020-02-06T01:26:17 IST">
          <reporter-output>
          </reporter-output>
        </test-method> <!-- DeleteAllViewsExitAndDoNotSaveTest -->
        <test-method status="PASS" signature="afterMethod(org.testng.ITestResult)[pri:0, instance:testcases.ToursElementsTest@80ec1f8]" name="afterMethod" is-config="true" duration-ms="662" started-at="2020-02-06T01:26:17 IST" finished-at="2020-02-06T01:26:17 IST">
          <params>
            <param index="0">
              <value>
                <![CDATA[[TestResult name=DeleteAllViewsExitAndDoNotSaveTest status=SUCCESS method=ToursElementsTest.DeleteAllViewsExitAndDoNotSaveTest()[pri:0, instance:testcases.ToursElementsTest@80ec1f8] output={null}]]]>
              </value>
            </param>
          </params>
          <reporter-output>
          </reporter-output>
        </test-method> <!-- afterMethod -->
        <test-method status="PASS" signature="GoToToursPage()[pri:0, instance:testcases.ToursElementsTest@80ec1f8]" name="GoToToursPage" is-config="true" duration-ms="187855" started-at="2020-02-06T01:26:17 IST" finished-at="2020-02-06T01:29:25 IST">
          <reporter-output>
          </reporter-output>
        </test-method> <!-- GoToToursPage -->
        <test-method status="PASS" signature="DeleteAllViewsExitAndSaveTest()[pri:0, instance:testcases.ToursElementsTest@80ec1f8]" name="DeleteAllViewsExitAndSaveTest" duration-ms="4525" started-at="2020-02-06T01:29:25 IST" finished-at="2020-02-06T01:29:30 IST">
          <reporter-output>
          </reporter-output>
        </test-method> <!-- DeleteAllViewsExitAndSaveTest -->
        <test-method status="PASS" signature="afterMethod(org.testng.ITestResult)[pri:0, instance:testcases.ToursElementsTest@80ec1f8]" name="afterMethod" is-config="true" duration-ms="526" started-at="2020-02-06T01:29:30 IST" finished-at="2020-02-06T01:29:30 IST">
          <params>
            <param index="0">
              <value>
                <![CDATA[[TestResult name=DeleteAllViewsExitAndSaveTest status=SUCCESS method=ToursElementsTest.DeleteAllViewsExitAndSaveTest()[pri:0, instance:testcases.ToursElementsTest@80ec1f8] output={null}]]]>
              </value>
            </param>
          </params>
          <reporter-output>
          </reporter-output>
        </test-method> <!-- afterMethod -->
        <test-method status="PASS" signature="GoToToursPage()[pri:0, instance:testcases.ToursElementsTest@80ec1f8]" name="GoToToursPage" is-config="true" duration-ms="111405" started-at="2020-02-06T01:55:20 IST" finished-at="2020-02-06T01:57:11 IST">
          <reporter-output>
          </reporter-output>
        </test-method> <!-- GoToToursPage -->
        <test-method status="PASS" signature="DeleteViewAndCancelTest()[pri:0, instance:testcases.ToursElementsTest@80ec1f8]" name="DeleteViewAndCancelTest" duration-ms="3385" started-at="2020-02-06T01:57:11 IST" finished-at="2020-02-06T01:57:15 IST">
          <reporter-output>
          </reporter-output>
        </test-method> <!-- DeleteViewAndCancelTest -->
        <test-method status="PASS" signature="afterMethod(org.testng.ITestResult)[pri:0, instance:testcases.ToursElementsTest@80ec1f8]" name="afterMethod" is-config="true" duration-ms="531" started-at="2020-02-06T01:57:15 IST" finished-at="2020-02-06T01:57:15 IST">
          <params>
            <param index="0">
              <value>
                <![CDATA[[TestResult name=DeleteViewAndCancelTest status=SUCCESS method=ToursElementsTest.DeleteViewAndCancelTest()[pri:0, instance:testcases.ToursElementsTest@80ec1f8] output={null}]]]>
              </value>
            </param>
          </params>
          <reporter-output>
          </reporter-output>
        </test-method> <!-- afterMethod -->
        <test-method status="PASS" signature="GoToToursPage()[pri:0, instance:testcases.ToursElementsTest@80ec1f8]" name="GoToToursPage" is-config="true" duration-ms="101999" started-at="2020-02-06T01:57:15 IST" finished-at="2020-02-06T01:58:57 IST">
          <reporter-output>
          </reporter-output>
        </test-method> <!-- GoToToursPage -->
        <test-method status="PASS" signature="DeleteViewExitAndCancelTest()[pri:0, instance:testcases.ToursElementsTest@80ec1f8]" name="DeleteViewExitAndCancelTest" duration-ms="343" started-at="2020-02-06T01:58:57 IST" finished-at="2020-02-06T01:58:57 IST">
          <reporter-output>
          </reporter-output>
        </test-method> <!-- DeleteViewExitAndCancelTest -->
        <test-method status="PASS" signature="afterMethod(org.testng.ITestResult)[pri:0, instance:testcases.ToursElementsTest@80ec1f8]" name="afterMethod" is-config="true" duration-ms="652" started-at="2020-02-06T01:58:57 IST" finished-at="2020-02-06T01:58:58 IST">
          <params>
            <param index="0">
              <value>
                <![CDATA[[TestResult name=DeleteViewExitAndCancelTest status=SUCCESS method=ToursElementsTest.DeleteViewExitAndCancelTest()[pri:0, instance:testcases.ToursElementsTest@80ec1f8] output={null}]]]>
              </value>
            </param>
          </params>
          <reporter-output>
          </reporter-output>
        </test-method> <!-- afterMethod -->
        <test-method status="PASS" signature="GoToToursPage()[pri:0, instance:testcases.ToursElementsTest@80ec1f8]" name="GoToToursPage" is-config="true" duration-ms="111780" started-at="2020-02-06T01:58:58 IST" finished-at="2020-02-06T02:00:50 IST">
          <reporter-output>
          </reporter-output>
        </test-method> <!-- GoToToursPage -->
        <test-method status="PASS" signature="DeleteViewExitAndDoNotSaveTest()[pri:0, instance:testcases.ToursElementsTest@80ec1f8]" name="DeleteViewExitAndDoNotSaveTest" duration-ms="23223" started-at="2020-02-06T02:00:50 IST" finished-at="2020-02-06T02:01:13 IST">
          <reporter-output>
          </reporter-output>
        </test-method> <!-- DeleteViewExitAndDoNotSaveTest -->
        <test-method status="PASS" signature="afterMethod(org.testng.ITestResult)[pri:0, instance:testcases.ToursElementsTest@80ec1f8]" name="afterMethod" is-config="true" duration-ms="1048" started-at="2020-02-06T02:01:13 IST" finished-at="2020-02-06T02:01:14 IST">
          <params>
            <param index="0">
              <value>
                <![CDATA[[TestResult name=DeleteViewExitAndDoNotSaveTest status=SUCCESS method=ToursElementsTest.DeleteViewExitAndDoNotSaveTest()[pri:0, instance:testcases.ToursElementsTest@80ec1f8] output={null}]]]>
              </value>
            </param>
          </params>
          <reporter-output>
          </reporter-output>
        </test-method> <!-- afterMethod -->
        <test-method status="PASS" signature="GoToToursPage()[pri:0, instance:testcases.ToursElementsTest@80ec1f8]" name="GoToToursPage" is-config="true" duration-ms="103889" started-at="2020-02-06T02:01:14 IST" finished-at="2020-02-06T02:02:58 IST">
          <reporter-output>
          </reporter-output>
        </test-method> <!-- GoToToursPage -->
        <test-method status="PASS" signature="DeleteViewExitAndSaveTest()[pri:0, instance:testcases.ToursElementsTest@80ec1f8]" name="DeleteViewExitAndSaveTest" duration-ms="6438" started-at="2020-02-06T02:02:58 IST" finished-at="2020-02-06T02:03:04 IST">
          <reporter-output>
          </reporter-output>
        </test-method> <!-- DeleteViewExitAndSaveTest -->
        <test-method status="PASS" signature="afterMethod(org.testng.ITestResult)[pri:0, instance:testcases.ToursElementsTest@80ec1f8]" name="afterMethod" is-config="true" duration-ms="869" started-at="2020-02-06T02:03:04 IST" finished-at="2020-02-06T02:03:05 IST">
          <params>
            <param index="0">
              <value>
                <![CDATA[[TestResult name=DeleteViewExitAndSaveTest status=SUCCESS method=ToursElementsTest.DeleteViewExitAndSaveTest()[pri:0, instance:testcases.ToursElementsTest@80ec1f8] output={null}]]]>
              </value>
            </param>
          </params>
          <reporter-output>
          </reporter-output>
        </test-method> <!-- afterMethod -->
        <test-method status="PASS" signature="endReport()[pri:0, instance:testcases.ToursElementsTest@80ec1f8]" name="endReport" is-config="true" duration-ms="54" started-at="2020-02-06T02:03:05 IST" finished-at="2020-02-06T02:03:05 IST">
          <reporter-output>
          </reporter-output>
        </test-method> <!-- endReport -->
      </class> <!-- testcases.ToursElementsTest -->
    </test> <!-- Default test -->
  </suite> <!-- Default suite -->
</testng-results>
