<?xml version="1.0" encoding="UTF-8"?>
<testng-results skipped="0" failed="34" ignored="66" total="261" passed="161">
  <reporter-output>
  </reporter-output>
  <suite name="Default suite" duration-ms="28046659" started-at="2020-02-04T19:25:34 IST" finished-at="2020-02-05T03:13:00 IST">
    <groups>
    </groups>
    <test name="Default test" duration-ms="28046659" started-at="2020-02-04T19:25:34 IST" finished-at="2020-02-05T03:13:00 IST">
      <class name="testcases.ToursTest">
        <test-method status="PASS" signature="startReport()[pri:0, instance:testcases.ToursTest@12405818]" name="startReport" is-config="true" duration-ms="1" started-at="2020-02-04T19:25:34 IST" finished-at="2020-02-04T19:25:34 IST">
          <reporter-output>
          </reporter-output>
        </test-method> <!-- startReport -->
        <test-method status="PASS" signature="GoToToursPage()[pri:0, instance:testcases.ToursTest@12405818]" name="GoToToursPage" is-config="true" duration-ms="120803" started-at="2020-02-04T19:59:27 IST" finished-at="2020-02-04T20:01:27 IST">
          <reporter-output>
          </reporter-output>
        </test-method> <!-- GoToToursPage -->
        <test-method status="PASS" signature="setup(java.lang.String)[pri:0, instance:testcases.ToursTest@12405818]" name="setup" is-config="true" duration-ms="0" started-at="2020-02-04T19:59:27 IST" finished-at="2020-02-04T19:59:27 IST">
          <params>
            <param index="0">
              <value>
                <![CDATA[ie]]>
              </value>
            </param>
          </params>
          <reporter-output>
          </reporter-output>
        </test-method> <!-- setup -->
        <test-method status="PASS" signature="AddNewTourTest()[pri:0, instance:testcases.ToursTest@12405818]" name="AddNewTourTest" duration-ms="12495" started-at="2020-02-04T20:01:27 IST" finished-at="2020-02-04T20:01:40 IST">
          <reporter-output>
          </reporter-output>
        </test-method> <!-- AddNewTourTest -->
        <test-method status="PASS" signature="afterMethod(org.testng.ITestResult)[pri:0, instance:testcases.ToursTest@12405818]" name="afterMethod" is-config="true" duration-ms="655" started-at="2020-02-04T20:01:40 IST" finished-at="2020-02-04T20:01:41 IST">
          <params>
            <param index="0">
              <value>
                <![CDATA[[TestResult name=AddNewTourTest status=SUCCESS method=ToursTest.AddNewTourTest()[pri:0, instance:testcases.ToursTest@12405818] output={null}]]]>
              </value>
            </param>
          </params>
          <reporter-output>
          </reporter-output>
        </test-method> <!-- afterMethod -->
        <test-method status="PASS" signature="GoToToursPage()[pri:0, instance:testcases.ToursTest@12405818]" name="GoToToursPage" is-config="true" duration-ms="112377" started-at="2020-02-04T20:01:41 IST" finished-at="2020-02-04T20:03:33 IST">
          <reporter-output>
          </reporter-output>
        </test-method> <!-- GoToToursPage -->
        <test-method status="PASS" signature="AddNewTourWithAllParametersTest()[pri:0, instance:testcases.ToursTest@12405818]" name="AddNewTourWithAllParametersTest" duration-ms="55625" started-at="2020-02-04T20:03:33 IST" finished-at="2020-02-04T20:04:29 IST">
          <reporter-output>
          </reporter-output>
        </test-method> <!-- AddNewTourWithAllParametersTest -->
        <test-method status="PASS" signature="afterMethod(org.testng.ITestResult)[pri:0, instance:testcases.ToursTest@12405818]" name="afterMethod" is-config="true" duration-ms="551" started-at="2020-02-04T20:04:29 IST" finished-at="2020-02-04T20:04:29 IST">
          <params>
            <param index="0">
              <value>
                <![CDATA[[TestResult name=AddNewTourWithAllParametersTest status=SUCCESS method=ToursTest.AddNewTourWithAllParametersTest()[pri:0, instance:testcases.ToursTest@12405818] output={null}]]]>
              </value>
            </param>
          </params>
          <reporter-output>
          </reporter-output>
        </test-method> <!-- afterMethod -->
        <test-method status="PASS" signature="GoToToursPage()[pri:0, instance:testcases.ToursTest@12405818]" name="GoToToursPage" is-config="true" duration-ms="102704" started-at="2020-02-04T20:50:07 IST" finished-at="2020-02-04T20:51:50 IST">
          <reporter-output>
          </reporter-output>
        </test-method> <!-- GoToToursPage -->
        <test-method status="PASS" signature="AddViewTest()[pri:0, instance:testcases.ToursTest@12405818]" name="AddViewTest" duration-ms="31119" started-at="2020-02-04T20:51:50 IST" finished-at="2020-02-04T20:52:21 IST">
          <reporter-output>
          </reporter-output>
        </test-method> <!-- AddViewTest -->
        <test-method status="PASS" signature="afterMethod(org.testng.ITestResult)[pri:0, instance:testcases.ToursTest@12405818]" name="afterMethod" is-config="true" duration-ms="619" started-at="2020-02-04T20:52:21 IST" finished-at="2020-02-04T20:52:22 IST">
          <params>
            <param index="0">
              <value>
                <![CDATA[[TestResult name=AddViewTest status=SUCCESS method=ToursTest.AddViewTest()[pri:0, instance:testcases.ToursTest@12405818] output={null}]]]>
              </value>
            </param>
          </params>
          <reporter-output>
          </reporter-output>
        </test-method> <!-- afterMethod -->
        <test-method status="PASS" signature="GoToToursPage()[pri:0, instance:testcases.ToursTest@12405818]" name="GoToToursPage" is-config="true" duration-ms="101866" started-at="2020-02-04T21:56:02 IST" finished-at="2020-02-04T21:57:44 IST">
          <reporter-output>
          </reporter-output>
        </test-method> <!-- GoToToursPage -->
        <test-method status="PASS" signature="ChangeNameTest()[pri:0, instance:testcases.ToursTest@12405818]" name="ChangeNameTest" duration-ms="29335" started-at="2020-02-04T21:57:44 IST" finished-at="2020-02-04T21:58:13 IST">
          <reporter-output>
          </reporter-output>
        </test-method> <!-- ChangeNameTest -->
        <test-method status="PASS" signature="afterMethod(org.testng.ITestResult)[pri:0, instance:testcases.ToursTest@12405818]" name="afterMethod" is-config="true" duration-ms="817" started-at="2020-02-04T21:58:13 IST" finished-at="2020-02-04T21:58:14 IST">
          <params>
            <param index="0">
              <value>
                <![CDATA[[TestResult name=ChangeNameTest status=SUCCESS method=ToursTest.ChangeNameTest()[pri:0, instance:testcases.ToursTest@12405818] output={null}]]]>
              </value>
            </param>
          </params>
          <reporter-output>
          </reporter-output>
        </test-method> <!-- afterMethod -->
        <test-method status="PASS" signature="GoToToursPage()[pri:0, instance:testcases.ToursTest@12405818]" name="GoToToursPage" is-config="true" duration-ms="119459" started-at="2020-02-04T22:00:50 IST" finished-at="2020-02-04T22:02:49 IST">
          <reporter-output>
          </reporter-output>
        </test-method> <!-- GoToToursPage -->
        <test-method status="PASS" signature="ChangeOrderForViewTest()[pri:0, instance:testcases.ToursTest@12405818]" name="ChangeOrderForViewTest" duration-ms="5805" started-at="2020-02-04T22:02:49 IST" finished-at="2020-02-04T22:02:55 IST">
          <reporter-output>
          </reporter-output>
        </test-method> <!-- ChangeOrderForViewTest -->
        <test-method status="PASS" signature="afterMethod(org.testng.ITestResult)[pri:0, instance:testcases.ToursTest@12405818]" name="afterMethod" is-config="true" duration-ms="656" started-at="2020-02-04T22:02:55 IST" finished-at="2020-02-04T22:02:56 IST">
          <params>
            <param index="0">
              <value>
                <![CDATA[[TestResult name=ChangeOrderForViewTest status=SUCCESS method=ToursTest.ChangeOrderForViewTest()[pri:0, instance:testcases.ToursTest@12405818] output={null}]]]>
              </value>
            </param>
          </params>
          <reporter-output>
          </reporter-output>
        </test-method> <!-- afterMethod -->
        <test-method status="PASS" signature="GoToToursPage()[pri:0, instance:testcases.ToursTest@12405818]" name="GoToToursPage" is-config="true" duration-ms="106595" started-at="2020-02-04T22:49:19 IST" finished-at="2020-02-04T22:51:05 IST">
          <reporter-output>
          </reporter-output>
        </test-method> <!-- GoToToursPage -->
        <test-method status="PASS" signature="ChangeRemarksTest()[pri:0, instance:testcases.ToursTest@12405818]" name="ChangeRemarksTest" duration-ms="24283" started-at="2020-02-04T22:51:05 IST" finished-at="2020-02-04T22:51:30 IST">
          <reporter-output>
          </reporter-output>
        </test-method> <!-- ChangeRemarksTest -->
        <test-method status="PASS" signature="afterMethod(org.testng.ITestResult)[pri:0, instance:testcases.ToursTest@12405818]" name="afterMethod" is-config="true" duration-ms="543" started-at="2020-02-04T22:51:30 IST" finished-at="2020-02-04T22:51:30 IST">
          <params>
            <param index="0">
              <value>
                <![CDATA[[TestResult name=ChangeRemarksTest status=SUCCESS method=ToursTest.ChangeRemarksTest()[pri:0, instance:testcases.ToursTest@12405818] output={null}]]]>
              </value>
            </param>
          </params>
          <reporter-output>
          </reporter-output>
        </test-method> <!-- afterMethod -->
        <test-method status="PASS" signature="GoToToursPage()[pri:0, instance:testcases.ToursTest@12405818]" name="GoToToursPage" is-config="true" duration-ms="104037" started-at="2020-02-04T23:35:19 IST" finished-at="2020-02-04T23:37:03 IST">
          <reporter-output>
          </reporter-output>
        </test-method> <!-- GoToToursPage -->
        <test-method status="PASS" signature="ChangeViewTimeBySpinnersTest()[pri:0, instance:testcases.ToursTest@12405818]" name="ChangeViewTimeBySpinnersTest" duration-ms="55827" started-at="2020-02-04T23:37:03 IST" finished-at="2020-02-04T23:37:59 IST">
          <reporter-output>
          </reporter-output>
        </test-method> <!-- ChangeViewTimeBySpinnersTest -->
        <test-method status="PASS" signature="afterMethod(org.testng.ITestResult)[pri:0, instance:testcases.ToursTest@12405818]" name="afterMethod" is-config="true" duration-ms="636" started-at="2020-02-04T23:37:59 IST" finished-at="2020-02-04T23:37:59 IST">
          <params>
            <param index="0">
              <value>
                <![CDATA[[TestResult name=ChangeViewTimeBySpinnersTest status=SUCCESS method=ToursTest.ChangeViewTimeBySpinnersTest()[pri:0, instance:testcases.ToursTest@12405818] output={null}]]]>
              </value>
            </param>
          </params>
          <reporter-output>
          </reporter-output>
        </test-method> <!-- afterMethod -->
        <test-method status="PASS" signature="GoToToursPage()[pri:0, instance:testcases.ToursTest@12405818]" name="GoToToursPage" is-config="true" duration-ms="116642" started-at="2020-02-04T23:44:30 IST" finished-at="2020-02-04T23:46:26 IST">
          <reporter-output>
          </reporter-output>
        </test-method> <!-- GoToToursPage -->
        <test-method status="FAIL" signature="ChangeViewTimeTest()[pri:0, instance:testcases.ToursTest@12405818]" name="ChangeViewTimeTest" duration-ms="12727" started-at="2020-02-04T23:46:26 IST" finished-at="2020-02-04T23:46:39 IST">
          <exception class="java.lang.AssertionError">
            <message>
              <![CDATA[expected [68109] but found [6810]]]>
            </message>
            <full-stacktrace>
              <![CDATA[java.lang.AssertionError: expected [68109] but found [6810]
at org.testng.Assert.fail(Assert.java:97)
at org.testng.Assert.assertEqualsImpl(Assert.java:136)
at org.testng.Assert.assertEquals(Assert.java:118)
at org.testng.Assert.assertEquals(Assert.java:575)
at org.testng.Assert.assertEquals(Assert.java:585)
at testcases.ToursTest.ChangeViewTimeTest(ToursTest.java:750)
at sun.reflect.NativeMethodAccessorImpl.invoke0(Native Method)
at sun.reflect.NativeMethodAccessorImpl.invoke(NativeMethodAccessorImpl.java:62)
at sun.reflect.DelegatingMethodAccessorImpl.invoke(DelegatingMethodAccessorImpl.java:43)
at java.lang.reflect.Method.invoke(Method.java:498)
at org.testng.internal.MethodInvocationHelper.invokeMethod(MethodInvocationHelper.java:133)
at org.testng.internal.TestInvoker.invokeMethod(TestInvoker.java:584)
at org.testng.internal.TestInvoker.invokeTestMethod(TestInvoker.java:172)
at org.testng.internal.MethodRunner.runInSequence(MethodRunner.java:46)
at org.testng.internal.TestInvoker$MethodInvocationAgent.invoke(TestInvoker.java:804)
at org.testng.internal.TestInvoker.invokeTestMethods(TestInvoker.java:145)
at org.testng.internal.TestMethodWorker.invokeTestMethods(TestMethodWorker.java:146)
at org.testng.internal.TestMethodWorker.run(TestMethodWorker.java:128)
at java.util.ArrayList.forEach(ArrayList.java:1257)
at org.testng.TestRunner.privateRun(TestRunner.java:770)
at org.testng.TestRunner.run(TestRunner.java:591)
at org.testng.SuiteRunner.runTest(SuiteRunner.java:402)
at org.testng.SuiteRunner.runSequentially(SuiteRunner.java:396)
at org.testng.SuiteRunner.privateRun(SuiteRunner.java:355)
at org.testng.SuiteRunner.run(SuiteRunner.java:304)
at org.testng.SuiteRunnerWorker.runSuite(SuiteRunnerWorker.java:53)
at org.testng.SuiteRunnerWorker.run(SuiteRunnerWorker.java:96)
at org.testng.TestNG.runSuitesSequentially(TestNG.java:1180)
at org.testng.TestNG.runSuitesLocally(TestNG.java:1102)
at org.testng.TestNG.runSuites(TestNG.java:1032)
at org.testng.TestNG.run(TestNG.java:1000)
at org.testng.remote.AbstractRemoteTestNG.run(AbstractRemoteTestNG.java:115)
at org.testng.remote.RemoteTestNG.initAndRun(RemoteTestNG.java:251)
at org.testng.remote.RemoteTestNG.main(RemoteTestNG.java:77)
]]>
            </full-stacktrace>
          </exception> <!-- java.lang.AssertionError -->
          <reporter-output>
          </reporter-output>
        </test-method> <!-- ChangeViewTimeTest -->
        <test-method status="PASS" signature="afterMethod(org.testng.ITestResult)[pri:0, instance:testcases.ToursTest@12405818]" name="afterMethod" is-config="true" duration-ms="1207" started-at="2020-02-04T23:46:39 IST" finished-at="2020-02-04T23:46:40 IST">
          <params>
            <param index="0">
              <value>
                <![CDATA[[TestResult name=ChangeViewTimeTest status=FAILURE method=ToursTest.ChangeViewTimeTest()[pri:0, instance:testcases.ToursTest@12405818] output={null}]]]>
              </value>
            </param>
          </params>
          <reporter-output>
          </reporter-output>
        </test-method> <!-- afterMethod -->
        <test-method status="PASS" signature="GoToToursPage()[pri:0, instance:testcases.ToursTest@12405818]" name="GoToToursPage" is-config="true" duration-ms="179273" started-at="2020-02-04T23:46:40 IST" finished-at="2020-02-04T23:49:40 IST">
          <reporter-output>
          </reporter-output>
        </test-method> <!-- GoToToursPage -->
        <test-method status="PASS" signature="ChangeViewTimeToLessThanMinValueTest()[pri:0, instance:testcases.ToursTest@12405818]" name="ChangeViewTimeToLessThanMinValueTest" duration-ms="5996" started-at="2020-02-04T23:49:40 IST" finished-at="2020-02-04T23:49:46 IST">
          <reporter-output>
          </reporter-output>
        </test-method> <!-- ChangeViewTimeToLessThanMinValueTest -->
        <test-method status="PASS" signature="afterMethod(org.testng.ITestResult)[pri:0, instance:testcases.ToursTest@12405818]" name="afterMethod" is-config="true" duration-ms="1004" started-at="2020-02-04T23:49:46 IST" finished-at="2020-02-04T23:49:47 IST">
          <params>
            <param index="0">
              <value>
                <![CDATA[[TestResult name=ChangeViewTimeToLessThanMinValueTest status=SUCCESS method=ToursTest.ChangeViewTimeToLessThanMinValueTest()[pri:0, instance:testcases.ToursTest@12405818] output={null}]]]>
              </value>
            </param>
          </params>
          <reporter-output>
          </reporter-output>
        </test-method> <!-- afterMethod -->
        <test-method status="PASS" signature="GoToToursPage()[pri:0, instance:testcases.ToursTest@12405818]" name="GoToToursPage" is-config="true" duration-ms="121472" started-at="2020-02-04T23:49:47 IST" finished-at="2020-02-04T23:51:48 IST">
          <reporter-output>
          </reporter-output>
        </test-method> <!-- GoToToursPage -->
        <test-method status="PASS" signature="ChangeViewTimeToMoreThanMaxValueTest()[pri:0, instance:testcases.ToursTest@12405818]" name="ChangeViewTimeToMoreThanMaxValueTest" duration-ms="6533" started-at="2020-02-04T23:51:48 IST" finished-at="2020-02-04T23:51:55 IST">
          <reporter-output>
          </reporter-output>
        </test-method> <!-- ChangeViewTimeToMoreThanMaxValueTest -->
        <test-method status="PASS" signature="afterMethod(org.testng.ITestResult)[pri:0, instance:testcases.ToursTest@12405818]" name="afterMethod" is-config="true" duration-ms="676" started-at="2020-02-04T23:51:55 IST" finished-at="2020-02-04T23:51:55 IST">
          <params>
            <param index="0">
              <value>
                <![CDATA[[TestResult name=ChangeViewTimeToMoreThanMaxValueTest status=SUCCESS method=ToursTest.ChangeViewTimeToMoreThanMaxValueTest()[pri:0, instance:testcases.ToursTest@12405818] output={null}]]]>
              </value>
            </param>
          </params>
          <reporter-output>
          </reporter-output>
        </test-method> <!-- afterMethod -->
        <test-method status="PASS" signature="GoToToursPage()[pri:0, instance:testcases.ToursTest@12405818]" name="GoToToursPage" is-config="true" duration-ms="103039" started-at="2020-02-05T00:10:18 IST" finished-at="2020-02-05T00:12:01 IST">
          <reporter-output>
          </reporter-output>
        </test-method> <!-- GoToToursPage -->
        <test-method status="PASS" signature="ChangeVisibilityStatusTest()[pri:0, instance:testcases.ToursTest@12405818]" name="ChangeVisibilityStatusTest" duration-ms="34625" started-at="2020-02-05T00:12:01 IST" finished-at="2020-02-05T00:12:36 IST">
          <reporter-output>
          </reporter-output>
        </test-method> <!-- ChangeVisibilityStatusTest -->
        <test-method status="PASS" signature="afterMethod(org.testng.ITestResult)[pri:0, instance:testcases.ToursTest@12405818]" name="afterMethod" is-config="true" duration-ms="613" started-at="2020-02-05T00:12:36 IST" finished-at="2020-02-05T00:12:36 IST">
          <params>
            <param index="0">
              <value>
                <![CDATA[[TestResult name=ChangeVisibilityStatusTest status=SUCCESS method=ToursTest.ChangeVisibilityStatusTest()[pri:0, instance:testcases.ToursTest@12405818] output={null}]]]>
              </value>
            </param>
          </params>
          <reporter-output>
          </reporter-output>
        </test-method> <!-- afterMethod -->
        <test-method status="PASS" signature="GoToToursPage()[pri:0, instance:testcases.ToursTest@12405818]" name="GoToToursPage" is-config="true" duration-ms="104420" started-at="2020-02-05T00:41:50 IST" finished-at="2020-02-05T00:43:34 IST">
          <reporter-output>
          </reporter-output>
        </test-method> <!-- GoToToursPage -->
        <test-method status="PASS" signature="DeleteAllViewsTest()[pri:0, instance:testcases.ToursTest@12405818]" name="DeleteAllViewsTest" duration-ms="2013" started-at="2020-02-05T00:43:34 IST" finished-at="2020-02-05T00:43:36 IST">
          <reporter-output>
          </reporter-output>
        </test-method> <!-- DeleteAllViewsTest -->
        <test-method status="PASS" signature="afterMethod(org.testng.ITestResult)[pri:0, instance:testcases.ToursTest@12405818]" name="afterMethod" is-config="true" duration-ms="997" started-at="2020-02-05T00:43:36 IST" finished-at="2020-02-05T00:43:37 IST">
          <params>
            <param index="0">
              <value>
                <![CDATA[[TestResult name=DeleteAllViewsTest status=SUCCESS method=ToursTest.DeleteAllViewsTest()[pri:0, instance:testcases.ToursTest@12405818] output={null}]]]>
              </value>
            </param>
          </params>
          <reporter-output>
          </reporter-output>
        </test-method> <!-- afterMethod -->
        <test-method status="PASS" signature="GoToToursPage()[pri:0, instance:testcases.ToursTest@12405818]" name="GoToToursPage" is-config="true" duration-ms="103746" started-at="2020-02-05T00:53:59 IST" finished-at="2020-02-05T00:55:43 IST">
          <reporter-output>
          </reporter-output>
        </test-method> <!-- GoToToursPage -->
        <test-method status="PASS" signature="DeleteTourByButtonAndPressNoTest()[pri:0, instance:testcases.ToursTest@12405818]" name="DeleteTourByButtonAndPressNoTest" duration-ms="22007" started-at="2020-02-05T00:55:43 IST" finished-at="2020-02-05T00:56:05 IST">
          <reporter-output>
          </reporter-output>
        </test-method> <!-- DeleteTourByButtonAndPressNoTest -->
        <test-method status="PASS" signature="afterMethod(org.testng.ITestResult)[pri:0, instance:testcases.ToursTest@12405818]" name="afterMethod" is-config="true" duration-ms="585" started-at="2020-02-05T00:56:05 IST" finished-at="2020-02-05T00:56:06 IST">
          <params>
            <param index="0">
              <value>
                <![CDATA[[TestResult name=DeleteTourByButtonAndPressNoTest status=SUCCESS method=ToursTest.DeleteTourByButtonAndPressNoTest()[pri:0, instance:testcases.ToursTest@12405818] output={null}]]]>
              </value>
            </param>
          </params>
          <reporter-output>
          </reporter-output>
        </test-method> <!-- afterMethod -->
        <test-method status="PASS" signature="GoToToursPage()[pri:0, instance:testcases.ToursTest@12405818]" name="GoToToursPage" is-config="true" duration-ms="102200" started-at="2020-02-05T00:56:06 IST" finished-at="2020-02-05T00:57:48 IST">
          <reporter-output>
          </reporter-output>
        </test-method> <!-- GoToToursPage -->
        <test-method status="PASS" signature="DeleteTourByButtonTest()[pri:0, instance:testcases.ToursTest@12405818]" name="DeleteTourByButtonTest" duration-ms="31122" started-at="2020-02-05T00:57:48 IST" finished-at="2020-02-05T00:58:19 IST">
          <reporter-output>
          </reporter-output>
        </test-method> <!-- DeleteTourByButtonTest -->
        <test-method status="PASS" signature="afterMethod(org.testng.ITestResult)[pri:0, instance:testcases.ToursTest@12405818]" name="afterMethod" is-config="true" duration-ms="533" started-at="2020-02-05T00:58:19 IST" finished-at="2020-02-05T00:58:19 IST">
          <params>
            <param index="0">
              <value>
                <![CDATA[[TestResult name=DeleteTourByButtonTest status=SUCCESS method=ToursTest.DeleteTourByButtonTest()[pri:0, instance:testcases.ToursTest@12405818] output={null}]]]>
              </value>
            </param>
          </params>
          <reporter-output>
          </reporter-output>
        </test-method> <!-- afterMethod -->
        <test-method status="PASS" signature="GoToToursPage()[pri:0, instance:testcases.ToursTest@12405818]" name="GoToToursPage" is-config="true" duration-ms="114533" started-at="2020-02-05T00:58:19 IST" finished-at="2020-02-05T01:00:14 IST">
          <reporter-output>
          </reporter-output>
        </test-method> <!-- GoToToursPage -->
        <test-method status="PASS" signature="DeleteTourByIconAndPressNoTest()[pri:0, instance:testcases.ToursTest@12405818]" name="DeleteTourByIconAndPressNoTest" duration-ms="17976" started-at="2020-02-05T01:00:14 IST" finished-at="2020-02-05T01:00:32 IST">
          <reporter-output>
          </reporter-output>
        </test-method> <!-- DeleteTourByIconAndPressNoTest -->
        <test-method status="PASS" signature="afterMethod(org.testng.ITestResult)[pri:0, instance:testcases.ToursTest@12405818]" name="afterMethod" is-config="true" duration-ms="538" started-at="2020-02-05T01:00:32 IST" finished-at="2020-02-05T01:00:32 IST">
          <params>
            <param index="0">
              <value>
                <![CDATA[[TestResult name=DeleteTourByIconAndPressNoTest status=SUCCESS method=ToursTest.DeleteTourByIconAndPressNoTest()[pri:0, instance:testcases.ToursTest@12405818] output={null}]]]>
              </value>
            </param>
          </params>
          <reporter-output>
          </reporter-output>
        </test-method> <!-- afterMethod -->
        <test-method status="PASS" signature="GoToToursPage()[pri:0, instance:testcases.ToursTest@12405818]" name="GoToToursPage" is-config="true" duration-ms="119996" started-at="2020-02-05T01:00:32 IST" finished-at="2020-02-05T01:02:32 IST">
          <reporter-output>
          </reporter-output>
        </test-method> <!-- GoToToursPage -->
        <test-method status="PASS" signature="DeleteTourByIconTest()[pri:0, instance:testcases.ToursTest@12405818]" name="DeleteTourByIconTest" duration-ms="29397" started-at="2020-02-05T01:02:32 IST" finished-at="2020-02-05T01:03:02 IST">
          <reporter-output>
          </reporter-output>
        </test-method> <!-- DeleteTourByIconTest -->
        <test-method status="PASS" signature="afterMethod(org.testng.ITestResult)[pri:0, instance:testcases.ToursTest@12405818]" name="afterMethod" is-config="true" duration-ms="550" started-at="2020-02-05T01:03:02 IST" finished-at="2020-02-05T01:03:02 IST">
          <params>
            <param index="0">
              <value>
                <![CDATA[[TestResult name=DeleteTourByIconTest status=SUCCESS method=ToursTest.DeleteTourByIconTest()[pri:0, instance:testcases.ToursTest@12405818] output={null}]]]>
              </value>
            </param>
          </params>
          <reporter-output>
          </reporter-output>
        </test-method> <!-- afterMethod -->
        <test-method status="PASS" signature="GoToToursPage()[pri:0, instance:testcases.ToursTest@12405818]" name="GoToToursPage" is-config="true" duration-ms="118286" started-at="2020-02-05T01:13:46 IST" finished-at="2020-02-05T01:15:45 IST">
          <reporter-output>
          </reporter-output>
        </test-method> <!-- GoToToursPage -->
        <test-method status="PASS" signature="DeleteViewFromViewsPageTest()[pri:0, instance:testcases.ToursTest@12405818]" name="DeleteViewFromViewsPageTest" duration-ms="55407" started-at="2020-02-05T01:15:45 IST" finished-at="2020-02-05T01:16:40 IST">
          <reporter-output>
          </reporter-output>
        </test-method> <!-- DeleteViewFromViewsPageTest -->
        <test-method status="PASS" signature="afterMethod(org.testng.ITestResult)[pri:0, instance:testcases.ToursTest@12405818]" name="afterMethod" is-config="true" duration-ms="909" started-at="2020-02-05T01:16:40 IST" finished-at="2020-02-05T01:16:41 IST">
          <params>
            <param index="0">
              <value>
                <![CDATA[[TestResult name=DeleteViewFromViewsPageTest status=SUCCESS method=ToursTest.DeleteViewFromViewsPageTest()[pri:0, instance:testcases.ToursTest@12405818] output={null}]]]>
              </value>
            </param>
          </params>
          <reporter-output>
          </reporter-output>
        </test-method> <!-- afterMethod -->
        <test-method status="PASS" signature="GoToToursPage()[pri:0, instance:testcases.ToursTest@12405818]" name="GoToToursPage" is-config="true" duration-ms="103076" started-at="2020-02-05T01:16:41 IST" finished-at="2020-02-05T01:18:24 IST">
          <reporter-output>
          </reporter-output>
        </test-method> <!-- GoToToursPage -->
        <test-method status="PASS" signature="DeleteViewTest()[pri:0, instance:testcases.ToursTest@12405818]" name="DeleteViewTest" duration-ms="5936" started-at="2020-02-05T01:18:24 IST" finished-at="2020-02-05T01:18:30 IST">
          <reporter-output>
          </reporter-output>
        </test-method> <!-- DeleteViewTest -->
        <test-method status="PASS" signature="afterMethod(org.testng.ITestResult)[pri:0, instance:testcases.ToursTest@12405818]" name="afterMethod" is-config="true" duration-ms="1040" started-at="2020-02-05T01:18:30 IST" finished-at="2020-02-05T01:18:31 IST">
          <params>
            <param index="0">
              <value>
                <![CDATA[[TestResult name=DeleteViewTest status=SUCCESS method=ToursTest.DeleteViewTest()[pri:0, instance:testcases.ToursTest@12405818] output={null}]]]>
              </value>
            </param>
          </params>
          <reporter-output>
          </reporter-output>
        </test-method> <!-- afterMethod -->
        <test-method status="PASS" signature="GoToToursPage()[pri:0, instance:testcases.ToursTest@12405818]" name="GoToToursPage" is-config="true" duration-ms="101908" started-at="2020-02-05T01:28:47 IST" finished-at="2020-02-05T01:30:29 IST">
          <reporter-output>
          </reporter-output>
        </test-method> <!-- GoToToursPage -->
        <test-method status="PASS" signature="FilterToursTest()[pri:0, instance:testcases.ToursTest@12405818]" name="FilterToursTest" duration-ms="3206" started-at="2020-02-05T01:30:29 IST" finished-at="2020-02-05T01:30:32 IST">
          <reporter-output>
          </reporter-output>
        </test-method> <!-- FilterToursTest -->
        <test-method status="PASS" signature="afterMethod(org.testng.ITestResult)[pri:0, instance:testcases.ToursTest@12405818]" name="afterMethod" is-config="true" duration-ms="772" started-at="2020-02-05T01:30:32 IST" finished-at="2020-02-05T01:30:33 IST">
          <params>
            <param index="0">
              <value>
                <![CDATA[[TestResult name=FilterToursTest status=SUCCESS method=ToursTest.FilterToursTest()[pri:0, instance:testcases.ToursTest@12405818] output={null}]]]>
              </value>
            </param>
          </params>
          <reporter-output>
          </reporter-output>
        </test-method> <!-- afterMethod -->
        <test-method status="PASS" signature="GoToToursPage()[pri:0, instance:testcases.ToursTest@12405818]" name="GoToToursPage" is-config="true" duration-ms="102786" started-at="2020-02-05T01:30:33 IST" finished-at="2020-02-05T01:32:16 IST">
          <reporter-output>
          </reporter-output>
        </test-method> <!-- GoToToursPage -->
        <test-method status="PASS" signature="FilterViewsTest()[pri:0, instance:testcases.ToursTest@12405818]" name="FilterViewsTest" duration-ms="4645" started-at="2020-02-05T01:32:16 IST" finished-at="2020-02-05T01:32:20 IST">
          <reporter-output>
          </reporter-output>
        </test-method> <!-- FilterViewsTest -->
        <test-method status="PASS" signature="afterMethod(org.testng.ITestResult)[pri:0, instance:testcases.ToursTest@12405818]" name="afterMethod" is-config="true" duration-ms="664" started-at="2020-02-05T01:32:20 IST" finished-at="2020-02-05T01:32:21 IST">
          <params>
            <param index="0">
              <value>
                <![CDATA[[TestResult name=FilterViewsTest status=SUCCESS method=ToursTest.FilterViewsTest()[pri:0, instance:testcases.ToursTest@12405818] output={null}]]]>
              </value>
            </param>
          </params>
          <reporter-output>
          </reporter-output>
        </test-method> <!-- afterMethod -->
        <test-method status="PASS" signature="GoToToursPage()[pri:0, instance:testcases.ToursTest@12405818]" name="GoToToursPage" is-config="true" duration-ms="118317" started-at="2020-02-05T01:47:59 IST" finished-at="2020-02-05T01:49:57 IST">
          <reporter-output>
          </reporter-output>
        </test-method> <!-- GoToToursPage -->
        <test-method status="PASS" signature="NewTourWithEmptyViewTest()[pri:0, instance:testcases.ToursTest@12405818]" name="NewTourWithEmptyViewTest" duration-ms="17658" started-at="2020-02-05T01:49:57 IST" finished-at="2020-02-05T01:50:15 IST">
          <reporter-output>
          </reporter-output>
        </test-method> <!-- NewTourWithEmptyViewTest -->
        <test-method status="PASS" signature="afterMethod(org.testng.ITestResult)[pri:0, instance:testcases.ToursTest@12405818]" name="afterMethod" is-config="true" duration-ms="810" started-at="2020-02-05T01:50:15 IST" finished-at="2020-02-05T01:50:15 IST">
          <params>
            <param index="0">
              <value>
                <![CDATA[[TestResult name=NewTourWithEmptyViewTest status=SUCCESS method=ToursTest.NewTourWithEmptyViewTest()[pri:0, instance:testcases.ToursTest@12405818] output={null}]]]>
              </value>
            </param>
          </params>
          <reporter-output>
          </reporter-output>
        </test-method> <!-- afterMethod -->
        <test-method status="PASS" signature="endReport()[pri:0, instance:testcases.ToursTest@12405818]" name="endReport" is-config="true" duration-ms="69" started-at="2020-02-05T01:50:15 IST" finished-at="2020-02-05T01:50:16 IST">
          <reporter-output>
          </reporter-output>
        </test-method> <!-- endReport -->
      </class> <!-- testcases.ToursTest -->
      <class name="testcases.NVRsTest">
        <test-method status="PASS" signature="startReport()[pri:0, instance:testcases.NVRsTest@25359ed8]" name="startReport" is-config="true" duration-ms="2" started-at="2020-02-04T19:25:34 IST" finished-at="2020-02-04T19:25:34 IST">
          <reporter-output>
          </reporter-output>
        </test-method> <!-- startReport -->
        <test-method status="PASS" signature="setup(java.lang.String)[pri:0, instance:testcases.NVRsTest@25359ed8]" name="setup" is-config="true" duration-ms="4" started-at="2020-02-04T19:25:34 IST" finished-at="2020-02-04T19:25:34 IST">
          <params>
            <param index="0">
              <value>
                <![CDATA[ie]]>
              </value>
            </param>
          </params>
          <reporter-output>
          </reporter-output>
        </test-method> <!-- setup -->
        <test-method status="PASS" signature="gotoNVRPage()[pri:0, instance:testcases.NVRsTest@25359ed8]" name="gotoNVRPage" is-config="true" duration-ms="90972" started-at="2020-02-04T19:25:34 IST" finished-at="2020-02-04T19:27:05 IST">
          <reporter-output>
          </reporter-output>
        </test-method> <!-- gotoNVRPage -->
        <test-method status="PASS" signature="AddAlreadyUsedNVRManuallyTest()[pri:0, instance:testcases.NVRsTest@25359ed8]" name="AddAlreadyUsedNVRManuallyTest" duration-ms="15482" started-at="2020-02-04T19:27:05 IST" finished-at="2020-02-04T19:27:20 IST">
          <reporter-output>
          </reporter-output>
        </test-method> <!-- AddAlreadyUsedNVRManuallyTest -->
        <test-method status="PASS" signature="afterMethod(org.testng.ITestResult)[pri:0, instance:testcases.NVRsTest@25359ed8]" name="afterMethod" is-config="true" duration-ms="690" started-at="2020-02-04T19:27:20 IST" finished-at="2020-02-04T19:27:21 IST">
          <params>
            <param index="0">
              <value>
                <![CDATA[[TestResult name=AddAlreadyUsedNVRManuallyTest status=SUCCESS method=NVRsTest.AddAlreadyUsedNVRManuallyTest()[pri:0, instance:testcases.NVRsTest@25359ed8] output={null}]]]>
              </value>
            </param>
          </params>
          <reporter-output>
          </reporter-output>
        </test-method> <!-- afterMethod -->
        <test-method status="PASS" signature="gotoNVRPage()[pri:0, instance:testcases.NVRsTest@25359ed8]" name="gotoNVRPage" is-config="true" duration-ms="57282" started-at="2020-02-04T19:30:22 IST" finished-at="2020-02-04T19:31:19 IST">
          <reporter-output>
          </reporter-output>
        </test-method> <!-- gotoNVRPage -->
        <test-method status="FAIL" signature="AddNVRAndCheckStatusVTest()[pri:0, instance:testcases.NVRsTest@25359ed8]" name="AddNVRAndCheckStatusVTest" duration-ms="76083" started-at="2020-02-04T19:31:19 IST" finished-at="2020-02-04T19:32:35 IST">
          <exception class="java.lang.AssertionError">
            <message>
              <![CDATA[expected [V] but found [NVR cannot be synced. Its system unique id belongs to another NVR.]]]>
            </message>
            <full-stacktrace>
              <![CDATA[java.lang.AssertionError: expected [V] but found [NVR cannot be synced. Its system unique id belongs to another NVR.]
at org.testng.Assert.fail(Assert.java:97)
at org.testng.Assert.assertEqualsImpl(Assert.java:136)
at org.testng.Assert.assertEquals(Assert.java:118)
at org.testng.Assert.assertEquals(Assert.java:575)
at org.testng.Assert.assertEquals(Assert.java:585)
at testcases.NVRsTest.AddNVRAndCheckStatusVTest(NVRsTest.java:122)
at sun.reflect.NativeMethodAccessorImpl.invoke0(Native Method)
at sun.reflect.NativeMethodAccessorImpl.invoke(NativeMethodAccessorImpl.java:62)
at sun.reflect.DelegatingMethodAccessorImpl.invoke(DelegatingMethodAccessorImpl.java:43)
at java.lang.reflect.Method.invoke(Method.java:498)
at org.testng.internal.MethodInvocationHelper.invokeMethod(MethodInvocationHelper.java:133)
at org.testng.internal.TestInvoker.invokeMethod(TestInvoker.java:584)
at org.testng.internal.TestInvoker.invokeTestMethod(TestInvoker.java:172)
at org.testng.internal.MethodRunner.runInSequence(MethodRunner.java:46)
at org.testng.internal.TestInvoker$MethodInvocationAgent.invoke(TestInvoker.java:804)
at org.testng.internal.TestInvoker.invokeTestMethods(TestInvoker.java:145)
at org.testng.internal.TestMethodWorker.invokeTestMethods(TestMethodWorker.java:146)
at org.testng.internal.TestMethodWorker.run(TestMethodWorker.java:128)
at java.util.ArrayList.forEach(ArrayList.java:1257)
at org.testng.TestRunner.privateRun(TestRunner.java:770)
at org.testng.TestRunner.run(TestRunner.java:591)
at org.testng.SuiteRunner.runTest(SuiteRunner.java:402)
at org.testng.SuiteRunner.runSequentially(SuiteRunner.java:396)
at org.testng.SuiteRunner.privateRun(SuiteRunner.java:355)
at org.testng.SuiteRunner.run(SuiteRunner.java:304)
at org.testng.SuiteRunnerWorker.runSuite(SuiteRunnerWorker.java:53)
at org.testng.SuiteRunnerWorker.run(SuiteRunnerWorker.java:96)
at org.testng.TestNG.runSuitesSequentially(TestNG.java:1180)
at org.testng.TestNG.runSuitesLocally(TestNG.java:1102)
at org.testng.TestNG.runSuites(TestNG.java:1032)
at org.testng.TestNG.run(TestNG.java:1000)
at org.testng.remote.AbstractRemoteTestNG.run(AbstractRemoteTestNG.java:115)
at org.testng.remote.RemoteTestNG.initAndRun(RemoteTestNG.java:251)
at org.testng.remote.RemoteTestNG.main(RemoteTestNG.java:77)
]]>
            </full-stacktrace>
          </exception> <!-- java.lang.AssertionError -->
          <reporter-output>
          </reporter-output>
        </test-method> <!-- AddNVRAndCheckStatusVTest -->
        <test-method status="PASS" signature="afterMethod(org.testng.ITestResult)[pri:0, instance:testcases.NVRsTest@25359ed8]" name="afterMethod" is-config="true" duration-ms="1071" started-at="2020-02-04T19:32:35 IST" finished-at="2020-02-04T19:32:36 IST">
          <params>
            <param index="0">
              <value>
                <![CDATA[[TestResult name=AddNVRAndCheckStatusVTest status=FAILURE method=NVRsTest.AddNVRAndCheckStatusVTest()[pri:0, instance:testcases.NVRsTest@25359ed8] output={null}]]]>
              </value>
            </param>
          </params>
          <reporter-output>
          </reporter-output>
        </test-method> <!-- afterMethod -->
        <test-method status="PASS" signature="gotoNVRPage()[pri:0, instance:testcases.NVRsTest@25359ed8]" name="gotoNVRPage" is-config="true" duration-ms="57429" started-at="2020-02-04T19:32:36 IST" finished-at="2020-02-04T19:33:34 IST">
          <reporter-output>
          </reporter-output>
        </test-method> <!-- gotoNVRPage -->
        <test-method status="PASS" signature="AddNVRAndPressApplyTest()[pri:0, instance:testcases.NVRsTest@25359ed8]" name="AddNVRAndPressApplyTest" duration-ms="36985" started-at="2020-02-04T19:33:34 IST" finished-at="2020-02-04T19:34:11 IST">
          <reporter-output>
          </reporter-output>
        </test-method> <!-- AddNVRAndPressApplyTest -->
        <test-method status="PASS" signature="afterMethod(org.testng.ITestResult)[pri:0, instance:testcases.NVRsTest@25359ed8]" name="afterMethod" is-config="true" duration-ms="941" started-at="2020-02-04T19:34:11 IST" finished-at="2020-02-04T19:34:12 IST">
          <params>
            <param index="0">
              <value>
                <![CDATA[[TestResult name=AddNVRAndPressApplyTest status=SUCCESS method=NVRsTest.AddNVRAndPressApplyTest()[pri:0, instance:testcases.NVRsTest@25359ed8] output={null}]]]>
              </value>
            </param>
          </params>
          <reporter-output>
          </reporter-output>
        </test-method> <!-- afterMethod -->
        <test-method status="PASS" signature="gotoNVRPage()[pri:0, instance:testcases.NVRsTest@25359ed8]" name="gotoNVRPage" is-config="true" duration-ms="52126" started-at="2020-02-04T19:34:12 IST" finished-at="2020-02-04T19:35:04 IST">
          <reporter-output>
          </reporter-output>
        </test-method> <!-- gotoNVRPage -->
        <test-method status="PASS" signature="AddNVRManuallyAndPressApplyTest()[pri:0, instance:testcases.NVRsTest@25359ed8]" name="AddNVRManuallyAndPressApplyTest" duration-ms="33297" started-at="2020-02-04T19:35:04 IST" finished-at="2020-02-04T19:35:37 IST">
          <reporter-output>
          </reporter-output>
        </test-method> <!-- AddNVRManuallyAndPressApplyTest -->
        <test-method status="PASS" signature="afterMethod(org.testng.ITestResult)[pri:0, instance:testcases.NVRsTest@25359ed8]" name="afterMethod" is-config="true" duration-ms="534" started-at="2020-02-04T19:35:37 IST" finished-at="2020-02-04T19:35:38 IST">
          <params>
            <param index="0">
              <value>
                <![CDATA[[TestResult name=AddNVRManuallyAndPressApplyTest status=SUCCESS method=NVRsTest.AddNVRManuallyAndPressApplyTest()[pri:0, instance:testcases.NVRsTest@25359ed8] output={null}]]]>
              </value>
            </param>
          </params>
          <reporter-output>
          </reporter-output>
        </test-method> <!-- afterMethod -->
        <test-method status="PASS" signature="gotoNVRPage()[pri:0, instance:testcases.NVRsTest@25359ed8]" name="gotoNVRPage" is-config="true" duration-ms="51743" started-at="2020-02-04T19:35:38 IST" finished-at="2020-02-04T19:36:30 IST">
          <reporter-output>
          </reporter-output>
        </test-method> <!-- gotoNVRPage -->
        <test-method status="PASS" signature="AddNVRManuallyAndPressCloseTest()[pri:0, instance:testcases.NVRsTest@25359ed8]" name="AddNVRManuallyAndPressCloseTest" duration-ms="16412" started-at="2020-02-04T19:36:30 IST" finished-at="2020-02-04T19:36:46 IST">
          <reporter-output>
          </reporter-output>
        </test-method> <!-- AddNVRManuallyAndPressCloseTest -->
        <test-method status="PASS" signature="afterMethod(org.testng.ITestResult)[pri:0, instance:testcases.NVRsTest@25359ed8]" name="afterMethod" is-config="true" duration-ms="900" started-at="2020-02-04T19:36:46 IST" finished-at="2020-02-04T19:36:47 IST">
          <params>
            <param index="0">
              <value>
                <![CDATA[[TestResult name=AddNVRManuallyAndPressCloseTest status=SUCCESS method=NVRsTest.AddNVRManuallyAndPressCloseTest()[pri:0, instance:testcases.NVRsTest@25359ed8] output={null}]]]>
              </value>
            </param>
          </params>
          <reporter-output>
          </reporter-output>
        </test-method> <!-- afterMethod -->
        <test-method status="PASS" signature="gotoNVRPage()[pri:0, instance:testcases.NVRsTest@25359ed8]" name="gotoNVRPage" is-config="true" duration-ms="57546" started-at="2020-02-04T19:36:47 IST" finished-at="2020-02-04T19:37:44 IST">
          <reporter-output>
          </reporter-output>
        </test-method> <!-- gotoNVRPage -->
        <test-method status="PASS" signature="AddNVRManuallyAndSwitchONSecuredTest()[pri:0, instance:testcases.NVRsTest@25359ed8]" name="AddNVRManuallyAndSwitchONSecuredTest" duration-ms="47707" started-at="2020-02-04T19:37:44 IST" finished-at="2020-02-04T19:38:32 IST">
          <reporter-output>
          </reporter-output>
        </test-method> <!-- AddNVRManuallyAndSwitchONSecuredTest -->
        <test-method status="PASS" signature="afterMethod(org.testng.ITestResult)[pri:0, instance:testcases.NVRsTest@25359ed8]" name="afterMethod" is-config="true" duration-ms="533" started-at="2020-02-04T19:38:32 IST" finished-at="2020-02-04T19:38:33 IST">
          <params>
            <param index="0">
              <value>
                <![CDATA[[TestResult name=AddNVRManuallyAndSwitchONSecuredTest status=SUCCESS method=NVRsTest.AddNVRManuallyAndSwitchONSecuredTest()[pri:0, instance:testcases.NVRsTest@25359ed8] output={null}]]]>
              </value>
            </param>
          </params>
          <reporter-output>
          </reporter-output>
        </test-method> <!-- afterMethod -->
        <test-method status="PASS" signature="gotoNVRPage()[pri:0, instance:testcases.NVRsTest@25359ed8]" name="gotoNVRPage" is-config="true" duration-ms="56261" started-at="2020-02-04T19:38:33 IST" finished-at="2020-02-04T19:39:29 IST">
          <reporter-output>
          </reporter-output>
        </test-method> <!-- gotoNVRPage -->
        <test-method status="FAIL" signature="AddNVRManuallyCheckStatusTest()[pri:0, instance:testcases.NVRsTest@25359ed8]" name="AddNVRManuallyCheckStatusTest" duration-ms="70403" started-at="2020-02-04T19:39:29 IST" finished-at="2020-02-04T19:40:39 IST">
          <exception class="java.lang.AssertionError">
            <message>
              <![CDATA[expected [V] but found [NVR cannot be synced. Its system unique id belongs to another NVR.]]]>
            </message>
            <full-stacktrace>
              <![CDATA[java.lang.AssertionError: expected [V] but found [NVR cannot be synced. Its system unique id belongs to another NVR.]
at org.testng.Assert.fail(Assert.java:97)
at org.testng.Assert.assertEqualsImpl(Assert.java:136)
at org.testng.Assert.assertEquals(Assert.java:118)
at org.testng.Assert.assertEquals(Assert.java:575)
at org.testng.Assert.assertEquals(Assert.java:585)
at testcases.NVRsTest.AddNVRManuallyCheckStatusTest(NVRsTest.java:507)
at sun.reflect.NativeMethodAccessorImpl.invoke0(Native Method)
at sun.reflect.NativeMethodAccessorImpl.invoke(NativeMethodAccessorImpl.java:62)
at sun.reflect.DelegatingMethodAccessorImpl.invoke(DelegatingMethodAccessorImpl.java:43)
at java.lang.reflect.Method.invoke(Method.java:498)
at org.testng.internal.MethodInvocationHelper.invokeMethod(MethodInvocationHelper.java:133)
at org.testng.internal.TestInvoker.invokeMethod(TestInvoker.java:584)
at org.testng.internal.TestInvoker.invokeTestMethod(TestInvoker.java:172)
at org.testng.internal.MethodRunner.runInSequence(MethodRunner.java:46)
at org.testng.internal.TestInvoker$MethodInvocationAgent.invoke(TestInvoker.java:804)
at org.testng.internal.TestInvoker.invokeTestMethods(TestInvoker.java:145)
at org.testng.internal.TestMethodWorker.invokeTestMethods(TestMethodWorker.java:146)
at org.testng.internal.TestMethodWorker.run(TestMethodWorker.java:128)
at java.util.ArrayList.forEach(ArrayList.java:1257)
at org.testng.TestRunner.privateRun(TestRunner.java:770)
at org.testng.TestRunner.run(TestRunner.java:591)
at org.testng.SuiteRunner.runTest(SuiteRunner.java:402)
at org.testng.SuiteRunner.runSequentially(SuiteRunner.java:396)
at org.testng.SuiteRunner.privateRun(SuiteRunner.java:355)
at org.testng.SuiteRunner.run(SuiteRunner.java:304)
at org.testng.SuiteRunnerWorker.runSuite(SuiteRunnerWorker.java:53)
at org.testng.SuiteRunnerWorker.run(SuiteRunnerWorker.java:96)
at org.testng.TestNG.runSuitesSequentially(TestNG.java:1180)
at org.testng.TestNG.runSuitesLocally(TestNG.java:1102)
at org.testng.TestNG.runSuites(TestNG.java:1032)
at org.testng.TestNG.run(TestNG.java:1000)
at org.testng.remote.AbstractRemoteTestNG.run(AbstractRemoteTestNG.java:115)
at org.testng.remote.RemoteTestNG.initAndRun(RemoteTestNG.java:251)
at org.testng.remote.RemoteTestNG.main(RemoteTestNG.java:77)
]]>
            </full-stacktrace>
          </exception> <!-- java.lang.AssertionError -->
          <reporter-output>
          </reporter-output>
        </test-method> <!-- AddNVRManuallyCheckStatusTest -->
        <test-method status="PASS" signature="afterMethod(org.testng.ITestResult)[pri:0, instance:testcases.NVRsTest@25359ed8]" name="afterMethod" is-config="true" duration-ms="1035" started-at="2020-02-04T19:40:39 IST" finished-at="2020-02-04T19:40:40 IST">
          <params>
            <param index="0">
              <value>
                <![CDATA[[TestResult name=AddNVRManuallyCheckStatusTest status=FAILURE method=NVRsTest.AddNVRManuallyCheckStatusTest()[pri:0, instance:testcases.NVRsTest@25359ed8] output={null}]]]>
              </value>
            </param>
          </params>
          <reporter-output>
          </reporter-output>
        </test-method> <!-- afterMethod -->
        <test-method status="PASS" signature="gotoNVRPage()[pri:0, instance:testcases.NVRsTest@25359ed8]" name="gotoNVRPage" is-config="true" duration-ms="53427" started-at="2020-02-04T19:40:40 IST" finished-at="2020-02-04T19:41:34 IST">
          <reporter-output>
          </reporter-output>
        </test-method> <!-- gotoNVRPage -->
        <test-method status="FAIL" signature="AddNVRManuallyWithSecuredPortAndSwitchONSecuredTest()[pri:0, instance:testcases.NVRsTest@25359ed8]" name="AddNVRManuallyWithSecuredPortAndSwitchONSecuredTest" duration-ms="71395" started-at="2020-02-04T19:41:34 IST" finished-at="2020-02-04T19:42:45 IST">
          <exception class="java.lang.AssertionError">
            <message>
              <![CDATA[expected [V] but found [NVR cannot be synced. Its system unique id belongs to another NVR.]]]>
            </message>
            <full-stacktrace>
              <![CDATA[java.lang.AssertionError: expected [V] but found [NVR cannot be synced. Its system unique id belongs to another NVR.]
at org.testng.Assert.fail(Assert.java:97)
at org.testng.Assert.assertEqualsImpl(Assert.java:136)
at org.testng.Assert.assertEquals(Assert.java:118)
at org.testng.Assert.assertEquals(Assert.java:575)
at org.testng.Assert.assertEquals(Assert.java:585)
at testcases.NVRsTest.AddNVRManuallyWithSecuredPortAndSwitchONSecuredTest(NVRsTest.java:884)
at sun.reflect.NativeMethodAccessorImpl.invoke0(Native Method)
at sun.reflect.NativeMethodAccessorImpl.invoke(NativeMethodAccessorImpl.java:62)
at sun.reflect.DelegatingMethodAccessorImpl.invoke(DelegatingMethodAccessorImpl.java:43)
at java.lang.reflect.Method.invoke(Method.java:498)
at org.testng.internal.MethodInvocationHelper.invokeMethod(MethodInvocationHelper.java:133)
at org.testng.internal.TestInvoker.invokeMethod(TestInvoker.java:584)
at org.testng.internal.TestInvoker.invokeTestMethod(TestInvoker.java:172)
at org.testng.internal.MethodRunner.runInSequence(MethodRunner.java:46)
at org.testng.internal.TestInvoker$MethodInvocationAgent.invoke(TestInvoker.java:804)
at org.testng.internal.TestInvoker.invokeTestMethods(TestInvoker.java:145)
at org.testng.internal.TestMethodWorker.invokeTestMethods(TestMethodWorker.java:146)
at org.testng.internal.TestMethodWorker.run(TestMethodWorker.java:128)
at java.util.ArrayList.forEach(ArrayList.java:1257)
at org.testng.TestRunner.privateRun(TestRunner.java:770)
at org.testng.TestRunner.run(TestRunner.java:591)
at org.testng.SuiteRunner.runTest(SuiteRunner.java:402)
at org.testng.SuiteRunner.runSequentially(SuiteRunner.java:396)
at org.testng.SuiteRunner.privateRun(SuiteRunner.java:355)
at org.testng.SuiteRunner.run(SuiteRunner.java:304)
at org.testng.SuiteRunnerWorker.runSuite(SuiteRunnerWorker.java:53)
at org.testng.SuiteRunnerWorker.run(SuiteRunnerWorker.java:96)
at org.testng.TestNG.runSuitesSequentially(TestNG.java:1180)
at org.testng.TestNG.runSuitesLocally(TestNG.java:1102)
at org.testng.TestNG.runSuites(TestNG.java:1032)
at org.testng.TestNG.run(TestNG.java:1000)
at org.testng.remote.AbstractRemoteTestNG.run(AbstractRemoteTestNG.java:115)
at org.testng.remote.RemoteTestNG.initAndRun(RemoteTestNG.java:251)
at org.testng.remote.RemoteTestNG.main(RemoteTestNG.java:77)
]]>
            </full-stacktrace>
          </exception> <!-- java.lang.AssertionError -->
          <reporter-output>
          </reporter-output>
        </test-method> <!-- AddNVRManuallyWithSecuredPortAndSwitchONSecuredTest -->
        <test-method status="PASS" signature="afterMethod(org.testng.ITestResult)[pri:0, instance:testcases.NVRsTest@25359ed8]" name="afterMethod" is-config="true" duration-ms="1077" started-at="2020-02-04T19:42:45 IST" finished-at="2020-02-04T19:42:46 IST">
          <params>
            <param index="0">
              <value>
                <![CDATA[[TestResult name=AddNVRManuallyWithSecuredPortAndSwitchONSecuredTest status=FAILURE method=NVRsTest.AddNVRManuallyWithSecuredPortAndSwitchONSecuredTest()[pri:0, instance:testcases.NVRsTest@25359ed8] output={null}]]]>
              </value>
            </param>
          </params>
          <reporter-output>
          </reporter-output>
        </test-method> <!-- afterMethod -->
        <test-method status="PASS" signature="gotoNVRPage()[pri:0, instance:testcases.NVRsTest@25359ed8]" name="gotoNVRPage" is-config="true" duration-ms="54581" started-at="2020-02-04T19:42:46 IST" finished-at="2020-02-04T19:43:41 IST">
          <reporter-output>
          </reporter-output>
        </test-method> <!-- gotoNVRPage -->
        <test-method status="FAIL" signature="AddNVRManuallyWithSecuredPortTest()[pri:0, instance:testcases.NVRsTest@25359ed8]" name="AddNVRManuallyWithSecuredPortTest" duration-ms="208498" started-at="2020-02-04T19:43:41 IST" finished-at="2020-02-04T19:47:09 IST">
          <exception class="java.lang.AssertionError">
            <message>
              <![CDATA[expected [Communication Failure] but found [Connecting...]]]>
            </message>
            <full-stacktrace>
              <![CDATA[java.lang.AssertionError: expected [Communication Failure] but found [Connecting...]
at org.testng.Assert.fail(Assert.java:97)
at org.testng.Assert.assertEqualsImpl(Assert.java:136)
at org.testng.Assert.assertEquals(Assert.java:118)
at org.testng.Assert.assertEquals(Assert.java:575)
at org.testng.Assert.assertEquals(Assert.java:585)
at testcases.NVRsTest.AddNVRManuallyWithSecuredPortTest(NVRsTest.java:812)
at sun.reflect.NativeMethodAccessorImpl.invoke0(Native Method)
at sun.reflect.NativeMethodAccessorImpl.invoke(NativeMethodAccessorImpl.java:62)
at sun.reflect.DelegatingMethodAccessorImpl.invoke(DelegatingMethodAccessorImpl.java:43)
at java.lang.reflect.Method.invoke(Method.java:498)
at org.testng.internal.MethodInvocationHelper.invokeMethod(MethodInvocationHelper.java:133)
at org.testng.internal.TestInvoker.invokeMethod(TestInvoker.java:584)
at org.testng.internal.TestInvoker.invokeTestMethod(TestInvoker.java:172)
at org.testng.internal.MethodRunner.runInSequence(MethodRunner.java:46)
at org.testng.internal.TestInvoker$MethodInvocationAgent.invoke(TestInvoker.java:804)
at org.testng.internal.TestInvoker.invokeTestMethods(TestInvoker.java:145)
at org.testng.internal.TestMethodWorker.invokeTestMethods(TestMethodWorker.java:146)
at org.testng.internal.TestMethodWorker.run(TestMethodWorker.java:128)
at java.util.ArrayList.forEach(ArrayList.java:1257)
at org.testng.TestRunner.privateRun(TestRunner.java:770)
at org.testng.TestRunner.run(TestRunner.java:591)
at org.testng.SuiteRunner.runTest(SuiteRunner.java:402)
at org.testng.SuiteRunner.runSequentially(SuiteRunner.java:396)
at org.testng.SuiteRunner.privateRun(SuiteRunner.java:355)
at org.testng.SuiteRunner.run(SuiteRunner.java:304)
at org.testng.SuiteRunnerWorker.runSuite(SuiteRunnerWorker.java:53)
at org.testng.SuiteRunnerWorker.run(SuiteRunnerWorker.java:96)
at org.testng.TestNG.runSuitesSequentially(TestNG.java:1180)
at org.testng.TestNG.runSuitesLocally(TestNG.java:1102)
at org.testng.TestNG.runSuites(TestNG.java:1032)
at org.testng.TestNG.run(TestNG.java:1000)
at org.testng.remote.AbstractRemoteTestNG.run(AbstractRemoteTestNG.java:115)
at org.testng.remote.RemoteTestNG.initAndRun(RemoteTestNG.java:251)
at org.testng.remote.RemoteTestNG.main(RemoteTestNG.java:77)
]]>
            </full-stacktrace>
          </exception> <!-- java.lang.AssertionError -->
          <reporter-output>
          </reporter-output>
        </test-method> <!-- AddNVRManuallyWithSecuredPortTest -->
        <test-method status="PASS" signature="afterMethod(org.testng.ITestResult)[pri:0, instance:testcases.NVRsTest@25359ed8]" name="afterMethod" is-config="true" duration-ms="1010" started-at="2020-02-04T19:47:09 IST" finished-at="2020-02-04T19:47:10 IST">
          <params>
            <param index="0">
              <value>
                <![CDATA[[TestResult name=AddNVRManuallyWithSecuredPortTest status=FAILURE method=NVRsTest.AddNVRManuallyWithSecuredPortTest()[pri:0, instance:testcases.NVRsTest@25359ed8] output={null}]]]>
              </value>
            </param>
          </params>
          <reporter-output>
          </reporter-output>
        </test-method> <!-- afterMethod -->
        <test-method status="PASS" signature="gotoNVRPage()[pri:0, instance:testcases.NVRsTest@25359ed8]" name="gotoNVRPage" is-config="true" duration-ms="55271" started-at="2020-02-04T19:47:10 IST" finished-at="2020-02-04T19:48:06 IST">
          <reporter-output>
          </reporter-output>
        </test-method> <!-- gotoNVRPage -->
        <test-method status="FAIL" signature="AddNVRWithSecuredPortTest()[pri:0, instance:testcases.NVRsTest@25359ed8]" name="AddNVRWithSecuredPortTest" duration-ms="129112" started-at="2020-02-04T19:48:06 IST" finished-at="2020-02-04T19:50:15 IST">
          <exception class="java.lang.AssertionError">
            <message>
              <![CDATA[expected [V] but found [NVR cannot be synced. Its system unique id belongs to another NVR.]]]>
            </message>
            <full-stacktrace>
              <![CDATA[java.lang.AssertionError: expected [V] but found [NVR cannot be synced. Its system unique id belongs to another NVR.]
at org.testng.Assert.fail(Assert.java:97)
at org.testng.Assert.assertEqualsImpl(Assert.java:136)
at org.testng.Assert.assertEquals(Assert.java:118)
at org.testng.Assert.assertEquals(Assert.java:575)
at org.testng.Assert.assertEquals(Assert.java:585)
at testcases.NVRsTest.AddNVRWithSecuredPortTest(NVRsTest.java:163)
at sun.reflect.NativeMethodAccessorImpl.invoke0(Native Method)
at sun.reflect.NativeMethodAccessorImpl.invoke(NativeMethodAccessorImpl.java:62)
at sun.reflect.DelegatingMethodAccessorImpl.invoke(DelegatingMethodAccessorImpl.java:43)
at java.lang.reflect.Method.invoke(Method.java:498)
at org.testng.internal.MethodInvocationHelper.invokeMethod(MethodInvocationHelper.java:133)
at org.testng.internal.TestInvoker.invokeMethod(TestInvoker.java:584)
at org.testng.internal.TestInvoker.invokeTestMethod(TestInvoker.java:172)
at org.testng.internal.MethodRunner.runInSequence(MethodRunner.java:46)
at org.testng.internal.TestInvoker$MethodInvocationAgent.invoke(TestInvoker.java:804)
at org.testng.internal.TestInvoker.invokeTestMethods(TestInvoker.java:145)
at org.testng.internal.TestMethodWorker.invokeTestMethods(TestMethodWorker.java:146)
at org.testng.internal.TestMethodWorker.run(TestMethodWorker.java:128)
at java.util.ArrayList.forEach(ArrayList.java:1257)
at org.testng.TestRunner.privateRun(TestRunner.java:770)
at org.testng.TestRunner.run(TestRunner.java:591)
at org.testng.SuiteRunner.runTest(SuiteRunner.java:402)
at org.testng.SuiteRunner.runSequentially(SuiteRunner.java:396)
at org.testng.SuiteRunner.privateRun(SuiteRunner.java:355)
at org.testng.SuiteRunner.run(SuiteRunner.java:304)
at org.testng.SuiteRunnerWorker.runSuite(SuiteRunnerWorker.java:53)
at org.testng.SuiteRunnerWorker.run(SuiteRunnerWorker.java:96)
at org.testng.TestNG.runSuitesSequentially(TestNG.java:1180)
at org.testng.TestNG.runSuitesLocally(TestNG.java:1102)
at org.testng.TestNG.runSuites(TestNG.java:1032)
at org.testng.TestNG.run(TestNG.java:1000)
at org.testng.remote.AbstractRemoteTestNG.run(AbstractRemoteTestNG.java:115)
at org.testng.remote.RemoteTestNG.initAndRun(RemoteTestNG.java:251)
at org.testng.remote.RemoteTestNG.main(RemoteTestNG.java:77)
]]>
            </full-stacktrace>
          </exception> <!-- java.lang.AssertionError -->
          <reporter-output>
          </reporter-output>
        </test-method> <!-- AddNVRWithSecuredPortTest -->
        <test-method status="PASS" signature="afterMethod(org.testng.ITestResult)[pri:0, instance:testcases.NVRsTest@25359ed8]" name="afterMethod" is-config="true" duration-ms="650" started-at="2020-02-04T19:50:15 IST" finished-at="2020-02-04T19:50:15 IST">
          <params>
            <param index="0">
              <value>
                <![CDATA[[TestResult name=AddNVRWithSecuredPortTest status=FAILURE method=NVRsTest.AddNVRWithSecuredPortTest()[pri:0, instance:testcases.NVRsTest@25359ed8] output={null}]]]>
              </value>
            </param>
          </params>
          <reporter-output>
          </reporter-output>
        </test-method> <!-- afterMethod -->
        <test-method status="PASS" signature="gotoNVRPage()[pri:0, instance:testcases.NVRsTest@25359ed8]" name="gotoNVRPage" is-config="true" duration-ms="54736" started-at="2020-02-04T20:52:22 IST" finished-at="2020-02-04T20:53:17 IST">
          <reporter-output>
          </reporter-output>
        </test-method> <!-- gotoNVRPage -->
        <test-method status="PASS" signature="CancelRemovalNVRsByButtonTest()[pri:0, instance:testcases.NVRsTest@25359ed8]" name="CancelRemovalNVRsByButtonTest" duration-ms="14460" started-at="2020-02-04T20:53:17 IST" finished-at="2020-02-04T20:53:31 IST">
          <reporter-output>
          </reporter-output>
        </test-method> <!-- CancelRemovalNVRsByButtonTest -->
        <test-method status="PASS" signature="afterMethod(org.testng.ITestResult)[pri:0, instance:testcases.NVRsTest@25359ed8]" name="afterMethod" is-config="true" duration-ms="1030" started-at="2020-02-04T20:53:31 IST" finished-at="2020-02-04T20:53:32 IST">
          <params>
            <param index="0">
              <value>
                <![CDATA[[TestResult name=CancelRemovalNVRsByButtonTest status=SUCCESS method=NVRsTest.CancelRemovalNVRsByButtonTest()[pri:0, instance:testcases.NVRsTest@25359ed8] output={null}]]]>
              </value>
            </param>
          </params>
          <reporter-output>
          </reporter-output>
        </test-method> <!-- afterMethod -->
        <test-method status="PASS" signature="gotoNVRPage()[pri:0, instance:testcases.NVRsTest@25359ed8]" name="gotoNVRPage" is-config="true" duration-ms="54514" started-at="2020-02-04T20:53:32 IST" finished-at="2020-02-04T20:54:27 IST">
          <reporter-output>
          </reporter-output>
        </test-method> <!-- gotoNVRPage -->
        <test-method status="PASS" signature="CancelRemovalNVRsByIconTest()[pri:0, instance:testcases.NVRsTest@25359ed8]" name="CancelRemovalNVRsByIconTest" duration-ms="10112" started-at="2020-02-04T20:54:27 IST" finished-at="2020-02-04T20:54:37 IST">
          <reporter-output>
          </reporter-output>
        </test-method> <!-- CancelRemovalNVRsByIconTest -->
        <test-method status="PASS" signature="afterMethod(org.testng.ITestResult)[pri:0, instance:testcases.NVRsTest@25359ed8]" name="afterMethod" is-config="true" duration-ms="923" started-at="2020-02-04T20:54:37 IST" finished-at="2020-02-04T20:54:38 IST">
          <params>
            <param index="0">
              <value>
                <![CDATA[[TestResult name=CancelRemovalNVRsByIconTest status=SUCCESS method=NVRsTest.CancelRemovalNVRsByIconTest()[pri:0, instance:testcases.NVRsTest@25359ed8] output={null}]]]>
              </value>
            </param>
          </params>
          <reporter-output>
          </reporter-output>
        </test-method> <!-- afterMethod -->
        <test-method status="PASS" signature="gotoNVRPage()[pri:0, instance:testcases.NVRsTest@25359ed8]" name="gotoNVRPage" is-config="true" duration-ms="68116" started-at="2020-02-04T20:59:18 IST" finished-at="2020-02-04T21:00:27 IST">
          <reporter-output>
          </reporter-output>
        </test-method> <!-- gotoNVRPage -->
        <test-method status="FAIL" signature="ChangeIPAdressAndCheckStatusTest()[pri:0, instance:testcases.NVRsTest@25359ed8]" name="ChangeIPAdressAndCheckStatusTest" duration-ms="186009" started-at="2020-02-04T21:00:27 IST" finished-at="2020-02-04T21:03:33 IST">
          <exception class="java.lang.AssertionError">
            <message>
              <![CDATA[expected [172.20.1.46IP] but found [IP]]]>
            </message>
            <full-stacktrace>
              <![CDATA[java.lang.AssertionError: expected [172.20.1.46IP] but found [IP]
at org.testng.Assert.fail(Assert.java:97)
at org.testng.Assert.assertEqualsImpl(Assert.java:136)
at org.testng.Assert.assertEquals(Assert.java:118)
at org.testng.Assert.assertEquals(Assert.java:575)
at org.testng.Assert.assertEquals(Assert.java:585)
at testcases.NVRsTest.ChangeIPAdressAndCheckStatusTest(NVRsTest.java:1356)
at sun.reflect.NativeMethodAccessorImpl.invoke0(Native Method)
at sun.reflect.NativeMethodAccessorImpl.invoke(NativeMethodAccessorImpl.java:62)
at sun.reflect.DelegatingMethodAccessorImpl.invoke(DelegatingMethodAccessorImpl.java:43)
at java.lang.reflect.Method.invoke(Method.java:498)
at org.testng.internal.MethodInvocationHelper.invokeMethod(MethodInvocationHelper.java:133)
at org.testng.internal.TestInvoker.invokeMethod(TestInvoker.java:584)
at org.testng.internal.TestInvoker.invokeTestMethod(TestInvoker.java:172)
at org.testng.internal.MethodRunner.runInSequence(MethodRunner.java:46)
at org.testng.internal.TestInvoker$MethodInvocationAgent.invoke(TestInvoker.java:804)
at org.testng.internal.TestInvoker.invokeTestMethods(TestInvoker.java:145)
at org.testng.internal.TestMethodWorker.invokeTestMethods(TestMethodWorker.java:146)
at org.testng.internal.TestMethodWorker.run(TestMethodWorker.java:128)
at java.util.ArrayList.forEach(ArrayList.java:1257)
at org.testng.TestRunner.privateRun(TestRunner.java:770)
at org.testng.TestRunner.run(TestRunner.java:591)
at org.testng.SuiteRunner.runTest(SuiteRunner.java:402)
at org.testng.SuiteRunner.runSequentially(SuiteRunner.java:396)
at org.testng.SuiteRunner.privateRun(SuiteRunner.java:355)
at org.testng.SuiteRunner.run(SuiteRunner.java:304)
at org.testng.SuiteRunnerWorker.runSuite(SuiteRunnerWorker.java:53)
at org.testng.SuiteRunnerWorker.run(SuiteRunnerWorker.java:96)
at org.testng.TestNG.runSuitesSequentially(TestNG.java:1180)
at org.testng.TestNG.runSuitesLocally(TestNG.java:1102)
at org.testng.TestNG.runSuites(TestNG.java:1032)
at org.testng.TestNG.run(TestNG.java:1000)
at org.testng.remote.AbstractRemoteTestNG.run(AbstractRemoteTestNG.java:115)
at org.testng.remote.RemoteTestNG.initAndRun(RemoteTestNG.java:251)
at org.testng.remote.RemoteTestNG.main(RemoteTestNG.java:77)
]]>
            </full-stacktrace>
          </exception> <!-- java.lang.AssertionError -->
          <reporter-output>
          </reporter-output>
        </test-method> <!-- ChangeIPAdressAndCheckStatusTest -->
        <test-method status="PASS" signature="afterMethod(org.testng.ITestResult)[pri:0, instance:testcases.NVRsTest@25359ed8]" name="afterMethod" is-config="true" duration-ms="1213" started-at="2020-02-04T21:03:33 IST" finished-at="2020-02-04T21:03:34 IST">
          <params>
            <param index="0">
              <value>
                <![CDATA[[TestResult name=ChangeIPAdressAndCheckStatusTest status=FAILURE method=NVRsTest.ChangeIPAdressAndCheckStatusTest()[pri:0, instance:testcases.NVRsTest@25359ed8] output={null}]]]>
              </value>
            </param>
          </params>
          <reporter-output>
          </reporter-output>
        </test-method> <!-- afterMethod -->
        <test-method status="PASS" signature="gotoNVRPage()[pri:0, instance:testcases.NVRsTest@25359ed8]" name="gotoNVRPage" is-config="true" duration-ms="53109" started-at="2020-02-04T21:54:44 IST" finished-at="2020-02-04T21:55:37 IST">
          <reporter-output>
          </reporter-output>
        </test-method> <!-- gotoNVRPage -->
        <test-method status="PASS" signature="ChangeNameTest()[pri:0, instance:testcases.NVRsTest@25359ed8]" name="ChangeNameTest" duration-ms="23625" started-at="2020-02-04T21:55:37 IST" finished-at="2020-02-04T21:56:01 IST">
          <reporter-output>
          </reporter-output>
        </test-method> <!-- ChangeNameTest -->
        <test-method status="PASS" signature="afterMethod(org.testng.ITestResult)[pri:0, instance:testcases.NVRsTest@25359ed8]" name="afterMethod" is-config="true" duration-ms="532" started-at="2020-02-04T21:56:01 IST" finished-at="2020-02-04T21:56:02 IST">
          <params>
            <param index="0">
              <value>
                <![CDATA[[TestResult name=ChangeNameTest status=SUCCESS method=NVRsTest.ChangeNameTest()[pri:0, instance:testcases.NVRsTest@25359ed8] output={null}]]]>
              </value>
            </param>
          </params>
          <reporter-output>
          </reporter-output>
        </test-method> <!-- afterMethod -->
        <test-method status="PASS" signature="gotoNVRPage()[pri:0, instance:testcases.NVRsTest@25359ed8]" name="gotoNVRPage" is-config="true" duration-ms="55891" started-at="2020-02-04T22:02:56 IST" finished-at="2020-02-04T22:03:51 IST">
          <reporter-output>
          </reporter-output>
        </test-method> <!-- gotoNVRPage -->
        <test-method status="PASS" signature="ChangePasswordToInvalidAndCheckStatusTest()[pri:0, instance:testcases.NVRsTest@25359ed8]" name="ChangePasswordToInvalidAndCheckStatusTest" duration-ms="196926" started-at="2020-02-04T22:03:51 IST" finished-at="2020-02-04T22:07:08 IST">
          <reporter-output>
          </reporter-output>
        </test-method> <!-- ChangePasswordToInvalidAndCheckStatusTest -->
        <test-method status="PASS" signature="afterMethod(org.testng.ITestResult)[pri:0, instance:testcases.NVRsTest@25359ed8]" name="afterMethod" is-config="true" duration-ms="728" started-at="2020-02-04T22:07:08 IST" finished-at="2020-02-04T22:07:09 IST">
          <params>
            <param index="0">
              <value>
                <![CDATA[[TestResult name=ChangePasswordToInvalidAndCheckStatusTest status=SUCCESS method=NVRsTest.ChangePasswordToInvalidAndCheckStatusTest()[pri:0, instance:testcases.NVRsTest@25359ed8] output={null}]]]>
              </value>
            </param>
          </params>
          <reporter-output>
          </reporter-output>
        </test-method> <!-- afterMethod -->
        <test-method status="PASS" signature="gotoNVRPage()[pri:0, instance:testcases.NVRsTest@25359ed8]" name="gotoNVRPage" is-config="true" duration-ms="70597" started-at="2020-02-04T22:07:09 IST" finished-at="2020-02-04T22:08:20 IST">
          <reporter-output>
          </reporter-output>
        </test-method> <!-- gotoNVRPage -->
        <test-method status="PASS" signature="ChangePortAndCheckStatusTest()[pri:0, instance:testcases.NVRsTest@25359ed8]" name="ChangePortAndCheckStatusTest" duration-ms="158516" started-at="2020-02-04T22:08:20 IST" finished-at="2020-02-04T22:10:58 IST">
          <reporter-output>
          </reporter-output>
        </test-method> <!-- ChangePortAndCheckStatusTest -->
        <test-method status="PASS" signature="afterMethod(org.testng.ITestResult)[pri:0, instance:testcases.NVRsTest@25359ed8]" name="afterMethod" is-config="true" duration-ms="673" started-at="2020-02-04T22:10:58 IST" finished-at="2020-02-04T22:10:59 IST">
          <params>
            <param index="0">
              <value>
                <![CDATA[[TestResult name=ChangePortAndCheckStatusTest status=SUCCESS method=NVRsTest.ChangePortAndCheckStatusTest()[pri:0, instance:testcases.NVRsTest@25359ed8] output={null}]]]>
              </value>
            </param>
          </params>
          <reporter-output>
          </reporter-output>
        </test-method> <!-- afterMethod -->
        <test-method status="PASS" signature="gotoNVRPage()[pri:0, instance:testcases.NVRsTest@25359ed8]" name="gotoNVRPage" is-config="true" duration-ms="55325" started-at="2020-02-04T22:53:45 IST" finished-at="2020-02-04T22:54:40 IST">
          <reporter-output>
          </reporter-output>
        </test-method> <!-- gotoNVRPage -->
        <test-method status="FAIL" signature="ChangeSecuredAndCheckStatusTest()[pri:0, instance:testcases.NVRsTest@25359ed8]" name="ChangeSecuredAndCheckStatusTest" duration-ms="256764" started-at="2020-02-04T22:54:40 IST" finished-at="2020-02-04T22:58:57 IST">
          <exception class="java.lang.AssertionError">
            <message>
              <![CDATA[expected [V] but found [NVR cannot be synced. Its system unique id belongs to another NVR.]]]>
            </message>
            <full-stacktrace>
              <![CDATA[java.lang.AssertionError: expected [V] but found [NVR cannot be synced. Its system unique id belongs to another NVR.]
at org.testng.Assert.fail(Assert.java:97)
at org.testng.Assert.assertEqualsImpl(Assert.java:136)
at org.testng.Assert.assertEquals(Assert.java:118)
at org.testng.Assert.assertEquals(Assert.java:575)
at org.testng.Assert.assertEquals(Assert.java:585)
at testcases.NVRsTest.ChangeSecuredAndCheckStatusTest(NVRsTest.java:1533)
at sun.reflect.NativeMethodAccessorImpl.invoke0(Native Method)
at sun.reflect.NativeMethodAccessorImpl.invoke(NativeMethodAccessorImpl.java:62)
at sun.reflect.DelegatingMethodAccessorImpl.invoke(DelegatingMethodAccessorImpl.java:43)
at java.lang.reflect.Method.invoke(Method.java:498)
at org.testng.internal.MethodInvocationHelper.invokeMethod(MethodInvocationHelper.java:133)
at org.testng.internal.TestInvoker.invokeMethod(TestInvoker.java:584)
at org.testng.internal.TestInvoker.invokeTestMethod(TestInvoker.java:172)
at org.testng.internal.MethodRunner.runInSequence(MethodRunner.java:46)
at org.testng.internal.TestInvoker$MethodInvocationAgent.invoke(TestInvoker.java:804)
at org.testng.internal.TestInvoker.invokeTestMethods(TestInvoker.java:145)
at org.testng.internal.TestMethodWorker.invokeTestMethods(TestMethodWorker.java:146)
at org.testng.internal.TestMethodWorker.run(TestMethodWorker.java:128)
at java.util.ArrayList.forEach(ArrayList.java:1257)
at org.testng.TestRunner.privateRun(TestRunner.java:770)
at org.testng.TestRunner.run(TestRunner.java:591)
at org.testng.SuiteRunner.runTest(SuiteRunner.java:402)
at org.testng.SuiteRunner.runSequentially(SuiteRunner.java:396)
at org.testng.SuiteRunner.privateRun(SuiteRunner.java:355)
at org.testng.SuiteRunner.run(SuiteRunner.java:304)
at org.testng.SuiteRunnerWorker.runSuite(SuiteRunnerWorker.java:53)
at org.testng.SuiteRunnerWorker.run(SuiteRunnerWorker.java:96)
at org.testng.TestNG.runSuitesSequentially(TestNG.java:1180)
at org.testng.TestNG.runSuitesLocally(TestNG.java:1102)
at org.testng.TestNG.runSuites(TestNG.java:1032)
at org.testng.TestNG.run(TestNG.java:1000)
at org.testng.remote.AbstractRemoteTestNG.run(AbstractRemoteTestNG.java:115)
at org.testng.remote.RemoteTestNG.initAndRun(RemoteTestNG.java:251)
at org.testng.remote.RemoteTestNG.main(RemoteTestNG.java:77)
]]>
            </full-stacktrace>
          </exception> <!-- java.lang.AssertionError -->
          <reporter-output>
          </reporter-output>
        </test-method> <!-- ChangeSecuredAndCheckStatusTest -->
        <test-method status="PASS" signature="afterMethod(org.testng.ITestResult)[pri:0, instance:testcases.NVRsTest@25359ed8]" name="afterMethod" is-config="true" duration-ms="908" started-at="2020-02-04T22:58:57 IST" finished-at="2020-02-04T22:58:58 IST">
          <params>
            <param index="0">
              <value>
                <![CDATA[[TestResult name=ChangeSecuredAndCheckStatusTest status=FAILURE method=NVRsTest.ChangeSecuredAndCheckStatusTest()[pri:0, instance:testcases.NVRsTest@25359ed8] output={null}]]]>
              </value>
            </param>
          </params>
          <reporter-output>
          </reporter-output>
        </test-method> <!-- afterMethod -->
        <test-method status="PASS" signature="gotoNVRPage()[pri:0, instance:testcases.NVRsTest@25359ed8]" name="gotoNVRPage" is-config="true" duration-ms="57562" started-at="2020-02-04T23:19:44 IST" finished-at="2020-02-04T23:20:42 IST">
          <reporter-output>
          </reporter-output>
        </test-method> <!-- gotoNVRPage -->
        <test-method status="PASS" signature="ChangeUserNameToInvalidAndCheckStatusTest()[pri:0, instance:testcases.NVRsTest@25359ed8]" name="ChangeUserNameToInvalidAndCheckStatusTest" duration-ms="202475" started-at="2020-02-04T23:20:42 IST" finished-at="2020-02-04T23:24:04 IST">
          <reporter-output>
          </reporter-output>
        </test-method> <!-- ChangeUserNameToInvalidAndCheckStatusTest -->
        <test-method status="PASS" signature="afterMethod(org.testng.ITestResult)[pri:0, instance:testcases.NVRsTest@25359ed8]" name="afterMethod" is-config="true" duration-ms="529" started-at="2020-02-04T23:24:04 IST" finished-at="2020-02-04T23:24:05 IST">
          <params>
            <param index="0">
              <value>
                <![CDATA[[TestResult name=ChangeUserNameToInvalidAndCheckStatusTest status=SUCCESS method=NVRsTest.ChangeUserNameToInvalidAndCheckStatusTest()[pri:0, instance:testcases.NVRsTest@25359ed8] output={null}]]]>
              </value>
            </param>
          </params>
          <reporter-output>
          </reporter-output>
        </test-method> <!-- afterMethod -->
        <test-method status="PASS" signature="gotoNVRPage()[pri:0, instance:testcases.NVRsTest@25359ed8]" name="gotoNVRPage" is-config="true" duration-ms="54151" started-at="2020-02-05T00:48:55 IST" finished-at="2020-02-05T00:49:49 IST">
          <reporter-output>
          </reporter-output>
        </test-method> <!-- gotoNVRPage -->
        <test-method status="PASS" signature="DeleteOneNVRClickOnAnotherNVRAndCheckPropertiesPanelTest()[pri:0, instance:testcases.NVRsTest@25359ed8]" name="DeleteOneNVRClickOnAnotherNVRAndCheckPropertiesPanelTest" duration-ms="24534" started-at="2020-02-05T00:49:49 IST" finished-at="2020-02-05T00:50:14 IST">
          <reporter-output>
          </reporter-output>
        </test-method> <!-- DeleteOneNVRClickOnAnotherNVRAndCheckPropertiesPanelTest -->
        <test-method status="PASS" signature="afterMethod(org.testng.ITestResult)[pri:0, instance:testcases.NVRsTest@25359ed8]" name="afterMethod" is-config="true" duration-ms="732" started-at="2020-02-05T00:50:14 IST" finished-at="2020-02-05T00:50:15 IST">
          <params>
            <param index="0">
              <value>
                <![CDATA[[TestResult name=DeleteOneNVRClickOnAnotherNVRAndCheckPropertiesPanelTest status=SUCCESS method=NVRsTest.DeleteOneNVRClickOnAnotherNVRAndCheckPropertiesPanelTest()[pri:0, instance:testcases.NVRsTest@25359ed8] output={null}]]]>
              </value>
            </param>
          </params>
          <reporter-output>
          </reporter-output>
        </test-method> <!-- afterMethod -->
        <test-method status="PASS" signature="gotoNVRPage()[pri:0, instance:testcases.NVRsTest@25359ed8]" name="gotoNVRPage" is-config="true" duration-ms="54718" started-at="2020-02-05T01:26:31 IST" finished-at="2020-02-05T01:27:26 IST">
          <reporter-output>
          </reporter-output>
        </test-method> <!-- gotoNVRPage -->
[...]
at java.util.ArrayList.forEach(ArrayList.java:1257)
at org.testng.TestRunner.privateRun(TestRunner.java:770)
at org.testng.TestRunner.run(TestRunner.java:591)
at org.testng.SuiteRunner.runTest(SuiteRunner.java:402)
at org.testng.SuiteRunner.runSequentially(SuiteRunner.java:396)
at org.testng.SuiteRunner.privateRun(SuiteRunner.java:355)
at org.testng.SuiteRunner.run(SuiteRunner.java:304)
at org.testng.SuiteRunnerWorker.runSuite(SuiteRunnerWorker.java:53)
at org.testng.SuiteRunnerWorker.run(SuiteRunnerWorker.java:96)
at org.testng.TestNG.runSuitesSequentially(TestNG.java:1180)
at org.testng.TestNG.runSuitesLocally(TestNG.java:1102)
at org.testng.TestNG.runSuites(TestNG.java:1032)
at org.testng.TestNG.run(TestNG.java:1000)
at org.testng.remote.AbstractRemoteTestNG.run(AbstractRemoteTestNG.java:115)
at org.testng.remote.RemoteTestNG.initAndRun(RemoteTestNG.java:251)
at org.testng.remote.RemoteTestNG.main(RemoteTestNG.java:77)
]]>
            </full-stacktrace>
          </exception> <!-- java.lang.AssertionError -->
          <reporter-output>
          </reporter-output>
        </test-method> <!-- ChangeViewTimeExitAndSaveTest -->
        <test-method status="PASS" signature="afterMethod(org.testng.ITestResult)[pri:0, instance:testcases.ToursElementsTest@80ec1f8]" name="afterMethod" is-config="true" duration-ms="1163" started-at="2020-02-04T23:44:29 IST" finished-at="2020-02-04T23:44:30 IST">
          <params>
            <param index="0">
              <value>
                <![CDATA[[TestResult name=ChangeViewTimeExitAndSaveTest status=FAILURE method=ToursElementsTest.ChangeViewTimeExitAndSaveTest()[pri:0, instance:testcases.ToursElementsTest@80ec1f8] output={null}]]]>
              </value>
            </param>
          </params>
          <reporter-output>
          </reporter-output>
        </test-method> <!-- afterMethod -->
        <test-method status="PASS" signature="GoToToursPage()[pri:0, instance:testcases.ToursElementsTest@80ec1f8]" name="GoToToursPage" is-config="true" duration-ms="119992" started-at="2020-02-04T23:51:55 IST" finished-at="2020-02-04T23:53:55 IST">
          <reporter-output>
          </reporter-output>
        </test-method> <!-- GoToToursPage -->
        <test-method status="PASS" signature="ChangeVisibilityStatusAndCancelTest()[pri:0, instance:testcases.ToursElementsTest@80ec1f8]" name="ChangeVisibilityStatusAndCancelTest" duration-ms="4458" started-at="2020-02-04T23:53:55 IST" finished-at="2020-02-04T23:54:00 IST">
          <reporter-output>
          </reporter-output>
        </test-method> <!-- ChangeVisibilityStatusAndCancelTest -->
        <test-method status="PASS" signature="afterMethod(org.testng.ITestResult)[pri:0, instance:testcases.ToursElementsTest@80ec1f8]" name="afterMethod" is-config="true" duration-ms="1000" started-at="2020-02-04T23:54:00 IST" finished-at="2020-02-04T23:54:01 IST">
          <params>
            <param index="0">
              <value>
                <![CDATA[[TestResult name=ChangeVisibilityStatusAndCancelTest status=SUCCESS method=ToursElementsTest.ChangeVisibilityStatusAndCancelTest()[pri:0, instance:testcases.ToursElementsTest@80ec1f8] output={null}]]]>
              </value>
            </param>
          </params>
          <reporter-output>
          </reporter-output>
        </test-method> <!-- afterMethod -->
        <test-method status="PASS" signature="GoToToursPage()[pri:0, instance:testcases.ToursElementsTest@80ec1f8]" name="GoToToursPage" is-config="true" duration-ms="104701" started-at="2020-02-04T23:55:55 IST" finished-at="2020-02-04T23:57:39 IST">
          <reporter-output>
          </reporter-output>
        </test-method> <!-- GoToToursPage -->
        <test-method status="PASS" signature="ChangeVisibilityStatusExitAndCancelTest()[pri:0, instance:testcases.ToursElementsTest@80ec1f8]" name="ChangeVisibilityStatusExitAndCancelTest" duration-ms="20548" started-at="2020-02-04T23:57:39 IST" finished-at="2020-02-04T23:58:00 IST">
          <reporter-output>
          </reporter-output>
        </test-method> <!-- ChangeVisibilityStatusExitAndCancelTest -->
        <test-method status="PASS" signature="afterMethod(org.testng.ITestResult)[pri:0, instance:testcases.ToursElementsTest@80ec1f8]" name="afterMethod" is-config="true" duration-ms="541" started-at="2020-02-04T23:58:00 IST" finished-at="2020-02-04T23:58:00 IST">
          <params>
            <param index="0">
              <value>
                <![CDATA[[TestResult name=ChangeVisibilityStatusExitAndCancelTest status=SUCCESS method=ToursElementsTest.ChangeVisibilityStatusExitAndCancelTest()[pri:0, instance:testcases.ToursElementsTest@80ec1f8] output={null}]]]>
              </value>
            </param>
          </params>
          <reporter-output>
          </reporter-output>
        </test-method> <!-- afterMethod -->
        <test-method status="PASS" signature="GoToToursPage()[pri:0, instance:testcases.ToursElementsTest@80ec1f8]" name="GoToToursPage" is-config="true" duration-ms="120417" started-at="2020-02-04T23:58:00 IST" finished-at="2020-02-05T00:00:01 IST">
          <reporter-output>
          </reporter-output>
        </test-method> <!-- GoToToursPage -->
        <test-method status="PASS" signature="ChangeVisibilityStatusExitAndDoNotSaveTest()[pri:0, instance:testcases.ToursElementsTest@80ec1f8]" name="ChangeVisibilityStatusExitAndDoNotSaveTest" duration-ms="25435" started-at="2020-02-05T00:00:01 IST" finished-at="2020-02-05T00:00:26 IST">
          <reporter-output>
          </reporter-output>
        </test-method> <!-- ChangeVisibilityStatusExitAndDoNotSaveTest -->
        <test-method status="PASS" signature="afterMethod(org.testng.ITestResult)[pri:0, instance:testcases.ToursElementsTest@80ec1f8]" name="afterMethod" is-config="true" duration-ms="533" started-at="2020-02-05T00:00:26 IST" finished-at="2020-02-05T00:00:27 IST">
          <params>
            <param index="0">
              <value>
                <![CDATA[[TestResult name=ChangeVisibilityStatusExitAndDoNotSaveTest status=SUCCESS method=ToursElementsTest.ChangeVisibilityStatusExitAndDoNotSaveTest()[pri:0, instance:testcases.ToursElementsTest@80ec1f8] output={null}]]]>
              </value>
            </param>
          </params>
          <reporter-output>
          </reporter-output>
        </test-method> <!-- afterMethod -->
        <test-method status="PASS" signature="GoToToursPage()[pri:0, instance:testcases.ToursElementsTest@80ec1f8]" name="GoToToursPage" is-config="true" duration-ms="122525" started-at="2020-02-05T00:07:46 IST" finished-at="2020-02-05T00:09:49 IST">
          <reporter-output>
          </reporter-output>
        </test-method> <!-- GoToToursPage -->
        <test-method status="PASS" signature="ChangeVisibilityStatusExitAndSaveTest()[pri:0, instance:testcases.ToursElementsTest@80ec1f8]" name="ChangeVisibilityStatusExitAndSaveTest" duration-ms="28607" started-at="2020-02-05T00:09:49 IST" finished-at="2020-02-05T00:10:17 IST">
          <reporter-output>
          </reporter-output>
        </test-method> <!-- ChangeVisibilityStatusExitAndSaveTest -->
        <test-method status="PASS" signature="afterMethod(org.testng.ITestResult)[pri:0, instance:testcases.ToursElementsTest@80ec1f8]" name="afterMethod" is-config="true" duration-ms="540" started-at="2020-02-05T00:10:17 IST" finished-at="2020-02-05T00:10:18 IST">
          <params>
            <param index="0">
              <value>
                <![CDATA[[TestResult name=ChangeVisibilityStatusExitAndSaveTest status=SUCCESS method=ToursElementsTest.ChangeVisibilityStatusExitAndSaveTest()[pri:0, instance:testcases.ToursElementsTest@80ec1f8] output={null}]]]>
              </value>
            </param>
          </params>
          <reporter-output>
          </reporter-output>
        </test-method> <!-- afterMethod -->
        <test-method status="PASS" signature="GoToToursPage()[pri:0, instance:testcases.ToursElementsTest@80ec1f8]" name="GoToToursPage" is-config="true" duration-ms="105085" started-at="2020-02-05T00:33:54 IST" finished-at="2020-02-05T00:35:39 IST">
          <reporter-output>
          </reporter-output>
        </test-method> <!-- GoToToursPage -->
        <test-method status="PASS" signature="DeleteAllViewsAndCancelTest()[pri:0, instance:testcases.ToursElementsTest@80ec1f8]" name="DeleteAllViewsAndCancelTest" duration-ms="5775" started-at="2020-02-05T00:35:39 IST" finished-at="2020-02-05T00:35:45 IST">
          <reporter-output>
          </reporter-output>
        </test-method> <!-- DeleteAllViewsAndCancelTest -->
        <test-method status="PASS" signature="afterMethod(org.testng.ITestResult)[pri:0, instance:testcases.ToursElementsTest@80ec1f8]" name="afterMethod" is-config="true" duration-ms="866" started-at="2020-02-05T00:35:45 IST" finished-at="2020-02-05T00:35:46 IST">
          <params>
            <param index="0">
              <value>
                <![CDATA[[TestResult name=DeleteAllViewsAndCancelTest status=SUCCESS method=ToursElementsTest.DeleteAllViewsAndCancelTest()[pri:0, instance:testcases.ToursElementsTest@80ec1f8] output={null}]]]>
              </value>
            </param>
          </params>
          <reporter-output>
          </reporter-output>
        </test-method> <!-- afterMethod -->
        <test-method status="PASS" signature="GoToToursPage()[pri:0, instance:testcases.ToursElementsTest@80ec1f8]" name="GoToToursPage" is-config="true" duration-ms="104394" started-at="2020-02-05T00:35:46 IST" finished-at="2020-02-05T00:37:30 IST">
          <reporter-output>
          </reporter-output>
        </test-method> <!-- GoToToursPage -->
        <test-method status="PASS" signature="DeleteAllViewsExitAndCancelTest()[pri:0, instance:testcases.ToursElementsTest@80ec1f8]" name="DeleteAllViewsExitAndCancelTest" duration-ms="23440" started-at="2020-02-05T00:37:30 IST" finished-at="2020-02-05T00:37:54 IST">
          <reporter-output>
          </reporter-output>
        </test-method> <!-- DeleteAllViewsExitAndCancelTest -->
        <test-method status="PASS" signature="afterMethod(org.testng.ITestResult)[pri:0, instance:testcases.ToursElementsTest@80ec1f8]" name="afterMethod" is-config="true" duration-ms="691" started-at="2020-02-05T00:37:54 IST" finished-at="2020-02-05T00:37:54 IST">
          <params>
            <param index="0">
              <value>
                <![CDATA[[TestResult name=DeleteAllViewsExitAndCancelTest status=SUCCESS method=ToursElementsTest.DeleteAllViewsExitAndCancelTest()[pri:0, instance:testcases.ToursElementsTest@80ec1f8] output={null}]]]>
              </value>
            </param>
          </params>
          <reporter-output>
          </reporter-output>
        </test-method> <!-- afterMethod -->
        <test-method status="PASS" signature="GoToToursPage()[pri:0, instance:testcases.ToursElementsTest@80ec1f8]" name="GoToToursPage" is-config="true" duration-ms="103835" started-at="2020-02-05T00:37:54 IST" finished-at="2020-02-05T00:39:38 IST">
          <reporter-output>
          </reporter-output>
        </test-method> <!-- GoToToursPage -->
        <test-method status="PASS" signature="DeleteAllViewsExitAndDoNotSaveTest()[pri:0, instance:testcases.ToursElementsTest@80ec1f8]" name="DeleteAllViewsExitAndDoNotSaveTest" duration-ms="22180" started-at="2020-02-05T00:39:38 IST" finished-at="2020-02-05T00:40:00 IST">
          <reporter-output>
          </reporter-output>
        </test-method> <!-- DeleteAllViewsExitAndDoNotSaveTest -->
        <test-method status="PASS" signature="afterMethod(org.testng.ITestResult)[pri:0, instance:testcases.ToursElementsTest@80ec1f8]" name="afterMethod" is-config="true" duration-ms="575" started-at="2020-02-05T00:40:00 IST" finished-at="2020-02-05T00:40:01 IST">
          <params>
            <param index="0">
              <value>
                <![CDATA[[TestResult name=DeleteAllViewsExitAndDoNotSaveTest status=SUCCESS method=ToursElementsTest.DeleteAllViewsExitAndDoNotSaveTest()[pri:0, instance:testcases.ToursElementsTest@80ec1f8] output={null}]]]>
              </value>
            </param>
          </params>
          <reporter-output>
          </reporter-output>
        </test-method> <!-- afterMethod -->
        <test-method status="PASS" signature="GoToToursPage()[pri:0, instance:testcases.ToursElementsTest@80ec1f8]" name="GoToToursPage" is-config="true" duration-ms="103912" started-at="2020-02-05T00:40:01 IST" finished-at="2020-02-05T00:41:45 IST">
          <reporter-output>
          </reporter-output>
        </test-method> <!-- GoToToursPage -->
        <test-method status="PASS" signature="DeleteAllViewsExitAndSaveTest()[pri:0, instance:testcases.ToursElementsTest@80ec1f8]" name="DeleteAllViewsExitAndSaveTest" duration-ms="4078" started-at="2020-02-05T00:41:45 IST" finished-at="2020-02-05T00:41:49 IST">
          <reporter-output>
          </reporter-output>
        </test-method> <!-- DeleteAllViewsExitAndSaveTest -->
        <test-method status="PASS" signature="afterMethod(org.testng.ITestResult)[pri:0, instance:testcases.ToursElementsTest@80ec1f8]" name="afterMethod" is-config="true" duration-ms="709" started-at="2020-02-05T00:41:49 IST" finished-at="2020-02-05T00:41:50 IST">
          <params>
            <param index="0">
              <value>
                <![CDATA[[TestResult name=DeleteAllViewsExitAndSaveTest status=SUCCESS method=ToursElementsTest.DeleteAllViewsExitAndSaveTest()[pri:0, instance:testcases.ToursElementsTest@80ec1f8] output={null}]]]>
              </value>
            </param>
          </params>
          <reporter-output>
          </reporter-output>
        </test-method> <!-- afterMethod -->
        <test-method status="PASS" signature="GoToToursPage()[pri:0, instance:testcases.ToursElementsTest@80ec1f8]" name="GoToToursPage" is-config="true" duration-ms="118617" started-at="2020-02-05T01:05:13 IST" finished-at="2020-02-05T01:07:12 IST">
          <reporter-output>
          </reporter-output>
        </test-method> <!-- GoToToursPage -->
        <test-method status="PASS" signature="DeleteViewAndCancelTest()[pri:0, instance:testcases.ToursElementsTest@80ec1f8]" name="DeleteViewAndCancelTest" duration-ms="3311" started-at="2020-02-05T01:07:12 IST" finished-at="2020-02-05T01:07:15 IST">
          <reporter-output>
          </reporter-output>
        </test-method> <!-- DeleteViewAndCancelTest -->
        <test-method status="PASS" signature="afterMethod(org.testng.ITestResult)[pri:0, instance:testcases.ToursElementsTest@80ec1f8]" name="afterMethod" is-config="true" duration-ms="536" started-at="2020-02-05T01:07:15 IST" finished-at="2020-02-05T01:07:16 IST">
          <params>
            <param index="0">
              <value>
                <![CDATA[[TestResult name=DeleteViewAndCancelTest status=SUCCESS method=ToursElementsTest.DeleteViewAndCancelTest()[pri:0, instance:testcases.ToursElementsTest@80ec1f8] output={null}]]]>
              </value>
            </param>
          </params>
          <reporter-output>
          </reporter-output>
        </test-method> <!-- afterMethod -->
        <test-method status="PASS" signature="GoToToursPage()[pri:0, instance:testcases.ToursElementsTest@80ec1f8]" name="GoToToursPage" is-config="true" duration-ms="105269" started-at="2020-02-05T01:07:16 IST" finished-at="2020-02-05T01:09:01 IST">
          <reporter-output>
          </reporter-output>
        </test-method> <!-- GoToToursPage -->
        <test-method status="PASS" signature="DeleteViewExitAndCancelTest()[pri:0, instance:testcases.ToursElementsTest@80ec1f8]" name="DeleteViewExitAndCancelTest" duration-ms="17392" started-at="2020-02-05T01:09:01 IST" finished-at="2020-02-05T01:09:19 IST">
          <reporter-output>
          </reporter-output>
        </test-method> <!-- DeleteViewExitAndCancelTest -->
        <test-method status="PASS" signature="afterMethod(org.testng.ITestResult)[pri:0, instance:testcases.ToursElementsTest@80ec1f8]" name="afterMethod" is-config="true" duration-ms="620" started-at="2020-02-05T01:09:19 IST" finished-at="2020-02-05T01:09:19 IST">
          <params>
            <param index="0">
              <value>
                <![CDATA[[TestResult name=DeleteViewExitAndCancelTest status=SUCCESS method=ToursElementsTest.DeleteViewExitAndCancelTest()[pri:0, instance:testcases.ToursElementsTest@80ec1f8] output={null}]]]>
              </value>
            </param>
          </params>
          <reporter-output>
          </reporter-output>
        </test-method> <!-- afterMethod -->
        <test-method status="PASS" signature="GoToToursPage()[pri:0, instance:testcases.ToursElementsTest@80ec1f8]" name="GoToToursPage" is-config="true" duration-ms="102451" started-at="2020-02-05T01:09:19 IST" finished-at="2020-02-05T01:11:02 IST">
          <reporter-output>
          </reporter-output>
        </test-method> <!-- GoToToursPage -->
        <test-method status="PASS" signature="DeleteViewExitAndDoNotSaveTest()[pri:0, instance:testcases.ToursElementsTest@80ec1f8]" name="DeleteViewExitAndDoNotSaveTest" duration-ms="20490" started-at="2020-02-05T01:11:02 IST" finished-at="2020-02-05T01:11:22 IST">
          <reporter-output>
          </reporter-output>
        </test-method> <!-- DeleteViewExitAndDoNotSaveTest -->
        <test-method status="PASS" signature="afterMethod(org.testng.ITestResult)[pri:0, instance:testcases.ToursElementsTest@80ec1f8]" name="afterMethod" is-config="true" duration-ms="1015" started-at="2020-02-05T01:11:22 IST" finished-at="2020-02-05T01:11:23 IST">
          <params>
            <param index="0">
              <value>
                <![CDATA[[TestResult name=DeleteViewExitAndDoNotSaveTest status=SUCCESS method=ToursElementsTest.DeleteViewExitAndDoNotSaveTest()[pri:0, instance:testcases.ToursElementsTest@80ec1f8] output={null}]]]>
              </value>
            </param>
          </params>
          <reporter-output>
          </reporter-output>
        </test-method> <!-- afterMethod -->
        <test-method status="PASS" signature="GoToToursPage()[pri:0, instance:testcases.ToursElementsTest@80ec1f8]" name="GoToToursPage" is-config="true" duration-ms="119243" started-at="2020-02-05T01:11:23 IST" finished-at="2020-02-05T01:13:22 IST">
          <reporter-output>
          </reporter-output>
        </test-method> <!-- GoToToursPage -->
        <test-method status="PASS" signature="DeleteViewExitAndSaveTest()[pri:0, instance:testcases.ToursElementsTest@80ec1f8]" name="DeleteViewExitAndSaveTest" duration-ms="23412" started-at="2020-02-05T01:13:22 IST" finished-at="2020-02-05T01:13:46 IST">
          <reporter-output>
          </reporter-output>
        </test-method> <!-- DeleteViewExitAndSaveTest -->
        <test-method status="PASS" signature="afterMethod(org.testng.ITestResult)[pri:0, instance:testcases.ToursElementsTest@80ec1f8]" name="afterMethod" is-config="true" duration-ms="532" started-at="2020-02-05T01:13:46 IST" finished-at="2020-02-05T01:13:46 IST">
          <params>
            <param index="0">
              <value>
                <![CDATA[[TestResult name=DeleteViewExitAndSaveTest status=SUCCESS method=ToursElementsTest.DeleteViewExitAndSaveTest()[pri:0, instance:testcases.ToursElementsTest@80ec1f8] output={null}]]]>
              </value>
            </param>
          </params>
          <reporter-output>
          </reporter-output>
        </test-method> <!-- afterMethod -->
        <test-method status="PASS" signature="endReport()[pri:0, instance:testcases.ToursElementsTest@80ec1f8]" name="endReport" is-config="true" duration-ms="78" started-at="2020-02-05T01:13:46 IST" finished-at="2020-02-05T01:13:46 IST">
          <reporter-output>
          </reporter-output>
        </test-method> <!-- endReport -->
      </class> <!-- testcases.ToursElementsTest -->
    </test> <!-- Default test -->
  </suite> <!-- Default suite -->
</testng-results>
