<?xml version="1.0" encoding="UTF-8"?>
<testng-results skipped="0" failed="26" ignored="69" total="261" passed="166">
  <reporter-output>
  </reporter-output>
  <suite name="Default suite" duration-ms="26909588" started-at="2020-02-06T13:37:09 IST" finished-at="2020-02-06T21:05:39 IST">
    <groups>
    </groups>
    <test name="Default test" duration-ms="26909588" started-at="2020-02-06T13:37:09 IST" finished-at="2020-02-06T21:05:39 IST">
      <class name="testcases.ToursTest">
        <test-method status="PASS" signature="startReport()[pri:0, instance:testcases.ToursTest@12405818]" name="startReport" is-config="true" duration-ms="2" started-at="2020-02-06T13:37:09 IST" finished-at="2020-02-06T13:37:09 IST">
          <reporter-output>
          </reporter-output>
        </test-method> <!-- startReport -->
        <test-method status="PASS" signature="setup(java.lang.String)[pri:0, instance:testcases.ToursTest@12405818]" name="setup" is-config="true" duration-ms="0" started-at="2020-02-06T14:08:03 IST" finished-at="2020-02-06T14:08:03 IST">
          <params>
            <param index="0">
              <value>
                <![CDATA[ie]]>
              </value>
            </param>
          </params>
          <reporter-output>
          </reporter-output>
        </test-method> <!-- setup -->
        <test-method status="PASS" signature="GoToToursPage()[pri:0, instance:testcases.ToursTest@12405818]" name="GoToToursPage" is-config="true" duration-ms="99294" started-at="2020-02-06T14:08:03 IST" finished-at="2020-02-06T14:09:42 IST">
          <reporter-output>
          </reporter-output>
        </test-method> <!-- GoToToursPage -->
        <test-method status="PASS" signature="AddNewTourTest()[pri:0, instance:testcases.ToursTest@12405818]" name="AddNewTourTest" duration-ms="10953" started-at="2020-02-06T14:09:42 IST" finished-at="2020-02-06T14:09:53 IST">
          <reporter-output>
          </reporter-output>
        </test-method> <!-- AddNewTourTest -->
        <test-method status="PASS" signature="afterMethod(org.testng.ITestResult)[pri:0, instance:testcases.ToursTest@12405818]" name="afterMethod" is-config="true" duration-ms="618" started-at="2020-02-06T14:09:53 IST" finished-at="2020-02-06T14:09:54 IST">
          <params>
            <param index="0">
              <value>
                <![CDATA[[TestResult name=AddNewTourTest status=SUCCESS method=ToursTest.AddNewTourTest()[pri:0, instance:testcases.ToursTest@12405818] output={null}]]]>
              </value>
            </param>
          </params>
          <reporter-output>
          </reporter-output>
        </test-method> <!-- afterMethod -->
        <test-method status="PASS" signature="GoToToursPage()[pri:0, instance:testcases.ToursTest@12405818]" name="GoToToursPage" is-config="true" duration-ms="98405" started-at="2020-02-06T14:09:54 IST" finished-at="2020-02-06T14:11:32 IST">
          <reporter-output>
          </reporter-output>
        </test-method> <!-- GoToToursPage -->
        <test-method status="PASS" signature="AddNewTourWithAllParametersTest()[pri:0, instance:testcases.ToursTest@12405818]" name="AddNewTourWithAllParametersTest" duration-ms="113209" started-at="2020-02-06T14:11:32 IST" finished-at="2020-02-06T14:13:26 IST">
          <reporter-output>
          </reporter-output>
        </test-method> <!-- AddNewTourWithAllParametersTest -->
        <test-method status="PASS" signature="afterMethod(org.testng.ITestResult)[pri:0, instance:testcases.ToursTest@12405818]" name="afterMethod" is-config="true" duration-ms="704" started-at="2020-02-06T14:13:26 IST" finished-at="2020-02-06T14:13:26 IST">
          <params>
            <param index="0">
              <value>
                <![CDATA[[TestResult name=AddNewTourWithAllParametersTest status=SUCCESS method=ToursTest.AddNewTourWithAllParametersTest()[pri:0, instance:testcases.ToursTest@12405818] output={null}]]]>
              </value>
            </param>
          </params>
          <reporter-output>
          </reporter-output>
        </test-method> <!-- afterMethod -->
        <test-method status="PASS" signature="GoToToursPage()[pri:0, instance:testcases.ToursTest@12405818]" name="GoToToursPage" is-config="true" duration-ms="98746" started-at="2020-02-06T14:54:26 IST" finished-at="2020-02-06T14:56:05 IST">
          <reporter-output>
          </reporter-output>
        </test-method> <!-- GoToToursPage -->
        <test-method status="PASS" signature="AddViewTest()[pri:0, instance:testcases.ToursTest@12405818]" name="AddViewTest" duration-ms="34154" started-at="2020-02-06T14:56:05 IST" finished-at="2020-02-06T14:56:39 IST">
          <reporter-output>
          </reporter-output>
        </test-method> <!-- AddViewTest -->
        <test-method status="PASS" signature="afterMethod(org.testng.ITestResult)[pri:0, instance:testcases.ToursTest@12405818]" name="afterMethod" is-config="true" duration-ms="943" started-at="2020-02-06T14:56:39 IST" finished-at="2020-02-06T14:56:40 IST">
          <params>
            <param index="0">
              <value>
                <![CDATA[[TestResult name=AddViewTest status=SUCCESS method=ToursTest.AddViewTest()[pri:0, instance:testcases.ToursTest@12405818] output={null}]]]>
              </value>
            </param>
          </params>
          <reporter-output>
          </reporter-output>
        </test-method> <!-- afterMethod -->
        <test-method status="PASS" signature="GoToToursPage()[pri:0, instance:testcases.ToursTest@12405818]" name="GoToToursPage" is-config="true" duration-ms="117975" started-at="2020-02-06T15:58:45 IST" finished-at="2020-02-06T16:00:43 IST">
          <reporter-output>
          </reporter-output>
        </test-method> <!-- GoToToursPage -->
        <test-method status="PASS" signature="ChangeNameTest()[pri:0, instance:testcases.ToursTest@12405818]" name="ChangeNameTest" duration-ms="38083" started-at="2020-02-06T16:00:43 IST" finished-at="2020-02-06T16:01:21 IST">
          <reporter-output>
          </reporter-output>
        </test-method> <!-- ChangeNameTest -->
        <test-method status="PASS" signature="afterMethod(org.testng.ITestResult)[pri:0, instance:testcases.ToursTest@12405818]" name="afterMethod" is-config="true" duration-ms="531" started-at="2020-02-06T16:01:21 IST" finished-at="2020-02-06T16:01:22 IST">
          <params>
            <param index="0">
              <value>
                <![CDATA[[TestResult name=ChangeNameTest status=SUCCESS method=ToursTest.ChangeNameTest()[pri:0, instance:testcases.ToursTest@12405818] output={null}]]]>
              </value>
            </param>
          </params>
          <reporter-output>
          </reporter-output>
        </test-method> <!-- afterMethod -->
        <test-method status="PASS" signature="GoToToursPage()[pri:0, instance:testcases.ToursTest@12405818]" name="GoToToursPage" is-config="true" duration-ms="121375" started-at="2020-02-06T16:04:04 IST" finished-at="2020-02-06T16:06:05 IST">
          <reporter-output>
          </reporter-output>
        </test-method> <!-- GoToToursPage -->
        <test-method status="PASS" signature="ChangeOrderForViewTest()[pri:0, instance:testcases.ToursTest@12405818]" name="ChangeOrderForViewTest" duration-ms="3225" started-at="2020-02-06T16:06:05 IST" finished-at="2020-02-06T16:06:08 IST">
          <reporter-output>
          </reporter-output>
        </test-method> <!-- ChangeOrderForViewTest -->
        <test-method status="PASS" signature="afterMethod(org.testng.ITestResult)[pri:0, instance:testcases.ToursTest@12405818]" name="afterMethod" is-config="true" duration-ms="839" started-at="2020-02-06T16:06:08 IST" finished-at="2020-02-06T16:06:09 IST">
          <params>
            <param index="0">
              <value>
                <![CDATA[[TestResult name=ChangeOrderForViewTest status=SUCCESS method=ToursTest.ChangeOrderForViewTest()[pri:0, instance:testcases.ToursTest@12405818] output={null}]]]>
              </value>
            </param>
          </params>
          <reporter-output>
          </reporter-output>
        </test-method> <!-- afterMethod -->
        <test-method status="PASS" signature="GoToToursPage()[pri:0, instance:testcases.ToursTest@12405818]" name="GoToToursPage" is-config="true" duration-ms="100396" started-at="2020-02-06T16:50:20 IST" finished-at="2020-02-06T16:52:01 IST">
          <reporter-output>
          </reporter-output>
        </test-method> <!-- GoToToursPage -->
        <test-method status="PASS" signature="ChangeRemarksTest()[pri:0, instance:testcases.ToursTest@12405818]" name="ChangeRemarksTest" duration-ms="28208" started-at="2020-02-06T16:52:01 IST" finished-at="2020-02-06T16:52:29 IST">
          <reporter-output>
          </reporter-output>
        </test-method> <!-- ChangeRemarksTest -->
        <test-method status="PASS" signature="afterMethod(org.testng.ITestResult)[pri:0, instance:testcases.ToursTest@12405818]" name="afterMethod" is-config="true" duration-ms="578" started-at="2020-02-06T16:52:29 IST" finished-at="2020-02-06T16:52:29 IST">
          <params>
            <param index="0">
              <value>
                <![CDATA[[TestResult name=ChangeRemarksTest status=SUCCESS method=ToursTest.ChangeRemarksTest()[pri:0, instance:testcases.ToursTest@12405818] output={null}]]]>
              </value>
            </param>
          </params>
          <reporter-output>
          </reporter-output>
        </test-method> <!-- afterMethod -->
        <test-method status="PASS" signature="GoToToursPage()[pri:0, instance:testcases.ToursTest@12405818]" name="GoToToursPage" is-config="true" duration-ms="104103" started-at="2020-02-06T17:36:25 IST" finished-at="2020-02-06T17:38:09 IST">
          <reporter-output>
          </reporter-output>
        </test-method> <!-- GoToToursPage -->
        <test-method status="PASS" signature="ChangeViewTimeBySpinnersTest()[pri:0, instance:testcases.ToursTest@12405818]" name="ChangeViewTimeBySpinnersTest" duration-ms="45458" started-at="2020-02-06T17:38:09 IST" finished-at="2020-02-06T17:38:54 IST">
          <reporter-output>
          </reporter-output>
        </test-method> <!-- ChangeViewTimeBySpinnersTest -->
        <test-method status="PASS" signature="afterMethod(org.testng.ITestResult)[pri:0, instance:testcases.ToursTest@12405818]" name="afterMethod" is-config="true" duration-ms="623" started-at="2020-02-06T17:38:54 IST" finished-at="2020-02-06T17:38:55 IST">
          <params>
            <param index="0">
              <value>
                <![CDATA[[TestResult name=ChangeViewTimeBySpinnersTest status=SUCCESS method=ToursTest.ChangeViewTimeBySpinnersTest()[pri:0, instance:testcases.ToursTest@12405818] output={null}]]]>
              </value>
            </param>
          </params>
          <reporter-output>
          </reporter-output>
        </test-method> <!-- afterMethod -->
        <test-method status="PASS" signature="GoToToursPage()[pri:0, instance:testcases.ToursTest@12405818]" name="GoToToursPage" is-config="true" duration-ms="100949" started-at="2020-02-06T17:45:05 IST" finished-at="2020-02-06T17:46:46 IST">
          <reporter-output>
          </reporter-output>
        </test-method> <!-- GoToToursPage -->
        <test-method status="PASS" signature="ChangeViewTimeTest()[pri:0, instance:testcases.ToursTest@12405818]" name="ChangeViewTimeTest" duration-ms="6138" started-at="2020-02-06T17:46:46 IST" finished-at="2020-02-06T17:46:52 IST">
          <reporter-output>
          </reporter-output>
        </test-method> <!-- ChangeViewTimeTest -->
        <test-method status="PASS" signature="afterMethod(org.testng.ITestResult)[pri:0, instance:testcases.ToursTest@12405818]" name="afterMethod" is-config="true" duration-ms="534" started-at="2020-02-06T17:46:52 IST" finished-at="2020-02-06T17:46:53 IST">
          <params>
            <param index="0">
              <value>
                <![CDATA[[TestResult name=ChangeViewTimeTest status=SUCCESS method=ToursTest.ChangeViewTimeTest()[pri:0, instance:testcases.ToursTest@12405818] output={null}]]]>
              </value>
            </param>
          </params>
          <reporter-output>
          </reporter-output>
        </test-method> <!-- afterMethod -->
        <test-method status="PASS" signature="GoToToursPage()[pri:0, instance:testcases.ToursTest@12405818]" name="GoToToursPage" is-config="true" duration-ms="99368" started-at="2020-02-06T17:46:53 IST" finished-at="2020-02-06T17:48:32 IST">
          <reporter-output>
          </reporter-output>
        </test-method> <!-- GoToToursPage -->
        <test-method status="PASS" signature="ChangeViewTimeToLessThanMinValueTest()[pri:0, instance:testcases.ToursTest@12405818]" name="ChangeViewTimeToLessThanMinValueTest" duration-ms="6078" started-at="2020-02-06T17:48:32 IST" finished-at="2020-02-06T17:48:38 IST">
          <reporter-output>
          </reporter-output>
        </test-method> <!-- ChangeViewTimeToLessThanMinValueTest -->
        <test-method status="PASS" signature="afterMethod(org.testng.ITestResult)[pri:0, instance:testcases.ToursTest@12405818]" name="afterMethod" is-config="true" duration-ms="678" started-at="2020-02-06T17:48:38 IST" finished-at="2020-02-06T17:48:39 IST">
          <params>
            <param index="0">
              <value>
                <![CDATA[[TestResult name=ChangeViewTimeToLessThanMinValueTest status=SUCCESS method=ToursTest.ChangeViewTimeToLessThanMinValueTest()[pri:0, instance:testcases.ToursTest@12405818] output={null}]]]>
              </value>
            </param>
          </params>
          <reporter-output>
          </reporter-output>
        </test-method> <!-- afterMethod -->
        <test-method status="PASS" signature="GoToToursPage()[pri:0, instance:testcases.ToursTest@12405818]" name="GoToToursPage" is-config="true" duration-ms="102581" started-at="2020-02-06T17:48:39 IST" finished-at="2020-02-06T17:50:21 IST">
          <reporter-output>
          </reporter-output>
        </test-method> <!-- GoToToursPage -->
        <test-method status="PASS" signature="ChangeViewTimeToMoreThanMaxValueTest()[pri:0, instance:testcases.ToursTest@12405818]" name="ChangeViewTimeToMoreThanMaxValueTest" duration-ms="6180" started-at="2020-02-06T17:50:21 IST" finished-at="2020-02-06T17:50:27 IST">
          <reporter-output>
          </reporter-output>
        </test-method> <!-- ChangeViewTimeToMoreThanMaxValueTest -->
        <test-method status="PASS" signature="afterMethod(org.testng.ITestResult)[pri:0, instance:testcases.ToursTest@12405818]" name="afterMethod" is-config="true" duration-ms="999" started-at="2020-02-06T17:50:27 IST" finished-at="2020-02-06T17:50:28 IST">
          <params>
            <param index="0">
              <value>
                <![CDATA[[TestResult name=ChangeViewTimeToMoreThanMaxValueTest status=SUCCESS method=ToursTest.ChangeViewTimeToMoreThanMaxValueTest()[pri:0, instance:testcases.ToursTest@12405818] output={null}]]]>
              </value>
            </param>
          </params>
          <reporter-output>
          </reporter-output>
        </test-method> <!-- afterMethod -->
        <test-method status="PASS" signature="GoToToursPage()[pri:0, instance:testcases.ToursTest@12405818]" name="GoToToursPage" is-config="true" duration-ms="111012" started-at="2020-02-06T18:08:34 IST" finished-at="2020-02-06T18:10:25 IST">
          <reporter-output>
          </reporter-output>
        </test-method> <!-- GoToToursPage -->
        <test-method status="PASS" signature="ChangeVisibilityStatusTest()[pri:0, instance:testcases.ToursTest@12405818]" name="ChangeVisibilityStatusTest" duration-ms="5854" started-at="2020-02-06T18:10:25 IST" finished-at="2020-02-06T18:10:31 IST">
          <reporter-output>
          </reporter-output>
        </test-method> <!-- ChangeVisibilityStatusTest -->
        <test-method status="PASS" signature="afterMethod(org.testng.ITestResult)[pri:0, instance:testcases.ToursTest@12405818]" name="afterMethod" is-config="true" duration-ms="737" started-at="2020-02-06T18:10:31 IST" finished-at="2020-02-06T18:10:32 IST">
          <params>
            <param index="0">
              <value>
                <![CDATA[[TestResult name=ChangeVisibilityStatusTest status=SUCCESS method=ToursTest.ChangeVisibilityStatusTest()[pri:0, instance:testcases.ToursTest@12405818] output={null}]]]>
              </value>
            </param>
          </params>
          <reporter-output>
          </reporter-output>
        </test-method> <!-- afterMethod -->
        <test-method status="PASS" signature="GoToToursPage()[pri:0, instance:testcases.ToursTest@12405818]" name="GoToToursPage" is-config="true" duration-ms="103476" started-at="2020-02-06T18:45:54 IST" finished-at="2020-02-06T18:47:38 IST">
          <reporter-output>
          </reporter-output>
        </test-method> <!-- GoToToursPage -->
        <test-method status="PASS" signature="DeleteAllViewsTest()[pri:0, instance:testcases.ToursTest@12405818]" name="DeleteAllViewsTest" duration-ms="1847" started-at="2020-02-06T18:47:38 IST" finished-at="2020-02-06T18:47:40 IST">
          <reporter-output>
          </reporter-output>
        </test-method> <!-- DeleteAllViewsTest -->
        <test-method status="PASS" signature="afterMethod(org.testng.ITestResult)[pri:0, instance:testcases.ToursTest@12405818]" name="afterMethod" is-config="true" duration-ms="588" started-at="2020-02-06T18:47:40 IST" finished-at="2020-02-06T18:47:40 IST">
          <params>
            <param index="0">
              <value>
                <![CDATA[[TestResult name=DeleteAllViewsTest status=SUCCESS method=ToursTest.DeleteAllViewsTest()[pri:0, instance:testcases.ToursTest@12405818] output={null}]]]>
              </value>
            </param>
          </params>
          <reporter-output>
          </reporter-output>
        </test-method> <!-- afterMethod -->
        <test-method status="PASS" signature="GoToToursPage()[pri:0, instance:testcases.ToursTest@12405818]" name="GoToToursPage" is-config="true" duration-ms="102113" started-at="2020-02-06T18:58:57 IST" finished-at="2020-02-06T19:00:39 IST">
          <reporter-output>
          </reporter-output>
        </test-method> <!-- GoToToursPage -->
        <test-method status="PASS" signature="DeleteTourByButtonAndPressNoTest()[pri:0, instance:testcases.ToursTest@12405818]" name="DeleteTourByButtonAndPressNoTest" duration-ms="25831" started-at="2020-02-06T19:00:39 IST" finished-at="2020-02-06T19:01:05 IST">
          <reporter-output>
          </reporter-output>
        </test-method> <!-- DeleteTourByButtonAndPressNoTest -->
        <test-method status="PASS" signature="afterMethod(org.testng.ITestResult)[pri:0, instance:testcases.ToursTest@12405818]" name="afterMethod" is-config="true" duration-ms="533" started-at="2020-02-06T19:01:05 IST" finished-at="2020-02-06T19:01:05 IST">
          <params>
            <param index="0">
              <value>
                <![CDATA[[TestResult name=DeleteTourByButtonAndPressNoTest status=SUCCESS method=ToursTest.DeleteTourByButtonAndPressNoTest()[pri:0, instance:testcases.ToursTest@12405818] output={null}]]]>
              </value>
            </param>
          </params>
          <reporter-output>
          </reporter-output>
        </test-method> <!-- afterMethod -->
        <test-method status="PASS" signature="GoToToursPage()[pri:0, instance:testcases.ToursTest@12405818]" name="GoToToursPage" is-config="true" duration-ms="99783" started-at="2020-02-06T19:01:05 IST" finished-at="2020-02-06T19:02:45 IST">
          <reporter-output>
          </reporter-output>
        </test-method> <!-- GoToToursPage -->
        <test-method status="PASS" signature="DeleteTourByButtonTest()[pri:0, instance:testcases.ToursTest@12405818]" name="DeleteTourByButtonTest" duration-ms="29275" started-at="2020-02-06T19:02:45 IST" finished-at="2020-02-06T19:03:15 IST">
          <reporter-output>
          </reporter-output>
        </test-method> <!-- DeleteTourByButtonTest -->
        <test-method status="PASS" signature="afterMethod(org.testng.ITestResult)[pri:0, instance:testcases.ToursTest@12405818]" name="afterMethod" is-config="true" duration-ms="529" started-at="2020-02-06T19:03:15 IST" finished-at="2020-02-06T19:03:15 IST">
          <params>
            <param index="0">
              <value>
                <![CDATA[[TestResult name=DeleteTourByButtonTest status=SUCCESS method=ToursTest.DeleteTourByButtonTest()[pri:0, instance:testcases.ToursTest@12405818] output={null}]]]>
              </value>
            </param>
          </params>
          <reporter-output>
          </reporter-output>
        </test-method> <!-- afterMethod -->
        <test-method status="PASS" signature="GoToToursPage()[pri:0, instance:testcases.ToursTest@12405818]" name="GoToToursPage" is-config="true" duration-ms="100846" started-at="2020-02-06T19:03:15 IST" finished-at="2020-02-06T19:04:56 IST">
          <reporter-output>
          </reporter-output>
        </test-method> <!-- GoToToursPage -->
        <test-method status="PASS" signature="DeleteTourByIconAndPressNoTest()[pri:0, instance:testcases.ToursTest@12405818]" name="DeleteTourByIconAndPressNoTest" duration-ms="18457" started-at="2020-02-06T19:04:56 IST" finished-at="2020-02-06T19:05:14 IST">
          <reporter-output>
          </reporter-output>
        </test-method> <!-- DeleteTourByIconAndPressNoTest -->
        <test-method status="PASS" signature="afterMethod(org.testng.ITestResult)[pri:0, instance:testcases.ToursTest@12405818]" name="afterMethod" is-config="true" duration-ms="917" started-at="2020-02-06T19:05:14 IST" finished-at="2020-02-06T19:05:15 IST">
          <params>
            <param index="0">
              <value>
                <![CDATA[[TestResult name=DeleteTourByIconAndPressNoTest status=SUCCESS method=ToursTest.DeleteTourByIconAndPressNoTest()[pri:0, instance:testcases.ToursTest@12405818] output={null}]]]>
              </value>
            </param>
          </params>
          <reporter-output>
          </reporter-output>
        </test-method> <!-- afterMethod -->
        <test-method status="PASS" signature="GoToToursPage()[pri:0, instance:testcases.ToursTest@12405818]" name="GoToToursPage" is-config="true" duration-ms="99027" started-at="2020-02-06T19:05:15 IST" finished-at="2020-02-06T19:06:54 IST">
          <reporter-output>
          </reporter-output>
        </test-method> <!-- GoToToursPage -->
        <test-method status="PASS" signature="DeleteTourByIconTest()[pri:0, instance:testcases.ToursTest@12405818]" name="DeleteTourByIconTest" duration-ms="29296" started-at="2020-02-06T19:06:54 IST" finished-at="2020-02-06T19:07:24 IST">
          <reporter-output>
          </reporter-output>
        </test-method> <!-- DeleteTourByIconTest -->
        <test-method status="PASS" signature="afterMethod(org.testng.ITestResult)[pri:0, instance:testcases.ToursTest@12405818]" name="afterMethod" is-config="true" duration-ms="530" started-at="2020-02-06T19:07:24 IST" finished-at="2020-02-06T19:07:24 IST">
          <params>
            <param index="0">
              <value>
                <![CDATA[[TestResult name=DeleteTourByIconTest status=SUCCESS method=ToursTest.DeleteTourByIconTest()[pri:0, instance:testcases.ToursTest@12405818] output={null}]]]>
              </value>
            </param>
          </params>
          <reporter-output>
          </reporter-output>
        </test-method> <!-- afterMethod -->
        <test-method status="PASS" signature="GoToToursPage()[pri:0, instance:testcases.ToursTest@12405818]" name="GoToToursPage" is-config="true" duration-ms="103314" started-at="2020-02-06T19:16:36 IST" finished-at="2020-02-06T19:18:19 IST">
          <reporter-output>
          </reporter-output>
        </test-method> <!-- GoToToursPage -->
        <test-method status="PASS" signature="DeleteViewFromViewsPageTest()[pri:0, instance:testcases.ToursTest@12405818]" name="DeleteViewFromViewsPageTest" duration-ms="58987" started-at="2020-02-06T19:18:19 IST" finished-at="2020-02-06T19:19:18 IST">
          <reporter-output>
          </reporter-output>
        </test-method> <!-- DeleteViewFromViewsPageTest -->
        <test-method status="PASS" signature="afterMethod(org.testng.ITestResult)[pri:0, instance:testcases.ToursTest@12405818]" name="afterMethod" is-config="true" duration-ms="527" started-at="2020-02-06T19:19:18 IST" finished-at="2020-02-06T19:19:19 IST">
          <params>
            <param index="0">
              <value>
                <![CDATA[[TestResult name=DeleteViewFromViewsPageTest status=SUCCESS method=ToursTest.DeleteViewFromViewsPageTest()[pri:0, instance:testcases.ToursTest@12405818] output={null}]]]>
              </value>
            </param>
          </params>
          <reporter-output>
          </reporter-output>
        </test-method> <!-- afterMethod -->
        <test-method status="PASS" signature="GoToToursPage()[pri:0, instance:testcases.ToursTest@12405818]" name="GoToToursPage" is-config="true" duration-ms="99861" started-at="2020-02-06T19:19:19 IST" finished-at="2020-02-06T19:20:59 IST">
          <reporter-output>
          </reporter-output>
        </test-method> <!-- GoToToursPage -->
        <test-method status="PASS" signature="DeleteViewTest()[pri:0, instance:testcases.ToursTest@12405818]" name="DeleteViewTest" duration-ms="35521" started-at="2020-02-06T19:20:59 IST" finished-at="2020-02-06T19:21:34 IST">
          <reporter-output>
          </reporter-output>
        </test-method> <!-- DeleteViewTest -->
        <test-method status="PASS" signature="afterMethod(org.testng.ITestResult)[pri:0, instance:testcases.ToursTest@12405818]" name="afterMethod" is-config="true" duration-ms="531" started-at="2020-02-06T19:21:34 IST" finished-at="2020-02-06T19:21:35 IST">
          <params>
            <param index="0">
              <value>
                <![CDATA[[TestResult name=DeleteViewTest status=SUCCESS method=ToursTest.DeleteViewTest()[pri:0, instance:testcases.ToursTest@12405818] output={null}]]]>
              </value>
            </param>
          </params>
          <reporter-output>
          </reporter-output>
        </test-method> <!-- afterMethod -->
        <test-method status="PASS" signature="GoToToursPage()[pri:0, instance:testcases.ToursTest@12405818]" name="GoToToursPage" is-config="true" duration-ms="99853" started-at="2020-02-06T19:31:33 IST" finished-at="2020-02-06T19:33:13 IST">
          <reporter-output>
          </reporter-output>
        </test-method> <!-- GoToToursPage -->
        <test-method status="PASS" signature="FilterToursTest()[pri:0, instance:testcases.ToursTest@12405818]" name="FilterToursTest" duration-ms="2686" started-at="2020-02-06T19:33:13 IST" finished-at="2020-02-06T19:33:15 IST">
          <reporter-output>
          </reporter-output>
        </test-method> <!-- FilterToursTest -->
        <test-method status="PASS" signature="afterMethod(org.testng.ITestResult)[pri:0, instance:testcases.ToursTest@12405818]" name="afterMethod" is-config="true" duration-ms="958" started-at="2020-02-06T19:33:15 IST" finished-at="2020-02-06T19:33:16 IST">
          <params>
            <param index="0">
              <value>
                <![CDATA[[TestResult name=FilterToursTest status=SUCCESS method=ToursTest.FilterToursTest()[pri:0, instance:testcases.ToursTest@12405818] output={null}]]]>
              </value>
            </param>
          </params>
          <reporter-output>
          </reporter-output>
        </test-method> <!-- afterMethod -->
        <test-method status="PASS" signature="GoToToursPage()[pri:0, instance:testcases.ToursTest@12405818]" name="GoToToursPage" is-config="true" duration-ms="99182" started-at="2020-02-06T19:33:16 IST" finished-at="2020-02-06T19:34:55 IST">
          <reporter-output>
          </reporter-output>
        </test-method> <!-- GoToToursPage -->
        <test-method status="PASS" signature="FilterViewsTest()[pri:0, instance:testcases.ToursTest@12405818]" name="FilterViewsTest" duration-ms="4800" started-at="2020-02-06T19:34:55 IST" finished-at="2020-02-06T19:35:00 IST">
          <reporter-output>
          </reporter-output>
        </test-method> <!-- FilterViewsTest -->
        <test-method status="PASS" signature="afterMethod(org.testng.ITestResult)[pri:0, instance:testcases.ToursTest@12405818]" name="afterMethod" is-config="true" duration-ms="717" started-at="2020-02-06T19:35:00 IST" finished-at="2020-02-06T19:35:01 IST">
          <params>
            <param index="0">
              <value>
                <![CDATA[[TestResult name=FilterViewsTest status=SUCCESS method=ToursTest.FilterViewsTest()[pri:0, instance:testcases.ToursTest@12405818] output={null}]]]>
              </value>
            </param>
          </params>
          <reporter-output>
          </reporter-output>
        </test-method> <!-- afterMethod -->
        <test-method status="PASS" signature="GoToToursPage()[pri:0, instance:testcases.ToursTest@12405818]" name="GoToToursPage" is-config="true" duration-ms="162678" started-at="2020-02-06T19:47:07 IST" finished-at="2020-02-06T19:49:49 IST">
          <reporter-output>
          </reporter-output>
        </test-method> <!-- GoToToursPage -->
        <test-method status="PASS" signature="NewTourWithEmptyViewTest()[pri:0, instance:testcases.ToursTest@12405818]" name="NewTourWithEmptyViewTest" duration-ms="17992" started-at="2020-02-06T19:49:49 IST" finished-at="2020-02-06T19:50:07 IST">
          <reporter-output>
          </reporter-output>
        </test-method> <!-- NewTourWithEmptyViewTest -->
        <test-method status="PASS" signature="afterMethod(org.testng.ITestResult)[pri:0, instance:testcases.ToursTest@12405818]" name="afterMethod" is-config="true" duration-ms="531" started-at="2020-02-06T19:50:07 IST" finished-at="2020-02-06T19:50:08 IST">
          <params>
            <param index="0">
              <value>
                <![CDATA[[TestResult name=NewTourWithEmptyViewTest status=SUCCESS method=ToursTest.NewTourWithEmptyViewTest()[pri:0, instance:testcases.ToursTest@12405818] output={null}]]]>
              </value>
            </param>
          </params>
          <reporter-output>
          </reporter-output>
        </test-method> <!-- afterMethod -->
        <test-method status="PASS" signature="endReport()[pri:0, instance:testcases.ToursTest@12405818]" name="endReport" is-config="true" duration-ms="66" started-at="2020-02-06T19:50:08 IST" finished-at="2020-02-06T19:50:08 IST">
          <reporter-output>
          </reporter-output>
        </test-method> <!-- endReport -->
      </class> <!-- testcases.ToursTest -->
      <class name="testcases.NVRsTest">
        <test-method status="PASS" signature="startReport()[pri:0, instance:testcases.NVRsTest@25359ed8]" name="startReport" is-config="true" duration-ms="1" started-at="2020-02-06T13:37:09 IST" finished-at="2020-02-06T13:37:09 IST">
          <reporter-output>
          </reporter-output>
        </test-method> <!-- startReport -->
        <test-method status="PASS" signature="setup(java.lang.String)[pri:0, instance:testcases.NVRsTest@25359ed8]" name="setup" is-config="true" duration-ms="3" started-at="2020-02-06T13:37:09 IST" finished-at="2020-02-06T13:37:09 IST">
          <params>
            <param index="0">
              <value>
                <![CDATA[ie]]>
              </value>
            </param>
          </params>
          <reporter-output>
          </reporter-output>
        </test-method> <!-- setup -->
        <test-method status="PASS" signature="gotoNVRPage()[pri:0, instance:testcases.NVRsTest@25359ed8]" name="gotoNVRPage" is-config="true" duration-ms="51349" started-at="2020-02-06T13:37:09 IST" finished-at="2020-02-06T13:38:01 IST">
          <reporter-output>
          </reporter-output>
        </test-method> <!-- gotoNVRPage -->
        <test-method status="PASS" signature="AddAlreadyUsedNVRManuallyTest()[pri:0, instance:testcases.NVRsTest@25359ed8]" name="AddAlreadyUsedNVRManuallyTest" duration-ms="14992" started-at="2020-02-06T13:38:01 IST" finished-at="2020-02-06T13:38:16 IST">
          <reporter-output>
          </reporter-output>
        </test-method> <!-- AddAlreadyUsedNVRManuallyTest -->
        <test-method status="PASS" signature="afterMethod(org.testng.ITestResult)[pri:0, instance:testcases.NVRsTest@25359ed8]" name="afterMethod" is-config="true" duration-ms="978" started-at="2020-02-06T13:38:16 IST" finished-at="2020-02-06T13:38:17 IST">
          <params>
            <param index="0">
              <value>
                <![CDATA[[TestResult name=AddAlreadyUsedNVRManuallyTest status=SUCCESS method=NVRsTest.AddAlreadyUsedNVRManuallyTest()[pri:0, instance:testcases.NVRsTest@25359ed8] output={null}]]]>
              </value>
            </param>
          </params>
          <reporter-output>
          </reporter-output>
        </test-method> <!-- afterMethod -->
        <test-method status="PASS" signature="gotoNVRPage()[pri:0, instance:testcases.NVRsTest@25359ed8]" name="gotoNVRPage" is-config="true" duration-ms="68410" started-at="2020-02-06T13:41:13 IST" finished-at="2020-02-06T13:42:21 IST">
          <reporter-output>
          </reporter-output>
        </test-method> <!-- gotoNVRPage -->
        <test-method status="PASS" signature="AddNVRAndCheckStatusVTest()[pri:0, instance:testcases.NVRsTest@25359ed8]" name="AddNVRAndCheckStatusVTest" duration-ms="40734" started-at="2020-02-06T13:42:21 IST" finished-at="2020-02-06T13:43:02 IST">
          <reporter-output>
          </reporter-output>
        </test-method> <!-- AddNVRAndCheckStatusVTest -->
        <test-method status="PASS" signature="afterMethod(org.testng.ITestResult)[pri:0, instance:testcases.NVRsTest@25359ed8]" name="afterMethod" is-config="true" duration-ms="533" started-at="2020-02-06T13:43:02 IST" finished-at="2020-02-06T13:43:02 IST">
          <params>
            <param index="0">
              <value>
                <![CDATA[[TestResult name=AddNVRAndCheckStatusVTest status=SUCCESS method=NVRsTest.AddNVRAndCheckStatusVTest()[pri:0, instance:testcases.NVRsTest@25359ed8] output={null}]]]>
              </value>
            </param>
          </params>
          <reporter-output>
          </reporter-output>
        </test-method> <!-- afterMethod -->
        <test-method status="PASS" signature="gotoNVRPage()[pri:0, instance:testcases.NVRsTest@25359ed8]" name="gotoNVRPage" is-config="true" duration-ms="67315" started-at="2020-02-06T13:43:02 IST" finished-at="2020-02-06T13:44:10 IST">
          <reporter-output>
          </reporter-output>
        </test-method> <!-- gotoNVRPage -->
        <test-method status="PASS" signature="AddNVRAndPressApplyTest()[pri:0, instance:testcases.NVRsTest@25359ed8]" name="AddNVRAndPressApplyTest" duration-ms="37629" started-at="2020-02-06T13:44:10 IST" finished-at="2020-02-06T13:44:47 IST">
          <reporter-output>
          </reporter-output>
        </test-method> <!-- AddNVRAndPressApplyTest -->
        <test-method status="PASS" signature="afterMethod(org.testng.ITestResult)[pri:0, instance:testcases.NVRsTest@25359ed8]" name="afterMethod" is-config="true" duration-ms="528" started-at="2020-02-06T13:44:47 IST" finished-at="2020-02-06T13:44:48 IST">
          <params>
            <param index="0">
              <value>
                <![CDATA[[TestResult name=AddNVRAndPressApplyTest status=SUCCESS method=NVRsTest.AddNVRAndPressApplyTest()[pri:0, instance:testcases.NVRsTest@25359ed8] output={null}]]]>
              </value>
            </param>
          </params>
          <reporter-output>
          </reporter-output>
        </test-method> <!-- afterMethod -->
        <test-method status="PASS" signature="gotoNVRPage()[pri:0, instance:testcases.NVRsTest@25359ed8]" name="gotoNVRPage" is-config="true" duration-ms="50545" started-at="2020-02-06T13:44:48 IST" finished-at="2020-02-06T13:45:38 IST">
          <reporter-output>
          </reporter-output>
        </test-method> <!-- gotoNVRPage -->
        <test-method status="PASS" signature="AddNVRManuallyAndPressApplyTest()[pri:0, instance:testcases.NVRsTest@25359ed8]" name="AddNVRManuallyAndPressApplyTest" duration-ms="34860" started-at="2020-02-06T13:45:38 IST" finished-at="2020-02-06T13:46:13 IST">
          <reporter-output>
          </reporter-output>
        </test-method> <!-- AddNVRManuallyAndPressApplyTest -->
        <test-method status="PASS" signature="afterMethod(org.testng.ITestResult)[pri:0, instance:testcases.NVRsTest@25359ed8]" name="afterMethod" is-config="true" duration-ms="543" started-at="2020-02-06T13:46:13 IST" finished-at="2020-02-06T13:46:14 IST">
          <params>
            <param index="0">
              <value>
                <![CDATA[[TestResult name=AddNVRManuallyAndPressApplyTest status=SUCCESS method=NVRsTest.AddNVRManuallyAndPressApplyTest()[pri:0, instance:testcases.NVRsTest@25359ed8] output={null}]]]>
              </value>
            </param>
          </params>
          <reporter-output>
          </reporter-output>
        </test-method> <!-- afterMethod -->
        <test-method status="PASS" signature="gotoNVRPage()[pri:0, instance:testcases.NVRsTest@25359ed8]" name="gotoNVRPage" is-config="true" duration-ms="49584" started-at="2020-02-06T13:46:14 IST" finished-at="2020-02-06T13:47:03 IST">
          <reporter-output>
          </reporter-output>
        </test-method> <!-- gotoNVRPage -->
        <test-method status="PASS" signature="AddNVRManuallyAndPressCloseTest()[pri:0, instance:testcases.NVRsTest@25359ed8]" name="AddNVRManuallyAndPressCloseTest" duration-ms="16067" started-at="2020-02-06T13:47:03 IST" finished-at="2020-02-06T13:47:19 IST">
          <reporter-output>
          </reporter-output>
        </test-method> <!-- AddNVRManuallyAndPressCloseTest -->
        <test-method status="PASS" signature="afterMethod(org.testng.ITestResult)[pri:0, instance:testcases.NVRsTest@25359ed8]" name="afterMethod" is-config="true" duration-ms="531" started-at="2020-02-06T13:47:19 IST" finished-at="2020-02-06T13:47:20 IST">
          <params>
            <param index="0">
              <value>
                <![CDATA[[TestResult name=AddNVRManuallyAndPressCloseTest status=SUCCESS method=NVRsTest.AddNVRManuallyAndPressCloseTest()[pri:0, instance:testcases.NVRsTest@25359ed8] output={null}]]]>
              </value>
            </param>
          </params>
          <reporter-output>
          </reporter-output>
        </test-method> <!-- afterMethod -->
        <test-method status="PASS" signature="gotoNVRPage()[pri:0, instance:testcases.NVRsTest@25359ed8]" name="gotoNVRPage" is-config="true" duration-ms="53620" started-at="2020-02-06T13:47:20 IST" finished-at="2020-02-06T13:48:13 IST">
          <reporter-output>
          </reporter-output>
        </test-method> <!-- gotoNVRPage -->
        <test-method status="PASS" signature="AddNVRManuallyAndSwitchONSecuredTest()[pri:0, instance:testcases.NVRsTest@25359ed8]" name="AddNVRManuallyAndSwitchONSecuredTest" duration-ms="50020" started-at="2020-02-06T13:48:13 IST" finished-at="2020-02-06T13:49:03 IST">
          <reporter-output>
          </reporter-output>
        </test-method> <!-- AddNVRManuallyAndSwitchONSecuredTest -->
        <test-method status="PASS" signature="afterMethod(org.testng.ITestResult)[pri:0, instance:testcases.NVRsTest@25359ed8]" name="afterMethod" is-config="true" duration-ms="845" started-at="2020-02-06T13:49:03 IST" finished-at="2020-02-06T13:49:04 IST">
          <params>
            <param index="0">
              <value>
                <![CDATA[[TestResult name=AddNVRManuallyAndSwitchONSecuredTest status=SUCCESS method=NVRsTest.AddNVRManuallyAndSwitchONSecuredTest()[pri:0, instance:testcases.NVRsTest@25359ed8] output={null}]]]>
              </value>
            </param>
          </params>
          <reporter-output>
          </reporter-output>
        </test-method> <!-- afterMethod -->
        <test-method status="PASS" signature="gotoNVRPage()[pri:0, instance:testcases.NVRsTest@25359ed8]" name="gotoNVRPage" is-config="true" duration-ms="51655" started-at="2020-02-06T13:49:04 IST" finished-at="2020-02-06T13:49:56 IST">
          <reporter-output>
          </reporter-output>
        </test-method> <!-- gotoNVRPage -->
        <test-method status="PASS" signature="AddNVRManuallyCheckStatusTest()[pri:0, instance:testcases.NVRsTest@25359ed8]" name="AddNVRManuallyCheckStatusTest" duration-ms="30494" started-at="2020-02-06T13:49:56 IST" finished-at="2020-02-06T13:50:26 IST">
          <reporter-output>
          </reporter-output>
        </test-method> <!-- AddNVRManuallyCheckStatusTest -->
        <test-method status="PASS" signature="afterMethod(org.testng.ITestResult)[pri:0, instance:testcases.NVRsTest@25359ed8]" name="afterMethod" is-config="true" duration-ms="532" started-at="2020-02-06T13:50:26 IST" finished-at="2020-02-06T13:50:27 IST">
          <params>
            <param index="0">
              <value>
                <![CDATA[[TestResult name=AddNVRManuallyCheckStatusTest status=SUCCESS method=NVRsTest.AddNVRManuallyCheckStatusTest()[pri:0, instance:testcases.NVRsTest@25359ed8] output={null}]]]>
              </value>
            </param>
          </params>
          <reporter-output>
          </reporter-output>
        </test-method> <!-- afterMethod -->
        <test-method status="PASS" signature="gotoNVRPage()[pri:0, instance:testcases.NVRsTest@25359ed8]" name="gotoNVRPage" is-config="true" duration-ms="50586" started-at="2020-02-06T13:50:27 IST" finished-at="2020-02-06T13:51:18 IST">
          <reporter-output>
          </reporter-output>
        </test-method> <!-- gotoNVRPage -->
        <test-method status="PASS" signature="AddNVRManuallyWithSecuredPortAndSwitchONSecuredTest()[pri:0, instance:testcases.NVRsTest@25359ed8]" name="AddNVRManuallyWithSecuredPortAndSwitchONSecuredTest" duration-ms="89599" started-at="2020-02-06T13:51:18 IST" finished-at="2020-02-06T13:52:47 IST">
          <reporter-output>
          </reporter-output>
        </test-method> <!-- AddNVRManuallyWithSecuredPortAndSwitchONSecuredTest -->
        <test-method status="PASS" signature="afterMethod(org.testng.ITestResult)[pri:0, instance:testcases.NVRsTest@25359ed8]" name="afterMethod" is-config="true" duration-ms="536" started-at="2020-02-06T13:52:47 IST" finished-at="2020-02-06T13:52:48 IST">
          <params>
            <param index="0">
              <value>
                <![CDATA[[TestResult name=AddNVRManuallyWithSecuredPortAndSwitchONSecuredTest status=SUCCESS method=NVRsTest.AddNVRManuallyWithSecuredPortAndSwitchONSecuredTest()[pri:0, instance:testcases.NVRsTest@25359ed8] output={null}]]]>
              </value>
            </param>
          </params>
          <reporter-output>
          </reporter-output>
        </test-method> <!-- afterMethod -->
        <test-method status="PASS" signature="gotoNVRPage()[pri:0, instance:testcases.NVRsTest@25359ed8]" name="gotoNVRPage" is-config="true" duration-ms="53512" started-at="2020-02-06T13:52:48 IST" finished-at="2020-02-06T13:53:41 IST">
          <reporter-output>
          </reporter-output>
        </test-method> <!-- gotoNVRPage -->
        <test-method status="FAIL" signature="AddNVRManuallyWithSecuredPortTest()[pri:0, instance:testcases.NVRsTest@25359ed8]" name="AddNVRManuallyWithSecuredPortTest" duration-ms="197331" started-at="2020-02-06T13:53:41 IST" finished-at="2020-02-06T13:56:59 IST">
          <exception class="java.lang.AssertionError">
            <message>
              <![CDATA[expected [Communication Failure] but found [Connecting...]]]>
            </message>
            <full-stacktrace>
              <![CDATA[java.lang.AssertionError: expected [Communication Failure] but found [Connecting...]
at org.testng.Assert.fail(Assert.java:97)
at org.testng.Assert.assertEqualsImpl(Assert.java:136)
at org.testng.Assert.assertEquals(Assert.java:118)
at org.testng.Assert.assertEquals(Assert.java:575)
at org.testng.Assert.assertEquals(Assert.java:585)
at testcases.NVRsTest.AddNVRManuallyWithSecuredPortTest(NVRsTest.java:812)
at sun.reflect.NativeMethodAccessorImpl.invoke0(Native Method)
at sun.reflect.NativeMethodAccessorImpl.invoke(NativeMethodAccessorImpl.java:62)
at sun.reflect.DelegatingMethodAccessorImpl.invoke(DelegatingMethodAccessorImpl.java:43)
at java.lang.reflect.Method.invoke(Method.java:498)
at org.testng.internal.MethodInvocationHelper.invokeMethod(MethodInvocationHelper.java:133)
at org.testng.internal.TestInvoker.invokeMethod(TestInvoker.java:584)
at org.testng.internal.TestInvoker.invokeTestMethod(TestInvoker.java:172)
at org.testng.internal.MethodRunner.runInSequence(MethodRunner.java:46)
at org.testng.internal.TestInvoker$MethodInvocationAgent.invoke(TestInvoker.java:804)
at org.testng.internal.TestInvoker.invokeTestMethods(TestInvoker.java:145)
at org.testng.internal.TestMethodWorker.invokeTestMethods(TestMethodWorker.java:146)
at org.testng.internal.TestMethodWorker.run(TestMethodWorker.java:128)
at java.util.ArrayList.forEach(ArrayList.java:1257)
at org.testng.TestRunner.privateRun(TestRunner.java:770)
at org.testng.TestRunner.run(TestRunner.java:591)
at org.testng.SuiteRunner.runTest(SuiteRunner.java:402)
at org.testng.SuiteRunner.runSequentially(SuiteRunner.java:396)
at org.testng.SuiteRunner.privateRun(SuiteRunner.java:355)
at org.testng.SuiteRunner.run(SuiteRunner.java:304)
at org.testng.SuiteRunnerWorker.runSuite(SuiteRunnerWorker.java:53)
at org.testng.SuiteRunnerWorker.run(SuiteRunnerWorker.java:96)
at org.testng.TestNG.runSuitesSequentially(TestNG.java:1180)
at org.testng.TestNG.runSuitesLocally(TestNG.java:1102)
at org.testng.TestNG.runSuites(TestNG.java:1032)
at org.testng.TestNG.run(TestNG.java:1000)
at org.testng.remote.AbstractRemoteTestNG.run(AbstractRemoteTestNG.java:115)
at org.testng.remote.RemoteTestNG.initAndRun(RemoteTestNG.java:251)
at org.testng.remote.RemoteTestNG.main(RemoteTestNG.java:77)
]]>
            </full-stacktrace>
          </exception> <!-- java.lang.AssertionError -->
          <reporter-output>
          </reporter-output>
        </test-method> <!-- AddNVRManuallyWithSecuredPortTest -->
        <test-method status="PASS" signature="afterMethod(org.testng.ITestResult)[pri:0, instance:testcases.NVRsTest@25359ed8]" name="afterMethod" is-config="true" duration-ms="811" started-at="2020-02-06T13:56:59 IST" finished-at="2020-02-06T13:56:59 IST">
          <params>
            <param index="0">
              <value>
                <![CDATA[[TestResult name=AddNVRManuallyWithSecuredPortTest status=FAILURE method=NVRsTest.AddNVRManuallyWithSecuredPortTest()[pri:0, instance:testcases.NVRsTest@25359ed8] output={null}]]]>
              </value>
            </param>
          </params>
          <reporter-output>
          </reporter-output>
        </test-method> <!-- afterMethod -->
        <test-method status="PASS" signature="gotoNVRPage()[pri:0, instance:testcases.NVRsTest@25359ed8]" name="gotoNVRPage" is-config="true" duration-ms="51800" started-at="2020-02-06T13:56:59 IST" finished-at="2020-02-06T13:57:51 IST">
          <reporter-output>
          </reporter-output>
        </test-method> <!-- gotoNVRPage -->
        <test-method status="PASS" signature="AddNVRWithSecuredPortTest()[pri:0, instance:testcases.NVRsTest@25359ed8]" name="AddNVRWithSecuredPortTest" duration-ms="99295" started-at="2020-02-06T13:57:51 IST" finished-at="2020-02-06T13:59:30 IST">
          <reporter-output>
          </reporter-output>
        </test-method> <!-- AddNVRWithSecuredPortTest -->
        <test-method status="PASS" signature="afterMethod(org.testng.ITestResult)[pri:0, instance:testcases.NVRsTest@25359ed8]" name="afterMethod" is-config="true" duration-ms="530" started-at="2020-02-06T13:59:30 IST" finished-at="2020-02-06T13:59:31 IST">
          <params>
            <param index="0">
              <value>
                <![CDATA[[TestResult name=AddNVRWithSecuredPortTest status=SUCCESS method=NVRsTest.AddNVRWithSecuredPortTest()[pri:0, instance:testcases.NVRsTest@25359ed8] output={null}]]]>
              </value>
            </param>
          </params>
          <reporter-output>
          </reporter-output>
        </test-method> <!-- afterMethod -->
        <test-method status="PASS" signature="gotoNVRPage()[pri:0, instance:testcases.NVRsTest@25359ed8]" name="gotoNVRPage" is-config="true" duration-ms="51179" started-at="2020-02-06T14:56:40 IST" finished-at="2020-02-06T14:57:31 IST">
          <reporter-output>
          </reporter-output>
        </test-method> <!-- gotoNVRPage -->
        <test-method status="PASS" signature="CancelRemovalNVRsByButtonTest()[pri:0, instance:testcases.NVRsTest@25359ed8]" name="CancelRemovalNVRsByButtonTest" duration-ms="11373" started-at="2020-02-06T14:57:31 IST" finished-at="2020-02-06T14:57:42 IST">
          <reporter-output>
          </reporter-output>
        </test-method> <!-- CancelRemovalNVRsByButtonTest -->
        <test-method status="PASS" signature="afterMethod(org.testng.ITestResult)[pri:0, instance:testcases.NVRsTest@25359ed8]" name="afterMethod" is-config="true" duration-ms="528" started-at="2020-02-06T14:57:42 IST" finished-at="2020-02-06T14:57:43 IST">
          <params>
            <param index="0">
              <value>
                <![CDATA[[TestResult name=CancelRemovalNVRsByButtonTest status=SUCCESS method=NVRsTest.CancelRemovalNVRsByButtonTest()[pri:0, instance:testcases.NVRsTest@25359ed8] output={null}]]]>
              </value>
            </param>
          </params>
          <reporter-output>
          </reporter-output>
        </test-method> <!-- afterMethod -->
        <test-method status="PASS" signature="gotoNVRPage()[pri:0, instance:testcases.NVRsTest@25359ed8]" name="gotoNVRPage" is-config="true" duration-ms="65920" started-at="2020-02-06T14:57:43 IST" finished-at="2020-02-06T14:58:49 IST">
          <reporter-output>
          </reporter-output>
        </test-method> <!-- gotoNVRPage -->
        <test-method status="PASS" signature="CancelRemovalNVRsByIconTest()[pri:0, instance:testcases.NVRsTest@25359ed8]" name="CancelRemovalNVRsByIconTest" duration-ms="11523" started-at="2020-02-06T14:58:49 IST" finished-at="2020-02-06T14:59:00 IST">
          <reporter-output>
          </reporter-output>
        </test-method> <!-- CancelRemovalNVRsByIconTest -->
        <test-method status="PASS" signature="afterMethod(org.testng.ITestResult)[pri:0, instance:testcases.NVRsTest@25359ed8]" name="afterMethod" is-config="true" duration-ms="1031" started-at="2020-02-06T14:59:00 IST" finished-at="2020-02-06T14:59:01 IST">
          <params>
            <param index="0">
              <value>
                <![CDATA[[TestResult name=CancelRemovalNVRsByIconTest status=SUCCESS method=NVRsTest.CancelRemovalNVRsByIconTest()[pri:0, instance:testcases.NVRsTest@25359ed8] output={null}]]]>
              </value>
            </param>
          </params>
          <reporter-output>
          </reporter-output>
        </test-method> <!-- afterMethod -->
        <test-method status="PASS" signature="gotoNVRPage()[pri:0, instance:testcases.NVRsTest@25359ed8]" name="gotoNVRPage" is-config="true" duration-ms="56450" started-at="2020-02-06T15:03:36 IST" finished-at="2020-02-06T15:04:32 IST">
          <reporter-output>
          </reporter-output>
        </test-method> <!-- gotoNVRPage -->
        <test-method status="FAIL" signature="ChangeIPAdressAndCheckStatusTest()[pri:0, instance:testcases.NVRsTest@25359ed8]" name="ChangeIPAdressAndCheckStatusTest" duration-ms="9035" started-at="2020-02-06T15:04:32 IST" finished-at="2020-02-06T15:04:41 IST">
          <exception class="java.lang.AssertionError">
            <message>
              <![CDATA[expected [172.20.1.46IP] but found [IP]]]>
            </message>
            <full-stacktrace>
              <![CDATA[java.lang.AssertionError: expected [172.20.1.46IP] but found [IP]
at org.testng.Assert.fail(Assert.java:97)
at org.testng.Assert.assertEqualsImpl(Assert.java:136)
at org.testng.Assert.assertEquals(Assert.java:118)
at org.testng.Assert.assertEquals(Assert.java:575)
at org.testng.Assert.assertEquals(Assert.java:585)
at testcases.NVRsTest.ChangeIPAdressAndCheckStatusTest(NVRsTest.java:1356)
at sun.reflect.NativeMethodAccessorImpl.invoke0(Native Method)
at sun.reflect.NativeMethodAccessorImpl.invoke(NativeMethodAccessorImpl.java:62)
at sun.reflect.DelegatingMethodAccessorImpl.invoke(DelegatingMethodAccessorImpl.java:43)
at java.lang.reflect.Method.invoke(Method.java:498)
at org.testng.internal.MethodInvocationHelper.invokeMethod(MethodInvocationHelper.java:133)
at org.testng.internal.TestInvoker.invokeMethod(TestInvoker.java:584)
at org.testng.internal.TestInvoker.invokeTestMethod(TestInvoker.java:172)
at org.testng.internal.MethodRunner.runInSequence(MethodRunner.java:46)
at org.testng.internal.TestInvoker$MethodInvocationAgent.invoke(TestInvoker.java:804)
at org.testng.internal.TestInvoker.invokeTestMethods(TestInvoker.java:145)
at org.testng.internal.TestMethodWorker.invokeTestMethods(TestMethodWorker.java:146)
at org.testng.internal.TestMethodWorker.run(TestMethodWorker.java:128)
at java.util.ArrayList.forEach(ArrayList.java:1257)
at org.testng.TestRunner.privateRun(TestRunner.java:770)
at org.testng.TestRunner.run(TestRunner.java:591)
at org.testng.SuiteRunner.runTest(SuiteRunner.java:402)
at org.testng.SuiteRunner.runSequentially(SuiteRunner.java:396)
at org.testng.SuiteRunner.privateRun(SuiteRunner.java:355)
at org.testng.SuiteRunner.run(SuiteRunner.java:304)
at org.testng.SuiteRunnerWorker.runSuite(SuiteRunnerWorker.java:53)
at org.testng.SuiteRunnerWorker.run(SuiteRunnerWorker.java:96)
at org.testng.TestNG.runSuitesSequentially(TestNG.java:1180)
at org.testng.TestNG.runSuitesLocally(TestNG.java:1102)
at org.testng.TestNG.runSuites(TestNG.java:1032)
at org.testng.TestNG.run(TestNG.java:1000)
at org.testng.remote.AbstractRemoteTestNG.run(AbstractRemoteTestNG.java:115)
at org.testng.remote.RemoteTestNG.initAndRun(RemoteTestNG.java:251)
at org.testng.remote.RemoteTestNG.main(RemoteTestNG.java:77)
]]>
            </full-stacktrace>
          </exception> <!-- java.lang.AssertionError -->
          <reporter-output>
          </reporter-output>
        </test-method> <!-- ChangeIPAdressAndCheckStatusTest -->
        <test-method status="PASS" signature="afterMethod(org.testng.ITestResult)[pri:0, instance:testcases.NVRsTest@25359ed8]" name="afterMethod" is-config="true" duration-ms="638" started-at="2020-02-06T15:04:41 IST" finished-at="2020-02-06T15:04:42 IST">
          <params>
            <param index="0">
              <value>
                <![CDATA[[TestResult name=ChangeIPAdressAndCheckStatusTest status=FAILURE method=NVRsTest.ChangeIPAdressAndCheckStatusTest()[pri:0, instance:testcases.NVRsTest@25359ed8] output={null}]]]>
              </value>
            </param>
          </params>
          <reporter-output>
          </reporter-output>
        </test-method> <!-- afterMethod -->
        <test-method status="PASS" signature="gotoNVRPage()[pri:0, instance:testcases.NVRsTest@25359ed8]" name="gotoNVRPage" is-config="true" duration-ms="72905" started-at="2020-02-06T15:57:09 IST" finished-at="2020-02-06T15:58:22 IST">
          <reporter-output>
          </reporter-output>
        </test-method> <!-- gotoNVRPage -->
        <test-method status="PASS" signature="ChangeNameTest()[pri:0, instance:testcases.NVRsTest@25359ed8]" name="ChangeNameTest" duration-ms="22835" started-at="2020-02-06T15:58:22 IST" finished-at="2020-02-06T15:58:44 IST">
          <reporter-output>
          </reporter-output>
        </test-method> <!-- ChangeNameTest -->
        <test-method status="PASS" signature="afterMethod(org.testng.ITestResult)[pri:0, instance:testcases.NVRsTest@25359ed8]" name="afterMethod" is-config="true" duration-ms="530" started-at="2020-02-06T15:58:44 IST" finished-at="2020-02-06T15:58:45 IST">
          <params>
            <param index="0">
              <value>
                <![CDATA[[TestResult name=ChangeNameTest status=SUCCESS method=NVRsTest.ChangeNameTest()[pri:0, instance:testcases.NVRsTest@25359ed8] output={null}]]]>
              </value>
            </param>
          </params>
          <reporter-output>
          </reporter-output>
        </test-method> <!-- afterMethod -->
        <test-method status="PASS" signature="gotoNVRPage()[pri:0, instance:testcases.NVRsTest@25359ed8]" name="gotoNVRPage" is-config="true" duration-ms="55008" started-at="2020-02-06T16:06:09 IST" finished-at="2020-02-06T16:07:04 IST">
          <reporter-output>
          </reporter-output>
        </test-method> <!-- gotoNVRPage -->
        <test-method status="PASS" signature="ChangePasswordToInvalidAndCheckStatusTest()[pri:0, instance:testcases.NVRsTest@25359ed8]" name="ChangePasswordToInvalidAndCheckStatusTest" duration-ms="193214" started-at="2020-02-06T16:07:04 IST" finished-at="2020-02-06T16:10:17 IST">
          <reporter-output>
          </reporter-output>
        </test-method> <!-- ChangePasswordToInvalidAndCheckStatusTest -->
        <test-method status="PASS" signature="afterMethod(org.testng.ITestResult)[pri:0, instance:testcases.NVRsTest@25359ed8]" name="afterMethod" is-config="true" duration-ms="617" started-at="2020-02-06T16:10:17 IST" finished-at="2020-02-06T16:10:18 IST">
          <params>
            <param index="0">
              <value>
                <![CDATA[[TestResult name=ChangePasswordToInvalidAndCheckStatusTest status=SUCCESS method=NVRsTest.ChangePasswordToInvalidAndCheckStatusTest()[pri:0, instance:testcases.NVRsTest@25359ed8] output={null}]]]>
              </value>
            </param>
          </params>
          <reporter-output>
          </reporter-output>
        </test-method> <!-- afterMethod -->
        <test-method status="PASS" signature="gotoNVRPage()[pri:0, instance:testcases.NVRsTest@25359ed8]" name="gotoNVRPage" is-config="true" duration-ms="51507" started-at="2020-02-06T16:10:18 IST" finished-at="2020-02-06T16:11:09 IST">
          <reporter-output>
          </reporter-output>
        </test-method> <!-- gotoNVRPage -->
        <test-method status="PASS" signature="ChangePortAndCheckStatusTest()[pri:0, instance:testcases.NVRsTest@25359ed8]" name="ChangePortAndCheckStatusTest" duration-ms="145396" started-at="2020-02-06T16:11:09 IST" finished-at="2020-02-06T16:13:35 IST">
          <reporter-output>
          </reporter-output>
        </test-method> <!-- ChangePortAndCheckStatusTest -->
        <test-method status="PASS" signature="afterMethod(org.testng.ITestResult)[pri:0, instance:testcases.NVRsTest@25359ed8]" name="afterMethod" is-config="true" duration-ms="628" started-at="2020-02-06T16:13:35 IST" finished-at="2020-02-06T16:13:35 IST">
          <params>
            <param index="0">
              <value>
                <![CDATA[[TestResult name=ChangePortAndCheckStatusTest status=SUCCESS method=NVRsTest.ChangePortAndCheckStatusTest()[pri:0, instance:testcases.NVRsTest@25359ed8] output={null}]]]>
              </value>
            </param>
          </params>
          <reporter-output>
          </reporter-output>
        </test-method> <!-- afterMethod -->
        <test-method status="PASS" signature="gotoNVRPage()[pri:0, instance:testcases.NVRsTest@25359ed8]" name="gotoNVRPage" is-config="true" duration-ms="52821" started-at="2020-02-06T16:54:34 IST" finished-at="2020-02-06T16:55:27 IST">
          <reporter-output>
          </reporter-output>
        </test-method> <!-- gotoNVRPage -->
        <test-method status="FAIL" signature="ChangeSecuredAndCheckStatusTest()[pri:0, instance:testcases.NVRsTest@25359ed8]" name="ChangeSecuredAndCheckStatusTest" duration-ms="241527" started-at="2020-02-06T16:55:27 IST" finished-at="2020-02-06T16:59:28 IST">
          <exception class="java.lang.AssertionError">
            <message>
              <![CDATA[expected [V] but found [NVR cannot be synced. Its system unique id belongs to another NVR.]]]>
            </message>
            <full-stacktrace>
              <![CDATA[java.lang.AssertionError: expected [V] but found [NVR cannot be synced. Its system unique id belongs to another NVR.]
at org.testng.Assert.fail(Assert.java:97)
at org.testng.Assert.assertEqualsImpl(Assert.java:136)
at org.testng.Assert.assertEquals(Assert.java:118)
at org.testng.Assert.assertEquals(Assert.java:575)
at org.testng.Assert.assertEquals(Assert.java:585)
at testcases.NVRsTest.ChangeSecuredAndCheckStatusTest(NVRsTest.java:1533)
at sun.reflect.NativeMethodAccessorImpl.invoke0(Native Method)
at sun.reflect.NativeMethodAccessorImpl.invoke(NativeMethodAccessorImpl.java:62)
at sun.reflect.DelegatingMethodAccessorImpl.invoke(DelegatingMethodAccessorImpl.java:43)
at java.lang.reflect.Method.invoke(Method.java:498)
at org.testng.internal.MethodInvocationHelper.invokeMethod(MethodInvocationHelper.java:133)
at org.testng.internal.TestInvoker.invokeMethod(TestInvoker.java:584)
at org.testng.internal.TestInvoker.invokeTestMethod(TestInvoker.java:172)
at org.testng.internal.MethodRunner.runInSequence(MethodRunner.java:46)
at org.testng.internal.TestInvoker$MethodInvocationAgent.invoke(TestInvoker.java:804)
at org.testng.internal.TestInvoker.invokeTestMethods(TestInvoker.java:145)
at org.testng.internal.TestMethodWorker.invokeTestMethods(TestMethodWorker.java:146)
at org.testng.internal.TestMethodWorker.run(TestMethodWorker.java:128)
at java.util.ArrayList.forEach(ArrayList.java:1257)
at org.testng.TestRunner.privateRun(TestRunner.java:770)
at org.testng.TestRunner.run(TestRunner.java:591)
at org.testng.SuiteRunner.runTest(SuiteRunner.java:402)
at org.testng.SuiteRunner.runSequentially(SuiteRunner.java:396)
at org.testng.SuiteRunner.privateRun(SuiteRunner.java:355)
at org.testng.SuiteRunner.run(SuiteRunner.java:304)
at org.testng.SuiteRunnerWorker.runSuite(SuiteRunnerWorker.java:53)
at org.testng.SuiteRunnerWorker.run(SuiteRunnerWorker.java:96)
at org.testng.TestNG.runSuitesSequentially(TestNG.java:1180)
at org.testng.TestNG.runSuitesLocally(TestNG.java:1102)
at org.testng.TestNG.runSuites(TestNG.java:1032)
at org.testng.TestNG.run(TestNG.java:1000)
at org.testng.remote.AbstractRemoteTestNG.run(AbstractRemoteTestNG.java:115)
at org.testng.remote.RemoteTestNG.initAndRun(RemoteTestNG.java:251)
at org.testng.remote.RemoteTestNG.main(RemoteTestNG.java:77)
]]>
            </full-stacktrace>
          </exception> <!-- java.lang.AssertionError -->
          <reporter-output>
          </reporter-output>
        </test-method> <!-- ChangeSecuredAndCheckStatusTest -->
        <test-method status="PASS" signature="afterMethod(org.testng.ITestResult)[pri:0, instance:testcases.NVRsTest@25359ed8]" name="afterMethod" is-config="true" duration-ms="927" started-at="2020-02-06T16:59:28 IST" finished-at="2020-02-06T16:59:29 IST">
          <params>
            <param index="0">
              <value>
                <![CDATA[[TestResult name=ChangeSecuredAndCheckStatusTest status=FAILURE method=NVRsTest.ChangeSecuredAndCheckStatusTest()[pri:0, instance:testcases.NVRsTest@25359ed8] output={null}]]]>
              </value>
            </param>
          </params>
          <reporter-output>
          </reporter-output>
        </test-method> <!-- afterMethod -->
        <test-method status="PASS" signature="gotoNVRPage()[pri:0, instance:testcases.NVRsTest@25359ed8]" name="gotoNVRPage" is-config="true" duration-ms="66358" started-at="2020-02-06T17:18:17 IST" finished-at="2020-02-06T17:19:24 IST">
          <reporter-output>
          </reporter-output>
        </test-method> <!-- gotoNVRPage -->
        <test-method status="PASS" signature="ChangeUserNameToInvalidAndCheckStatusTest()[pri:0, instance:testcases.NVRsTest@25359ed8]" name="ChangeUserNameToInvalidAndCheckStatusTest" duration-ms="186961" started-at="2020-02-06T17:19:24 IST" finished-at="2020-02-06T17:22:31 IST">
          <reporter-output>
          </reporter-output>
        </test-method> <!-- ChangeUserNameToInvalidAndCheckStatusTest -->
        <test-method status="PASS" signature="afterMethod(org.testng.ITestResult)[pri:0, instance:testcases.NVRsTest@25359ed8]" name="afterMethod" is-config="true" duration-ms="763" started-at="2020-02-06T17:22:31 IST" finished-at="2020-02-06T17:22:31 IST">
          <params>
            <param index="0">
              <value>
                <![CDATA[[TestResult name=ChangeUserNameToInvalidAndCheckStatusTest status=SUCCESS method=NVRsTest.ChangeUserNameToInvalidAndCheckStatusTest()[pri:0, instance:testcases.NVRsTest@25359ed8] output={null}]]]>
              </value>
            </param>
          </params>
          <reporter-output>
          </reporter-output>
        </test-method> <!-- afterMethod -->
        <test-method status="PASS" signature="gotoNVRPage()[pri:0, instance:testcases.NVRsTest@25359ed8]" name="gotoNVRPage" is-config="true" duration-ms="52231" started-at="2020-02-06T18:52:48 IST" finished-at="2020-02-06T18:53:40 IST">
          <reporter-output>
          </reporter-output>
        </test-method> <!-- gotoNVRPage -->
        <test-method status="PASS" signature="DeleteOneNVRClickOnAnotherNVRAndCheckPropertiesPanelTest()[pri:0, instance:testcases.NVRsTest@25359ed8]" name="DeleteOneNVRClickOnAnotherNVRAndCheckPropertiesPanelTest" duration-ms="21830" started-at="2020-02-06T18:53:40 IST" finished-at="2020-02-06T18:54:02 IST">
          <reporter-output>
          </reporter-output>
        </test-method> <!-- DeleteOneNVRClickOnAnotherNVRAndCheckPropertiesPanelTest -->
        <test-method status="PASS" signature="afterMethod(org.testng.ITestResult)[pri:0, instance:testcases.NVRsTest@25359ed8]" name="afterMethod" is-config="true" duration-ms="536" started-at="2020-02-06T18:54:02 IST" finished-at="2020-02-06T18:54:03 IST">
          <params>
            <param index="0">
              <value>
                <![CDATA[[TestResult name=DeleteOneNVRClickOnAnotherNVRAndCheckPropertiesPanelTest status=SUCCESS method=NVRsTest.DeleteOneNVRClickOnAnotherNVRAndCheckPropertiesPanelTest()[pri:0, instance:testcases.NVRsTest@25359ed8] output={null}]]]>
              </value>
            </param>
          </params>
          <reporter-output>
          </reporter-output>
        </test-method> <!-- afterMethod -->
        <test-method status="PASS" signature="gotoNVRPage()[pri:0, instance:testcases.NVRsTest@25359ed8]" name="gotoNVRPage" is-config="true" duration-ms="52306" started-at="2020-02-06T19:29:30 IST" finished-at="2020-02-06T19:30:23 IST">
          <reporter-output>
          </reporter-output>
        </test-method> <!-- gotoNVRPage -->
        <test-method status="PASS" signature="FilterDiscoveredNVRsTest()[pri:0, instance:testcases.NVRsTest@25359ed8]" name="FilterDiscoveredNVRsTest" duration-ms="15441" started-at="2020-02-06T19:30:23 IST" finished-at="2020-02-06T19:30:38 IST">
          <reporter-output>
          </reporter-output>
        </test-method> <!-- FilterDiscoveredNVRsTest -->
        <test-method status="PASS" signature="afterMethod(org.testng.ITestResult)[pri:0, instance:testcases.NVRsTest@25359ed8]" name="afterMethod" is-config="true" duration-ms="532" started-at="2020-02-06T19:30:38 IST" finished-at="2020-02-06T19:30:38 IST">
          <params>
            <param index="0">
              <value>
                <![CDATA[[TestResult name=FilterDiscoveredNVRsTest status=SUCCESS method=NVRsTest.FilterDiscoveredNVRsTest()[pri:0, instance:testcases.NVRsTest@25359ed8] output={null}]]]>
              </value>
            </param>
          </params>
          <reporter-output>
          </reporter-output>
        </test-method> <!-- afterMethod -->
        <test-method status="PASS" signature="gotoNVRPage()[pri:0, instance:testcases.NVRsTest@25359ed8]" name="gotoNVRPage" is-config="true" duration-ms="50431" started-at="2020-02-06T19:30:38 IST" finished-at="2020-02-06T19:31:29 IST">
          <reporter-output>
          </reporter-output>
        </test-method> <!-- gotoNVRPage -->
        <test-method status="PASS" signature="FilterNVRsTest()[pri:0, instance:testcases.NVRsTest@25359ed8]" name="FilterNVRsTest" duration-ms="3219" started-at="2020-02-06T19:31:29 IST" finished-at="2020-02-06T19:31:32 IST">
          <reporter-output>
          </reporter-output>
        </test-method> <!-- FilterNVRsTest -->
        <test-method status="PASS" signature="afterMethod(org.testng.ITestResult)[pri:0, instance:testcases.NVRsTest@25359ed8]" name="afterMethod" is-config="true" duration-ms="530" started-at="2020-02-06T19:31:32 IST" finished-at="2020-02-06T19:31:33 IST">
          <params>
            <param index="0">
              <value>
                <![CDATA[[TestResult name=FilterNVRsTest status=SUCCESS method=NVRsTest.FilterNVRsTest()[pri:0, instance:testcases.NVRsTest@25359ed8] output={null}]]]>
              </value>
            </param>
          </params>
          <reporter-output>
          </reporter-output>
        </test-method> <!-- afterMethod -->
        <test-method status="PASS" signature="gotoNVRPage()[pri:0, instance:testcases.NVRsTest@25359ed8]" name="gotoNVRPage" is-config="true" duration-ms="55855" started-at="2020-02-06T19:38:45 IST" finished-at="2020-02-06T19:39:41 IST">
          <reporter-output>
          </reporter-output>
        </test-method> <!-- gotoNVRPage -->
        <test-method status="PASS" signature="InputInvalidIPAdressInAddNVRManualyTest()[pri:0, instance:testcases.NVRsTest@25359ed8]" name="InputInvalidIPAdressInAddNVRManualyTest" duration-ms="20155" started-at="2020-02-06T19:39:41 IST" finished-at="2020-02-06T19:40:01 IST">
          <reporter-output>
          </reporter-output>
        </test-method> <!-- InputInvalidIPAdressInAddNVRManualyTest -->
        <test-method status="PASS" signature="afterMethod(org.testng.ITestResult)[pri:0, instance:testcases.NVRsTest@25359ed8]" name="afterMethod" is-config="true" duration-ms="528" started-at="2020-02-06T19:40:01 IST" finished-at="2020-02-06T19:40:01 IST">
          <params>
            <param index="0">
              <value>
                <![CDATA[[TestResult name=InputInvalidIPAdressInAddNVRManualyTest status=SUCCESS method=NVRsTest.InputInvalidIPAdressInAddNVRManualyTest()[pri:0, instance:testcases.NVRsTest@25359ed8] output={null}]]]>
              </value>
            </param>
          </params>
          <reporter-output>
          </reporter-output>
        </test-method> <!-- afterMethod -->
        <test-method status="PASS" signature="gotoNVRPage()[pri:0, instance:testcases.NVRsTest@25359ed8]" name="gotoNVRPage" is-config="true" duration-ms="55270" started-at="2020-02-06T19:40:01 IST" finished-at="2020-02-06T19:40:57 IST">
          <reporter-output>
          </reporter-output>
        </test-method> <!-- gotoNVRPage -->
        <test-method status="PASS" signature="InputInvalidPasswordInAddNVRManualyTest()[pri:0, instance:testcases.NVRsTest@25359ed8]" name="InputInvalidPasswordInAddNVRManualyTest" duration-ms="39763" started-at="2020-02-06T19:40:57 IST" finished-at="2020-02-06T19:41:36 IST">
          <reporter-output>
          </reporter-output>
        </test-method> <!-- InputInvalidPasswordInAddNVRManualyTest -->
        <test-method status="PASS" signature="afterMethod(org.testng.ITestResult)[pri:0, instance:testcases.NVRsTest@25359ed8]" name="afterMethod" is-config="true" duration-ms="658" started-at="2020-02-06T19:41:36 IST" finished-at="2020-02-06T19:41:37 IST">
          <params>
            <param index="0">
              <value>
                <![CDATA[[TestResult name=InputInvalidPasswordInAddNVRManualyTest status=SUCCESS method=NVRsTest.InputInvalidPasswordInAddNVRManualyTest()[pri:0, instance:testcases.NVRsTest@25359ed8] output={null}]]]>
              </value>
            </param>
          </params>
          <reporter-output>
          </reporter-output>
        </test-method> <!-- afterMethod -->
        <test-method status="PASS" signature="gotoNVRPage()[pri:0, instance:testcases.NVRsTest@25359ed8]" name="gotoNVRPage" is-config="true" duration-ms="54562" started-at="2020-02-06T19:41:37 IST" finished-at="2020-02-06T19:42:32 IST">
          <reporter-output>
          </reporter-output>
        </test-method> <!-- gotoNVRPage -->
        <test-method status="PASS" signature="InputInvalidPortInAddNVRManualyTest()[pri:0, instance:testcases.NVRsTest@25359ed8]" name="InputInvalidPortInAddNVRManualyTest" duration-ms="47909" started-at="2020-02-06T19:42:32 IST" finished-at="2020-02-06T19:43:19 IST">
          <reporter-output>
          </reporter-output>
        </test-method> <!-- InputInvalidPortInAddNVRManualyTest -->
        <test-method status="PASS" signature="afterMethod(org.testng.ITestResult)[pri:0, instance:testcases.NVRsTest@25359ed8]" name="afterMethod" is-config="true" duration-ms="861" started-at="2020-02-06T19:43:19 IST" finished-at="2020-02-06T19:43:20 IST">
          <params>
            <param index="0">
              <value>
                <![CDATA[[TestResult name=InputInvalidPortInAddNVRManualyTest status=SUCCESS method=NVRsTest.InputInvalidPortInAddNVRManualyTest()[pri:0, instance:testcases.NVRsTest@25359ed8] output={null}]]]>
              </value>
            </param>
          </params>
          <reporter-output>
          </reporter-output>
        </test-method> <!-- afterMethod -->
        <test-method status="PASS" signature="gotoNVRPage()[pri:0, instance:testcases.NVRsTest@25359ed8]" name="gotoNVRPage" is-config="true" duration-ms="57492" started-at="2020-02-06T19:43:20 IST" finished-at="2020-02-06T19:44:18 IST">
          <reporter-output>
          </reporter-output>
        </test-method> <!-- gotoNVRPage -->
        <test-method status="PASS" signature="InputInvalidUserNameInAddNVRManualyTest()[pri:0, instance:testcases.NVRsTest@25359ed8]" name="InputInvalidUserNameInAddNVRManualyTest" duration-ms="38000" started-at="2020-02-06T19:44:18 IST" finished-at="2020-02-06T19:44:56 IST">
          <reporter-output>
          </reporter-output>
        </test-method> <!-- InputInvalidUserNameInAddNVRManualyTest -->
        <test-method status="PASS" signature="afterMethod(org.testng.ITestResult)[pri:0, instance:testcases.NVRsTest@25359ed8]" name="afterMethod" is-config="true" duration-ms="644" started-at="2020-02-06T19:44:56 IST" finished-at="2020-02-06T19:44:56 IST">
          <params>
            <param index="0">
              <value>
                <![CDATA[[TestResult name=InputInvalidUserNameInAddNVRManualyTest status=SUCCESS method=NVRsTest.InputInvalidUserNameInAddNVRManualyTest()[pri:0, instance:testcases.NVRsTest@25359ed8] output={null}]]]>
              </value>
            </param>
          </params>
          <reporter-output>
          </reporter-output>
        </test-method> <!-- afterMethod -->
        <test-method status="PASS" signature="gotoNVRPage()[pri:0, instance:testcases.NVRsTest@25359ed8]" name="gotoNVRPage" is-config="true" duration-ms="54481" started-at="2020-02-06T19:44:56 IST" finished-at="2020-02-06T19:45:51 IST">
          <reporter-output>
          </reporter-output>
        </test-method> <!-- gotoNVRPage -->
        <test-method status="PASS" signature="MultipleNVRsAdditingTest()[pri:0, instance:testcases.NVRsTest@25359ed8]" name="MultipleNVRsAdditingTest" duration-ms="75156" started-at="2020-02-06T19:45:51 IST" finished-at="2020-02-06T19:47:06 IST">
          <reporter-output>
          </reporter-output>
        </test-method> <!-- MultipleNVRsAdditingTest -->
        <test-method status="PASS" signature="afterMethod(org.testng.ITestResult)[pri:0, instance:testcases.NVRsTest@25359ed8]" name="afterMethod" is-config="true" duration-ms="668" started-at="2020-02-06T19:47:06 IST" finished-at="2020-02-06T19:47:07 IST">
          <params>
            <param index="0">
              <value>
                <![CDATA[[TestResult name=MultipleNVRsAdditingTest status=SUCCESS method=NVRsTest.MultipleNVRsAdditingTest()[pri:0, instance:testcases.NVRsTest@25359ed8] output={null}]]]>
              </value>
            </param>
          </params>
          <reporter-output>
          </reporter-output>
        </test-method> <!-- afterMethod -->
        <test-method status="PASS" signature="gotoNVRPage()[pri:0, instance:testcases.NVRsTest@25359ed8]" name="gotoNVRPage" is-config="true" duration-ms="54783" started-at="2020-02-06T19:50:08 IST" finished-at="2020-02-06T19:51:03 IST">
          <reporter-output>
          </reporter-output>
        </test-method> <!-- gotoNVRPage -->
        <test-method status="PASS" signature="RemoveNVRsByIconTest()[pri:0, instance:testcases.NVRsTest@25359ed8]" name="RemoveNVRsByIconTest" duration-ms="21305" started-at="2020-02-06T19:51:03 IST" finished-at="2020-02-06T19:51:24 IST">
          <reporter-output>
          </reporter-output>
        </test-method> <!-- RemoveNVRsByIconTest -->
        <test-method status="PASS" signature="afterMethod(org.testng.ITestResult)[pri:0, instance:testcases.NVRsTest@25359ed8]" name="afterMethod" is-config="true" duration-ms="855" started-at="2020-02-06T19:51:24 IST" finished-at="2020-02-06T19:51:25 IST">
          <params>
            <param index="0">
              <value>
                <![CDATA[[TestResult name=RemoveNVRsByIconTest status=SUCCESS method=NVRsTest.RemoveNVRsByIconTest()[pri:0, instance:testcases.NVRsTest@25359ed8] output={null}]]]>
              </value>
            </param>
          </params>
          <reporter-output>
          </reporter-output>
        </test-method> <!-- afterMethod -->
        <test-method status="PASS" signature="gotoNVRPage()[pri:0, instance:testcases.NVRsTest@25359ed8]" name="gotoNVRPage" is-config="true" duration-ms="70796" started-at="2020-02-06T20:39:29 IST" finished-at="2020-02-06T20:40:40 IST">
          <reporter-output>
          </reporter-output>
        </test-method> <!-- gotoNVRPage -->
        <test-method status="PASS" signature="SelectNVRandPressCancelTest()[pri:0, instance:testcases.NVRsTest@25359ed8]" name="SelectNVRandPressCancelTest" duration-ms="24102" started-at="2020-02-06T20:40:40 IST" finished-at="2020-02-06T20:41:04 IST">
          <reporter-output>
          </reporter-output>
        </test-method> <!-- SelectNVRandPressCancelTest -->
        <test-method status="PASS" signature="afterMethod(org.testng.ITestResult)[pri:0, instance:testcases.NVRsTest@25359ed8]" name="afterMethod" is-config="true" duration-ms="529" started-at="2020-02-06T20:41:04 IST" finished-at="2020-02-06T20:41:05 IST">
          <params>
            <param index="0">
              <value>
                <![CDATA[[TestResult name=SelectNVRandPressCancelTest status=SUCCESS method=NVRsTest.SelectNVRandPressCancelTest()[pri:0, instance:testcases.NVRsTest@25359ed8] output={null}]]]>
              </value>
            </param>
          </params>
          <reporter-output>
          </reporter-output>
        </test-method> <!-- afterMethod -->
        <test-method status="PASS" signature="gotoNVRPage()[pri:0, instance:testcases.NVRsTest@25359ed8]" name="gotoNVRPage" is-config="true" duration-ms="68770" started-at="2020-02-06T20:41:05 IST" finished-at="2020-02-06T20:42:14 IST">
          <reporter-output>
          </reporter-output>
        </test-method> <!-- gotoNVRPage -->
        <test-method status="PASS" signature="SortingDiscoveredNVRsTest()[pri:0, instance:testcases.NVRsTest@25359ed8]" name="SortingDiscoveredNVRsTest" duration-ms="20971" started-at="2020-02-06T20:42:14 IST" finished-at="2020-02-06T20:42:35 IST">
          <reporter-output>
          </reporter-output>
        </test-method> <!-- SortingDiscoveredNVRsTest -->
[...]
          <params>
            <param index="0">
              <value>
                <![CDATA[[TestResult name=ChangeViewTimeExitAndDoNotSaveTest status=SUCCESS method=ToursElementsTest.ChangeViewTimeExitAndDoNotSaveTest()[pri:0, instance:testcases.ToursElementsTest@80ec1f8] output={null}]]]>
              </value>
            </param>
          </params>
          <reporter-output>
          </reporter-output>
        </test-method> <!-- afterMethod -->
        <test-method status="PASS" signature="GoToToursPage()[pri:0, instance:testcases.ToursElementsTest@80ec1f8]" name="GoToToursPage" is-config="true" duration-ms="103199" started-at="2020-02-06T17:43:15 IST" finished-at="2020-02-06T17:44:58 IST">
          <reporter-output>
          </reporter-output>
        </test-method> <!-- GoToToursPage -->
        <test-method status="PASS" signature="ChangeViewTimeExitAndSaveTest()[pri:0, instance:testcases.ToursElementsTest@80ec1f8]" name="ChangeViewTimeExitAndSaveTest" duration-ms="6183" started-at="2020-02-06T17:44:58 IST" finished-at="2020-02-06T17:45:04 IST">
          <reporter-output>
          </reporter-output>
        </test-method> <!-- ChangeViewTimeExitAndSaveTest -->
        <test-method status="PASS" signature="afterMethod(org.testng.ITestResult)[pri:0, instance:testcases.ToursElementsTest@80ec1f8]" name="afterMethod" is-config="true" duration-ms="643" started-at="2020-02-06T17:45:04 IST" finished-at="2020-02-06T17:45:05 IST">
          <params>
            <param index="0">
              <value>
                <![CDATA[[TestResult name=ChangeViewTimeExitAndSaveTest status=SUCCESS method=ToursElementsTest.ChangeViewTimeExitAndSaveTest()[pri:0, instance:testcases.ToursElementsTest@80ec1f8] output={null}]]]>
              </value>
            </param>
          </params>
          <reporter-output>
          </reporter-output>
        </test-method> <!-- afterMethod -->
        <test-method status="PASS" signature="GoToToursPage()[pri:0, instance:testcases.ToursElementsTest@80ec1f8]" name="GoToToursPage" is-config="true" duration-ms="101373" started-at="2020-02-06T17:50:28 IST" finished-at="2020-02-06T17:52:10 IST">
          <reporter-output>
          </reporter-output>
        </test-method> <!-- GoToToursPage -->
        <test-method status="PASS" signature="ChangeVisibilityStatusAndCancelTest()[pri:0, instance:testcases.ToursElementsTest@80ec1f8]" name="ChangeVisibilityStatusAndCancelTest" duration-ms="3542" started-at="2020-02-06T17:52:10 IST" finished-at="2020-02-06T17:52:13 IST">
          <reporter-output>
          </reporter-output>
        </test-method> <!-- ChangeVisibilityStatusAndCancelTest -->
        <test-method status="PASS" signature="afterMethod(org.testng.ITestResult)[pri:0, instance:testcases.ToursElementsTest@80ec1f8]" name="afterMethod" is-config="true" duration-ms="531" started-at="2020-02-06T17:52:13 IST" finished-at="2020-02-06T17:52:14 IST">
          <params>
            <param index="0">
              <value>
                <![CDATA[[TestResult name=ChangeVisibilityStatusAndCancelTest status=SUCCESS method=ToursElementsTest.ChangeVisibilityStatusAndCancelTest()[pri:0, instance:testcases.ToursElementsTest@80ec1f8] output={null}]]]>
              </value>
            </param>
          </params>
          <reporter-output>
          </reporter-output>
        </test-method> <!-- afterMethod -->
        <test-method status="PASS" signature="GoToToursPage()[pri:0, instance:testcases.ToursElementsTest@80ec1f8]" name="GoToToursPage" is-config="true" duration-ms="100496" started-at="2020-02-06T17:54:25 IST" finished-at="2020-02-06T17:56:06 IST">
          <reporter-output>
          </reporter-output>
        </test-method> <!-- GoToToursPage -->
        <test-method status="PASS" signature="ChangeVisibilityStatusExitAndCancelTest()[pri:0, instance:testcases.ToursElementsTest@80ec1f8]" name="ChangeVisibilityStatusExitAndCancelTest" duration-ms="23644" started-at="2020-02-06T17:56:06 IST" finished-at="2020-02-06T17:56:29 IST">
          <reporter-output>
          </reporter-output>
        </test-method> <!-- ChangeVisibilityStatusExitAndCancelTest -->
        <test-method status="PASS" signature="afterMethod(org.testng.ITestResult)[pri:0, instance:testcases.ToursElementsTest@80ec1f8]" name="afterMethod" is-config="true" duration-ms="536" started-at="2020-02-06T17:56:29 IST" finished-at="2020-02-06T17:56:30 IST">
          <params>
            <param index="0">
              <value>
                <![CDATA[[TestResult name=ChangeVisibilityStatusExitAndCancelTest status=SUCCESS method=ToursElementsTest.ChangeVisibilityStatusExitAndCancelTest()[pri:0, instance:testcases.ToursElementsTest@80ec1f8] output={null}]]]>
              </value>
            </param>
          </params>
          <reporter-output>
          </reporter-output>
        </test-method> <!-- afterMethod -->
        <test-method status="PASS" signature="GoToToursPage()[pri:0, instance:testcases.ToursElementsTest@80ec1f8]" name="GoToToursPage" is-config="true" duration-ms="104709" started-at="2020-02-06T17:56:30 IST" finished-at="2020-02-06T17:58:15 IST">
          <reporter-output>
          </reporter-output>
        </test-method> <!-- GoToToursPage -->
        <test-method status="PASS" signature="ChangeVisibilityStatusExitAndDoNotSaveTest()[pri:0, instance:testcases.ToursElementsTest@80ec1f8]" name="ChangeVisibilityStatusExitAndDoNotSaveTest" duration-ms="30356" started-at="2020-02-06T17:58:15 IST" finished-at="2020-02-06T17:58:45 IST">
          <reporter-output>
          </reporter-output>
        </test-method> <!-- ChangeVisibilityStatusExitAndDoNotSaveTest -->
        <test-method status="PASS" signature="afterMethod(org.testng.ITestResult)[pri:0, instance:testcases.ToursElementsTest@80ec1f8]" name="afterMethod" is-config="true" duration-ms="527" started-at="2020-02-06T17:58:45 IST" finished-at="2020-02-06T17:58:45 IST">
          <params>
            <param index="0">
              <value>
                <![CDATA[[TestResult name=ChangeVisibilityStatusExitAndDoNotSaveTest status=SUCCESS method=ToursElementsTest.ChangeVisibilityStatusExitAndDoNotSaveTest()[pri:0, instance:testcases.ToursElementsTest@80ec1f8] output={null}]]]>
              </value>
            </param>
          </params>
          <reporter-output>
          </reporter-output>
        </test-method> <!-- afterMethod -->
        <test-method status="PASS" signature="GoToToursPage()[pri:0, instance:testcases.ToursElementsTest@80ec1f8]" name="GoToToursPage" is-config="true" duration-ms="109917" started-at="2020-02-06T18:06:37 IST" finished-at="2020-02-06T18:08:27 IST">
          <reporter-output>
          </reporter-output>
        </test-method> <!-- GoToToursPage -->
        <test-method status="PASS" signature="ChangeVisibilityStatusExitAndSaveTest()[pri:0, instance:testcases.ToursElementsTest@80ec1f8]" name="ChangeVisibilityStatusExitAndSaveTest" duration-ms="6324" started-at="2020-02-06T18:08:27 IST" finished-at="2020-02-06T18:08:33 IST">
          <reporter-output>
          </reporter-output>
        </test-method> <!-- ChangeVisibilityStatusExitAndSaveTest -->
        <test-method status="PASS" signature="afterMethod(org.testng.ITestResult)[pri:0, instance:testcases.ToursElementsTest@80ec1f8]" name="afterMethod" is-config="true" duration-ms="1049" started-at="2020-02-06T18:08:33 IST" finished-at="2020-02-06T18:08:34 IST">
          <params>
            <param index="0">
              <value>
                <![CDATA[[TestResult name=ChangeVisibilityStatusExitAndSaveTest status=SUCCESS method=ToursElementsTest.ChangeVisibilityStatusExitAndSaveTest()[pri:0, instance:testcases.ToursElementsTest@80ec1f8] output={null}]]]>
              </value>
            </param>
          </params>
          <reporter-output>
          </reporter-output>
        </test-method> <!-- afterMethod -->
        <test-method status="PASS" signature="GoToToursPage()[pri:0, instance:testcases.ToursElementsTest@80ec1f8]" name="GoToToursPage" is-config="true" duration-ms="103554" started-at="2020-02-06T18:38:05 IST" finished-at="2020-02-06T18:39:48 IST">
          <reporter-output>
          </reporter-output>
        </test-method> <!-- GoToToursPage -->
        <test-method status="PASS" signature="DeleteAllViewsAndCancelTest()[pri:0, instance:testcases.ToursElementsTest@80ec1f8]" name="DeleteAllViewsAndCancelTest" duration-ms="6124" started-at="2020-02-06T18:39:48 IST" finished-at="2020-02-06T18:39:55 IST">
          <reporter-output>
          </reporter-output>
        </test-method> <!-- DeleteAllViewsAndCancelTest -->
        <test-method status="PASS" signature="afterMethod(org.testng.ITestResult)[pri:0, instance:testcases.ToursElementsTest@80ec1f8]" name="afterMethod" is-config="true" duration-ms="915" started-at="2020-02-06T18:39:55 IST" finished-at="2020-02-06T18:39:55 IST">
          <params>
            <param index="0">
              <value>
                <![CDATA[[TestResult name=DeleteAllViewsAndCancelTest status=SUCCESS method=ToursElementsTest.DeleteAllViewsAndCancelTest()[pri:0, instance:testcases.ToursElementsTest@80ec1f8] output={null}]]]>
              </value>
            </param>
          </params>
          <reporter-output>
          </reporter-output>
        </test-method> <!-- afterMethod -->
        <test-method status="PASS" signature="GoToToursPage()[pri:0, instance:testcases.ToursElementsTest@80ec1f8]" name="GoToToursPage" is-config="true" duration-ms="100233" started-at="2020-02-06T18:39:55 IST" finished-at="2020-02-06T18:41:36 IST">
          <reporter-output>
          </reporter-output>
        </test-method> <!-- GoToToursPage -->
        <test-method status="PASS" signature="DeleteAllViewsExitAndCancelTest()[pri:0, instance:testcases.ToursElementsTest@80ec1f8]" name="DeleteAllViewsExitAndCancelTest" duration-ms="22053" started-at="2020-02-06T18:41:36 IST" finished-at="2020-02-06T18:41:58 IST">
          <reporter-output>
          </reporter-output>
        </test-method> <!-- DeleteAllViewsExitAndCancelTest -->
        <test-method status="PASS" signature="afterMethod(org.testng.ITestResult)[pri:0, instance:testcases.ToursElementsTest@80ec1f8]" name="afterMethod" is-config="true" duration-ms="530" started-at="2020-02-06T18:41:58 IST" finished-at="2020-02-06T18:41:58 IST">
          <params>
            <param index="0">
              <value>
                <![CDATA[[TestResult name=DeleteAllViewsExitAndCancelTest status=SUCCESS method=ToursElementsTest.DeleteAllViewsExitAndCancelTest()[pri:0, instance:testcases.ToursElementsTest@80ec1f8] output={null}]]]>
              </value>
            </param>
          </params>
          <reporter-output>
          </reporter-output>
        </test-method> <!-- afterMethod -->
        <test-method status="PASS" signature="GoToToursPage()[pri:0, instance:testcases.ToursElementsTest@80ec1f8]" name="GoToToursPage" is-config="true" duration-ms="102518" started-at="2020-02-06T18:41:58 IST" finished-at="2020-02-06T18:43:41 IST">
          <reporter-output>
          </reporter-output>
        </test-method> <!-- GoToToursPage -->
        <test-method status="PASS" signature="DeleteAllViewsExitAndDoNotSaveTest()[pri:0, instance:testcases.ToursElementsTest@80ec1f8]" name="DeleteAllViewsExitAndDoNotSaveTest" duration-ms="27301" started-at="2020-02-06T18:43:41 IST" finished-at="2020-02-06T18:44:08 IST">
          <reporter-output>
          </reporter-output>
        </test-method> <!-- DeleteAllViewsExitAndDoNotSaveTest -->
        <test-method status="PASS" signature="afterMethod(org.testng.ITestResult)[pri:0, instance:testcases.ToursElementsTest@80ec1f8]" name="afterMethod" is-config="true" duration-ms="638" started-at="2020-02-06T18:44:08 IST" finished-at="2020-02-06T18:44:09 IST">
          <params>
            <param index="0">
              <value>
                <![CDATA[[TestResult name=DeleteAllViewsExitAndDoNotSaveTest status=SUCCESS method=ToursElementsTest.DeleteAllViewsExitAndDoNotSaveTest()[pri:0, instance:testcases.ToursElementsTest@80ec1f8] output={null}]]]>
              </value>
            </param>
          </params>
          <reporter-output>
          </reporter-output>
        </test-method> <!-- afterMethod -->
        <test-method status="PASS" signature="GoToToursPage()[pri:0, instance:testcases.ToursElementsTest@80ec1f8]" name="GoToToursPage" is-config="true" duration-ms="101638" started-at="2020-02-06T18:44:09 IST" finished-at="2020-02-06T18:45:50 IST">
          <reporter-output>
          </reporter-output>
        </test-method> <!-- GoToToursPage -->
        <test-method status="PASS" signature="DeleteAllViewsExitAndSaveTest()[pri:0, instance:testcases.ToursElementsTest@80ec1f8]" name="DeleteAllViewsExitAndSaveTest" duration-ms="3213" started-at="2020-02-06T18:45:50 IST" finished-at="2020-02-06T18:45:54 IST">
          <reporter-output>
          </reporter-output>
        </test-method> <!-- DeleteAllViewsExitAndSaveTest -->
        <test-method status="PASS" signature="afterMethod(org.testng.ITestResult)[pri:0, instance:testcases.ToursElementsTest@80ec1f8]" name="afterMethod" is-config="true" duration-ms="919" started-at="2020-02-06T18:45:54 IST" finished-at="2020-02-06T18:45:54 IST">
          <params>
            <param index="0">
              <value>
                <![CDATA[[TestResult name=DeleteAllViewsExitAndSaveTest status=SUCCESS method=ToursElementsTest.DeleteAllViewsExitAndSaveTest()[pri:0, instance:testcases.ToursElementsTest@80ec1f8] output={null}]]]>
              </value>
            </param>
          </params>
          <reporter-output>
          </reporter-output>
        </test-method> <!-- afterMethod -->
        <test-method status="PASS" signature="GoToToursPage()[pri:0, instance:testcases.ToursElementsTest@80ec1f8]" name="GoToToursPage" is-config="true" duration-ms="102260" started-at="2020-02-06T19:09:08 IST" finished-at="2020-02-06T19:10:50 IST">
          <reporter-output>
          </reporter-output>
        </test-method> <!-- GoToToursPage -->
        <test-method status="PASS" signature="DeleteViewAndCancelTest()[pri:0, instance:testcases.ToursElementsTest@80ec1f8]" name="DeleteViewAndCancelTest" duration-ms="9077" started-at="2020-02-06T19:10:50 IST" finished-at="2020-02-06T19:10:59 IST">
          <reporter-output>
          </reporter-output>
        </test-method> <!-- DeleteViewAndCancelTest -->
        <test-method status="PASS" signature="afterMethod(org.testng.ITestResult)[pri:0, instance:testcases.ToursElementsTest@80ec1f8]" name="afterMethod" is-config="true" duration-ms="533" started-at="2020-02-06T19:10:59 IST" finished-at="2020-02-06T19:11:00 IST">
          <params>
            <param index="0">
              <value>
                <![CDATA[[TestResult name=DeleteViewAndCancelTest status=SUCCESS method=ToursElementsTest.DeleteViewAndCancelTest()[pri:0, instance:testcases.ToursElementsTest@80ec1f8] output={null}]]]>
              </value>
            </param>
          </params>
          <reporter-output>
          </reporter-output>
        </test-method> <!-- afterMethod -->
        <test-method status="PASS" signature="GoToToursPage()[pri:0, instance:testcases.ToursElementsTest@80ec1f8]" name="GoToToursPage" is-config="true" duration-ms="99222" started-at="2020-02-06T19:11:00 IST" finished-at="2020-02-06T19:12:39 IST">
          <reporter-output>
          </reporter-output>
        </test-method> <!-- GoToToursPage -->
        <test-method status="PASS" signature="DeleteViewExitAndCancelTest()[pri:0, instance:testcases.ToursElementsTest@80ec1f8]" name="DeleteViewExitAndCancelTest" duration-ms="345" started-at="2020-02-06T19:12:39 IST" finished-at="2020-02-06T19:12:40 IST">
          <reporter-output>
          </reporter-output>
        </test-method> <!-- DeleteViewExitAndCancelTest -->
        <test-method status="PASS" signature="afterMethod(org.testng.ITestResult)[pri:0, instance:testcases.ToursElementsTest@80ec1f8]" name="afterMethod" is-config="true" duration-ms="531" started-at="2020-02-06T19:12:40 IST" finished-at="2020-02-06T19:12:40 IST">
          <params>
            <param index="0">
              <value>
                <![CDATA[[TestResult name=DeleteViewExitAndCancelTest status=SUCCESS method=ToursElementsTest.DeleteViewExitAndCancelTest()[pri:0, instance:testcases.ToursElementsTest@80ec1f8] output={null}]]]>
              </value>
            </param>
          </params>
          <reporter-output>
          </reporter-output>
        </test-method> <!-- afterMethod -->
        <test-method status="PASS" signature="GoToToursPage()[pri:0, instance:testcases.ToursElementsTest@80ec1f8]" name="GoToToursPage" is-config="true" duration-ms="102436" started-at="2020-02-06T19:12:40 IST" finished-at="2020-02-06T19:14:22 IST">
          <reporter-output>
          </reporter-output>
        </test-method> <!-- GoToToursPage -->
        <test-method status="PASS" signature="DeleteViewExitAndDoNotSaveTest()[pri:0, instance:testcases.ToursElementsTest@80ec1f8]" name="DeleteViewExitAndDoNotSaveTest" duration-ms="25577" started-at="2020-02-06T19:14:22 IST" finished-at="2020-02-06T19:14:48 IST">
          <reporter-output>
          </reporter-output>
        </test-method> <!-- DeleteViewExitAndDoNotSaveTest -->
        <test-method status="PASS" signature="afterMethod(org.testng.ITestResult)[pri:0, instance:testcases.ToursElementsTest@80ec1f8]" name="afterMethod" is-config="true" duration-ms="533" started-at="2020-02-06T19:14:48 IST" finished-at="2020-02-06T19:14:49 IST">
          <params>
            <param index="0">
              <value>
                <![CDATA[[TestResult name=DeleteViewExitAndDoNotSaveTest status=SUCCESS method=ToursElementsTest.DeleteViewExitAndDoNotSaveTest()[pri:0, instance:testcases.ToursElementsTest@80ec1f8] output={null}]]]>
              </value>
            </param>
          </params>
          <reporter-output>
          </reporter-output>
        </test-method> <!-- afterMethod -->
        <test-method status="PASS" signature="GoToToursPage()[pri:0, instance:testcases.ToursElementsTest@80ec1f8]" name="GoToToursPage" is-config="true" duration-ms="104858" started-at="2020-02-06T19:14:49 IST" finished-at="2020-02-06T19:16:33 IST">
          <reporter-output>
          </reporter-output>
        </test-method> <!-- GoToToursPage -->
        <test-method status="PASS" signature="DeleteViewExitAndSaveTest()[pri:0, instance:testcases.ToursElementsTest@80ec1f8]" name="DeleteViewExitAndSaveTest" duration-ms="1513" started-at="2020-02-06T19:16:33 IST" finished-at="2020-02-06T19:16:35 IST">
          <reporter-output>
          </reporter-output>
        </test-method> <!-- DeleteViewExitAndSaveTest -->
        <test-method status="PASS" signature="afterMethod(org.testng.ITestResult)[pri:0, instance:testcases.ToursElementsTest@80ec1f8]" name="afterMethod" is-config="true" duration-ms="571" started-at="2020-02-06T19:16:35 IST" finished-at="2020-02-06T19:16:36 IST">
          <params>
            <param index="0">
              <value>
                <![CDATA[[TestResult name=DeleteViewExitAndSaveTest status=SUCCESS method=ToursElementsTest.DeleteViewExitAndSaveTest()[pri:0, instance:testcases.ToursElementsTest@80ec1f8] output={null}]]]>
              </value>
            </param>
          </params>
          <reporter-output>
          </reporter-output>
        </test-method> <!-- afterMethod -->
        <test-method status="PASS" signature="endReport()[pri:0, instance:testcases.ToursElementsTest@80ec1f8]" name="endReport" is-config="true" duration-ms="344" started-at="2020-02-06T19:16:36 IST" finished-at="2020-02-06T19:16:36 IST">
          <reporter-output>
          </reporter-output>
        </test-method> <!-- endReport -->
      </class> <!-- testcases.ToursElementsTest -->
    </test> <!-- Default test -->
  </suite> <!-- Default suite -->
</testng-results>
