<?xml version="1.0" encoding="UTF-8"?>
<testng-results skipped="1" failed="16" ignored="138" total="163" passed="8">
  <reporter-output>
  </reporter-output>
  <suite name="Failed suite [Default suite]" duration-ms="4288670" started-at="2020-02-04T10:42:12 IST" finished-at="2020-02-04T11:53:40 IST">
    <groups>
    </groups>
    <test name="Default test(failed)" duration-ms="4288670" started-at="2020-02-04T10:42:12 IST" finished-at="2020-02-04T11:53:40 IST">
      <class name="testcases.ToursTest">
        <test-method status="PASS" signature="startReport()[pri:0, instance:testcases.ToursTest@46238e3f]" name="startReport" is-config="true" duration-ms="0" started-at="2020-02-04T10:42:12 IST" finished-at="2020-02-04T10:42:12 IST">
          <reporter-output>
          </reporter-output>
        </test-method> <!-- startReport -->
        <test-method status="PASS" signature="setup(java.lang.String)[pri:0, instance:testcases.ToursTest@46238e3f]" name="setup" is-config="true" duration-ms="0" started-at="2020-02-04T11:42:09 IST" finished-at="2020-02-04T11:42:09 IST">
          <params>
            <param index="0">
              <value>
                <![CDATA[ie]]>
              </value>
            </param>
          </params>
          <reporter-output>
          </reporter-output>
        </test-method> <!-- setup -->
        <test-method status="PASS" signature="GoToToursPage()[pri:0, instance:testcases.ToursTest@46238e3f]" name="GoToToursPage" is-config="true" duration-ms="135615" started-at="2020-02-04T11:42:09 IST" finished-at="2020-02-04T11:44:25 IST">
          <reporter-output>
          </reporter-output>
        </test-method> <!-- GoToToursPage -->
        <test-method status="PASS" signature="ChangeViewTimeTest()[pri:0, instance:testcases.ToursTest@46238e3f]" name="ChangeViewTimeTest" duration-ms="27440" started-at="2020-02-04T11:44:25 IST" finished-at="2020-02-04T11:44:52 IST">
          <reporter-output>
          </reporter-output>
        </test-method> <!-- ChangeViewTimeTest -->
        <test-method status="PASS" signature="afterMethod(org.testng.ITestResult)[pri:0, instance:testcases.ToursTest@46238e3f]" name="afterMethod" is-config="true" duration-ms="1025" started-at="2020-02-04T11:44:52 IST" finished-at="2020-02-04T11:44:53 IST">
          <params>
            <param index="0">
              <value>
                <![CDATA[[TestResult name=ChangeViewTimeTest status=SUCCESS method=ToursTest.ChangeViewTimeTest()[pri:0, instance:testcases.ToursTest@46238e3f] output={null}]]]>
              </value>
            </param>
          </params>
          <reporter-output>
          </reporter-output>
        </test-method> <!-- afterMethod -->
        <test-method status="PASS" signature="endReport()[pri:0, instance:testcases.ToursTest@46238e3f]" name="endReport" is-config="true" duration-ms="47" started-at="2020-02-04T11:44:53 IST" finished-at="2020-02-04T11:44:53 IST">
          <reporter-output>
          </reporter-output>
        </test-method> <!-- endReport -->
      </class> <!-- testcases.ToursTest -->
      <class name="testcases.NVRsTest">
        <test-method status="PASS" signature="startReport()[pri:0, instance:testcases.NVRsTest@7181ae3f]" name="startReport" is-config="true" duration-ms="0" started-at="2020-02-04T10:42:12 IST" finished-at="2020-02-04T10:42:12 IST">
          <reporter-output>
          </reporter-output>
        </test-method> <!-- startReport -->
        <test-method status="PASS" signature="setup(java.lang.String)[pri:0, instance:testcases.NVRsTest@7181ae3f]" name="setup" is-config="true" duration-ms="0" started-at="2020-02-04T11:20:23 IST" finished-at="2020-02-04T11:20:23 IST">
          <params>
            <param index="0">
              <value>
                <![CDATA[ie]]>
              </value>
            </param>
          </params>
          <reporter-output>
          </reporter-output>
        </test-method> <!-- setup -->
        <test-method status="PASS" signature="gotoNVRPage()[pri:0, instance:testcases.NVRsTest@7181ae3f]" name="gotoNVRPage" is-config="true" duration-ms="57884" started-at="2020-02-04T11:20:23 IST" finished-at="2020-02-04T11:21:21 IST">
          <reporter-output>
          </reporter-output>
        </test-method> <!-- gotoNVRPage -->
        <test-method status="FAIL" signature="ChangeIPAdressAndCheckStatusTest()[pri:0, instance:testcases.NVRsTest@7181ae3f]" name="ChangeIPAdressAndCheckStatusTest" duration-ms="190083" started-at="2020-02-04T11:21:21 IST" finished-at="2020-02-04T11:24:31 IST">
          <exception class="java.lang.AssertionError">
            <message>
              <![CDATA[expected [172.20.1.46IP] but found [IP]]]>
            </message>
            <full-stacktrace>
              <![CDATA[java.lang.AssertionError: expected [172.20.1.46IP] but found [IP]
at org.testng.Assert.fail(Assert.java:97)
at org.testng.Assert.assertEqualsImpl(Assert.java:136)
at org.testng.Assert.assertEquals(Assert.java:118)
at org.testng.Assert.assertEquals(Assert.java:575)
at org.testng.Assert.assertEquals(Assert.java:585)
at testcases.NVRsTest.ChangeIPAdressAndCheckStatusTest(NVRsTest.java:1356)
at sun.reflect.NativeMethodAccessorImpl.invoke0(Native Method)
at sun.reflect.NativeMethodAccessorImpl.invoke(NativeMethodAccessorImpl.java:62)
at sun.reflect.DelegatingMethodAccessorImpl.invoke(DelegatingMethodAccessorImpl.java:43)
at java.lang.reflect.Method.invoke(Method.java:498)
at org.testng.internal.MethodInvocationHelper.invokeMethod(MethodInvocationHelper.java:133)
at org.testng.internal.TestInvoker.invokeMethod(TestInvoker.java:584)
at org.testng.internal.TestInvoker.invokeTestMethod(TestInvoker.java:172)
at org.testng.internal.MethodRunner.runInSequence(MethodRunner.java:46)
at org.testng.internal.TestInvoker$MethodInvocationAgent.invoke(TestInvoker.java:804)
at org.testng.internal.TestInvoker.invokeTestMethods(TestInvoker.java:145)
at org.testng.internal.TestMethodWorker.invokeTestMethods(TestMethodWorker.java:146)
at org.testng.internal.TestMethodWorker.run(TestMethodWorker.java:128)
at java.util.ArrayList.forEach(ArrayList.java:1257)
at org.testng.TestRunner.privateRun(TestRunner.java:770)
at org.testng.TestRunner.run(TestRunner.java:591)
at org.testng.SuiteRunner.runTest(SuiteRunner.java:402)
at org.testng.SuiteRunner.runSequentially(SuiteRunner.java:396)
at org.testng.SuiteRunner.privateRun(SuiteRunner.java:355)
at org.testng.SuiteRunner.run(SuiteRunner.java:304)
at org.testng.SuiteRunnerWorker.runSuite(SuiteRunnerWorker.java:53)
at org.testng.SuiteRunnerWorker.run(SuiteRunnerWorker.java:96)
at org.testng.TestNG.runSuitesSequentially(TestNG.java:1180)
at org.testng.TestNG.runSuitesLocally(TestNG.java:1102)
at org.testng.TestNG.runSuites(TestNG.java:1032)
at org.testng.TestNG.run(TestNG.java:1000)
at org.testng.remote.AbstractRemoteTestNG.run(AbstractRemoteTestNG.java:115)
at org.testng.remote.RemoteTestNG.initAndRun(RemoteTestNG.java:251)
at org.testng.remote.RemoteTestNG.main(RemoteTestNG.java:77)
]]>
            </full-stacktrace>
          </exception> <!-- java.lang.AssertionError -->
          <reporter-output>
          </reporter-output>
        </test-method> <!-- ChangeIPAdressAndCheckStatusTest -->
        <test-method status="PASS" signature="afterMethod(org.testng.ITestResult)[pri:0, instance:testcases.NVRsTest@7181ae3f]" name="afterMethod" is-config="true" duration-ms="1186" started-at="2020-02-04T11:24:31 IST" finished-at="2020-02-04T11:24:32 IST">
          <params>
            <param index="0">
              <value>
                <![CDATA[[TestResult name=ChangeIPAdressAndCheckStatusTest status=FAILURE method=NVRsTest.ChangeIPAdressAndCheckStatusTest()[pri:0, instance:testcases.NVRsTest@7181ae3f] output={null}]]]>
              </value>
            </param>
          </params>
          <reporter-output>
          </reporter-output>
        </test-method> <!-- afterMethod -->
        <test-method status="PASS" signature="gotoNVRPage()[pri:0, instance:testcases.NVRsTest@7181ae3f]" name="gotoNVRPage" is-config="true" duration-ms="77323" started-at="2020-02-04T11:24:32 IST" finished-at="2020-02-04T11:25:49 IST">
          <reporter-output>
          </reporter-output>
        </test-method> <!-- gotoNVRPage -->
        <test-method status="PASS" signature="ChangeUserNameToInvalidAndCheckStatusTest()[pri:0, instance:testcases.NVRsTest@7181ae3f]" name="ChangeUserNameToInvalidAndCheckStatusTest" duration-ms="179740" started-at="2020-02-04T11:25:49 IST" finished-at="2020-02-04T11:28:49 IST">
          <reporter-output>
          </reporter-output>
        </test-method> <!-- ChangeUserNameToInvalidAndCheckStatusTest -->
        <test-method status="PASS" signature="afterMethod(org.testng.ITestResult)[pri:0, instance:testcases.NVRsTest@7181ae3f]" name="afterMethod" is-config="true" duration-ms="543" started-at="2020-02-04T11:28:49 IST" finished-at="2020-02-04T11:28:49 IST">
          <params>
            <param index="0">
              <value>
                <![CDATA[[TestResult name=ChangeUserNameToInvalidAndCheckStatusTest status=SUCCESS method=NVRsTest.ChangeUserNameToInvalidAndCheckStatusTest()[pri:0, instance:testcases.NVRsTest@7181ae3f] output={null}]]]>
              </value>
            </param>
          </params>
          <reporter-output>
          </reporter-output>
        </test-method> <!-- afterMethod -->
        <test-method status="PASS" signature="gotoNVRPage()[pri:0, instance:testcases.NVRsTest@7181ae3f]" name="gotoNVRPage" is-config="true" duration-ms="58064" started-at="2020-02-04T11:28:49 IST" finished-at="2020-02-04T11:29:48 IST">
          <reporter-output>
          </reporter-output>
        </test-method> <!-- gotoNVRPage -->
        <test-method status="FAIL" signature="AddNVRManuallyWithSecuredPortTest()[pri:0, instance:testcases.NVRsTest@7181ae3f]" name="AddNVRManuallyWithSecuredPortTest" duration-ms="197520" started-at="2020-02-04T11:29:48 IST" finished-at="2020-02-04T11:33:05 IST">
          <exception class="java.lang.AssertionError">
            <message>
              <![CDATA[expected [Communication Failure] but found [Connecting...]]]>
            </message>
            <full-stacktrace>
              <![CDATA[java.lang.AssertionError: expected [Communication Failure] but found [Connecting...]
at org.testng.Assert.fail(Assert.java:97)
at org.testng.Assert.assertEqualsImpl(Assert.java:136)
at org.testng.Assert.assertEquals(Assert.java:118)
at org.testng.Assert.assertEquals(Assert.java:575)
at org.testng.Assert.assertEquals(Assert.java:585)
at testcases.NVRsTest.AddNVRManuallyWithSecuredPortTest(NVRsTest.java:812)
at sun.reflect.NativeMethodAccessorImpl.invoke0(Native Method)
at sun.reflect.NativeMethodAccessorImpl.invoke(NativeMethodAccessorImpl.java:62)
at sun.reflect.DelegatingMethodAccessorImpl.invoke(DelegatingMethodAccessorImpl.java:43)
at java.lang.reflect.Method.invoke(Method.java:498)
at org.testng.internal.MethodInvocationHelper.invokeMethod(MethodInvocationHelper.java:133)
at org.testng.internal.TestInvoker.invokeMethod(TestInvoker.java:584)
at org.testng.internal.TestInvoker.invokeTestMethod(TestInvoker.java:172)
at org.testng.internal.MethodRunner.runInSequence(MethodRunner.java:46)
at org.testng.internal.TestInvoker$MethodInvocationAgent.invoke(TestInvoker.java:804)
at org.testng.internal.TestInvoker.invokeTestMethods(TestInvoker.java:145)
at org.testng.internal.TestMethodWorker.invokeTestMethods(TestMethodWorker.java:146)
at org.testng.internal.TestMethodWorker.run(TestMethodWorker.java:128)
at java.util.ArrayList.forEach(ArrayList.java:1257)
at org.testng.TestRunner.privateRun(TestRunner.java:770)
at org.testng.TestRunner.run(TestRunner.java:591)
at org.testng.SuiteRunner.runTest(SuiteRunner.java:402)
at org.testng.SuiteRunner.runSequentially(SuiteRunner.java:396)
at org.testng.SuiteRunner.privateRun(SuiteRunner.java:355)
at org.testng.SuiteRunner.run(SuiteRunner.java:304)
at org.testng.SuiteRunnerWorker.runSuite(SuiteRunnerWorker.java:53)
at org.testng.SuiteRunnerWorker.run(SuiteRunnerWorker.java:96)
at org.testng.TestNG.runSuitesSequentially(TestNG.java:1180)
at org.testng.TestNG.runSuitesLocally(TestNG.java:1102)
at org.testng.TestNG.runSuites(TestNG.java:1032)
at org.testng.TestNG.run(TestNG.java:1000)
at org.testng.remote.AbstractRemoteTestNG.run(AbstractRemoteTestNG.java:115)
at org.testng.remote.RemoteTestNG.initAndRun(RemoteTestNG.java:251)
at org.testng.remote.RemoteTestNG.main(RemoteTestNG.java:77)
]]>
            </full-stacktrace>
          </exception> <!-- java.lang.AssertionError -->
          <reporter-output>
          </reporter-output>
        </test-method> <!-- AddNVRManuallyWithSecuredPortTest -->
        <test-method status="PASS" signature="afterMethod(org.testng.ITestResult)[pri:0, instance:testcases.NVRsTest@7181ae3f]" name="afterMethod" is-config="true" duration-ms="1007" started-at="2020-02-04T11:33:05 IST" finished-at="2020-02-04T11:33:06 IST">
          <params>
            <param index="0">
              <value>
                <![CDATA[[TestResult name=AddNVRManuallyWithSecuredPortTest status=FAILURE method=NVRsTest.AddNVRManuallyWithSecuredPortTest()[pri:0, instance:testcases.NVRsTest@7181ae3f] output={null}]]]>
              </value>
            </param>
          </params>
          <reporter-output>
          </reporter-output>
        </test-method> <!-- afterMethod -->
        <test-method status="PASS" signature="gotoNVRPage()[pri:0, instance:testcases.NVRsTest@7181ae3f]" name="gotoNVRPage" is-config="true" duration-ms="53515" started-at="2020-02-04T11:33:06 IST" finished-at="2020-02-04T11:34:00 IST">
          <reporter-output>
          </reporter-output>
        </test-method> <!-- gotoNVRPage -->
        <test-method status="PASS" signature="MultipleNVRsAdditingTest()[pri:0, instance:testcases.NVRsTest@7181ae3f]" name="MultipleNVRsAdditingTest" duration-ms="69545" started-at="2020-02-04T11:34:00 IST" finished-at="2020-02-04T11:35:09 IST">
          <reporter-output>
          </reporter-output>
        </test-method> <!-- MultipleNVRsAdditingTest -->
        <test-method status="PASS" signature="afterMethod(org.testng.ITestResult)[pri:0, instance:testcases.NVRsTest@7181ae3f]" name="afterMethod" is-config="true" duration-ms="572" started-at="2020-02-04T11:35:09 IST" finished-at="2020-02-04T11:35:10 IST">
          <params>
            <param index="0">
              <value>
                <![CDATA[[TestResult name=MultipleNVRsAdditingTest status=SUCCESS method=NVRsTest.MultipleNVRsAdditingTest()[pri:0, instance:testcases.NVRsTest@7181ae3f] output={null}]]]>
              </value>
            </param>
          </params>
          <reporter-output>
          </reporter-output>
        </test-method> <!-- afterMethod -->
        <test-method status="PASS" signature="gotoNVRPage()[pri:0, instance:testcases.NVRsTest@7181ae3f]" name="gotoNVRPage" is-config="true" duration-ms="55824" started-at="2020-02-04T11:35:10 IST" finished-at="2020-02-04T11:36:05 IST">
          <reporter-output>
          </reporter-output>
        </test-method> <!-- gotoNVRPage -->
        <test-method status="FAIL" signature="ChangeSecuredAndCheckStatusTest()[pri:0, instance:testcases.NVRsTest@7181ae3f]" name="ChangeSecuredAndCheckStatusTest" duration-ms="241477" started-at="2020-02-04T11:36:05 IST" finished-at="2020-02-04T11:40:07 IST">
          <exception class="java.lang.AssertionError">
            <message>
              <![CDATA[expected [V] but found [NVR cannot be synced. Its system unique id belongs to another NVR.]]]>
            </message>
            <full-stacktrace>
              <![CDATA[java.lang.AssertionError: expected [V] but found [NVR cannot be synced. Its system unique id belongs to another NVR.]
at org.testng.Assert.fail(Assert.java:97)
at org.testng.Assert.assertEqualsImpl(Assert.java:136)
at org.testng.Assert.assertEquals(Assert.java:118)
at org.testng.Assert.assertEquals(Assert.java:575)
at org.testng.Assert.assertEquals(Assert.java:585)
at testcases.NVRsTest.ChangeSecuredAndCheckStatusTest(NVRsTest.java:1533)
at sun.reflect.NativeMethodAccessorImpl.invoke0(Native Method)
at sun.reflect.NativeMethodAccessorImpl.invoke(NativeMethodAccessorImpl.java:62)
at sun.reflect.DelegatingMethodAccessorImpl.invoke(DelegatingMethodAccessorImpl.java:43)
at java.lang.reflect.Method.invoke(Method.java:498)
at org.testng.internal.MethodInvocationHelper.invokeMethod(MethodInvocationHelper.java:133)
at org.testng.internal.TestInvoker.invokeMethod(TestInvoker.java:584)
at org.testng.internal.TestInvoker.invokeTestMethod(TestInvoker.java:172)
at org.testng.internal.MethodRunner.runInSequence(MethodRunner.java:46)
at org.testng.internal.TestInvoker$MethodInvocationAgent.invoke(TestInvoker.java:804)
at org.testng.internal.TestInvoker.invokeTestMethods(TestInvoker.java:145)
at org.testng.internal.TestMethodWorker.invokeTestMethods(TestMethodWorker.java:146)
at org.testng.internal.TestMethodWorker.run(TestMethodWorker.java:128)
at java.util.ArrayList.forEach(ArrayList.java:1257)
at org.testng.TestRunner.privateRun(TestRunner.java:770)
at org.testng.TestRunner.run(TestRunner.java:591)
at org.testng.SuiteRunner.runTest(SuiteRunner.java:402)
at org.testng.SuiteRunner.runSequentially(SuiteRunner.java:396)
at org.testng.SuiteRunner.privateRun(SuiteRunner.java:355)
at org.testng.SuiteRunner.run(SuiteRunner.java:304)
at org.testng.SuiteRunnerWorker.runSuite(SuiteRunnerWorker.java:53)
at org.testng.SuiteRunnerWorker.run(SuiteRunnerWorker.java:96)
at org.testng.TestNG.runSuitesSequentially(TestNG.java:1180)
at org.testng.TestNG.runSuitesLocally(TestNG.java:1102)
at org.testng.TestNG.runSuites(TestNG.java:1032)
at org.testng.TestNG.run(TestNG.java:1000)
at org.testng.remote.AbstractRemoteTestNG.run(AbstractRemoteTestNG.java:115)
at org.testng.remote.RemoteTestNG.initAndRun(RemoteTestNG.java:251)
at org.testng.remote.RemoteTestNG.main(RemoteTestNG.java:77)
]]>
            </full-stacktrace>
          </exception> <!-- java.lang.AssertionError -->
          <reporter-output>
          </reporter-output>
        </test-method> <!-- ChangeSecuredAndCheckStatusTest -->
        <test-method status="PASS" signature="afterMethod(org.testng.ITestResult)[pri:0, instance:testcases.NVRsTest@7181ae3f]" name="afterMethod" is-config="true" duration-ms="991" started-at="2020-02-04T11:40:07 IST" finished-at="2020-02-04T11:40:08 IST">
          <params>
            <param index="0">
              <value>
                <![CDATA[[TestResult name=ChangeSecuredAndCheckStatusTest status=FAILURE method=NVRsTest.ChangeSecuredAndCheckStatusTest()[pri:0, instance:testcases.NVRsTest@7181ae3f] output={null}]]]>
              </value>
            </param>
          </params>
          <reporter-output>
          </reporter-output>
        </test-method> <!-- afterMethod -->
        <test-method status="PASS" signature="gotoNVRPage()[pri:0, instance:testcases.NVRsTest@7181ae3f]" name="gotoNVRPage" is-config="true" duration-ms="52323" started-at="2020-02-04T11:40:08 IST" finished-at="2020-02-04T11:41:00 IST">
          <reporter-output>
          </reporter-output>
        </test-method> <!-- gotoNVRPage -->
        <test-method status="FAIL" signature="AddNVRManuallyWithSecuredPortAndSwitchONSecuredTest()[pri:0, instance:testcases.NVRsTest@7181ae3f]" name="AddNVRManuallyWithSecuredPortAndSwitchONSecuredTest" duration-ms="67559" started-at="2020-02-04T11:41:00 IST" finished-at="2020-02-04T11:42:08 IST">
          <exception class="java.lang.AssertionError">
            <message>
              <![CDATA[expected [V] but found [Offline]]]>
            </message>
            <full-stacktrace>
              <![CDATA[java.lang.AssertionError: expected [V] but found [Offline]
at org.testng.Assert.fail(Assert.java:97)
at org.testng.Assert.assertEqualsImpl(Assert.java:136)
at org.testng.Assert.assertEquals(Assert.java:118)
at org.testng.Assert.assertEquals(Assert.java:575)
at org.testng.Assert.assertEquals(Assert.java:585)
at testcases.NVRsTest.AddNVRManuallyWithSecuredPortAndSwitchONSecuredTest(NVRsTest.java:884)
at sun.reflect.NativeMethodAccessorImpl.invoke0(Native Method)
at sun.reflect.NativeMethodAccessorImpl.invoke(NativeMethodAccessorImpl.java:62)
at sun.reflect.DelegatingMethodAccessorImpl.invoke(DelegatingMethodAccessorImpl.java:43)
at java.lang.reflect.Method.invoke(Method.java:498)
at org.testng.internal.MethodInvocationHelper.invokeMethod(MethodInvocationHelper.java:133)
at org.testng.internal.TestInvoker.invokeMethod(TestInvoker.java:584)
at org.testng.internal.TestInvoker.invokeTestMethod(TestInvoker.java:172)
at org.testng.internal.MethodRunner.runInSequence(MethodRunner.java:46)
at org.testng.internal.TestInvoker$MethodInvocationAgent.invoke(TestInvoker.java:804)
at org.testng.internal.TestInvoker.invokeTestMethods(TestInvoker.java:145)
at org.testng.internal.TestMethodWorker.invokeTestMethods(TestMethodWorker.java:146)
at org.testng.internal.TestMethodWorker.run(TestMethodWorker.java:128)
at java.util.ArrayList.forEach(ArrayList.java:1257)
at org.testng.TestRunner.privateRun(TestRunner.java:770)
at org.testng.TestRunner.run(TestRunner.java:591)
at org.testng.SuiteRunner.runTest(SuiteRunner.java:402)
at org.testng.SuiteRunner.runSequentially(SuiteRunner.java:396)
at org.testng.SuiteRunner.privateRun(SuiteRunner.java:355)
at org.testng.SuiteRunner.run(SuiteRunner.java:304)
at org.testng.SuiteRunnerWorker.runSuite(SuiteRunnerWorker.java:53)
at org.testng.SuiteRunnerWorker.run(SuiteRunnerWorker.java:96)
at org.testng.TestNG.runSuitesSequentially(TestNG.java:1180)
at org.testng.TestNG.runSuitesLocally(TestNG.java:1102)
at org.testng.TestNG.runSuites(TestNG.java:1032)
at org.testng.TestNG.run(TestNG.java:1000)
at org.testng.remote.AbstractRemoteTestNG.run(AbstractRemoteTestNG.java:115)
at org.testng.remote.RemoteTestNG.initAndRun(RemoteTestNG.java:251)
at org.testng.remote.RemoteTestNG.main(RemoteTestNG.java:77)
]]>
            </full-stacktrace>
          </exception> <!-- java.lang.AssertionError -->
          <reporter-output>
          </reporter-output>
        </test-method> <!-- AddNVRManuallyWithSecuredPortAndSwitchONSecuredTest -->
        <test-method status="PASS" signature="afterMethod(org.testng.ITestResult)[pri:0, instance:testcases.NVRsTest@7181ae3f]" name="afterMethod" is-config="true" duration-ms="942" started-at="2020-02-04T11:42:08 IST" finished-at="2020-02-04T11:42:09 IST">
          <params>
            <param index="0">
              <value>
                <![CDATA[[TestResult name=AddNVRManuallyWithSecuredPortAndSwitchONSecuredTest status=FAILURE method=NVRsTest.AddNVRManuallyWithSecuredPortAndSwitchONSecuredTest()[pri:0, instance:testcases.NVRsTest@7181ae3f] output={null}]]]>
              </value>
            </param>
          </params>
          <reporter-output>
          </reporter-output>
        </test-method> <!-- afterMethod -->
        <test-method status="PASS" signature="endReport()[pri:0, instance:testcases.NVRsTest@7181ae3f]" name="endReport" is-config="true" duration-ms="100" started-at="2020-02-04T11:42:09 IST" finished-at="2020-02-04T11:42:09 IST">
          <reporter-output>
          </reporter-output>
        </test-method> <!-- endReport -->
      </class> <!-- testcases.NVRsTest -->
      <class name="testcases.GroupsHierarchyTest">
        <test-method status="PASS" signature="startReport()[pri:0, instance:testcases.GroupsHierarchyTest@32464a14]" name="startReport" is-config="true" duration-ms="84" started-at="2020-02-04T10:42:12 IST" finished-at="2020-02-04T10:42:12 IST">
          <reporter-output>
          </reporter-output>
        </test-method> <!-- startReport -->
        <test-method status="PASS" signature="setup(java.lang.String)[pri:0, instance:testcases.GroupsHierarchyTest@32464a14]" name="setup" is-config="true" duration-ms="1" started-at="2020-02-04T11:51:42 IST" finished-at="2020-02-04T11:51:42 IST">
          <params>
            <param index="0">
              <value>
                <![CDATA[ie]]>
              </value>
            </param>
          </params>
          <reporter-output>
          </reporter-output>
        </test-method> <!-- setup -->
        <test-method status="FAIL" signature="GoToGroupsHierarchyPage()[pri:0, instance:testcases.GroupsHierarchyTest@32464a14]" name="GoToGroupsHierarchyPage" is-config="true" duration-ms="118583" started-at="2020-02-04T11:51:42 IST" finished-at="2020-02-04T11:53:40 IST">
          <exception class="org.openqa.selenium.NoSuchElementException">
            <message>
              <![CDATA[Unable to find element with xpath == //span[@class='item-text ng-binding'][@title='Groups Hierarchy'] (WARNING: The server did not provide any stacktrace information)
Command duration or timeout: 0 milliseconds
For documentation on this error, please visit: http://seleniumhq.org/exceptions/no_such_element.html
Build info: version: '3.9.1', revision: '63f7b50', time: '2018-02-07T22:25:02.294Z'
System info: host: 'BORSE-PC', ip: '172.20.1.42', os.name: 'Windows 10', os.arch: 'amd64', os.version: '10.0', java.version: '1.8.0_202'
Driver info: org.openqa.selenium.ie.InternetExplorerDriver
Capabilities {browserName: internet explorer, javascriptEnabled: true, pageLoadStrategy: normal, platform: WINDOWS, platformName: WINDOWS, se:ieOptions: {browserAttachTimeout: 0, elementScrollBehavior: 0, enableElementCacheCleanup: true, enablePersistentHover: true, ie.browserCommandLineSwitches: , ie.enableFullPageScreenshot: true, ie.ensureCleanSession: true, ie.fileUploadDialogTimeout: 3000, ie.forceCreateProcessApi: false, ie.forceShellWindowsApi: false, ie.useLegacyFileUploadDialogHandling: false, ignoreProtectedModeSettings: true, ignoreZoomSetting: false, initialBrowserUrl: http://localhost:20171/, nativeEvents: true, requireWindowFocus: false}, unexpectedAlertBehaviour: dismiss, unhandledPromptBehavior: dismiss, version: 11}
Session ID: a75f9ec3-3cbb-414c-8ca2-2c91394cbb12
*** Element info: {Using=xpath, value=//span[@class='item-text ng-binding'][@title='Groups Hierarchy']}]]>
            </message>
            <full-stacktrace>
              <![CDATA[org.openqa.selenium.NoSuchElementException: Unable to find element with xpath == //span[@class='item-text ng-binding'][@title='Groups Hierarchy'] (WARNING: The server did not provide any stacktrace information)
Command duration or timeout: 0 milliseconds
For documentation on this error, please visit: http://seleniumhq.org/exceptions/no_such_element.html
Build info: version: '3.9.1', revision: '63f7b50', time: '2018-02-07T22:25:02.294Z'
System info: host: 'BORSE-PC', ip: '172.20.1.42', os.name: 'Windows 10', os.arch: 'amd64', os.version: '10.0', java.version: '1.8.0_202'
Driver info: org.openqa.selenium.ie.InternetExplorerDriver
Capabilities {browserName: internet explorer, javascriptEnabled: true, pageLoadStrategy: normal, platform: WINDOWS, platformName: WINDOWS, se:ieOptions: {browserAttachTimeout: 0, elementScrollBehavior: 0, enableElementCacheCleanup: true, enablePersistentHover: true, ie.browserCommandLineSwitches: , ie.enableFullPageScreenshot: true, ie.ensureCleanSession: true, ie.fileUploadDialogTimeout: 3000, ie.forceCreateProcessApi: false, ie.forceShellWindowsApi: false, ie.useLegacyFileUploadDialogHandling: false, ignoreProtectedModeSettings: true, ignoreZoomSetting: false, initialBrowserUrl: http://localhost:20171/, nativeEvents: true, requireWindowFocus: false}, unexpectedAlertBehaviour: dismiss, unhandledPromptBehavior: dismiss, version: 11}
Session ID: a75f9ec3-3cbb-414c-8ca2-2c91394cbb12
*** Element info: {Using=xpath, value=//span[@class='item-text ng-binding'][@title='Groups Hierarchy']}
at sun.reflect.GeneratedConstructorAccessor19.newInstance(Unknown Source)
at sun.reflect.DelegatingConstructorAccessorImpl.newInstance(DelegatingConstructorAccessorImpl.java:45)
at java.lang.reflect.Constructor.newInstance(Constructor.java:423)
at org.openqa.selenium.remote.ErrorHandler.createThrowable(ErrorHandler.java:214)
at org.openqa.selenium.remote.ErrorHandler.throwIfResponseFailed(ErrorHandler.java:166)
at org.openqa.selenium.remote.http.JsonHttpResponseCodec.reconstructValue(JsonHttpResponseCodec.java:40)
at org.openqa.selenium.remote.http.AbstractHttpResponseCodec.decode(AbstractHttpResponseCodec.java:80)
at org.openqa.selenium.remote.http.AbstractHttpResponseCodec.decode(AbstractHttpResponseCodec.java:44)
at org.openqa.selenium.remote.HttpCommandExecutor.execute(HttpCommandExecutor.java:160)
at org.openqa.selenium.remote.service.DriverCommandExecutor.execute(DriverCommandExecutor.java:83)
at org.openqa.selenium.remote.RemoteWebDriver.execute(RemoteWebDriver.java:601)
at org.openqa.selenium.remote.RemoteWebDriver.findElement(RemoteWebDriver.java:371)
at org.openqa.selenium.remote.RemoteWebDriver.findElementByXPath(RemoteWebDriver.java:473)
at org.openqa.selenium.By$ByXPath.findElement(By.java:361)
at org.openqa.selenium.remote.RemoteWebDriver.findElement(RemoteWebDriver.java:363)
at org.openqa.selenium.support.pagefactory.DefaultElementLocator.findElement(DefaultElementLocator.java:69)
at org.openqa.selenium.support.pagefactory.internal.LocatingElementHandler.invoke(LocatingElementHandler.java:38)
at com.sun.proxy.$Proxy13.getWrappedElement(Unknown Source)
at org.openqa.selenium.remote.internal.WebElementToJsonConverter.apply(WebElementToJsonConverter.java:51)
at com.google.common.collect.Iterators$6.transform(Iterators.java:788)
at com.google.common.collect.TransformedIterator.next(TransformedIterator.java:47)
at com.google.common.collect.Iterators.addAll(Iterators.java:358)
at com.google.common.collect.Lists.newArrayList(Lists.java:155)
at com.google.common.collect.Lists.newArrayList(Lists.java:141)
at org.openqa.selenium.remote.RemoteWebDriver.executeScript(RemoteWebDriver.java:535)
at Utilities.Page.JavaScriptClick(Page.java:757)
at pageObjects.GroupsHierarchyPage.ClickOnGroupsHierarchyButtonOnLandingPage(GroupsHierarchyPage.java:145)
at pageObjects.GroupsHierarchyPage.GoToGroupsHierarchyPageFromLandingPage(GroupsHierarchyPage.java:102)
at testcases.GroupsHierarchyTest.GoToGroupsHierarchyPage(GroupsHierarchyTest.java:148)
at sun.reflect.NativeMethodAccessorImpl.invoke0(Native Method)
at sun.reflect.NativeMethodAccessorImpl.invoke(NativeMethodAccessorImpl.java:62)
at sun.reflect.DelegatingMethodAccessorImpl.invoke(DelegatingMethodAccessorImpl.java:43)
at java.lang.reflect.Method.invoke(Method.java:498)
at org.testng.internal.MethodInvocationHelper.invokeMethod(MethodInvocationHelper.java:133)
at org.testng.internal.MethodInvocationHelper.invokeMethodConsideringTimeout(MethodInvocationHelper.java:62)
at org.testng.internal.ConfigInvoker.invokeConfigurationMethod(ConfigInvoker.java:340)
at org.testng.internal.ConfigInvoker.invokeConfigurations(ConfigInvoker.java:294)
at org.testng.internal.TestInvoker.runConfigMethods(TestInvoker.java:683)
at org.testng.internal.TestInvoker.invokeMethod(TestInvoker.java:510)
at org.testng.internal.TestInvoker.invokeTestMethod(TestInvoker.java:172)
at org.testng.internal.MethodRunner.runInSequence(MethodRunner.java:46)
at org.testng.internal.TestInvoker$MethodInvocationAgent.invoke(TestInvoker.java:804)
at org.testng.internal.TestInvoker.invokeTestMethods(TestInvoker.java:145)
at org.testng.internal.TestMethodWorker.invokeTestMethods(TestMethodWorker.java:146)
at org.testng.internal.TestMethodWorker.run(TestMethodWorker.java:128)
at java.util.ArrayList.forEach(ArrayList.java:1257)
at org.testng.TestRunner.privateRun(TestRunner.java:770)
at org.testng.TestRunner.run(TestRunner.java:591)
at org.testng.SuiteRunner.runTest(SuiteRunner.java:402)
at org.testng.SuiteRunner.runSequentially(SuiteRunner.java:396)
at org.testng.SuiteRunner.privateRun(SuiteRunner.java:355)
at org.testng.SuiteRunner.run(SuiteRunner.java:304)
at org.testng.SuiteRunnerWorker.runSuite(SuiteRunnerWorker.java:53)
at org.testng.SuiteRunnerWorker.run(SuiteRunnerWorker.java:96)
at org.testng.TestNG.runSuitesSequentially(TestNG.java:1180)
at org.testng.TestNG.runSuitesLocally(TestNG.java:1102)
at org.testng.TestNG.runSuites(TestNG.java:1032)
at org.testng.TestNG.run(TestNG.java:1000)
at org.testng.remote.AbstractRemoteTestNG.run(AbstractRemoteTestNG.java:115)
at org.testng.remote.RemoteTestNG.initAndRun(RemoteTestNG.java:251)
at org.testng.remote.RemoteTestNG.main(RemoteTestNG.java:77)
]]>
            </full-stacktrace>
          </exception> <!-- org.openqa.selenium.NoSuchElementException -->
          <reporter-output>
          </reporter-output>
        </test-method> <!-- GoToGroupsHierarchyPage -->
        <test-method status="SKIP" signature="endReport()[pri:0, instance:testcases.GroupsHierarchyTest@32464a14]" name="endReport" is-config="true" duration-ms="-1580797420929" started-at="2020-02-04T11:53:40 IST" finished-at="1970-01-01T05:30:00 IST">
          <reporter-output>
          </reporter-output>
        </test-method> <!-- endReport -->
        <test-method status="SKIP" signature="RenameGroupAndCheckInMonitoringTest()[pri:0, instance:testcases.GroupsHierarchyTest@32464a14]" name="RenameGroupAndCheckInMonitoringTest" duration-ms="0" started-at="2020-02-04T11:53:40 IST" finished-at="2020-02-04T11:53:40 IST">
          <exception class="org.openqa.selenium.NoSuchElementException">
            <message>
              <![CDATA[Unable to find element with xpath == //span[@class='item-text ng-binding'][@title='Groups Hierarchy'] (WARNING: The server did not provide any stacktrace information)
Command duration or timeout: 0 milliseconds
For documentation on this error, please visit: http://seleniumhq.org/exceptions/no_such_element.html
Build info: version: '3.9.1', revision: '63f7b50', time: '2018-02-07T22:25:02.294Z'
System info: host: 'BORSE-PC', ip: '172.20.1.42', os.name: 'Windows 10', os.arch: 'amd64', os.version: '10.0', java.version: '1.8.0_202'
Driver info: org.openqa.selenium.ie.InternetExplorerDriver
Capabilities {browserName: internet explorer, javascriptEnabled: true, pageLoadStrategy: normal, platform: WINDOWS, platformName: WINDOWS, se:ieOptions: {browserAttachTimeout: 0, elementScrollBehavior: 0, enableElementCacheCleanup: true, enablePersistentHover: true, ie.browserCommandLineSwitches: , ie.enableFullPageScreenshot: true, ie.ensureCleanSession: true, ie.fileUploadDialogTimeout: 3000, ie.forceCreateProcessApi: false, ie.forceShellWindowsApi: false, ie.useLegacyFileUploadDialogHandling: false, ignoreProtectedModeSettings: true, ignoreZoomSetting: false, initialBrowserUrl: http://localhost:20171/, nativeEvents: true, requireWindowFocus: false}, unexpectedAlertBehaviour: dismiss, unhandledPromptBehavior: dismiss, version: 11}
Session ID: a75f9ec3-3cbb-414c-8ca2-2c91394cbb12
*** Element info: {Using=xpath, value=//span[@class='item-text ng-binding'][@title='Groups Hierarchy']}]]>
            </message>
            <full-stacktrace>
              <![CDATA[org.openqa.selenium.NoSuchElementException: Unable to find element with xpath == //span[@class='item-text ng-binding'][@title='Groups Hierarchy'] (WARNING: The server did not provide any stacktrace information)
Command duration or timeout: 0 milliseconds
For documentation on this error, please visit: http://seleniumhq.org/exceptions/no_such_element.html
Build info: version: '3.9.1', revision: '63f7b50', time: '2018-02-07T22:25:02.294Z'
System info: host: 'BORSE-PC', ip: '172.20.1.42', os.name: 'Windows 10', os.arch: 'amd64', os.version: '10.0', java.version: '1.8.0_202'
Driver info: org.openqa.selenium.ie.InternetExplorerDriver
Capabilities {browserName: internet explorer, javascriptEnabled: true, pageLoadStrategy: normal, platform: WINDOWS, platformName: WINDOWS, se:ieOptions: {browserAttachTimeout: 0, elementScrollBehavior: 0, enableElementCacheCleanup: true, enablePersistentHover: true, ie.browserCommandLineSwitches: , ie.enableFullPageScreenshot: true, ie.ensureCleanSession: true, ie.fileUploadDialogTimeout: 3000, ie.forceCreateProcessApi: false, ie.forceShellWindowsApi: false, ie.useLegacyFileUploadDialogHandling: false, ignoreProtectedModeSettings: true, ignoreZoomSetting: false, initialBrowserUrl: http://localhost:20171/, nativeEvents: true, requireWindowFocus: false}, unexpectedAlertBehaviour: dismiss, unhandledPromptBehavior: dismiss, version: 11}
Session ID: a75f9ec3-3cbb-414c-8ca2-2c91394cbb12
*** Element info: {Using=xpath, value=//span[@class='item-text ng-binding'][@title='Groups Hierarchy']}
at sun.reflect.GeneratedConstructorAccessor19.newInstance(Unknown Source)
at sun.reflect.DelegatingConstructorAccessorImpl.newInstance(DelegatingConstructorAccessorImpl.java:45)
at java.lang.reflect.Constructor.newInstance(Constructor.java:423)
at org.openqa.selenium.remote.ErrorHandler.createThrowable(ErrorHandler.java:214)
at org.openqa.selenium.remote.ErrorHandler.throwIfResponseFailed(ErrorHandler.java:166)
at org.openqa.selenium.remote.http.JsonHttpResponseCodec.reconstructValue(JsonHttpResponseCodec.java:40)
at org.openqa.selenium.remote.http.AbstractHttpResponseCodec.decode(AbstractHttpResponseCodec.java:80)
at org.openqa.selenium.remote.http.AbstractHttpResponseCodec.decode(AbstractHttpResponseCodec.java:44)
at org.openqa.selenium.remote.HttpCommandExecutor.execute(HttpCommandExecutor.java:160)
at org.openqa.selenium.remote.service.DriverCommandExecutor.execute(DriverCommandExecutor.java:83)
at org.openqa.selenium.remote.RemoteWebDriver.execute(RemoteWebDriver.java:601)
at org.openqa.selenium.remote.RemoteWebDriver.findElement(RemoteWebDriver.java:371)
at org.openqa.selenium.remote.RemoteWebDriver.findElementByXPath(RemoteWebDriver.java:473)
at org.openqa.selenium.By$ByXPath.findElement(By.java:361)
at org.openqa.selenium.remote.RemoteWebDriver.findElement(RemoteWebDriver.java:363)
at org.openqa.selenium.support.pagefactory.DefaultElementLocator.findElement(DefaultElementLocator.java:69)
at org.openqa.selenium.support.pagefactory.internal.LocatingElementHandler.invoke(LocatingElementHandler.java:38)
at com.sun.proxy.$Proxy13.getWrappedElement(Unknown Source)
at org.openqa.selenium.remote.internal.WebElementToJsonConverter.apply(WebElementToJsonConverter.java:51)
at com.google.common.collect.Iterators$6.transform(Iterators.java:788)
at com.google.common.collect.TransformedIterator.next(TransformedIterator.java:47)
at com.google.common.collect.Iterators.addAll(Iterators.java:358)
at com.google.common.collect.Lists.newArrayList(Lists.java:155)
at com.google.common.collect.Lists.newArrayList(Lists.java:141)
at org.openqa.selenium.remote.RemoteWebDriver.executeScript(RemoteWebDriver.java:535)
at Utilities.Page.JavaScriptClick(Page.java:757)
at pageObjects.GroupsHierarchyPage.ClickOnGroupsHierarchyButtonOnLandingPage(GroupsHierarchyPage.java:145)
at pageObjects.GroupsHierarchyPage.GoToGroupsHierarchyPageFromLandingPage(GroupsHierarchyPage.java:102)
at testcases.GroupsHierarchyTest.GoToGroupsHierarchyPage(GroupsHierarchyTest.java:148)
at sun.reflect.NativeMethodAccessorImpl.invoke0(Native Method)
at sun.reflect.NativeMethodAccessorImpl.invoke(NativeMethodAccessorImpl.java:62)
at sun.reflect.DelegatingMethodAccessorImpl.invoke(DelegatingMethodAccessorImpl.java:43)
at java.lang.reflect.Method.invoke(Method.java:498)
at org.testng.internal.MethodInvocationHelper.invokeMethod(MethodInvocationHelper.java:133)
at org.testng.internal.MethodInvocationHelper.invokeMethodConsideringTimeout(MethodInvocationHelper.java:62)
at org.testng.internal.ConfigInvoker.invokeConfigurationMethod(ConfigInvoker.java:340)
at org.testng.internal.ConfigInvoker.invokeConfigurations(ConfigInvoker.java:294)
at org.testng.internal.TestInvoker.runConfigMethods(TestInvoker.java:683)
at org.testng.internal.TestInvoker.invokeMethod(TestInvoker.java:510)
at org.testng.internal.TestInvoker.invokeTestMethod(TestInvoker.java:172)
at org.testng.internal.MethodRunner.runInSequence(MethodRunner.java:46)
at org.testng.internal.TestInvoker$MethodInvocationAgent.invoke(TestInvoker.java:804)
at org.testng.internal.TestInvoker.invokeTestMethods(TestInvoker.java:145)
at org.testng.internal.TestMethodWorker.invokeTestMethods(TestMethodWorker.java:146)
at org.testng.internal.TestMethodWorker.run(TestMethodWorker.java:128)
at java.util.ArrayList.forEach(ArrayList.java:1257)
at org.testng.TestRunner.privateRun(TestRunner.java:770)
at org.testng.TestRunner.run(TestRunner.java:591)
at org.testng.SuiteRunner.runTest(SuiteRunner.java:402)
at org.testng.SuiteRunner.runSequentially(SuiteRunner.java:396)
at org.testng.SuiteRunner.privateRun(SuiteRunner.java:355)
at org.testng.SuiteRunner.run(SuiteRunner.java:304)
at org.testng.SuiteRunnerWorker.runSuite(SuiteRunnerWorker.java:53)
at org.testng.SuiteRunnerWorker.run(SuiteRunnerWorker.java:96)
at org.testng.TestNG.runSuitesSequentially(TestNG.java:1180)
at org.testng.TestNG.runSuitesLocally(TestNG.java:1102)
at org.testng.TestNG.runSuites(TestNG.java:1032)
at org.testng.TestNG.run(TestNG.java:1000)
at org.testng.remote.AbstractRemoteTestNG.run(AbstractRemoteTestNG.java:115)
at org.testng.remote.RemoteTestNG.initAndRun(RemoteTestNG.java:251)
at org.testng.remote.RemoteTestNG.main(RemoteTestNG.java:77)
]]>
            </full-stacktrace>
          </exception> <!-- org.openqa.selenium.NoSuchElementException -->
          <reporter-output>
          </reporter-output>
        </test-method> <!-- RenameGroupAndCheckInMonitoringTest -->
        <test-method status="SKIP" signature="afterMethod(org.testng.ITestResult)[pri:0, instance:testcases.GroupsHierarchyTest@32464a14]" name="afterMethod" is-config="true" duration-ms="-1580797420929" started-at="2020-02-04T11:53:40 IST" finished-at="1970-01-01T05:30:00 IST">
          <reporter-output>
          </reporter-output>
        </test-method> <!-- afterMethod -->
      </class> <!-- testcases.GroupsHierarchyTest -->
      <class name="testcases.WebPagesElementsTest">
        <test-method status="PASS" signature="startReport()[pri:0, instance:testcases.WebPagesElementsTest@33b37288]" name="startReport" is-config="true" duration-ms="16" started-at="2020-02-04T10:42:12 IST" finished-at="2020-02-04T10:42:12 IST">
          <reporter-output>
          </reporter-output>
        </test-method> <!-- startReport -->
        <test-method status="PASS" signature="setup()[pri:0, instance:testcases.WebPagesElementsTest@33b37288]" name="setup" is-config="true" duration-ms="0" started-at="2020-02-04T10:42:12 IST" finished-at="2020-02-04T10:42:12 IST">
          <reporter-output>
          </reporter-output>
        </test-method> <!-- setup -->
        <test-method status="PASS" signature="GoToGroupsHierarchyPage()[pri:0, instance:testcases.WebPagesElementsTest@33b37288]" name="GoToGroupsHierarchyPage" is-config="true" duration-ms="146086" started-at="2020-02-04T10:42:12 IST" finished-at="2020-02-04T10:44:38 IST">
          <reporter-output>
          </reporter-output>
        </test-method> <!-- GoToGroupsHierarchyPage -->
        <test-method status="FAIL" signature="AddNewWebPageExitAndSaveTest()[pri:0, instance:testcases.WebPagesElementsTest@33b37288]" name="AddNewWebPageExitAndSaveTest" duration-ms="13177" started-at="2020-02-04T10:44:38 IST" finished-at="2020-02-04T10:44:51 IST">
          <exception class="java.lang.NullPointerException">
            <full-stacktrace>
              <![CDATA[java.lang.NullPointerException
at testcases.WebPagesElementsTest.AddNewWebPageExitAndSaveTest(WebPagesElementsTest.java:171)
at sun.reflect.NativeMethodAccessorImpl.invoke0(Native Method)
at sun.reflect.NativeMethodAccessorImpl.invoke(NativeMethodAccessorImpl.java:62)
at sun.reflect.DelegatingMethodAccessorImpl.invoke(DelegatingMethodAccessorImpl.java:43)
at java.lang.reflect.Method.invoke(Method.java:498)
at org.testng.internal.MethodInvocationHelper.invokeMethod(MethodInvocationHelper.java:133)
at org.testng.internal.TestInvoker.invokeMethod(TestInvoker.java:584)
at org.testng.internal.TestInvoker.invokeTestMethod(TestInvoker.java:172)
at org.testng.internal.MethodRunner.runInSequence(MethodRunner.java:46)
at org.testng.internal.TestInvoker$MethodInvocationAgent.invoke(TestInvoker.java:804)
at org.testng.internal.TestInvoker.invokeTestMethods(TestInvoker.java:145)
at org.testng.internal.TestMethodWorker.invokeTestMethods(TestMethodWorker.java:146)
at org.testng.internal.TestMethodWorker.run(TestMethodWorker.java:128)
at java.util.ArrayList.forEach(ArrayList.java:1257)
at org.testng.TestRunner.privateRun(TestRunner.java:770)
at org.testng.TestRunner.run(TestRunner.java:591)
at org.testng.SuiteRunner.runTest(SuiteRunner.java:402)
at org.testng.SuiteRunner.runSequentially(SuiteRunner.java:396)
at org.testng.SuiteRunner.privateRun(SuiteRunner.java:355)
at org.testng.SuiteRunner.run(SuiteRunner.java:304)
at org.testng.SuiteRunnerWorker.runSuite(SuiteRunnerWorker.java:53)
at org.testng.SuiteRunnerWorker.run(SuiteRunnerWorker.java:96)
at org.testng.TestNG.runSuitesSequentially(TestNG.java:1180)
at org.testng.TestNG.runSuitesLocally(TestNG.java:1102)
at org.testng.TestNG.runSuites(TestNG.java:1032)
at org.testng.TestNG.run(TestNG.java:1000)
at org.testng.remote.AbstractRemoteTestNG.run(AbstractRemoteTestNG.java:115)
at org.testng.remote.RemoteTestNG.initAndRun(RemoteTestNG.java:251)
at org.testng.remote.RemoteTestNG.main(RemoteTestNG.java:77)
]]>
            </full-stacktrace>
          </exception> <!-- java.lang.NullPointerException -->
          <reporter-output>
          </reporter-output>
        </test-method> <!-- AddNewWebPageExitAndSaveTest -->
        <test-method status="PASS" signature="afterMethod(org.testng.ITestResult)[pri:0, instance:testcases.WebPagesElementsTest@33b37288]" name="afterMethod" is-config="true" duration-ms="1457" started-at="2020-02-04T10:44:51 IST" finished-at="2020-02-04T10:44:53 IST">
          <params>
            <param index="0">
              <value>
                <![CDATA[[TestResult name=AddNewWebPageExitAndSaveTest status=FAILURE method=WebPagesElementsTest.AddNewWebPageExitAndSaveTest()[pri:0, instance:testcases.WebPagesElementsTest@33b37288] output={null}]]]>
              </value>
            </param>
          </params>
          <reporter-output>
          </reporter-output>
        </test-method> <!-- afterMethod -->
        <test-method status="PASS" signature="endReport()[pri:0, instance:testcases.WebPagesElementsTest@33b37288]" name="endReport" is-config="true" duration-ms="305" started-at="2020-02-04T10:44:53 IST" finished-at="2020-02-04T10:44:53 IST">
          <reporter-output>
          </reporter-output>
        </test-method> <!-- endReport -->
      </class> <!-- testcases.WebPagesElementsTest -->
      <class name="testcases.ViewsTest">
        <test-method status="PASS" signature="startReport()[pri:0, instance:testcases.ViewsTest@6e2c9341]" name="startReport" is-config="true" duration-ms="0" started-at="2020-02-04T10:42:12 IST" finished-at="2020-02-04T10:42:12 IST">
          <reporter-output>
          </reporter-output>
        </test-method> <!-- startReport -->
        <test-method status="PASS" signature="setup(java.lang.String)[pri:0, instance:testcases.ViewsTest@6e2c9341]" name="setup" is-config="true" duration-ms="0" started-at="2020-02-04T11:44:53 IST" finished-at="2020-02-04T11:44:53 IST">
          <params>
            <param index="0">
              <value>
                <![CDATA[ie]]>
              </value>
            </param>
          </params>
          <reporter-output>
          </reporter-output>
        </test-method> <!-- setup -->
        <test-method status="PASS" signature="GoToViewPage()[pri:0, instance:testcases.ViewsTest@6e2c9341]" name="GoToViewPage" is-config="true" duration-ms="130348" started-at="2020-02-04T11:44:53 IST" finished-at="2020-02-04T11:47:03 IST">
          <reporter-output>
          </reporter-output>
        </test-method> <!-- GoToViewPage -->
        <test-method status="FAIL" signature="AddNewViewWithoutLayoutTest()[pri:0, instance:testcases.ViewsTest@6e2c9341]" name="AddNewViewWithoutLayoutTest" duration-ms="11952" started-at="2020-02-04T11:47:03 IST" finished-at="2020-02-04T11:47:15 IST">
          <exception class="java.lang.IndexOutOfBoundsException">
            <message>
              <![CDATA[Index: 0, Size: 0]]>
            </message>
            <full-stacktrace>
              <![CDATA[java.lang.IndexOutOfBoundsException: Index: 0, Size: 0
at java.util.ArrayList.rangeCheck(ArrayList.java:657)
at java.util.ArrayList.get(ArrayList.java:433)
at sun.reflect.GeneratedMethodAccessor37.invoke(Unknown Source)
at sun.reflect.DelegatingMethodAccessorImpl.invoke(DelegatingMethodAccessorImpl.java:43)
at java.lang.reflect.Method.invoke(Method.java:498)
at org.openqa.selenium.support.pagefactory.internal.LocatingElementListHandler.invoke(LocatingElementListHandler.java:39)
at com.sun.proxy.$Proxy14.get(Unknown Source)
at pageObjects.ViewsPage.GetResourcesIDByIndex(ViewsPage.java:319)
at testcases.ViewsTest.AddNewViewWithoutLayoutTest(ViewsTest.java:613)
at sun.reflect.NativeMethodAccessorImpl.invoke0(Native Method)
at sun.reflect.NativeMethodAccessorImpl.invoke(NativeMethodAccessorImpl.java:62)
at sun.reflect.DelegatingMethodAccessorImpl.invoke(DelegatingMethodAccessorImpl.java:43)
at java.lang.reflect.Method.invoke(Method.java:498)
at org.testng.internal.MethodInvocationHelper.invokeMethod(MethodInvocationHelper.java:133)
at org.testng.internal.TestInvoker.invokeMethod(TestInvoker.java:584)
at org.testng.internal.TestInvoker.invokeTestMethod(TestInvoker.java:172)
at org.testng.internal.MethodRunner.runInSequence(MethodRunner.java:46)
at org.testng.internal.TestInvoker$MethodInvocationAgent.invoke(TestInvoker.java:804)
at org.testng.internal.TestInvoker.invokeTestMethods(TestInvoker.java:145)
at org.testng.internal.TestMethodWorker.invokeTestMethods(TestMethodWorker.java:146)
at org.testng.internal.TestMethodWorker.run(TestMethodWorker.java:128)
at java.util.ArrayList.forEach(ArrayList.java:1257)
at org.testng.TestRunner.privateRun(TestRunner.java:770)
at org.testng.TestRunner.run(TestRunner.java:591)
at org.testng.SuiteRunner.runTest(SuiteRunner.java:402)
at org.testng.SuiteRunner.runSequentially(SuiteRunner.java:396)
at org.testng.SuiteRunner.privateRun(SuiteRunner.java:355)
at org.testng.SuiteRunner.run(SuiteRunner.java:304)
at org.testng.SuiteRunnerWorker.runSuite(SuiteRunnerWorker.java:53)
at org.testng.SuiteRunnerWorker.run(SuiteRunnerWorker.java:96)
at org.testng.TestNG.runSuitesSequentially(TestNG.java:1180)
at org.testng.TestNG.runSuitesLocally(TestNG.java:1102)
at org.testng.TestNG.runSuites(TestNG.java:1032)
at org.testng.TestNG.run(TestNG.java:1000)
at org.testng.remote.AbstractRemoteTestNG.run(AbstractRemoteTestNG.java:115)
at org.testng.remote.RemoteTestNG.initAndRun(RemoteTestNG.java:251)
at org.testng.remote.RemoteTestNG.main(RemoteTestNG.java:77)
]]>
            </full-stacktrace>
          </exception> <!-- java.lang.IndexOutOfBoundsException -->
          <reporter-output>
          </reporter-output>
        </test-method> <!-- AddNewViewWithoutLayoutTest -->
        <test-method status="PASS" signature="afterMethod(org.testng.ITestResult)[pri:0, instance:testcases.ViewsTest@6e2c9341]" name="afterMethod" is-config="true" duration-ms="1026" started-at="2020-02-04T11:47:15 IST" finished-at="2020-02-04T11:47:16 IST">
          <params>
            <param index="0">
              <value>
                <![CDATA[[TestResult name=AddNewViewWithoutLayoutTest status=FAILURE method=ViewsTest.AddNewViewWithoutLayoutTest()[pri:0, instance:testcases.ViewsTest@6e2c9341] output={null}]]]>
              </value>
            </param>
          </params>
          <reporter-output>
          </reporter-output>
        </test-method> <!-- afterMethod -->
        <test-method status="PASS" signature="GoToViewPage()[pri:0, instance:testcases.ViewsTest@6e2c9341]" name="GoToViewPage" is-config="true" duration-ms="117332" started-at="2020-02-04T11:47:16 IST" finished-at="2020-02-04T11:49:14 IST">
          <reporter-output>
          </reporter-output>
        </test-method> <!-- GoToViewPage -->
        <test-method status="FAIL" signature="AddNewViewTest()[pri:0, instance:testcases.ViewsTest@6e2c9341]" name="AddNewViewTest" duration-ms="13222" started-at="2020-02-04T11:49:14 IST" finished-at="2020-02-04T11:49:27 IST">
          <exception class="java.lang.IndexOutOfBoundsException">
            <message>
              <![CDATA[Index: 0, Size: 0]]>
            </message>
            <full-stacktrace>
              <![CDATA[java.lang.IndexOutOfBoundsException: Index: 0, Size: 0
at java.util.ArrayList.rangeCheck(ArrayList.java:657)
at java.util.ArrayList.get(ArrayList.java:433)
at sun.reflect.GeneratedMethodAccessor37.invoke(Unknown Source)
at sun.reflect.DelegatingMethodAccessorImpl.invoke(DelegatingMethodAccessorImpl.java:43)
at java.lang.reflect.Method.invoke(Method.java:498)
at org.openqa.selenium.support.pagefactory.internal.LocatingElementListHandler.invoke(LocatingElementListHandler.java:39)
at com.sun.proxy.$Proxy14.get(Unknown Source)
at pageObjects.ViewsPage.GetResourcesIDByIndex(ViewsPage.java:319)
at testcases.ViewsTest.AddNewViewTest(ViewsTest.java:173)
at sun.reflect.NativeMethodAccessorImpl.invoke0(Native Method)
at sun.reflect.NativeMethodAccessorImpl.invoke(NativeMethodAccessorImpl.java:62)
at sun.reflect.DelegatingMethodAccessorImpl.invoke(DelegatingMethodAccessorImpl.java:43)
at java.lang.reflect.Method.invoke(Method.java:498)
at org.testng.internal.MethodInvocationHelper.invokeMethod(MethodInvocationHelper.java:133)
at org.testng.internal.TestInvoker.invokeMethod(TestInvoker.java:584)
at org.testng.internal.TestInvoker.invokeTestMethod(TestInvoker.java:172)
at org.testng.internal.MethodRunner.runInSequence(MethodRunner.java:46)
at org.testng.internal.TestInvoker$MethodInvocationAgent.invoke(TestInvoker.java:804)
at org.testng.internal.TestInvoker.invokeTestMethods(TestInvoker.java:145)
at org.testng.internal.TestMethodWorker.invokeTestMethods(TestMethodWorker.java:146)
at org.testng.internal.TestMethodWorker.run(TestMethodWorker.java:128)
at java.util.ArrayList.forEach(ArrayList.java:1257)
at org.testng.TestRunner.privateRun(TestRunner.java:770)
at org.testng.TestRunner.run(TestRunner.java:591)
at org.testng.SuiteRunner.runTest(SuiteRunner.java:402)
at org.testng.SuiteRunner.runSequentially(SuiteRunner.java:396)
at org.testng.SuiteRunner.privateRun(SuiteRunner.java:355)
at org.testng.SuiteRunner.run(SuiteRunner.java:304)
at org.testng.SuiteRunnerWorker.runSuite(SuiteRunnerWorker.java:53)
at org.testng.SuiteRunnerWorker.run(SuiteRunnerWorker.java:96)
at org.testng.TestNG.runSuitesSequentially(TestNG.java:1180)
at org.testng.TestNG.runSuitesLocally(TestNG.java:1102)
at org.testng.TestNG.runSuites(TestNG.java:1032)
at org.testng.TestNG.run(TestNG.java:1000)
at org.testng.remote.AbstractRemoteTestNG.run(AbstractRemoteTestNG.java:115)
at org.testng.remote.RemoteTestNG.initAndRun(RemoteTestNG.java:251)
at org.testng.remote.RemoteTestNG.main(RemoteTestNG.java:77)
]]>
            </full-stacktrace>
          </exception> <!-- java.lang.IndexOutOfBoundsException -->
          <reporter-output>
          </reporter-output>
        </test-method> <!-- AddNewViewTest -->
        <test-method status="PASS" signature="afterMethod(org.testng.ITestResult)[pri:0, instance:testcases.ViewsTest@6e2c9341]" name="afterMethod" is-config="true" duration-ms="891" started-at="2020-02-04T11:49:27 IST" finished-at="2020-02-04T11:49:28 IST">
          <params>
            <param index="0">
              <value>
                <![CDATA[[TestResult name=AddNewViewTest status=FAILURE method=ViewsTest.AddNewViewTest()[pri:0, instance:testcases.ViewsTest@6e2c9341] output={null}]]]>
              </value>
            </param>
          </params>
          <reporter-output>
          </reporter-output>
        </test-method> <!-- afterMethod -->
        <test-method status="PASS" signature="GoToViewPage()[pri:0, instance:testcases.ViewsTest@6e2c9341]" name="GoToViewPage" is-config="true" duration-ms="122328" started-at="2020-02-04T11:49:28 IST" finished-at="2020-02-04T11:51:30 IST">
          <reporter-output>
          </reporter-output>
        </test-method> <!-- GoToViewPage -->
        <test-method status="FAIL" signature="ResourceFilterTest()[pri:0, instance:testcases.ViewsTest@6e2c9341]" name="ResourceFilterTest" duration-ms="10714" started-at="2020-02-04T11:51:30 IST" finished-at="2020-02-04T11:51:41 IST">
          <exception class="java.lang.IndexOutOfBoundsException">
            <message>
              <![CDATA[Index: 0, Size: 0]]>
            </message>
            <full-stacktrace>
              <![CDATA[java.lang.IndexOutOfBoundsException: Index: 0, Size: 0
at java.util.ArrayList.rangeCheck(ArrayList.java:657)
at java.util.ArrayList.get(ArrayList.java:433)
at sun.reflect.GeneratedMethodAccessor37.invoke(Unknown Source)
at sun.reflect.DelegatingMethodAccessorImpl.invoke(DelegatingMethodAccessorImpl.java:43)
at java.lang.reflect.Method.invoke(Method.java:498)
at org.openqa.selenium.support.pagefactory.internal.LocatingElementListHandler.invoke(LocatingElementListHandler.java:39)
at com.sun.proxy.$Proxy14.get(Unknown Source)
at pageObjects.ViewsPage.GetResourcesNameByIndex(ViewsPage.java:328)
at testcases.ViewsTest.ResourceFilterTest(ViewsTest.java:461)
at sun.reflect.NativeMethodAccessorImpl.invoke0(Native Method)
at sun.reflect.NativeMethodAccessorImpl.invoke(NativeMethodAccessorImpl.java:62)
at sun.reflect.DelegatingMethodAccessorImpl.invoke(DelegatingMethodAccessorImpl.java:43)
at java.lang.reflect.Method.invoke(Method.java:498)
at org.testng.internal.MethodInvocationHelper.invokeMethod(MethodInvocationHelper.java:133)
at org.testng.internal.TestInvoker.invokeMethod(TestInvoker.java:584)
at org.testng.internal.TestInvoker.invokeTestMethod(TestInvoker.java:172)
at org.testng.internal.MethodRunner.runInSequence(MethodRunner.java:46)
at org.testng.internal.TestInvoker$MethodInvocationAgent.invoke(TestInvoker.java:804)
at org.testng.internal.TestInvoker.invokeTestMethods(TestInvoker.java:145)
at org.testng.internal.TestMethodWorker.invokeTestMethods(TestMethodWorker.java:146)
at org.testng.internal.TestMethodWorker.run(TestMethodWorker.java:128)
at java.util.ArrayList.forEach(ArrayList.java:1257)
at org.testng.TestRunner.privateRun(TestRunner.java:770)
at org.testng.TestRunner.run(TestRunner.java:591)
at org.testng.SuiteRunner.runTest(SuiteRunner.java:402)
at org.testng.SuiteRunner.runSequentially(SuiteRunner.java:396)
at org.testng.SuiteRunner.privateRun(SuiteRunner.java:355)
at org.testng.SuiteRunner.run(SuiteRunner.java:304)
at org.testng.SuiteRunnerWorker.runSuite(SuiteRunnerWorker.java:53)
at org.testng.SuiteRunnerWorker.run(SuiteRunnerWorker.java:96)
at org.testng.TestNG.runSuitesSequentially(TestNG.java:1180)
at org.testng.TestNG.runSuitesLocally(TestNG.java:1102)
at org.testng.TestNG.runSuites(TestNG.java:1032)
at org.testng.TestNG.run(TestNG.java:1000)
at org.testng.remote.AbstractRemoteTestNG.run(AbstractRemoteTestNG.java:115)
at org.testng.remote.RemoteTestNG.initAndRun(RemoteTestNG.java:251)
at org.testng.remote.RemoteTestNG.main(RemoteTestNG.java:77)
]]>
            </full-stacktrace>
          </exception> <!-- java.lang.IndexOutOfBoundsException -->
          <reporter-output>
          </reporter-output>
        </test-method> <!-- ResourceFilterTest -->
        <test-method status="PASS" signature="afterMethod(org.testng.ITestResult)[pri:0, instance:testcases.ViewsTest@6e2c9341]" name="afterMethod" is-config="true" duration-ms="851" started-at="2020-02-04T11:51:41 IST" finished-at="2020-02-04T11:51:42 IST">
          <params>
            <param index="0">
              <value>
                <![CDATA[[TestResult name=ResourceFilterTest status=FAILURE method=ViewsTest.ResourceFilterTest()[pri:0, instance:testcases.ViewsTest@6e2c9341] output={null}]]]>
              </value>
            </param>
          </params>
          <reporter-output>
          </reporter-output>
        </test-method> <!-- afterMethod -->
        <test-method status="PASS" signature="endReport()[pri:0, instance:testcases.ViewsTest@6e2c9341]" name="endReport" is-config="true" duration-ms="122" started-at="2020-02-04T11:51:42 IST" finished-at="2020-02-04T11:51:42 IST">
          <reporter-output>
          </reporter-output>
        </test-method> <!-- endReport -->
      </class> <!-- testcases.ViewsTest -->
      <class name="testcases.NVRsElementsTest">
        <test-method status="PASS" signature="startReport()[pri:0, instance:testcases.NVRsElementsTest@77a57272]" name="startReport" is-config="true" duration-ms="16" started-at="2020-02-04T10:42:12 IST" finished-at="2020-02-04T10:42:12 IST">
          <reporter-output>
          </reporter-output>
        </test-method> <!-- startReport -->
        <test-method status="PASS" signature="setup(java.lang.String)[pri:0, instance:testcases.NVRsElementsTest@77a57272]" name="setup" is-config="true" duration-ms="4" started-at="2020-02-04T10:44:53 IST" finished-at="2020-02-04T10:44:53 IST">
          <params>
            <param index="0">
              <value>
                <![CDATA[ie]]>
              </value>
            </param>
          </params>
          <reporter-output>
          </reporter-output>
        </test-method> <!-- setup -->
        <test-method status="PASS" signature="gotoNVRPage()[pri:0, instance:testcases.NVRsElementsTest@77a57272]" name="gotoNVRPage" is-config="true" duration-ms="62236" started-at="2020-02-04T10:44:53 IST" finished-at="2020-02-04T10:45:55 IST">
          <reporter-output>
          </reporter-output>
        </test-method> <!-- gotoNVRPage -->
        <test-method status="FAIL" signature="ChangeIPAdressExitPressSaveUnsavedChangesTest()[pri:0, instance:testcases.NVRsElementsTest@77a57272]" name="ChangeIPAdressExitPressSaveUnsavedChangesTest" duration-ms="100559" started-at="2020-02-04T10:45:55 IST" finished-at="2020-02-04T10:47:36 IST">
          <exception class="java.lang.NullPointerException">
            <full-stacktrace>
              <![CDATA[java.lang.NullPointerException
at testcases.NVRsElementsTest.ChangeIPAdressExitPressSaveUnsavedChangesTest(NVRsElementsTest.java:472)
at sun.reflect.NativeMethodAccessorImpl.invoke0(Native Method)
at sun.reflect.NativeMethodAccessorImpl.invoke(NativeMethodAccessorImpl.java:62)
at sun.reflect.DelegatingMethodAccessorImpl.invoke(DelegatingMethodAccessorImpl.java:43)
at java.lang.reflect.Method.invoke(Method.java:498)
at org.testng.internal.MethodInvocationHelper.invokeMethod(MethodInvocationHelper.java:133)
at org.testng.internal.TestInvoker.invokeMethod(TestInvoker.java:584)
at org.testng.internal.TestInvoker.invokeTestMethod(TestInvoker.java:172)
at org.testng.internal.MethodRunner.runInSequence(MethodRunner.java:46)
at org.testng.internal.TestInvoker$MethodInvocationAgent.invoke(TestInvoker.java:804)
at org.testng.internal.TestInvoker.invokeTestMethods(TestInvoker.java:145)
at org.testng.internal.TestMethodWorker.invokeTestMethods(TestMethodWorker.java:146)
at org.testng.internal.TestMethodWorker.run(TestMethodWorker.java:128)
at java.util.ArrayList.forEach(ArrayList.java:1257)
at org.testng.TestRunner.privateRun(TestRunner.java:770)
at org.testng.TestRunner.run(TestRunner.java:591)
at org.testng.SuiteRunner.runTest(SuiteRunner.java:402)
at org.testng.SuiteRunner.runSequentially(SuiteRunner.java:396)
at org.testng.SuiteRunner.privateRun(SuiteRunner.java:355)
at org.testng.SuiteRunner.run(SuiteRunner.java:304)
at org.testng.SuiteRunnerWorker.runSuite(SuiteRunnerWorker.java:53)
at org.testng.SuiteRunnerWorker.run(SuiteRunnerWorker.java:96)
at org.testng.TestNG.runSuitesSequentially(TestNG.java:1180)
at org.testng.TestNG.runSuitesLocally(TestNG.java:1102)
at org.testng.TestNG.runSuites(TestNG.java:1032)
at org.testng.TestNG.run(TestNG.java:1000)
at org.testng.remote.AbstractRemoteTestNG.run(AbstractRemoteTestNG.java:115)
at org.testng.remote.RemoteTestNG.initAndRun(RemoteTestNG.java:251)
at org.testng.remote.RemoteTestNG.main(RemoteTestNG.java:77)
]]>
            </full-stacktrace>
          </exception> <!-- java.lang.NullPointerException -->
          <reporter-output>
          </reporter-output>
        </test-method> <!-- ChangeIPAdressExitPressSaveUnsavedChangesTest -->
        <test-method status="PASS" signature="afterMethod(org.testng.ITestResult)[pri:0, instance:testcases.NVRsElementsTest@77a57272]" name="afterMethod" is-config="true" duration-ms="704" started-at="2020-02-04T10:47:36 IST" finished-at="2020-02-04T10:47:36 IST">
          <params>
            <param index="0">
              <value>
                <![CDATA[[TestResult name=ChangeIPAdressExitPressSaveUnsavedChangesTest status=FAILURE method=NVRsElementsTest.ChangeIPAdressExitPressSaveUnsavedChangesTest()[pri:0, instance:testcases.NVRsElementsTest@77a57272] output={null}]]]>
              </value>
            </param>
          </params>
          <reporter-output>
          </reporter-output>
        </test-method> <!-- afterMethod -->
        <test-method status="PASS" signature="gotoNVRPage()[pri:0, instance:testcases.NVRsElementsTest@77a57272]" name="gotoNVRPage" is-config="true" duration-ms="61993" started-at="2020-02-04T10:47:36 IST" finished-at="2020-02-04T10:48:38 IST">
          <reporter-output>
          </reporter-output>
        </test-method> <!-- gotoNVRPage -->
        <test-method status="PASS" signature="CheckPropertiesAfterChangeUserNameTest()[pri:0, instance:testcases.NVRsElementsTest@77a57272]" name="CheckPropertiesAfterChangeUserNameTest" duration-ms="159597" started-at="2020-02-04T10:48:38 IST" finished-at="2020-02-04T10:51:18 IST">
          <reporter-output>
          </reporter-output>
        </test-method> <!-- CheckPropertiesAfterChangeUserNameTest -->
        <test-method status="PASS" signature="afterMethod(org.testng.ITestResult)[pri:0, instance:testcases.NVRsElementsTest@77a57272]" name="afterMethod" is-config="true" duration-ms="837" started-at="2020-02-04T10:51:18 IST" finished-at="2020-02-04T10:51:19 IST">
          <params>
            <param index="0">
              <value>
                <![CDATA[[TestResult name=CheckPropertiesAfterChangeUserNameTest status=SUCCESS method=NVRsElementsTest.CheckPropertiesAfterChangeUserNameTest()[pri:0, instance:testcases.NVRsElementsTest@77a57272] output={null}]]]>
              </value>
            </param>
          </params>
          <reporter-output>
          </reporter-output>
        </test-method> <!-- afterMethod -->
        <test-method status="PASS" signature="gotoNVRPage()[pri:0, instance:testcases.NVRsElementsTest@77a57272]" name="gotoNVRPage" is-config="true" duration-ms="57382" started-at="2020-02-04T10:51:19 IST" finished-at="2020-02-04T10:52:16 IST">
          <reporter-output>
          </reporter-output>
        </test-method> <!-- gotoNVRPage -->
        <test-method status="FAIL" signature="IncreasePortExitPressDontSaveUnsavedChangesTest()[pri:0, instance:testcases.NVRsElementsTest@77a57272]" name="IncreasePortExitPressDontSaveUnsavedChangesTest" duration-ms="183095" started-at="2020-02-04T10:52:16 IST" finished-at="2020-02-04T10:55:19 IST">
          <exception class="java.lang.AssertionError">
            <message>
              <![CDATA[did not expect to find [true] but found [false]]]>
            </message>
            <full-stacktrace>
              <![CDATA[java.lang.AssertionError: did not expect to find [true] but found [false]
at org.testng.Assert.fail(Assert.java:97)
at org.testng.Assert.failNotEquals(Assert.java:969)
at org.testng.Assert.assertTrue(Assert.java:43)
at org.testng.Assert.assertTrue(Assert.java:53)
at testcases.NVRsElementsTest.IncreasePortExitPressDontSaveUnsavedChangesTest(NVRsElementsTest.java:851)
at sun.reflect.NativeMethodAccessorImpl.invoke0(Native Method)
at sun.reflect.NativeMethodAccessorImpl.invoke(NativeMethodAccessorImpl.java:62)
at sun.reflect.DelegatingMethodAccessorImpl.invoke(DelegatingMethodAccessorImpl.java:43)
at java.lang.reflect.Method.invoke(Method.java:498)
at org.testng.internal.MethodInvocationHelper.invokeMethod(MethodInvocationHelper.java:133)
at org.testng.internal.TestInvoker.invokeMethod(TestInvoker.java:584)
at org.testng.internal.TestInvoker.invokeTestMethod(TestInvoker.java:172)
at org.testng.internal.MethodRunner.runInSequence(MethodRunner.java:46)
at org.testng.internal.TestInvoker$MethodInvocationAgent.invoke(TestInvoker.java:804)
at org.testng.internal.TestInvoker.invokeTestMethods(TestInvoker.java:145)
at org.testng.internal.TestMethodWorker.invokeTestMethods(TestMethodWorker.java:146)
at org.testng.internal.TestMethodWorker.run(TestMethodWorker.java:128)
at java.util.ArrayList.forEach(ArrayList.java:1257)
at org.testng.TestRunner.privateRun(TestRunner.java:770)
at org.testng.TestRunner.run(TestRunner.java:591)
at org.testng.SuiteRunner.runTest(SuiteRunner.java:402)
at org.testng.SuiteRunner.runSequentially(SuiteRunner.java:396)
at org.testng.SuiteRunner.privateRun(SuiteRunner.java:355)
at org.testng.SuiteRunner.run(SuiteRunner.java:304)
at org.testng.SuiteRunnerWorker.runSuite(SuiteRunnerWorker.java:53)
at org.testng.SuiteRunnerWorker.run(SuiteRunnerWorker.java:96)
at org.testng.TestNG.runSuitesSequentially(TestNG.java:1180)
at org.testng.TestNG.runSuitesLocally(TestNG.java:1102)
at org.testng.TestNG.runSuites(TestNG.java:1032)
at org.testng.TestNG.run(TestNG.java:1000)
at org.testng.remote.AbstractRemoteTestNG.run(AbstractRemoteTestNG.java:115)
at org.testng.remote.RemoteTestNG.initAndRun(RemoteTestNG.java:251)
at org.testng.remote.RemoteTestNG.main(RemoteTestNG.java:77)
]]>
            </full-stacktrace>
          </exception> <!-- java.lang.AssertionError -->
          <reporter-output>
          </reporter-output>
        </test-method> <!-- IncreasePortExitPressDontSaveUnsavedChangesTest -->
        <test-method status="PASS" signature="afterMethod(org.testng.ITestResult)[pri:0, instance:testcases.NVRsElementsTest@77a57272]" name="afterMethod" is-config="true" duration-ms="943" started-at="2020-02-04T10:55:19 IST" finished-at="2020-02-04T10:55:20 IST">
          <params>
            <param index="0">
              <value>
                <![CDATA[[TestResult name=IncreasePortExitPressDontSaveUnsavedChangesTest status=FAILURE method=NVRsElementsTest.IncreasePortExitPressDontSaveUnsavedChangesTest()[pri:0, instance:testcases.NVRsElementsTest@77a57272] output={null}]]]>
              </value>
            </param>
          </params>
          <reporter-output>
          </reporter-output>
        </test-method> <!-- afterMethod -->
        <test-method status="PASS" signature="gotoNVRPage()[pri:0, instance:testcases.NVRsElementsTest@77a57272]" name="gotoNVRPage" is-config="true" duration-ms="61962" started-at="2020-02-04T10:55:20 IST" finished-at="2020-02-04T10:56:22 IST">
          <reporter-output>
          </reporter-output>
        </test-method> <!-- gotoNVRPage -->
        <test-method status="FAIL" signature="ChangeUserNameExitPressSaveUnsavedChangesTest()[pri:0, instance:testcases.NVRsElementsTest@77a57272]" name="ChangeUserNameExitPressSaveUnsavedChangesTest" duration-ms="45656" started-at="2020-02-04T10:56:22 IST" finished-at="2020-02-04T10:57:08 IST">
          <exception class="java.lang.NullPointerException">
            <full-stacktrace>
              <![CDATA[java.lang.NullPointerException
at pageObjects.NVRsPage.IfNVRIsNotExistAddIt(NVRsPage.java:956)
at testcases.NVRsElementsTest.ChangeUserNameExitPressSaveUnsavedChangesTest(NVRsElementsTest.java:1056)
at sun.reflect.NativeMethodAccessorImpl.invoke0(Native Method)
at sun.reflect.NativeMethodAccessorImpl.invoke(NativeMethodAccessorImpl.java:62)
at sun.reflect.DelegatingMethodAccessorImpl.invoke(DelegatingMethodAccessorImpl.java:43)
at java.lang.reflect.Method.invoke(Method.java:498)
at org.testng.internal.MethodInvocationHelper.invokeMethod(MethodInvocationHelper.java:133)
at org.testng.internal.TestInvoker.invokeMethod(TestInvoker.java:584)
at org.testng.internal.TestInvoker.invokeTestMethod(TestInvoker.java:172)
at org.testng.internal.MethodRunner.runInSequence(MethodRunner.java:46)
at org.testng.internal.TestInvoker$MethodInvocationAgent.invoke(TestInvoker.java:804)
at org.testng.internal.TestInvoker.invokeTestMethods(TestInvoker.java:145)
at org.testng.internal.TestMethodWorker.invokeTestMethods(TestMethodWorker.java:146)
at org.testng.internal.TestMethodWorker.run(TestMethodWorker.java:128)
at java.util.ArrayList.forEach(ArrayList.java:1257)
at org.testng.TestRunner.privateRun(TestRunner.java:770)
at org.testng.TestRunner.run(TestRunner.java:591)
at org.testng.SuiteRunner.runTest(SuiteRunner.java:402)
at org.testng.SuiteRunner.runSequentially(SuiteRunner.java:396)
at org.testng.SuiteRunner.privateRun(SuiteRunner.java:355)
at org.testng.SuiteRunner.run(SuiteRunner.java:304)
at org.testng.SuiteRunnerWorker.runSuite(SuiteRunnerWorker.java:53)
at org.testng.SuiteRunnerWorker.run(SuiteRunnerWorker.java:96)
at org.testng.TestNG.runSuitesSequentially(TestNG.java:1180)
at org.testng.TestNG.runSuitesLocally(TestNG.java:1102)
at org.testng.TestNG.runSuites(TestNG.java:1032)
at org.testng.TestNG.run(TestNG.java:1000)
at org.testng.remote.AbstractRemoteTestNG.run(AbstractRemoteTestNG.java:115)
at org.testng.remote.RemoteTestNG.initAndRun(RemoteTestNG.java:251)
at org.testng.remote.RemoteTestNG.main(RemoteTestNG.java:77)
]]>
            </full-stacktrace>
          </exception> <!-- java.lang.NullPointerException -->
          <reporter-output>
          </reporter-output>
        </test-method> <!-- ChangeUserNameExitPressSaveUnsavedChangesTest -->
        <test-method status="PASS" signature="afterMethod(org.testng.ITestResult)[pri:0, instance:testcases.NVRsElementsTest@77a57272]" name="afterMethod" is-config="true" duration-ms="1129" started-at="2020-02-04T10:57:08 IST" finished-at="2020-02-04T10:57:09 IST">
          <params>
            <param index="0">
              <value>
                <![CDATA[[TestResult name=ChangeUserNameExitPressSaveUnsavedChangesTest status=FAILURE method=NVRsElementsTest.ChangeUserNameExitPressSaveUnsavedChangesTest()[pri:0, instance:testcases.NVRsElementsTest@77a57272] output={null}]]]>
              </value>
            </param>
          </params>
          <reporter-output>
          </reporter-output>
        </test-method> <!-- afterMethod -->
        <test-method status="PASS" signature="gotoNVRPage()[pri:0, instance:testcases.NVRsElementsTest@77a57272]" name="gotoNVRPage" is-config="true" duration-ms="54976" started-at="2020-02-04T10:57:09 IST" finished-at="2020-02-04T10:58:04 IST">
          <reporter-output>
          </reporter-output>
        </test-method> <!-- gotoNVRPage -->
        <test-method status="FAIL" signature="uDecreasePortExitPressSaveUnsavedChangesTest()[pri:0, instance:testcases.NVRsElementsTest@77a57272]" name="uDecreasePortExitPressSaveUnsavedChangesTest" duration-ms="185738" started-at="2020-02-04T10:58:04 IST" finished-at="2020-02-04T11:01:10 IST">
          <exception class="java.lang.AssertionError">
            <message>
              <![CDATA[did not expect to find [true] but found [false]]]>
            </message>
            <full-stacktrace>
              <![CDATA[java.lang.AssertionError: did not expect to find [true] but found [false]
at org.testng.Assert.fail(Assert.java:97)
at org.testng.Assert.failNotEquals(Assert.java:969)
at org.testng.Assert.assertTrue(Assert.java:43)
at org.testng.Assert.assertTrue(Assert.java:53)
at testcases.NVRsElementsTest.uDecreasePortExitPressSaveUnsavedChangesTest(NVRsElementsTest.java:901)
at sun.reflect.NativeMethodAccessorImpl.invoke0(Native Method)
at sun.reflect.NativeMethodAccessorImpl.invoke(NativeMethodAccessorImpl.java:62)
at sun.reflect.DelegatingMethodAccessorImpl.invoke(DelegatingMethodAccessorImpl.java:43)
at java.lang.reflect.Method.invoke(Method.java:498)
at org.testng.internal.MethodInvocationHelper.invokeMethod(MethodInvocationHelper.java:133)
at org.testng.internal.TestInvoker.invokeMethod(TestInvoker.java:584)
at org.testng.internal.TestInvoker.invokeTestMethod(TestInvoker.java:172)
at org.testng.internal.MethodRunner.runInSequence(MethodRunner.java:46)
at org.testng.internal.TestInvoker$MethodInvocationAgent.invoke(TestInvoker.java:804)
at org.testng.internal.TestInvoker.invokeTestMethods(TestInvoker.java:145)
at org.testng.internal.TestMethodWorker.invokeTestMethods(TestMethodWorker.java:146)
at org.testng.internal.TestMethodWorker.run(TestMethodWorker.java:128)
at java.util.ArrayList.forEach(ArrayList.java:1257)
at org.testng.TestRunner.privateRun(TestRunner.java:770)
at org.testng.TestRunner.run(TestRunner.java:591)
at org.testng.SuiteRunner.runTest(SuiteRunner.java:402)
at org.testng.SuiteRunner.runSequentially(SuiteRunner.java:396)
at org.testng.SuiteRunner.privateRun(SuiteRunner.java:355)
at org.testng.SuiteRunner.run(SuiteRunner.java:304)
at org.testng.SuiteRunnerWorker.runSuite(SuiteRunnerWorker.java:53)
at org.testng.SuiteRunnerWorker.run(SuiteRunnerWorker.java:96)
at org.testng.TestNG.runSuitesSequentially(TestNG.java:1180)
at org.testng.TestNG.runSuitesLocally(TestNG.java:1102)
at org.testng.TestNG.runSuites(TestNG.java:1032)
at org.testng.TestNG.run(TestNG.java:1000)
at org.testng.remote.AbstractRemoteTestNG.run(AbstractRemoteTestNG.java:115)
at org.testng.remote.RemoteTestNG.initAndRun(RemoteTestNG.java:251)
at org.testng.remote.RemoteTestNG.main(RemoteTestNG.java:77)
]]>
            </full-stacktrace>
          </exception> <!-- java.lang.AssertionError -->
          <reporter-output>
          </reporter-output>
        </test-method> <!-- uDecreasePortExitPressSaveUnsavedChangesTest -->
        <test-method status="PASS" signature="afterMethod(org.testng.ITestResult)[pri:0, instance:testcases.NVRsElementsTest@77a57272]" name="afterMethod" is-config="true" duration-ms="804" started-at="2020-02-04T11:01:10 IST" finished-at="2020-02-04T11:01:11 IST">
          <params>
            <param index="0">
              <value>
                <![CDATA[[TestResult name=uDecreasePortExitPressSaveUnsavedChangesTest status=FAILURE method=NVRsElementsTest.uDecreasePortExitPressSaveUnsavedChangesTest()[pri:0, instance:testcases.NVRsElementsTest@77a57272] output={null}]]]>
              </value>
            </param>
          </params>
          <reporter-output>
          </reporter-output>
        </test-method> <!-- afterMethod -->
        <test-method status="PASS" signature="gotoNVRPage()[pri:0, instance:testcases.NVRsElementsTest@77a57272]" name="gotoNVRPage" is-config="true" duration-ms="56836" started-at="2020-02-04T11:01:11 IST" finished-at="2020-02-04T11:02:07 IST">
          <reporter-output>
          </reporter-output>
        </test-method> <!-- gotoNVRPage -->
        <test-method status="FAIL" signature="ChangePortExitPressDontSaveUnsavedChangesTest()[pri:0, instance:testcases.NVRsElementsTest@77a57272]" name="ChangePortExitPressDontSaveUnsavedChangesTest" duration-ms="58265" started-at="2020-02-04T11:02:07 IST" finished-at="2020-02-04T11:03:06 IST">
          <exception class="org.openqa.selenium.JavascriptException">
            <message>
              <![CDATA[JavaScript error (WARNING: The server did not provide any stacktrace information)
Command duration or timeout: 0 milliseconds
Build info: version: '3.9.1', revision: '63f7b50', time: '2018-02-07T22:25:02.294Z'
System info: host: 'BORSE-PC', ip: '172.20.1.42', os.name: 'Windows 10', os.arch: 'amd64', os.version: '10.0', java.version: '1.8.0_202'
Driver info: org.openqa.selenium.ie.InternetExplorerDriver
[...]
            </param>
          </params>
          <reporter-output>
          </reporter-output>
        </test-method> <!-- afterMethod -->
        <test-method status="PASS" signature="gotoNVRPage()[pri:0, instance:testcases.NVRsElementsTest@77a57272]" name="gotoNVRPage" is-config="true" duration-ms="55875" started-at="2020-02-04T11:11:32 IST" finished-at="2020-02-04T11:12:27 IST">
          <reporter-output>
          </reporter-output>
        </test-method> <!-- gotoNVRPage -->
        <test-method status="PASS" signature="ChangePortPressCancelTest()[pri:0, instance:testcases.NVRsElementsTest@77a57272]" name="ChangePortPressCancelTest" duration-ms="19133" started-at="2020-02-04T11:12:27 IST" finished-at="2020-02-04T11:12:47 IST">
          <reporter-output>
          </reporter-output>
        </test-method> <!-- ChangePortPressCancelTest -->
        <test-method status="PASS" signature="afterMethod(org.testng.ITestResult)[pri:0, instance:testcases.NVRsElementsTest@77a57272]" name="afterMethod" is-config="true" duration-ms="976" started-at="2020-02-04T11:12:47 IST" finished-at="2020-02-04T11:12:48 IST">
          <params>
            <param index="0">
              <value>
                <![CDATA[[TestResult name=ChangePortPressCancelTest status=SUCCESS method=NVRsElementsTest.ChangePortPressCancelTest()[pri:0, instance:testcases.NVRsElementsTest@77a57272] output={null}]]]>
              </value>
            </param>
          </params>
          <reporter-output>
          </reporter-output>
        </test-method> <!-- afterMethod -->
        <test-method status="PASS" signature="gotoNVRPage()[pri:0, instance:testcases.NVRsElementsTest@77a57272]" name="gotoNVRPage" is-config="true" duration-ms="60221" started-at="2020-02-04T11:12:48 IST" finished-at="2020-02-04T11:13:48 IST">
          <reporter-output>
          </reporter-output>
        </test-method> <!-- gotoNVRPage -->
        <test-method status="FAIL" signature="DecreasePortExitCancelUnsavedChangesTest()[pri:0, instance:testcases.NVRsElementsTest@77a57272]" name="DecreasePortExitCancelUnsavedChangesTest" duration-ms="42156" started-at="2020-02-04T11:13:48 IST" finished-at="2020-02-04T11:14:30 IST">
          <exception class="java.lang.AssertionError">
            <message>
              <![CDATA[did not expect to find [true] but found [false]]]>
            </message>
            <full-stacktrace>
              <![CDATA[java.lang.AssertionError: did not expect to find [true] but found [false]
at org.testng.Assert.fail(Assert.java:97)
at org.testng.Assert.failNotEquals(Assert.java:969)
at org.testng.Assert.assertTrue(Assert.java:43)
at org.testng.Assert.assertTrue(Assert.java:53)
at testcases.NVRsElementsTest.DecreasePortExitCancelUnsavedChangesTest(NVRsElementsTest.java:811)
at sun.reflect.NativeMethodAccessorImpl.invoke0(Native Method)
at sun.reflect.NativeMethodAccessorImpl.invoke(NativeMethodAccessorImpl.java:62)
at sun.reflect.DelegatingMethodAccessorImpl.invoke(DelegatingMethodAccessorImpl.java:43)
at java.lang.reflect.Method.invoke(Method.java:498)
at org.testng.internal.MethodInvocationHelper.invokeMethod(MethodInvocationHelper.java:133)
at org.testng.internal.TestInvoker.invokeMethod(TestInvoker.java:584)
at org.testng.internal.TestInvoker.invokeTestMethod(TestInvoker.java:172)
at org.testng.internal.MethodRunner.runInSequence(MethodRunner.java:46)
at org.testng.internal.TestInvoker$MethodInvocationAgent.invoke(TestInvoker.java:804)
at org.testng.internal.TestInvoker.invokeTestMethods(TestInvoker.java:145)
at org.testng.internal.TestMethodWorker.invokeTestMethods(TestMethodWorker.java:146)
at org.testng.internal.TestMethodWorker.run(TestMethodWorker.java:128)
at java.util.ArrayList.forEach(ArrayList.java:1257)
at org.testng.TestRunner.privateRun(TestRunner.java:770)
at org.testng.TestRunner.run(TestRunner.java:591)
at org.testng.SuiteRunner.runTest(SuiteRunner.java:402)
at org.testng.SuiteRunner.runSequentially(SuiteRunner.java:396)
at org.testng.SuiteRunner.privateRun(SuiteRunner.java:355)
at org.testng.SuiteRunner.run(SuiteRunner.java:304)
at org.testng.SuiteRunnerWorker.runSuite(SuiteRunnerWorker.java:53)
at org.testng.SuiteRunnerWorker.run(SuiteRunnerWorker.java:96)
at org.testng.TestNG.runSuitesSequentially(TestNG.java:1180)
at org.testng.TestNG.runSuitesLocally(TestNG.java:1102)
at org.testng.TestNG.runSuites(TestNG.java:1032)
at org.testng.TestNG.run(TestNG.java:1000)
at org.testng.remote.AbstractRemoteTestNG.run(AbstractRemoteTestNG.java:115)
at org.testng.remote.RemoteTestNG.initAndRun(RemoteTestNG.java:251)
at org.testng.remote.RemoteTestNG.main(RemoteTestNG.java:77)
]]>
            </full-stacktrace>
          </exception> <!-- java.lang.AssertionError -->
          <reporter-output>
          </reporter-output>
        </test-method> <!-- DecreasePortExitCancelUnsavedChangesTest -->
        <test-method status="PASS" signature="afterMethod(org.testng.ITestResult)[pri:0, instance:testcases.NVRsElementsTest@77a57272]" name="afterMethod" is-config="true" duration-ms="2163" started-at="2020-02-04T11:14:30 IST" finished-at="2020-02-04T11:14:32 IST">
          <params>
            <param index="0">
              <value>
                <![CDATA[[TestResult name=DecreasePortExitCancelUnsavedChangesTest status=FAILURE method=NVRsElementsTest.DecreasePortExitCancelUnsavedChangesTest()[pri:0, instance:testcases.NVRsElementsTest@77a57272] output={null}]]]>
              </value>
            </param>
          </params>
          <reporter-output>
          </reporter-output>
        </test-method> <!-- afterMethod -->
        <test-method status="PASS" signature="gotoNVRPage()[pri:0, instance:testcases.NVRsElementsTest@77a57272]" name="gotoNVRPage" is-config="true" duration-ms="73429" started-at="2020-02-04T11:14:32 IST" finished-at="2020-02-04T11:15:46 IST">
          <reporter-output>
          </reporter-output>
        </test-method> <!-- gotoNVRPage -->
        <test-method status="FAIL" signature="ChangeIPAdressExitCancelUnsavedChangesTest()[pri:0, instance:testcases.NVRsElementsTest@77a57272]" name="ChangeIPAdressExitCancelUnsavedChangesTest" duration-ms="83961" started-at="2020-02-04T11:15:46 IST" finished-at="2020-02-04T11:17:09 IST">
          <exception class="org.openqa.selenium.JavascriptException">
            <message>
              <![CDATA[JavaScript error (WARNING: The server did not provide any stacktrace information)
Command duration or timeout: 0 milliseconds
Build info: version: '3.9.1', revision: '63f7b50', time: '2018-02-07T22:25:02.294Z'
System info: host: 'BORSE-PC', ip: '172.20.1.42', os.name: 'Windows 10', os.arch: 'amd64', os.version: '10.0', java.version: '1.8.0_202'
Driver info: org.openqa.selenium.ie.InternetExplorerDriver
Capabilities {browserName: internet explorer, javascriptEnabled: true, pageLoadStrategy: normal, platform: WINDOWS, platformName: WINDOWS, se:ieOptions: {browserAttachTimeout: 0, elementScrollBehavior: 0, enableElementCacheCleanup: true, enablePersistentHover: true, ie.browserCommandLineSwitches: , ie.enableFullPageScreenshot: true, ie.ensureCleanSession: true, ie.fileUploadDialogTimeout: 3000, ie.forceCreateProcessApi: false, ie.forceShellWindowsApi: false, ie.useLegacyFileUploadDialogHandling: false, ignoreProtectedModeSettings: true, ignoreZoomSetting: false, initialBrowserUrl: http://localhost:46204/, nativeEvents: true, requireWindowFocus: false}, unexpectedAlertBehaviour: dismiss, unhandledPromptBehavior: dismiss, version: 11}
Session ID: be075a3a-851a-4d32-8e01-0a1a92bda747]]>
            </message>
            <full-stacktrace>
              <![CDATA[org.openqa.selenium.JavascriptException: JavaScript error (WARNING: The server did not provide any stacktrace information)
Command duration or timeout: 0 milliseconds
Build info: version: '3.9.1', revision: '63f7b50', time: '2018-02-07T22:25:02.294Z'
System info: host: 'BORSE-PC', ip: '172.20.1.42', os.name: 'Windows 10', os.arch: 'amd64', os.version: '10.0', java.version: '1.8.0_202'
Driver info: org.openqa.selenium.ie.InternetExplorerDriver
Capabilities {browserName: internet explorer, javascriptEnabled: true, pageLoadStrategy: normal, platform: WINDOWS, platformName: WINDOWS, se:ieOptions: {browserAttachTimeout: 0, elementScrollBehavior: 0, enableElementCacheCleanup: true, enablePersistentHover: true, ie.browserCommandLineSwitches: , ie.enableFullPageScreenshot: true, ie.ensureCleanSession: true, ie.fileUploadDialogTimeout: 3000, ie.forceCreateProcessApi: false, ie.forceShellWindowsApi: false, ie.useLegacyFileUploadDialogHandling: false, ignoreProtectedModeSettings: true, ignoreZoomSetting: false, initialBrowserUrl: http://localhost:46204/, nativeEvents: true, requireWindowFocus: false}, unexpectedAlertBehaviour: dismiss, unhandledPromptBehavior: dismiss, version: 11}
Session ID: be075a3a-851a-4d32-8e01-0a1a92bda747
at sun.reflect.NativeConstructorAccessorImpl.newInstance0(Native Method)
at sun.reflect.NativeConstructorAccessorImpl.newInstance(NativeConstructorAccessorImpl.java:62)
at sun.reflect.DelegatingConstructorAccessorImpl.newInstance(DelegatingConstructorAccessorImpl.java:45)
at java.lang.reflect.Constructor.newInstance(Constructor.java:423)
at org.openqa.selenium.remote.ErrorHandler.createThrowable(ErrorHandler.java:214)
at org.openqa.selenium.remote.ErrorHandler.throwIfResponseFailed(ErrorHandler.java:166)
at org.openqa.selenium.remote.http.JsonHttpResponseCodec.reconstructValue(JsonHttpResponseCodec.java:40)
at org.openqa.selenium.remote.http.AbstractHttpResponseCodec.decode(AbstractHttpResponseCodec.java:80)
at org.openqa.selenium.remote.http.AbstractHttpResponseCodec.decode(AbstractHttpResponseCodec.java:44)
at org.openqa.selenium.remote.HttpCommandExecutor.execute(HttpCommandExecutor.java:160)
at org.openqa.selenium.remote.service.DriverCommandExecutor.execute(DriverCommandExecutor.java:83)
at org.openqa.selenium.remote.RemoteWebDriver.execute(RemoteWebDriver.java:601)
at org.openqa.selenium.remote.RemoteWebDriver.executeScript(RemoteWebDriver.java:537)
at Utilities.Page.JavaScriptClick(Page.java:757)
at pageObjects.NVRsPage.AddDiscoveredNVRs(NVRsPage.java:934)
at pageObjects.NVRsPage.IfNVRIsNotExistAddIt(NVRsPage.java:955)
at testcases.NVRsElementsTest.ChangeIPAdressExitCancelUnsavedChangesTest(NVRsElementsTest.java:353)
at sun.reflect.NativeMethodAccessorImpl.invoke0(Native Method)
at sun.reflect.NativeMethodAccessorImpl.invoke(NativeMethodAccessorImpl.java:62)
at sun.reflect.DelegatingMethodAccessorImpl.invoke(DelegatingMethodAccessorImpl.java:43)
at java.lang.reflect.Method.invoke(Method.java:498)
at org.testng.internal.MethodInvocationHelper.invokeMethod(MethodInvocationHelper.java:133)
at org.testng.internal.TestInvoker.invokeMethod(TestInvoker.java:584)
at org.testng.internal.TestInvoker.invokeTestMethod(TestInvoker.java:172)
at org.testng.internal.MethodRunner.runInSequence(MethodRunner.java:46)
at org.testng.internal.TestInvoker$MethodInvocationAgent.invoke(TestInvoker.java:804)
at org.testng.internal.TestInvoker.invokeTestMethods(TestInvoker.java:145)
at org.testng.internal.TestMethodWorker.invokeTestMethods(TestMethodWorker.java:146)
at org.testng.internal.TestMethodWorker.run(TestMethodWorker.java:128)
at java.util.ArrayList.forEach(ArrayList.java:1257)
at org.testng.TestRunner.privateRun(TestRunner.java:770)
at org.testng.TestRunner.run(TestRunner.java:591)
at org.testng.SuiteRunner.runTest(SuiteRunner.java:402)
at org.testng.SuiteRunner.runSequentially(SuiteRunner.java:396)
at org.testng.SuiteRunner.privateRun(SuiteRunner.java:355)
at org.testng.SuiteRunner.run(SuiteRunner.java:304)
at org.testng.SuiteRunnerWorker.runSuite(SuiteRunnerWorker.java:53)
at org.testng.SuiteRunnerWorker.run(SuiteRunnerWorker.java:96)
at org.testng.TestNG.runSuitesSequentially(TestNG.java:1180)
at org.testng.TestNG.runSuitesLocally(TestNG.java:1102)
at org.testng.TestNG.runSuites(TestNG.java:1032)
at org.testng.TestNG.run(TestNG.java:1000)
at org.testng.remote.AbstractRemoteTestNG.run(AbstractRemoteTestNG.java:115)
at org.testng.remote.RemoteTestNG.initAndRun(RemoteTestNG.java:251)
at org.testng.remote.RemoteTestNG.main(RemoteTestNG.java:77)
]]>
            </full-stacktrace>
          </exception> <!-- org.openqa.selenium.JavascriptException -->
          <reporter-output>
          </reporter-output>
        </test-method> <!-- ChangeIPAdressExitCancelUnsavedChangesTest -->
        <test-method status="PASS" signature="afterMethod(org.testng.ITestResult)[pri:0, instance:testcases.NVRsElementsTest@77a57272]" name="afterMethod" is-config="true" duration-ms="3579" started-at="2020-02-04T11:17:09 IST" finished-at="2020-02-04T11:17:13 IST">
          <params>
            <param index="0">
              <value>
                <![CDATA[[TestResult name=ChangeIPAdressExitCancelUnsavedChangesTest status=FAILURE method=NVRsElementsTest.ChangeIPAdressExitCancelUnsavedChangesTest()[pri:0, instance:testcases.NVRsElementsTest@77a57272] output={null}]]]>
              </value>
            </param>
          </params>
          <reporter-output>
          </reporter-output>
        </test-method> <!-- afterMethod -->
        <test-method status="PASS" signature="gotoNVRPage()[pri:0, instance:testcases.NVRsElementsTest@77a57272]" name="gotoNVRPage" is-config="true" duration-ms="61274" started-at="2020-02-04T11:17:13 IST" finished-at="2020-02-04T11:18:14 IST">
          <reporter-output>
          </reporter-output>
        </test-method> <!-- gotoNVRPage -->
        <test-method status="FAIL" signature="IncreasePortAndPressCancel()[pri:0, instance:testcases.NVRsElementsTest@77a57272]" name="IncreasePortAndPressCancel" duration-ms="127191" started-at="2020-02-04T11:18:14 IST" finished-at="2020-02-04T11:20:22 IST">
          <exception class="org.openqa.selenium.TimeoutException">
            <message>
              <![CDATA[Expected condition failed: waiting for value to contain "false". Current value: "null" (tried for 15 second(s) with 500 MILLISECONDS interval)
Build info: version: '3.9.1', revision: '63f7b50', time: '2018-02-07T22:25:02.294Z'
System info: host: 'BORSE-PC', ip: '172.20.1.42', os.name: 'Windows 10', os.arch: 'amd64', os.version: '10.0', java.version: '1.8.0_202'
Driver info: org.openqa.selenium.ie.InternetExplorerDriver
Capabilities {browserName: internet explorer, javascriptEnabled: true, pageLoadStrategy: normal, platform: WINDOWS, platformName: WINDOWS, se:ieOptions: {browserAttachTimeout: 0, elementScrollBehavior: 0, enableElementCacheCleanup: true, enablePersistentHover: true, ie.browserCommandLineSwitches: , ie.enableFullPageScreenshot: true, ie.ensureCleanSession: true, ie.fileUploadDialogTimeout: 3000, ie.forceCreateProcessApi: false, ie.forceShellWindowsApi: false, ie.useLegacyFileUploadDialogHandling: false, ignoreProtectedModeSettings: true, ignoreZoomSetting: false, initialBrowserUrl: http://localhost:38387/, nativeEvents: true, requireWindowFocus: false}, unexpectedAlertBehaviour: dismiss, unhandledPromptBehavior: dismiss, version: 11}
Session ID: 4063a5dd-8017-4b96-a007-ef3a3ae0c0ba]]>
            </message>
            <full-stacktrace>
              <![CDATA[org.openqa.selenium.TimeoutException: Expected condition failed: waiting for value to contain "false". Current value: "null" (tried for 15 second(s) with 500 MILLISECONDS interval)
Build info: version: '3.9.1', revision: '63f7b50', time: '2018-02-07T22:25:02.294Z'
System info: host: 'BORSE-PC', ip: '172.20.1.42', os.name: 'Windows 10', os.arch: 'amd64', os.version: '10.0', java.version: '1.8.0_202'
Driver info: org.openqa.selenium.ie.InternetExplorerDriver
Capabilities {browserName: internet explorer, javascriptEnabled: true, pageLoadStrategy: normal, platform: WINDOWS, platformName: WINDOWS, se:ieOptions: {browserAttachTimeout: 0, elementScrollBehavior: 0, enableElementCacheCleanup: true, enablePersistentHover: true, ie.browserCommandLineSwitches: , ie.enableFullPageScreenshot: true, ie.ensureCleanSession: true, ie.fileUploadDialogTimeout: 3000, ie.forceCreateProcessApi: false, ie.forceShellWindowsApi: false, ie.useLegacyFileUploadDialogHandling: false, ignoreProtectedModeSettings: true, ignoreZoomSetting: false, initialBrowserUrl: http://localhost:38387/, nativeEvents: true, requireWindowFocus: false}, unexpectedAlertBehaviour: dismiss, unhandledPromptBehavior: dismiss, version: 11}
Session ID: 4063a5dd-8017-4b96-a007-ef3a3ae0c0ba
at org.openqa.selenium.support.ui.WebDriverWait.timeoutException(WebDriverWait.java:82)
at org.openqa.selenium.support.ui.FluentWait.until(FluentWait.java:231)
at pageObjects.NVRsPage.CancelChangesButton(NVRsPage.java:432)
at testcases.NVRsElementsTest.IncreasePortAndPressCancel(NVRsElementsTest.java:776)
at sun.reflect.NativeMethodAccessorImpl.invoke0(Native Method)
at sun.reflect.NativeMethodAccessorImpl.invoke(NativeMethodAccessorImpl.java:62)
at sun.reflect.DelegatingMethodAccessorImpl.invoke(DelegatingMethodAccessorImpl.java:43)
at java.lang.reflect.Method.invoke(Method.java:498)
at org.testng.internal.MethodInvocationHelper.invokeMethod(MethodInvocationHelper.java:133)
at org.testng.internal.TestInvoker.invokeMethod(TestInvoker.java:584)
at org.testng.internal.TestInvoker.invokeTestMethod(TestInvoker.java:172)
at org.testng.internal.MethodRunner.runInSequence(MethodRunner.java:46)
at org.testng.internal.TestInvoker$MethodInvocationAgent.invoke(TestInvoker.java:804)
at org.testng.internal.TestInvoker.invokeTestMethods(TestInvoker.java:145)
at org.testng.internal.TestMethodWorker.invokeTestMethods(TestMethodWorker.java:146)
at org.testng.internal.TestMethodWorker.run(TestMethodWorker.java:128)
at java.util.ArrayList.forEach(ArrayList.java:1257)
at org.testng.TestRunner.privateRun(TestRunner.java:770)
at org.testng.TestRunner.run(TestRunner.java:591)
at org.testng.SuiteRunner.runTest(SuiteRunner.java:402)
at org.testng.SuiteRunner.runSequentially(SuiteRunner.java:396)
at org.testng.SuiteRunner.privateRun(SuiteRunner.java:355)
at org.testng.SuiteRunner.run(SuiteRunner.java:304)
at org.testng.SuiteRunnerWorker.runSuite(SuiteRunnerWorker.java:53)
at org.testng.SuiteRunnerWorker.run(SuiteRunnerWorker.java:96)
at org.testng.TestNG.runSuitesSequentially(TestNG.java:1180)
at org.testng.TestNG.runSuitesLocally(TestNG.java:1102)
at org.testng.TestNG.runSuites(TestNG.java:1032)
at org.testng.TestNG.run(TestNG.java:1000)
at org.testng.remote.AbstractRemoteTestNG.run(AbstractRemoteTestNG.java:115)
at org.testng.remote.RemoteTestNG.initAndRun(RemoteTestNG.java:251)
at org.testng.remote.RemoteTestNG.main(RemoteTestNG.java:77)
]]>
            </full-stacktrace>
          </exception> <!-- org.openqa.selenium.TimeoutException -->
          <reporter-output>
          </reporter-output>
        </test-method> <!-- IncreasePortAndPressCancel -->
        <test-method status="PASS" signature="afterMethod(org.testng.ITestResult)[pri:0, instance:testcases.NVRsElementsTest@77a57272]" name="afterMethod" is-config="true" duration-ms="1037" started-at="2020-02-04T11:20:22 IST" finished-at="2020-02-04T11:20:23 IST">
          <params>
            <param index="0">
              <value>
                <![CDATA[[TestResult name=IncreasePortAndPressCancel status=FAILURE method=NVRsElementsTest.IncreasePortAndPressCancel()[pri:0, instance:testcases.NVRsElementsTest@77a57272] output={null}]]]>
              </value>
            </param>
          </params>
          <reporter-output>
          </reporter-output>
        </test-method> <!-- afterMethod -->
        <test-method status="PASS" signature="endReport()[pri:0, instance:testcases.NVRsElementsTest@77a57272]" name="endReport" is-config="true" duration-ms="115" started-at="2020-02-04T11:20:23 IST" finished-at="2020-02-04T11:20:23 IST">
          <reporter-output>
          </reporter-output>
        </test-method> <!-- endReport -->
      </class> <!-- testcases.NVRsElementsTest -->
    </test> <!-- Default test(failed) -->
  </suite> <!-- Failed suite [Default suite] -->
</testng-results>
